CHEMBL1147722_17.log -8.1
CHEMBL1147722_6.log -7.4
CHEMBL1147722_7.log -8.8
CHEMBL1147722_21.log -7.9
CHEMBL1147722_3.log -7.5
CHEMBL1147722_16.log -6.8
CHEMBL1147722_15.log -8.1
CHEMBL1147722_9.log -8.0
CHEMBL1147722_10.log -8.2
CHEMBL1147722_13.log -8.0
CHEMBL1147722_18.log -7.7
CHEMBL1147722_4.log -8.6
CHEMBL1147722_23.log -7.9
CHEMBL1147722_1.log -7.9
CHEMBL1147722_8.log -7.6
CHEMBL1147722_20.log -8.0
CHEMBL1147722_11.log -7.8
CHEMBL1147722_27.log -7.8
CHEMBL1147722_12.log -8.0
CHEMBL1147722_24.log -7.8
CHEMBL1147722_14.log -7.8
CHEMBL1147722_5.log -8.1
CHEMBL1147722_26.log -7.8
CHEMBL1147722_2.log -7.4
CHEMBL1147722_19.log -8.1
CHEMBL1147722_22.log -7.9
CHEMBL1147722_25.log -7.8
