17_1 -8.1 0.000 0.000
17_2 -7.9 2.055 3.479
17_3 -7.8 2.363 4.043
17_4 -7.1 2.868 6.085
17_5 -7.1 2.855 4.064
17_6 -7.1 2.987 4.444
17_7 -6.9 2.976 6.345
17_8 -6.8 3.107 6.321
17_9 -6.8 1.565 2.209
6_1 -7.4 0.000 0.000
6_2 -7.4 3.040 5.650
6_3 -7.3 1.826 2.394
6_4 -7.2 0.975 2.758
6_5 -7.1 1.979 2.354
6_6 -6.8 3.126 5.064
6_7 -6.8 3.093 5.262
6_8 -6.8 2.085 3.051
6_9 -6.6 3.305 5.202
7_1 -8.8 0.000 0.000
7_2 -7.8 3.934 6.098
7_3 -7.6 1.821 2.375
7_4 -7.5 2.534 3.762
7_5 -7.4 0.827 2.349
7_6 -7.4 3.287 5.483
7_7 -7.4 3.803 6.185
7_8 -7.4 1.360 3.043
7_9 -7.3 3.360 4.757
21_1 -7.9 0.000 0.000
21_2 -7.9 2.813 5.679
21_3 -7.8 1.846 2.971
21_4 -7.7 1.889 3.316
21_5 -7.7 2.196 3.195
21_6 -7.7 1.862 2.803
21_7 -7.6 3.137 5.258
21_8 -7.5 1.462 2.813
21_9 -7.3 1.640 2.485
3_1 -7.5 0.000 0.000
3_2 -7.4 1.574 3.225
3_3 -7.3 1.827 3.086
3_4 -7.3 3.193 5.712
3_5 -7.3 3.136 5.624
3_6 -7.3 1.776 3.181
3_7 -7.2 1.530 2.195
3_8 -7.1 2.953 5.158
3_9 -7.0 1.605 3.515
16_1 -6.8 0.000 0.000
16_2 -6.7 1.579 2.338
16_3 -6.3 3.010 6.491
16_4 -6.0 2.870 6.111
16_5 -6.0 1.520 2.101
16_6 -5.9 2.864 5.718
16_7 -5.6 3.179 6.114
16_8 -4.9 2.974 6.221
16_9 -4.9 2.650 5.857
15_1 -8.1 0.000 0.000
15_2 -7.3 3.446 5.912
15_3 -7.0 2.346 3.060
15_4 -7.0 0.745 2.283
15_5 -6.9 3.062 5.252
15_6 -6.8 3.306 5.930
15_7 -6.5 3.228 5.725
15_8 -6.5 1.837 2.435
15_9 -6.4 1.996 2.666
9_1 -8.0 0.000 0.000
9_2 -7.0 1.592 2.433
9_3 -7.0 3.402 6.223
9_4 -6.9 0.673 2.221
9_5 -6.6 3.251 5.477
9_6 -6.6 3.268 6.204
9_7 -6.5 3.045 5.321
9_8 -6.3 1.759 3.293
9_9 -6.3 2.987 6.129
10_1 -8.2 0.000 0.000
10_2 -7.3 3.145 5.387
10_3 -7.2 3.070 5.302
10_4 -7.2 3.469 5.801
10_5 -7.1 1.645 3.261
10_6 -7.0 3.253 5.803
10_7 -7.0 3.315 5.631
10_8 -7.0 1.200 2.504
10_9 -6.9 1.487 2.216
13_1 -8.0 0.000 0.000
13_2 -7.4 2.373 2.819
13_3 -7.4 3.054 5.287
13_4 -7.4 3.477 5.854
13_5 -7.4 3.227 5.087
13_6 -7.3 2.323 3.190
13_7 -7.3 2.045 2.618
13_8 -7.1 1.720 2.293
13_9 -7.1 1.878 2.566
18_1 -7.7 0.000 0.000
18_2 -7.6 2.886 4.633
18_3 -7.0 2.061 2.722
18_4 -6.9 1.736 2.420
18_5 -6.8 2.439 3.494
18_6 -6.8 3.173 6.018
18_7 -6.5 2.118 2.936
18_8 -6.5 2.543 5.511
18_9 -6.3 3.096 5.862
4_1 -8.6 0.000 0.000
4_2 -8.5 1.411 1.610
4_3 -8.0 1.775 2.416
4_4 -8.0 3.127 6.037
4_5 -8.0 1.533 2.761
4_6 -7.9 2.812 6.297
4_7 -7.8 0.807 2.271
4_8 -7.7 3.028 5.739
4_9 -7.4 3.398 6.376
23_1 -7.9 0.000 0.000
23_2 -7.8 1.891 3.426
23_3 -7.8 2.818 5.680
23_4 -7.8 1.879 2.928
23_5 -7.7 1.857 2.798
23_6 -7.7 1.883 3.309
23_7 -7.6 3.134 5.262
23_8 -7.3 1.300 2.099
23_9 -7.1 2.907 5.424
1_1 -7.9 0.000 0.000
1_2 -7.8 2.817 5.679
1_3 -7.8 1.870 2.924
1_4 -7.6 3.140 5.256
1_5 -7.6 1.925 3.314
1_6 -7.4 2.939 5.456
1_7 -7.3 1.481 2.823
1_8 -7.3 1.212 2.083
1_9 -7.1 2.754 5.178
8_1 -7.6 0.000 0.000
8_2 -6.9 3.480 5.748
8_3 -6.8 3.402 5.776
8_4 -6.7 3.187 5.273
8_5 -6.6 1.350 2.569
8_6 -6.4 2.322 2.840
8_7 -6.3 3.440 5.866
8_8 -6.2 3.142 5.661
8_9 -6.1 1.804 3.372
20_1 -8.0 0.000 0.000
20_2 -8.0 2.960 5.111
20_3 -7.9 2.810 5.675
20_4 -7.9 2.679 4.782
20_5 -7.8 3.011 5.265
20_6 -7.7 1.818 2.470
20_7 -7.6 2.826 5.148
20_8 -7.5 1.881 2.694
20_9 -7.3 2.881 5.443
11_1 -7.8 0.000 0.000
11_2 -7.1 2.264 2.944
11_3 -7.0 3.919 6.366
11_4 -6.9 1.917 2.554
11_5 -6.8 1.776 1.978
11_6 -6.7 0.681 2.247
11_7 -6.6 1.923 3.420
11_8 -6.6 2.341 3.679
11_9 -6.6 1.857 2.517
27_1 -7.8 0.000 0.000
27_2 -7.0 3.912 6.373
27_3 -7.0 1.922 2.482
27_4 -6.7 1.771 2.771
27_5 -6.7 0.695 2.251
27_6 -6.6 2.331 3.670
27_7 -6.5 3.578 5.694
27_8 -6.4 3.425 5.476
27_9 -6.2 3.787 6.353
12_1 -8.0 0.000 0.000
12_2 -7.5 3.538 5.923
12_3 -6.8 1.958 2.457
12_4 -6.6 3.355 5.965
12_5 -6.5 3.070 5.412
12_6 -6.5 3.639 5.739
12_7 -6.4 2.571 3.417
12_8 -6.4 2.208 2.899
12_9 -6.3 1.867 2.546
24_1 -7.8 0.000 0.000
24_2 -7.2 1.113 1.288
24_3 -7.2 2.316 2.993
24_4 -7.0 3.919 6.368
24_5 -6.9 1.916 2.469
24_6 -6.7 1.430 1.798
24_7 -6.7 0.691 2.249
24_8 -6.6 1.904 3.413
24_9 -6.6 2.334 3.676
14_1 -7.8 0.000 0.000
14_2 -7.8 0.039 2.071
14_3 -7.7 3.622 6.016
14_4 -7.7 3.624 6.097
14_5 -7.0 1.929 2.507
14_6 -7.0 1.940 3.238
14_7 -6.7 3.339 5.395
14_8 -6.7 3.304 5.382
14_9 -6.5 3.428 5.827
5_1 -8.1 0.000 0.000
5_2 -7.9 0.727 2.236
5_3 -7.9 2.951 5.499
5_4 -7.8 2.980 5.778
5_5 -7.8 1.739 3.151
5_6 -7.7 2.982 5.722
5_7 -7.5 3.274 5.644
5_8 -7.4 3.068 5.881
5_9 -7.3 2.989 5.436
26_1 -7.8 0.000 0.000
26_2 -7.1 2.319 2.990
26_3 -7.0 3.916 6.366
26_4 -7.0 1.913 2.469
26_5 -6.7 1.423 1.787
26_6 -6.7 0.657 2.246
26_7 -6.6 1.899 3.413
26_8 -6.5 3.574 5.687
26_9 -6.4 2.056 2.895
2_1 -7.4 0.000 0.000
2_2 -7.3 3.158 5.418
2_3 -7.2 3.278 5.565
2_4 -7.2 3.447 5.913
2_5 -7.1 0.910 2.335
2_6 -7.0 2.425 3.180
2_7 -6.9 1.488 2.849
2_8 -6.9 3.216 5.545
2_9 -6.9 3.375 5.977
19_1 -8.1 0.000 0.000
19_2 -8.0 1.701 2.764
19_3 -8.0 1.404 2.885
19_4 -7.9 1.882 3.395
19_5 -7.6 2.479 4.136
19_6 -7.4 1.961 2.595
19_7 -7.4 1.827 4.174
19_8 -7.4 2.450 4.605
19_9 -7.3 2.066 2.629
22_1 -7.9 0.000 0.000
22_2 -7.8 2.809 5.679
22_3 -7.8 1.878 3.385
22_4 -7.8 1.879 2.929
22_5 -7.7 1.879 3.303
22_6 -7.6 3.127 5.257
22_7 -7.4 2.927 5.453
22_8 -7.3 1.621 2.468
22_9 -7.1 2.750 5.181
25_1 -7.8 0.000 0.000
25_2 -7.0 1.965 2.512
25_3 -7.0 3.918 6.384
25_4 -6.7 0.708 2.254
25_5 -6.7 1.936 3.430
25_6 -6.7 2.312 3.655
25_7 -6.6 3.593 5.709
25_8 -6.5 3.431 5.491
25_9 -6.3 1.912 3.429
