1	1	-9	0	0
1	2	-9	2.551	7.069
1	3	-9	2.718	6.883
1	4	-8.9	2.363	3.263
1	5	-8.7	2.612	3.406
1	6	-8.7	2.133	2.833
1	7	-8.6	2.659	6.92
1	8	-8.6	2.903	4.269
1	9	-8.5	2.707	6.65
2	1	-9.6	0	0
2	2	-9.6	2.534	7.064
2	3	-9.6	1.793	1.888
2	4	-9.4	2.862	8.644
2	5	-9.4	1.314	1.84
2	6	-9.4	2.77	8.041
2	7	-9.2	3.695	7.833
2	8	-9.2	3.676	7.686
2	9	-9.2	1.862	2.187
3	1	-8.8	0	0
3	2	-8.8	2.571	7.349
3	3	-8.8	3.257	8.553
3	4	-8.7	3.012	7.649
3	5	-8.7	3.731	7.676
3	6	-8.7	2.318	5.658
3	7	-8.6	1.606	2.151
3	8	-8.5	2.251	7.369
3	9	-8.5	2.118	5.514
4	1	-8.8	0	0
4	2	-8.8	2.641	7.336
4	3	-8.7	3.258	8.553
4	4	-8.7	3.012	7.639
4	5	-8.7	3.744	7.667
4	6	-8.7	2.314	5.654
4	7	-8.5	3.085	7.204
4	8	-8.5	2.19	5.448
4	9	-8.4	3.046	7.787
5	1	-9.1	0	0
5	2	-8.9	2.56	7.327
5	3	-8.9	3.154	8.557
5	4	-8.9	2.099	5.647
5	5	-8.9	1.892	2.597
5	6	-8.9	2.916	7.637
5	7	-8.7	1.866	5.435
5	8	-8.6	3.035	6.946
5	9	-8.5	2.154	7.395
6	1	-9.2	0	0
6	2	-8.9	3.166	8.589
6	3	-8.9	1.704	2.274
6	4	-8.9	2.544	7.349
6	5	-8.9	2.917	7.684
6	6	-8.8	2.106	5.669
6	7	-8.8	1.434	1.57
6	8	-8.6	3.687	8.092
6	9	-8.6	2.056	5.496
7	1	-9.2	0	0
7	2	-8.9	1.734	2.303
7	3	-8.9	2.916	7.645
7	4	-8.9	2.103	5.658
7	5	-8.8	3.708	7.622
7	6	-8.7	1.894	5.469
7	7	-8.5	2.895	7.185
7	8	-8.4	1.589	5.162
7	9	-8.4	3.585	7.835
8	1	-9.9	0	0
8	2	-9.7	3.765	7.123
8	3	-9.4	2.599	5.456
8	4	-9.3	2.526	3.368
8	5	-9.2	2.761	3.409
8	6	-9	3.557	7.725
8	7	-9	2.517	3.149
8	8	-8.9	3.063	7.614
8	9	-8.7	2.439	5.562
9	1	-9.7	0	0
9	2	-9.6	1.763	1.852
9	3	-9.5	2.797	7.883
9	4	-9.5	2.887	8.666
9	5	-9.5	2.492	7.467
9	6	-9.4	3.083	7.893
9	7	-9.4	3.858	7.944
9	8	-9.3	1.87	2.191
9	9	-9.2	3.651	7.624
10	1	-9.7	0	0
10	2	-9.6	1.804	1.901
10	3	-9.6	2.555	7.091
10	4	-9.5	2.794	7.876
10	5	-9.5	2.887	8.673
10	6	-9.4	2.366	2.792
10	7	-9.4	1.236	1.84
10	8	-9.4	3.862	7.946
10	9	-9.2	1.897	2.267
11	1	-8.9	0	0
11	2	-8.9	2.58	7.344
11	3	-8.8	3.247	8.568
11	4	-8.7	2.324	5.669
11	5	-8.6	1.583	2.127
11	6	-8.5	2.554	6.991
11	7	-8.5	3.095	7.18
11	8	-8.5	2.172	5.463
11	9	-8.5	1.492	1.63
12	1	-8.8	0	0
12	2	-8.8	2.612	7.335
12	3	-8.7	3.26	8.566
12	4	-8.7	3.003	7.634
12	5	-8.7	2.307	5.652
12	6	-8.6	3.697	7.676
12	7	-8.5	1.584	2.129
12	8	-8.5	3.069	7.78
12	9	-8.5	3.06	7.21
13	1	-9.2	0	0
13	2	-8.9	1.593	2.137
13	3	-8.9	3.163	8.572
13	4	-8.9	2.921	7.656
13	5	-8.8	2.094	5.617
13	6	-8.8	2.562	7.22
13	7	-8.8	3.698	7.654
13	8	-8.6	1.869	5.53
13	9	-8.3	3.643	7.498
14	1	-9.2	0	0
14	2	-8.9	1.581	2.287
14	3	-8.9	3.157	8.576
14	4	-8.9	2.57	7.35
14	5	-8.8	2.914	7.662
14	6	-8.6	3.052	8.056
14	7	-8.6	2.048	5.496
14	8	-8.5	1.63	1.947
14	9	-8.5	2.532	6.996
15	1	-9.2	0	0
15	2	-8.9	1.578	2.119
15	3	-8.9	3.159	8.577
15	4	-8.9	2.556	7.368
15	5	-8.8	2.095	5.662
15	6	-8.8	2.916	7.654
15	7	-8.5	3.046	6.976
15	8	-8.5	2.489	7.009
15	9	-8.5	2.082	5.558
16	1	-8.3	0	0
16	2	-8.2	2.226	2.841
16	3	-8.1	3.977	4.863
16	4	-8.1	2.928	7.351
16	5	-8	3.423	7.637
16	6	-7.8	3.201	4.493
16	7	-7.7	3.094	7.635
16	8	-7.7	3.263	3.973
16	9	-7.7	3.098	7.342
17	1	-8.3	0	0
17	2	-8.2	2.207	2.806
17	3	-8.1	3.99	4.871
17	4	-8.1	2.912	7.347
17	5	-8	3.424	7.63
17	6	-7.9	3.265	7.623
17	7	-7.7	3.05	7.346
17	8	-7.7	2.958	4.279
17	9	-7.6	4.695	5.725
18	1	-8.3	0	0
18	2	-8.2	2.21	2.813
18	3	-8.1	3.97	4.846
18	4	-8.1	2.917	7.345
18	5	-8	3.429	7.626
18	6	-7.8	2.994	7.322
18	7	-7.8	3.303	7.739
18	8	-7.8	3.599	4.308
18	9	-7.7	3.057	4.815
19	1	-8.4	0	0
19	2	-8.2	2.068	2.821
19	3	-8.1	2.552	8.044
19	4	-8	2.716	8.287
19	5	-7.9	1.563	2.274
19	6	-7.9	4.183	4.912
19	7	-7.9	3.331	7.319
19	8	-7.8	3.98	5.444
19	9	-7.7	4.372	5.612
20	1	-8.4	0	0
20	2	-8.2	2.059	2.789
20	3	-8.1	2.588	8.051
20	4	-8	2.751	8.293
20	5	-7.9	4.007	5.452
20	6	-7.9	4.214	4.948
20	7	-7.9	3.347	7.347
20	8	-7.8	2.875	8.042
20	9	-7.8	4.537	6.268
21	1	-8.2	0	0
21	2	-8.2	2.212	2.867
21	3	-8.1	3.983	4.906
21	4	-8.1	2.947	7.355
21	5	-8	3.312	7.664
21	6	-8	3.421	7.633
21	7	-7.8	3.2	4.508
21	8	-7.8	3.059	7.362
21	9	-7.7	3.564	4.271
22	1	-8.3	0	0
22	2	-8.2	2.196	2.802
22	3	-8.1	3.999	4.888
22	4	-8.1	2.923	7.35
22	5	-8	3.332	7.677
22	6	-7.8	3.017	7.329
22	7	-7.8	3.462	4.226
22	8	-7.7	2.969	4.381
22	9	-7.7	3.082	7.65
23	1	-8.3	0	0
23	2	-8.2	2.214	2.813
23	3	-8.1	3.978	4.87
23	4	-8.1	2.917	7.343
23	5	-8	3.425	7.624
23	6	-7.8	3.354	7.681
23	7	-7.8	3.459	4.226
23	8	-7.7	3.085	7.348
23	9	-7.6	4.577	8.074
24	1	-8.4	0	0
24	2	-8.1	2.003	2.691
24	3	-8.1	2.581	8.043
24	4	-7.9	3.77	5.268
24	5	-7.9	3.333	7.339
24	6	-7.8	2.719	8.276
24	7	-7.7	2.844	8.057
24	8	-7.6	1.611	1.887
24	9	-7.6	4.256	5.604
25	1	-8.3	0	0
25	2	-8.2	2.204	2.813
25	3	-8.1	3.998	4.875
25	4	-8.1	2.924	7.349
25	5	-8	3.429	7.622
25	6	-8	3.333	7.683
25	7	-7.8	3.47	4.222
25	8	-7.5	3.075	4.517
25	9	-7.5	3.417	7.576
26	1	-8.3	0	0
26	2	-8.1	3.976	4.875
26	3	-8.1	2.921	7.345
26	4	-8	3.393	7.608
26	5	-7.9	3.328	7.672
26	6	-7.8	3.463	4.241
26	7	-7.8	2.932	7.275
26	8	-7.6	3.03	4.131
26	9	-7.5	3.174	4.863
27	1	-8.3	0	0
27	2	-8.2	2.211	2.816
27	3	-8.1	4.005	4.904
27	4	-8.1	2.922	7.347
27	5	-8	2.875	7.309
27	6	-8	3.35	7.685
27	7	-7.8	3.56	7.454
27	8	-7.8	3.501	4.278
27	9	-7.7	2.512	3.341
28	1	-9.7	0	0
28	2	-9.6	1.81	1.905
28	3	-9.6	2.537	7.076
28	4	-9.5	2.798	7.876
28	5	-9.5	2.895	8.675
28	6	-9.4	3.868	7.951
28	7	-9.2	1.988	5.473
28	8	-9.1	2.913	7.231
28	9	-9.1	3.203	5.967
29	1	-9.7	0	0
29	2	-9.6	1.796	1.895
29	3	-9.6	2.528	7.073
29	4	-9.5	2.791	7.871
29	5	-9.5	2.893	8.669
29	6	-9.2	1.86	2.233
29	7	-9.2	3.78	7.961
29	8	-9.2	2.372	7.289
29	9	-8.9	2.689	7.832
30	1	-9.3	0	0
30	2	-9.1	2.435	7.537
30	3	-9	1.271	1.408
30	4	-9	1.477	2.001
30	5	-8.9	3.18	8.039
30	6	-8.9	2.309	7.289
30	7	-8.9	2.987	7.936
30	8	-8.8	2.076	5.835
30	9	-8.8	2.648	7.474
31	1	-9.3	0	0
31	2	-9.2	2.502	7.283
31	3	-9	1.456	1.987
31	4	-9	2.561	3.37
31	5	-9	3.289	8.69
31	6	-8.9	3.156	8.022
31	7	-8.9	2.342	7.274
31	8	-8.9	2.12	5.866
31	9	-8.8	1.933	5.667
32	1	-8.8	0	0
32	2	-8.8	2.565	7.359
32	3	-8.7	3.013	7.641
32	4	-8.7	3.257	8.585
32	5	-8.6	2.329	5.65
32	6	-8.5	1.573	2.119
32	7	-8.5	3.086	7.206
32	8	-8.4	2.265	7.288
32	9	-8.3	2.34	5.565
33	1	-8.8	0	0
33	2	-8.8	2.614	7.318
33	3	-8.6	3.123	4.866
33	4	-8.6	3.015	4.271
33	5	-8.6	2.341	3.085
33	6	-8.5	2.106	2.638
33	7	-8.4	2.949	7.055
33	8	-8.2	2.556	4.99
33	9	-8.2	3.385	5.819
34	1	-8.9	0	0
34	2	-8.9	2.072	5.549
34	3	-8.8	2.837	7.488
34	4	-8.7	3.751	7.559
34	5	-8.6	1.447	5.236
34	6	-8.5	2.707	7.745
34	7	-8.3	2.924	6.342
34	8	-8.2	2.145	7.103
34	9	-8.2	2.823	7.119
35	1	-9.1	0	0
35	2	-9	2.575	7.317
35	3	-9	1.631	2.337
35	4	-8.9	2.109	5.655
35	5	-8.9	2.923	7.596
35	6	-8.8	3.704	7.589
35	7	-8.7	2.784	8.037
35	8	-8.5	2.889	7.162
35	9	-8.5	3.166	6.045
36	1	-9.2	0	0
36	2	-8.9	1.588	2.295
36	3	-8.9	3.164	8.574
36	4	-8.9	2.92	7.678
36	5	-8.8	2.531	7.384
36	6	-8.8	2.097	5.634
36	7	-8.6	3.188	8.164
36	8	-8.6	1.868	5.435
36	9	-8.6	2.492	7.006
37	1	-9.7	0	0
37	2	-9.6	1.829	1.931
37	3	-9.6	2.549	7.082
37	4	-9.5	2.788	7.868
37	5	-9.3	2.703	8.267
37	6	-9.3	1.863	2.23
37	7	-9.2	2.932	7.244
37	8	-9.1	3.27	6.261
37	9	-9.1	2.001	5.491
38	1	-9.7	0	0
38	2	-9.6	1.792	1.889
38	3	-9.6	2.527	7.078
38	4	-9.5	2.794	7.873
38	5	-9.5	2.889	8.67
38	6	-9.4	1.456	2.048
38	7	-9.4	3.086	7.895
38	8	-9.4	3.849	7.942
38	9	-9.2	2.945	8.055
39	1	-9.2	0	0
39	2	-9.1	2.474	7.233
39	3	-8.9	1.531	2.03
39	4	-8.9	3.339	8.667
39	5	-8.8	1.836	5.645
39	6	-8.8	3.444	7.511
39	7	-8.7	1.535	2.093
39	8	-8.7	2.597	7.422
39	9	-8.6	3.341	7.617
40	1	-9.3	0	0
40	2	-9.1	2.524	7.278
40	3	-9	1.455	1.986
40	4	-9	2.55	3.356
40	5	-9	2.991	7.9
40	6	-8.9	3.152	8.02
40	7	-8.9	1.752	2.513
40	8	-8.8	2.065	7.396
40	9	-8.7	2.645	7.461
41	1	-8.8	0	0
41	2	-8.7	2.624	7.351
41	3	-8.7	3.143	4.915
41	4	-8.6	2.412	3.217
41	5	-8.4	3.184	3.997
41	6	-8.4	1.731	2.127
41	7	-8.4	3.097	6.908
41	8	-8.4	1.724	2.375
41	9	-8.2	2.892	7.052
42	1	-8.8	0	0
42	2	-8.8	2.621	7.339
42	3	-8.7	3.256	8.542
42	4	-8.7	3.005	7.636
42	5	-8.6	2.337	5.667
42	6	-8.5	1.568	2.113
42	7	-8.4	2.102	5.506
42	8	-8.4	1.46	1.596
42	9	-8.4	2.613	3.234
43	1	-8.9	0	0
43	2	-8.9	2.074	5.566
43	3	-8.8	2.835	7.483
43	4	-8.7	1.438	5.198
43	5	-8.7	3.76	7.556
43	6	-8.7	1.497	2.21
43	7	-8.4	3.653	7.352
43	8	-8.4	2.041	2.613
43	9	-8.4	3.375	6.47
44	1	-9.2	0	0
44	2	-8.9	1.585	2.29
44	3	-8.9	2.099	5.64
44	4	-8.9	2.92	7.65
44	5	-8.8	2.562	7.242
44	6	-8.7	1.863	5.434
44	7	-8.6	3.087	7.966
44	8	-8.5	2.898	7.195
44	9	-8.5	2.153	7.385
45	1	-9.7	0	0
45	2	-9.6	1.782	1.877
45	3	-9.6	2.551	7.089
45	4	-9.5	2.794	7.882
45	5	-9.3	3.76	7.868
45	6	-9.1	2.889	8.043
45	7	-9.1	3.743	7.824
45	8	-9	1.523	2.13
45	9	-9	3	7.204
46	1	-9.7	0	0
46	2	-9.6	1.769	1.864
46	3	-9.6	2.545	7.091
46	4	-9.5	2.796	7.876
46	5	-9.5	2.891	8.677
46	6	-9.4	1.103	1.731
46	7	-9.2	1.982	5.471
46	8	-9.2	3.306	6.278
46	9	-9.1	1.977	2.672
47	1	-9.3	0	0
47	2	-9	1.457	1.985
47	3	-8.9	2.083	5.838
47	4	-8.9	2.474	7.436
47	5	-8.9	3.002	7.95
47	6	-8.9	2.556	3.359
47	7	-8.7	3.2	8.338
47	8	-8.7	2.626	7.449
47	9	-8.6	3.381	7.669
48	1	-9.3	0	0
48	2	-9.1	2.514	7.307
48	3	-9	1.501	2.027
48	4	-8.9	3.318	7.512
48	5	-8.9	2.326	7.305
48	6	-8.9	2.99	7.95
48	7	-8.8	1.59	1.724
48	8	-8.8	2.661	7.47
48	9	-8.7	1.492	2.058
49	1	-8.8	0	0
49	2	-8.7	2.616	7.331
49	3	-8.7	3.13	4.891
49	4	-8.7	2.396	3.218
49	5	-8.6	3.153	7.369
49	6	-8.5	2.08	2.624
49	7	-8.4	3.097	6.89
49	8	-8.4	3.037	7.51
49	9	-8.4	1.744	2.134
50	1	-8.8	0	0
50	2	-8.8	2.599	7.313
50	3	-8.7	3.014	7.618
50	4	-8.7	3.721	7.628
50	5	-8.7	2.889	8.023
50	6	-8.6	2.304	5.633
50	7	-8.5	3.217	8.157
50	8	-8.5	3.086	7.17
50	9	-8.4	2.331	6.936
51	1	-8.9	0	0
51	2	-8.9	2.083	5.576
51	3	-8.8	2.846	7.501
51	4	-8.7	2.206	5.544
51	5	-8.7	1.439	5.205
51	6	-8.5	3.727	6.63
51	7	-8.4	3.867	7.519
51	8	-8.3	2.917	6.328
51	9	-8.3	2.147	7.124
52	1	-8.8	0	0
52	2	-8.8	2.615	7.337
52	3	-8.7	3.728	7.655
52	4	-8.7	3.272	8.548
52	5	-8.7	3.016	7.641
52	6	-8.6	2.306	5.632
52	7	-8.6	3.226	8.158
52	8	-8.5	3.083	7.19
52	9	-8.5	2.498	7.115
53	1	-8.8	0	0
53	2	-8.8	2.578	7.32
53	3	-8.7	3.015	7.625
53	4	-8.7	2.302	5.64
53	5	-8.6	2.903	8.045
53	6	-8.5	1.592	2.133
53	7	-8.5	3.652	7.621
53	8	-8.5	2.131	5.441
53	9	-8.4	2.356	6.96
54	1	-8	0	0
54	2	-8	1.569	2.123
54	3	-7.7	3.73	6.795
54	4	-7.6	2.268	2.758
54	5	-7.6	1.378	4.273
54	6	-7.5	2.754	6.584
54	7	-7.4	3.06	6.384
54	8	-7.4	3.002	6.73
54	9	-7.2	1.997	2.402
55	1	-9.6	0	0
55	2	-9.3	3.272	7.613
55	3	-9.3	1.581	2.102
55	4	-9.3	2.866	7.678
55	5	-9.2	1.532	1.836
55	6	-9.2	2.068	5.655
55	7	-9.1	3.031	8.562
55	8	-9.1	2.55	7.332
55	9	-9	2.263	5.124
56	1	-9.6	0	0
56	2	-9.4	1.586	2.11
56	3	-9.3	2.859	7.627
56	4	-9.3	3.254	7.642
56	5	-9.2	2.721	7.044
56	6	-9.2	2.096	5.676
56	7	-9.1	3.093	7.986
56	8	-9	2.841	7.895
56	9	-9	1.905	5.478
57	1	-8.4	0	0
57	2	-8.3	2.409	3.337
57	3	-8.3	3.258	4.842
57	4	-8.2	2.042	2.403
57	5	-8.1	3.654	7.325
57	6	-8.1	2.952	8.336
57	7	-8.1	4.096	5.555
57	8	-8	4.399	7.358
57	9	-8	3.725	7.413
58	1	-8.5	0	0
58	2	-8.3	2.393	3.327
58	3	-8.2	2.047	2.415
58	4	-8.2	3.771	5.27
58	5	-8.2	4.135	5.267
58	6	-8.1	2.944	8.347
58	7	-8.1	3.723	7.362
58	8	-8	3.311	8.351
58	9	-8	3.775	4.65
59	1	-8.5	0	0
59	2	-8.5	2.253	2.694
59	3	-8.4	3.81	7.397
59	4	-8.4	3.009	4.648
59	5	-8.4	3.75	4.555
59	6	-8.4	3.277	8.537
59	7	-8.3	4.531	5.589
59	8	-8.2	4.219	7.191
59	9	-8.2	3.148	8.401
60	1	-8.5	0	0
60	2	-8.4	2.396	3.309
60	3	-8.3	4.263	5.347
60	4	-8.3	3.259	4.835
60	5	-8.3	2.031	2.399
60	6	-8.3	3.878	4.692
60	7	-8.1	2.722	8.445
60	8	-8.1	4.084	5.541
60	9	-8.1	2.928	8.325
61	1	-8.4	0	0
61	2	-8.3	2.171	2.457
61	3	-8.2	3.221	4.915
61	4	-8.2	4.141	5.279
61	5	-8.1	3.709	7.351
61	6	-8.1	4.057	5.533
61	7	-8.1	3.572	5.062
61	8	-8.1	2.981	8.305
61	9	-8	3.946	7.477
62	1	-9	0	0
62	2	-8.9	1.406	1.727
62	3	-8.8	2.742	8.439
62	4	-8.8	1.876	2.706
62	5	-8.7	2.943	8.475
62	6	-8.5	3.138	5.821
62	7	-8.4	2.992	8.426
62	8	-8.3	2.615	5.446
62	9	-8.1	3.268	8.139
63	1	-9.1	0	0
63	2	-8.9	1.48	1.729
63	3	-8.8	2.886	8.232
63	4	-8.7	1.854	2.698
63	5	-8.7	2.76	8.437
63	6	-8.6	3.406	8.205
63	7	-8.5	2.985	8.373
63	8	-8.5	1.68	2.167
63	9	-8.5	3.137	5.827
64	1	-8.4	0	0
64	2	-8.3	3.367	4.939
64	3	-8.2	3.299	8.391
64	4	-8.2	3.51	5.015
64	5	-8.2	3.286	4.975
64	6	-8	2.958	8.289
64	7	-8	2.869	8.626
64	8	-8	1.792	2.294
64	9	-7.8	3.781	7.442
65	1	-8.5	0	0
65	2	-8.3	3.169	8.438
65	3	-8.2	2.966	8.327
65	4	-8.2	3.196	4.828
65	5	-8.1	4.416	5.502
65	6	-8.1	2.827	8.68
65	7	-8.1	3.525	5.029
65	8	-7.9	1.523	2.212
65	9	-7.9	3.784	7.528
66	1	-9.6	0	0
66	2	-9.4	1.496	2.015
66	3	-9.1	1.506	1.637
66	4	-9.1	2.564	8.064
66	5	-8.9	2.858	6.302
66	6	-8.8	3.182	7.715
66	7	-8.6	1.558	2.071
66	8	-8.6	2.014	5.796
66	9	-8.6	2.89	8.272
67	1	-9.1	0	0
67	2	-8.8	1.344	1.72
67	3	-8.8	1.866	2.671
67	4	-8.6	1.589	2.061
67	5	-8.5	3.108	5.801
67	6	-8.4	2.987	8.403
67	7	-8.4	3.811	8.232
67	8	-8.4	3.706	8.526
67	9	-8.3	4.098	8.538
68	1	-9.1	0	0
68	2	-8.8	1.856	2.681
68	3	-8.7	2.901	8.186
68	4	-8.6	2.753	8.437
68	5	-8.5	1.658	2.145
68	6	-8.4	3.701	8.3
68	7	-8.3	2.631	5.705
68	8	-8.3	3.241	8.088
68	9	-8.2	3.653	7.985
69	1	-8.4	0	0
69	2	-8.3	3.29	5.061
69	3	-8.3	2.877	8.232
69	4	-8.1	3.306	8.29
69	5	-8.1	4.372	5.45
69	6	-8	0.993	1.412
69	7	-8	3.285	4.858
69	8	-7.9	3.618	7.327
69	9	-7.8	3.301	8.103
70	1	-8.4	0	0
70	2	-8.1	3.29	5.01
70	3	-8.1	3.305	8.349
70	4	-8.1	3.447	4.968
70	5	-8	2.942	8.255
70	6	-7.9	1.896	2.547
70	7	-7.8	2.664	3.343
70	8	-7.6	1.677	2.179
70	9	-7.5	4.54	7.911
71	1	-8	0	0
71	2	-7.9	2.331	4.76
71	3	-7.9	2.28	4.822
71	4	-7.8	3.802	7.7
71	5	-7.8	2.857	8.334
71	6	-7.6	3.575	7.725
71	7	-7.6	2.18	2.587
71	8	-7.5	3.169	7.568
71	9	-7.5	4.45	7.922
72	1	-8	0	0
72	2	-8	3.388	7.405
72	3	-7.9	3.384	7.411
72	4	-7.8	2.446	8.116
72	5	-7.7	4.144	5.375
72	6	-7.6	3.188	4.67
72	7	-7.5	3.349	5.726
72	8	-7.4	4.045	7.35
72	9	-7.4	2.313	2.864
73	1	-8.8	0	0
73	2	-8.6	1.883	2.611
73	3	-8.4	3.64	4.68
73	4	-8.3	2.817	8.302
73	5	-8.3	1.557	2.21
73	6	-8.3	4.396	6.02
73	7	-8.3	3.125	8.487
73	8	-8.3	4.591	6.675
73	9	-8	2.148	2.846
74	1	-8.8	0	0
74	2	-8.6	1.886	2.628
74	3	-8.4	3.613	4.628
74	4	-8.3	2.808	8.292
74	5	-8.3	3.111	8.47
74	6	-8.3	1.552	2.212
74	7	-8.2	3.835	5.531
74	8	-8	3.389	8.239
74	9	-8	4.542	7.342
75	1	-8	0	0
75	2	-7.9	3.94	7.655
75	3	-7.9	2.334	4.819
75	4	-7.9	2.848	8.229
75	5	-7.9	2.326	4.783
75	6	-7.5	3.127	7.618
75	7	-7.5	2.471	2.698
75	8	-7.3	2.172	2.511
75	9	-7.2	2.782	8.052
76	1	-8	0	0
76	2	-7.9	2.346	4.791
76	3	-7.9	3.941	7.669
76	4	-7.9	2.825	8.283
76	5	-7.9	2.321	4.796
76	6	-7.6	3.117	7.607
76	7	-7.6	4.448	7.932
76	8	-7.5	2.245	2.488
76	9	-7.4	3.573	6.876
77	1	-8.8	0	0
77	2	-8.7	1.898	2.622
77	3	-8.5	3.906	5.663
77	4	-8.5	3.689	4.709
77	5	-8.4	4.63	6.629
77	6	-8.4	1.55	2.208
77	7	-8.4	2.576	3.54
77	8	-8.3	3.467	5.568
77	9	-8.3	3.156	8.503
78	1	-7.8	0	0
78	2	-7.8	3.654	6.793
78	3	-7.8	3.933	7.649
78	4	-7.7	3.39	6.48
78	5	-7.5	3.255	4.558
78	6	-7.5	1.608	2.025
78	7	-7.4	3.667	7.694
78	8	-7.3	3.001	7.313
78	9	-7.2	2.034	3.637
79	1	-8	0	0
79	2	-7.9	2.293	4.743
79	3	-7.8	2.278	4.826
79	4	-7.6	3.607	7.824
79	5	-7.6	1.202	1.873
79	6	-7.5	3.221	7.061
79	7	-7.4	3.246	7.537
79	8	-7.4	3.57	6.927
79	9	-7.3	3.516	7.62
80	1	-9.1	0	0
80	2	-8.9	1.421	1.73
80	3	-8.8	2.758	8.474
80	4	-8.7	2.909	8.226
80	5	-8.7	1.889	2.653
80	6	-8.5	3.145	5.828
80	7	-8.4	2.66	5.723
80	8	-8.3	3.749	8.595
80	9	-8.2	4.145	8.599
81	1	-9	0	0
81	2	-8.8	1.807	2.615
81	3	-8.6	1.669	2.145
81	4	-8.5	3.831	8.226
81	5	-8.5	3.083	5.785
81	6	-8.5	3.314	7.823
81	7	-8.3	2.83	8.017
81	8	-8.2	2.863	7.552
81	9	-8.2	3.337	8.261
82	1	-8.2	0	0
82	2	-8.1	3.966	4.885
82	3	-8.1	2.214	2.808
82	4	-8.1	2.909	7.319
82	5	-7.9	3.406	7.61
82	6	-7.9	2.898	7.282
82	7	-7.8	3.318	7.645
82	8	-7.8	3.521	5.309
82	9	-7.8	3.28	4.038
83	1	-8.2	0	0
83	2	-8.2	2.192	2.832
83	3	-8.1	3.984	4.908
83	4	-8.1	2.937	7.347
83	5	-8	3.378	7.625
83	6	-8	3.369	7.681
83	7	-7.9	2.958	7.323
83	8	-7.8	3.142	4.845
83	9	-7.6	3.105	4.112
84	1	-8.3	0	0
84	2	-8.2	2.207	2.808
84	3	-8.1	3.999	4.892
84	4	-8.1	2.92	7.348
84	5	-8	3.393	7.622
84	6	-8	2.876	7.308
84	7	-7.9	3.367	7.739
84	8	-7.8	3.529	4.272
84	9	-7.8	3.124	4.413
85	1	-8.5	0	0
85	2	-8.2	2.896	8.123
85	3	-8.1	3.144	8.314
85	4	-8.1	4.281	5.366
85	5	-8	3.437	4.98
85	6	-7.9	3.644	5.099
85	7	-7.9	2.763	8.493
85	8	-7.8	3.623	7.432
85	9	-7.6	1.715	2.57
86	1	-8.5	0	0
86	2	-8.2	2.898	8.123
86	3	-8.1	4.366	5.493
86	4	-8.1	3.132	8.317
86	5	-8	1.895	2.584
86	6	-7.9	2.771	8.498
86	7	-7.8	3.594	7.413
86	8	-7.8	3.26	4.813
86	9	-7.6	2.275	2.878
87	1	-8.3	0	0
87	2	-8.2	2.199	2.801
87	3	-8.1	3.967	4.858
87	4	-8.1	2.913	7.348
87	5	-8	2.854	7.318
87	6	-7.9	3.339	7.676
87	7	-7.8	3.57	7.456
87	8	-7.8	3.684	4.37
87	9	-7.7	3.171	4.86
88	1	-8.3	0	0
88	2	-8.2	2.226	2.837
88	3	-8.1	4.003	4.899
88	4	-8.1	2.922	7.35
88	5	-8	3.391	7.622
88	6	-8	2.903	7.317
88	7	-8	3.339	7.681
88	8	-7.7	3.095	7.646
88	9	-7.6	3.343	7.65
89	1	-8.3	0	0
89	2	-8.2	2.213	2.813
89	3	-8.1	2.921	7.349
89	4	-8	3.389	7.62
89	5	-8	3.35	7.695
89	6	-7.8	3.031	7.331
89	7	-7.7	3.416	4.079
89	8	-7.7	4.042	4.916
89	9	-7.5	3.294	7.614
90	1	-8.2	0	0
90	2	-8	3.797	8.162
90	3	-8	2.272	2.933
90	4	-8	3.637	7.548
90	5	-8	2.981	7.722
90	6	-8	3.483	7.169
90	7	-7.8	2.044	2.701
90	8	-7.8	1.614	4.3
90	9	-7.5	2.175	5.101
91	1	-8.2	0	0
91	2	-8.2	2.196	2.836
91	3	-8.1	3.957	4.887
91	4	-8.1	2.934	7.333
91	5	-8	2.853	7.297
91	6	-7.9	3.409	7.627
91	7	-7.9	3.288	7.637
91	8	-7.8	3.193	4.942
91	9	-7.5	3.227	7.608
92	1	-8.2	0	0
92	2	-8.2	2.19	2.834
92	3	-8.1	3.987	4.91
92	4	-8.1	2.937	7.359
92	5	-8	3.385	7.634
92	6	-7.9	3.371	7.749
92	7	-7.8	3.054	7.362
92	8	-7.7	3.519	4.173
92	9	-7.6	3.249	7.629
93	1	-8.3	0	0
93	2	-8.2	2.202	2.808
93	3	-8.1	4.002	4.879
93	4	-8.1	2.912	7.348
93	5	-8	3.428	7.63
93	6	-8	3.272	7.654
93	7	-7.8	3.002	7.326
93	8	-7.8	3.406	5.103
93	9	-7.8	3.468	4.217
94	1	-8.4	0	0
94	2	-8.3	2.959	7.214
94	3	-8.2	3.85	5.467
94	4	-8.2	1.829	2.403
94	5	-8	3.111	7.273
94	6	-7.9	3.782	4.879
94	7	-7.8	1.208	3.289
94	8	-7.8	2.53	7.674
94	9	-7.4	2.347	3.272
95	1	-8.5	0	0
95	2	-8.3	1.899	2.575
95	3	-8.3	2.963	7.212
95	4	-8.3	3.847	5.458
95	5	-8.1	2.611	7.714
95	6	-8	3.105	7.273
95	7	-7.9	3.543	5.241
95	8	-7.9	1.582	2.314
95	9	-7.8	1.232	3.297
96	1	-9.6	0	0
96	2	-9.4	3.369	7.506
96	3	-9.3	1.582	2.25
96	4	-9.3	2.869	7.676
96	5	-9.2	2.075	5.654
96	6	-9.1	3.047	8.587
96	7	-9.1	2.177	5.487
96	8	-9	2.514	7.444
96	9	-9	1.933	5.47
97	1	-8.4	0	0
97	2	-8.3	1.906	2.58
97	3	-8.3	2.962	7.215
97	4	-8.2	3.84	5.458
97	5	-8.1	2.605	7.722
97	6	-8	3.105	7.275
97	7	-7.9	3.84	4.912
97	8	-7.9	1.585	2.318
97	9	-7.9	3.383	4.998
98	1	-8.4	0	0
98	2	-8.3	2.966	7.218
98	3	-8.3	3.859	5.468
98	4	-8.1	2.6	7.722
98	5	-8	3.104	7.274
98	6	-7.9	3.517	5.192
98	7	-7.9	1.593	2.325
98	8	-7.8	1.253	3.312
98	9	-7.5	2.571	7.736
99	1	-8.1	0	0
99	2	-8	2.234	4.915
99	3	-7.9	1.456	2.04
99	4	-7.8	2.86	6.568
99	5	-7.7	3.213	6.586
99	6	-7.6	3.03	6.07
99	7	-7.6	2.963	6.369
99	8	-7.5	2.154	4.888
99	9	-7.5	2.277	3.078
100	1	-8	0	0
100	2	-7.9	2.357	4.796
100	3	-7.9	2.823	8.284
100	4	-7.8	2.076	2.319
100	5	-7.7	2.307	4.861
100	6	-7.7	3.579	7.734
100	7	-7.6	3.519	7.813
100	8	-7.4	2.956	7.748
100	9	-7.3	1.254	1.944
101	1	-8	0	0
101	2	-7.9	2.333	4.78
101	3	-7.9	2.266	4.839
101	4	-7.7	2.749	8.183
101	5	-7.7	3.56	7.712
101	6	-7.5	3.139	7.027
101	7	-7.5	3.222	7.507
101	8	-7.4	2.636	7.239
101	9	-7.4	3.075	7.487
102	1	-8.2	0	0
102	2	-7.8	2.304	5.1
102	3	-7.6	3.15	8.052
102	4	-7.6	2.486	2.701
102	5	-7.6	2.448	3.069
102	6	-7.5	1.576	2.339
102	7	-7.4	3.178	7.073
102	8	-7.3	2.548	7.376
102	9	-7.2	2.145	2.401
103	1	-8	0	0
103	2	-7.9	2.355	4.79
103	3	-7.9	2.318	4.799
103	4	-7.6	3.648	7.835
103	5	-7.5	3.296	7.086
103	6	-7.5	2.459	7.242
103	7	-7.4	3.514	6.917
103	8	-7.4	3.551	7.682
103	9	-7.4	3.023	7.928
104	1	-8	0	0
104	2	-7.9	2.326	4.759
104	3	-7.9	3.796	7.667
104	4	-7.8	2.311	4.774
104	5	-7.5	4.4	7.874
104	6	-7.4	2.559	2.792
104	7	-7.2	3.217	7.547
104	8	-7.1	1.849	4.571
104	9	-7.1	1.996	2.39
105	1	-8	0	0
105	2	-7.9	3.79	6.811
105	3	-7.8	1.479	2.092
105	4	-7.6	2.946	6.76
105	5	-7.5	2.282	4.63
105	6	-7.4	3.23	7.518
105	7	-7.4	1.521	4.119
105	8	-7.4	3.236	6.678
105	9	-7.4	3.539	6.04
106	1	-8	0	0
106	2	-7.9	3.222	7.323
106	3	-7.7	2.299	4.57
106	4	-7.7	1.503	2.102
106	5	-7.7	3.36	7.694
106	6	-7.6	2.846	6.634
106	7	-7.5	3.546	6.063
106	8	-7.5	3.277	6.644
106	9	-7.4	3.061	7.532
107	1	-7.9	0	0
107	2	-7.9	3.632	6.791
107	3	-7.8	1.506	2.074
107	4	-7.8	3.5	7.835
107	5	-7.7	3.172	7.39
107	6	-7.5	2.87	6.597
107	7	-7.4	2.882	6.863
107	8	-7.4	2.808	6.601
107	9	-7.3	2.842	5.966
108	1	-8	0	0
108	2	-7.9	3.269	7.344
108	3	-7.8	1.486	2.081
108	4	-7.7	2.287	4.638
108	5	-7.5	3.056	6.289
108	6	-7.5	3.537	6.051
108	7	-7.5	1.541	4.321
108	8	-7.5	3.227	6.67
108	9	-7.4	3.098	7.655
109	1	-8	0	0
109	2	-7.9	3.781	6.844
109	3	-7.8	1.501	2.092
109	4	-7.7	3.225	7.322
109	5	-7.7	2.322	4.593
109	6	-7.6	2.954	6.786
109	7	-7.5	3.53	6.054
109	8	-7.5	3.27	6.653
109	9	-7.5	2.881	6.633
110	1	-8	0	0
110	2	-7.9	3.241	7.375
110	3	-7.8	3.809	6.846
110	4	-7.7	3.407	7.727
110	5	-7.6	2.229	4.516
110	6	-7.6	3.2	6.344
110	7	-7.6	2.989	6.81
110	8	-7.5	2.867	6.621
110	9	-7.5	1.49	4.243
111	1	-8.4	0	0
111	2	-8.3	2.968	7.202
111	3	-8.3	3.832	5.432
111	4	-8.2	2.6	7.723
111	5	-8	3.831	4.438
111	6	-8	3.114	7.267
111	7	-7.8	1.253	3.316
111	8	-7.8	1.587	2.318
111	9	-7.7	2.669	7.743
112	1	-9	0	0
112	2	-8.8	1.91	2.712
112	3	-8.8	2.758	8.475
112	4	-8.7	1.842	2.209
112	5	-8.7	2.957	8.484
112	6	-8.6	3.123	5.815
112	7	-8.4	3.582	8.266
112	8	-8.4	2.655	5.725
112	9	-8.3	3.366	8.042
113	1	-8.3	0	0
113	2	-8.2	2.198	2.808
113	3	-8.1	2.921	7.348
113	4	-8	3.281	7.648
113	5	-8	3.421	7.633
113	6	-8	2.859	7.311
113	7	-8	3.891	4.767
113	8	-7.7	3.195	4.058
113	9	-7.6	3.492	7.684
114	1	-8.2	0	0
114	2	-8.2	2.193	2.839
114	3	-8.1	3.97	4.893
114	4	-8.1	2.943	7.35
114	5	-8	3.421	7.64
114	6	-8	2.867	7.307
114	7	-7.8	3.171	4.899
114	8	-7.8	3.434	4.227
114	9	-7.7	3.36	7.714
115	1	-8.3	0	0
115	2	-8.2	2.206	2.811
115	3	-8.1	2.919	7.337
115	4	-8	3.381	7.612
115	5	-7.9	2.94	7.308
115	6	-7.8	3.369	7.723
115	7	-7.7	3.078	7.618
115	8	-7.5	3.245	7.612
115	9	-7.4	4.37	7.145
116	1	-8	0	0
116	2	-7.8	3.931	4.847
116	3	-7.7	3.793	5.303
116	4	-7.7	2.051	2.928
116	5	-7.7	2.816	8.224
116	6	-7.7	3.614	7.548
116	7	-7.6	3.387	5.189
116	8	-7.4	3.141	8.363
116	9	-7.4	3.85	7.594
117	1	-8	0	0
117	2	-7.8	1.884	2.382
117	3	-7.8	3.829	5.345
117	4	-7.7	3.714	4.701
117	5	-7.7	3.538	7.576
117	6	-7.7	2.968	8.387
117	7	-7.7	3.597	5.65
117	8	-7.7	2.837	8.233
117	9	-7.6	4.35	5.649
118	1	-8.1	0	0
118	2	-8.1	1.808	2.587
118	3	-8	2.633	5.093
118	4	-8	3.002	6.908
118	5	-8	2.763	8.08
118	6	-7.8	1.991	2.883
118	7	-7.8	3.023	5.572
118	8	-7.8	3.629	7.408
118	9	-7.8	2.684	5.049
119	1	-8	0	0
119	2	-7.8	1.95	2.435
119	3	-7.8	3.812	5.334
119	4	-7.7	2.792	8.256
119	5	-7.7	3.64	7.588
119	6	-7.6	3.46	5.145
119	7	-7.5	3.413	5.358
119	8	-7.4	2.703	8.469
119	9	-7.4	1.56	2.326
120	1	-8	0	0
120	2	-7.9	2.071	2.833
120	3	-7.7	2.797	8.239
120	4	-7.7	3.516	7.584
120	5	-7.6	3.35	5.105
120	6	-7.5	2.692	8.455
120	7	-7.4	4.519	7.375
120	8	-7.4	3.213	5.131
120	9	-7.3	4.502	7.592
121	1	-8	0	0
121	2	-7.8	3.826	5.332
121	3	-7.8	1.929	2.408
121	4	-7.7	2.773	8.254
121	5	-7.7	3.902	4.887
121	6	-7.7	3.634	7.591
121	7	-7.7	3.342	5.103
121	8	-7.6	2.967	8.384
121	9	-7.5	2.655	8.409
122	1	-8.1	0	0
122	2	-7.9	2.528	8.044
122	3	-7.9	2.578	8.107
122	4	-7.7	2.75	8.003
122	5	-7.7	3.819	5.332
122	6	-7.6	3.253	7.574
122	7	-7.4	2.667	8.322
122	8	-7.4	3.419	5.09
122	9	-7.4	3.524	4.507
123	1	-8.1	0	0
123	2	-7.9	2.592	8.119
123	3	-7.7	2.682	8.347
123	4	-7.7	2.069	2.729
123	5	-7.7	2.785	7.92
123	6	-7.6	3.927	5.432
123	7	-7.5	2.63	8.233
123	8	-7.4	3.435	5.129
123	9	-7.4	1.649	2.399
124	1	-8.2	0	0
124	2	-8.1	1.859	2.49
124	3	-8	2.584	8.055
124	4	-8	2.661	7.987
124	5	-7.8	4.092	5.51
124	6	-7.8	2.766	8.296
124	7	-7.6	3.419	7.783
124	8	-7.6	3.4	5.113
124	9	-7.5	4.169	5.584
125	1	-8.1	0	0
125	2	-8	1.66	2.197
125	3	-7.7	2.983	7.25
125	4	-7.7	2.221	2.543
125	5	-7.5	2.577	7.994
125	6	-7.5	3.836	7.667
125	7	-7.5	2.551	4.555
125	8	-7.2	3.363	7.461
125	9	-7.2	2.214	4.437
126	1	-8	0	0
126	2	-7.9	1.945	2.623
126	3	-7.8	2.577	8.091
126	4	-7.8	2.723	7.935
126	5	-7.7	3.841	5.305
126	6	-7.5	3.939	4.719
126	7	-7.5	1.819	2.064
126	8	-7.5	3.294	4.823
126	9	-7.4	4.364	5.795
127	1	-8	0	0
127	2	-7.9	1.931	2.585
127	3	-7.8	2.548	8.097
127	4	-7.8	2.668	7.959
127	5	-7.6	3.816	5.304
127	6	-7.6	3.441	7.576
127	7	-7.5	4.417	5.589
127	8	-7.5	3.851	4.646
127	9	-7.4	3.419	5.181
128	1	-8.1	0	0
128	2	-7.8	2.577	8.11
128	3	-7.8	2.063	2.849
128	4	-7.7	3.842	5.358
128	5	-7.6	2.701	8.335
128	6	-7.6	3.179	7.513
128	7	-7.5	3.518	5.19
128	8	-7.5	2.869	7.969
128	9	-7.4	2.648	8.235
129	1	-8.1	0	0
129	2	-7.8	2.576	8.109
129	3	-7.8	2.682	8.341
129	4	-7.7	2.749	7.935
129	5	-7.7	2.078	2.914
129	6	-7.7	3.848	5.364
129	7	-7.6	3.277	7.583
129	8	-7.3	3.339	4.958
129	9	-7.2	1.627	2.334
130	1	-8.1	0	0
130	2	-7.9	1.957	2.636
130	3	-7.8	2.565	8.104
130	4	-7.7	2.757	7.963
130	5	-7.7	3.815	5.337
130	6	-7.6	4.454	5.454
130	7	-7.6	3.234	7.526
130	8	-7.5	1.581	2.299
130	9	-7.4	3.332	5.147
131	1	-8.1	0	0
131	2	-7.9	2.631	8.121
131	3	-7.8	2.044	2.805
131	4	-7.7	2.739	7.941
131	5	-7.7	2.696	8.344
131	6	-7.7	3.82	5.326
131	7	-7.6	3.358	7.52
131	8	-7.4	2.696	8.273
131	9	-7.3	3.132	8.074
132	1	-8.4	0	0
132	2	-8.3	3.289	4.896
132	3	-8.3	3.135	8.367
132	4	-8.2	2.178	2.507
132	5	-8.2	3.748	5.218
132	6	-8.1	4.121	5.54
132	7	-8.1	3.609	7.371
132	8	-8	4.513	7.369
132	9	-8	2.914	8.257
133	1	-8.4	0	0
133	2	-8.3	2.157	2.431
133	3	-8.3	3.134	8.384
133	4	-8.2	3.161	4.597
133	5	-8.2	4.265	5.223
133	6	-8.2	4.183	5.578
133	7	-8.1	3.704	7.409
133	8	-8.1	3.725	5.198
133	9	-8	2.799	8.285
134	1	-8.4	0	0
134	2	-8.3	3.268	4.896
134	3	-8.2	2.621	3.417
134	4	-8.2	2.478	3.241
134	5	-8.1	3.211	4.002
134	6	-8.1	3.039	7.245
134	7	-8.1	3.354	5.395
134	8	-8	2.154	7.164
134	9	-8	3.062	4.32
135	1	-8.4	0	0
135	2	-8.3	3.281	4.914
135	3	-8.3	2.106	2.598
135	4	-8.2	2.512	3.277
135	5	-8.2	2.618	3.398
135	6	-8.1	3.421	5.418
135	7	-8.1	3.057	7.241
135	8	-8.1	2.153	7.183
135	9	-8	2.934	6.966
136	1	-8.4	0	0
136	2	-8.4	2.843	5.263
136	3	-8.3	2.099	2.873
136	4	-8.3	1.919	2.6
136	5	-8.2	2.543	7.945
136	6	-8.2	2.759	8.046
136	7	-8.1	3.318	5.19
136	8	-8	1.483	2.147
136	9	-8	3.273	5.199
137	1	-8.4	0	0
137	2	-8.3	2.83	5.255
137	3	-8.3	2.101	2.874
137	4	-8.3	2.012	2.532
137	5	-8.3	2.528	7.933
137	6	-8.2	3.657	4.627
137	7	-8.2	2.748	8.037
137	8	-8	3.507	4.764
137	9	-8	3.234	5.265
138	1	-9	0	0
138	2	-8.7	2.501	5.599
138	3	-8.7	4.74	7.776
138	4	-8.7	4.095	7.39
138	5	-8.6	4.969	7.893
138	6	-8.5	3.674	6.85
138	7	-8.1	3.888	5.204
138	8	-8	4.145	7.455
138	9	-8	4.673	7.506
139	1	-8.4	0	0
139	2	-8.4	3.311	4.928
139	3	-8.3	3.148	8.377
139	4	-8.2	3.898	4.708
139	5	-8.2	2.196	2.515
139	6	-8.2	4.306	5.251
139	7	-8.1	2.027	2.705
139	8	-8.1	3.618	7.392
139	9	-8	4.531	7.362
140	1	-8.4	0	0
140	2	-8.4	3.3	4.909
140	3	-8.3	3.139	8.381
140	4	-8.2	3.772	5.237
140	5	-8.1	3.846	5.211
140	6	-8.1	2.873	8.285
140	7	-8	4.008	7.528
140	8	-7.9	3.451	4.924
140	9	-7.7	3.666	5.215
141	1	-8.3	0	0
141	2	-8.3	3.215	4.796
141	3	-8.3	2.426	3.147
141	4	-8.2	2.035	2.524
141	5	-8.2	2.605	3.432
141	6	-8	2.107	7.149
141	7	-7.9	2.794	6.85
141	8	-7.9	2.781	3.109
141	9	-7.8	2.667	7.125
142	1	-8.4	0	0
142	2	-8.3	3.284	4.912
142	3	-8.3	2.101	2.59
142	4	-8.3	2.503	3.264
142	5	-8.2	2.615	3.389
142	6	-8.1	2.507	3.327
142	7	-8.1	2.92	4.162
142	8	-8	3.473	5.362
142	9	-7.9	3.049	6.996
143	1	-8.4	0	0
143	2	-8.4	2.857	5.267
143	3	-8.4	2.097	2.877
143	4	-8.3	2.7	8.144
143	5	-8.2	2.547	7.946
143	6	-8.2	2.757	8.044
143	7	-8.1	3.342	5.178
143	8	-7.9	2.992	7.899
143	9	-7.8	1.816	2.192
144	1	-8.4	0	0
144	2	-8.4	2.594	3.381
144	3	-8.4	1.975	2.479
144	4	-8.3	2.726	7.665
144	5	-8.2	1.685	2.271
144	6	-8.2	2.754	7.924
144	7	-8	4.26	6.899
144	8	-8	3.227	4.659
144	9	-8	3.346	4.464
145	1	-8.4	0	0
145	2	-8.3	3.288	4.906
145	3	-8.3	2.155	2.45
145	4	-8.3	3.151	8.375
145	5	-8.2	4.318	5.253
145	6	-8.1	4.163	5.572
145	7	-8.1	2.816	8.292
145	8	-8	4.539	7.372
145	9	-8	3.479	4.925
146	1	-8.4	0	0
146	2	-8.3	3.253	4.868
146	3	-8.3	2.165	2.461
146	4	-8.2	3.127	8.366
146	5	-8.1	4.119	5.533
146	6	-8.1	3.698	7.404
146	7	-8	2.81	8.282
146	8	-8	4.502	7.371
146	9	-7.9	3.762	6.887
147	1	-8.5	0	0
147	2	-8.3	2.763	4.941
147	3	-8.2	2.483	3.271
147	4	-8.1	3.069	7.227
147	5	-8.1	2.61	3.338
147	6	-8	3.464	5.429
147	7	-7.9	2.719	4.895
147	8	-7.9	2.269	7.164
147	9	-7.8	2.854	6.762
148	1	-8.4	0	0
148	2	-8.3	3.284	4.909
148	3	-8.2	2.624	3.414
148	4	-8.1	1.981	2.455
148	5	-8.1	3.045	7.241
148	6	-8	3.071	4.308
148	7	-8	2.15	7.169
148	8	-8	3.314	5.422
148	9	-8	2.937	6.966
149	1	-8.4	0	0
149	2	-8.4	2.801	5.205
149	3	-8.4	2.088	2.861
149	4	-8.2	2.524	7.935
149	5	-8.2	2.754	8.038
149	6	-8	3.171	4.278
149	7	-7.9	3.432	5.186
149	8	-7.9	2.54	6.797
149	9	-7.8	1.722	2.131
150	1	-8.4	0	0
150	2	-8.3	3.258	4.889
150	3	-8.3	2.171	2.469
150	4	-8.2	3.129	8.37
150	5	-8.1	4.267	5.227
150	6	-8.1	3.627	7.38
150	7	-8.1	4.115	5.532
150	8	-8	3.478	4.996
150	9	-8	2.983	8.192
151	1	-8.4	0	0
151	2	-8.3	3.251	4.878
151	3	-8.3	2.165	2.462
151	4	-8.2	3.133	8.347
151	5	-8.1	4.106	5.519
151	6	-8.1	3.607	7.355
151	7	-8.1	2.884	8.27
151	8	-8	4.511	5.41
151	9	-8	4.511	7.376
152	1	-8.4	0	0
152	2	-8.3	3.285	4.913
152	3	-8.2	2.498	3.278
152	4	-8.2	2.619	3.402
152	5	-8.1	3.054	4.271
152	6	-8.1	3.271	4.029
152	7	-8.1	3.455	5.423
152	8	-8	2.949	6.974
152	9	-8	3.064	6.964
153	1	-8.4	0	0
153	2	-8.3	3.281	4.901
153	3	-8.2	2.61	3.376
153	4	-8.1	3.267	4.011
153	5	-8.1	3.05	7.241
153	6	-8	2.152	7.179
153	7	-8	2.954	6.971
153	8	-7.9	1.776	2.298
153	9	-7.9	3.028	7.413
154	1	-8.5	0	0
154	2	-8.4	2.72	4.916
154	3	-8.3	2.05	2.726
154	4	-8.2	2.996	6.909
154	5	-8.2	2.776	7.865
154	6	-8.2	3.473	5.09
154	7	-8.1	3.137	6.989
154	8	-8.1	2.911	5.341
154	9	-8	2.939	6.91
155	1	-8.4	0	0
155	2	-8.3	3.274	4.9
155	3	-8.3	2.166	2.467
155	4	-8.3	3.141	8.377
155	5	-8.1	4.147	5.562
155	6	-8.1	3.609	7.384
155	7	-8.1	3.7	4.58
155	8	-8	2.865	8.286
155	9	-8	4.52	7.358
156	1	-8.4	0	0
156	2	-8.4	3.298	4.905
156	3	-8.3	2.161	2.452
156	4	-8.3	3.143	8.378
156	5	-8.1	4.145	5.556
156	6	-8	2.871	8.292
156	7	-8	2.315	3.242
156	8	-7.9	3.349	7.124
156	9	-7.8	3.441	4.867
157	1	-8.3	0	0
157	2	-8.3	3.232	4.832
157	3	-8.3	2.449	3.179
157	4	-8.2	2.62	3.444
157	5	-8.1	3.013	7.263
157	6	-8.1	3.357	5.422
157	7	-8.1	2.127	7.143
157	8	-7.9	1.734	2.26
157	9	-7.9	3.035	7.43
158	1	-8.3	0	0
158	2	-8.3	3.217	4.821
158	3	-8.2	2.437	3.172
158	4	-8.2	2.143	2.631
158	5	-8.2	2.611	3.437
158	6	-8.1	3.027	7.262
158	7	-8	2.116	7.154
158	8	-8	2.905	6.932
158	9	-7.9	1.397	1.553
159	1	-8.4	0	0
159	2	-8.3	2.087	2.406
159	3	-8.2	4.236	5.236
159	4	-8.2	3.207	8.361
159	5	-8.1	3.657	7.396
159	6	-8	3.883	7.509
159	7	-8	2.886	8.281
159	8	-7.7	3.236	4.526
159	9	-7.4	1.819	3.603
160	1	-8.4	0	0
160	2	-8.3	2.156	2.446
160	3	-8.3	3.129	8.376
160	4	-8.2	4.282	5.223
160	5	-8.1	3.368	5
160	6	-8.1	3.618	7.385
160	7	-8.1	4.121	5.535
160	8	-8.1	2.794	8.297
160	9	-7.9	3.891	7.491
161	1	-8.4	0	0
161	2	-8.4	3.284	4.892
161	3	-8.3	2.16	2.454
161	4	-8.2	3.134	8.356
161	5	-8.1	4.112	5.523
161	6	-8.1	4.228	5.197
161	7	-8	2.835	8.274
161	8	-8	3.492	7.287
161	9	-7.9	4.521	7.372
162	1	-8.4	0	0
162	2	-8.3	3.284	4.909
162	3	-8.3	2.495	3.245
162	4	-8.2	2.102	2.592
162	5	-8.2	2.621	3.402
162	6	-8.1	3.038	7.246
162	7	-8.1	2.141	7.158
162	8	-8	3.367	5.456
162	9	-8	3.041	7.391
163	1	-8.4	0	0
163	2	-8.3	3.229	4.844
163	3	-8.3	2.468	3.2
163	4	-8.2	2.618	3.435
163	5	-8.1	3.025	7.271
163	6	-8	2.124	7.157
163	7	-8	2.905	6.936
163	8	-8	3.311	5.432
163	9	-7.9	3.011	7.467
164	1	-8.4	0	0
164	2	-8.3	3.269	4.858
164	3	-8.3	2.164	2.466
164	4	-8.3	3.126	8.379
164	5	-8.1	4.131	5.546
164	6	-8.1	3.627	7.387
164	7	-8.1	3.768	5.214
164	8	-8	4.505	7.361
164	9	-7.9	3.744	7.441
165	1	-8.4	0	0
165	2	-8.3	3.27	4.912
165	3	-8.3	2.167	2.47
165	4	-8.3	3.131	8.382
165	5	-8.2	3.787	5.244
165	6	-8.1	3.637	7.399
165	7	-8	2.811	8.288
165	8	-8	4.519	7.361
165	9	-7.9	3.76	7.446
166	1	-8.4	0	0
166	2	-8.3	3.281	4.868
166	3	-8.3	2.518	3.282
166	4	-8.2	2.582	3.343
166	5	-8.1	3.474	5.403
166	6	-8.1	3.066	7.221
166	7	-8.1	2.169	7.229
166	8	-8.1	3.027	4.301
166	9	-7.8	1.898	2.393
167	1	-8.4	0	0
167	2	-8.4	3.287	4.897
167	3	-8.2	3.128	8.374
167	4	-8.1	4.119	5.537
167	5	-8.1	3.747	7.426
167	6	-8	2.903	8.267
167	7	-8	4.508	7.338
167	8	-7.9	3.88	7.489
167	9	-7.8	3.856	6.85
168	1	-8.4	0	0
168	2	-8.3	3.263	4.895
168	3	-8.3	2.157	2.45
168	4	-8.2	3.132	8.368
168	5	-8.1	4.239	5.195
168	6	-8.1	3.654	5.038
168	7	-8	2.892	8.261
168	8	-8	4.513	7.377
168	9	-7.9	3.771	6.901
169	1	-8.4	0	0
169	2	-8.4	3.295	4.908
169	3	-8.3	3.141	8.374
169	4	-8.3	2.154	2.466
169	5	-8.2	3.882	4.678
169	6	-8.1	4.133	5.548
169	7	-8.1	3.632	7.383
169	8	-8	4.51	7.382
169	9	-7.9	3.942	7.496
170	1	-9.7	0	0
170	2	-9.6	1.821	1.923
170	3	-9.5	2.794	7.865
170	4	-9.5	2.87	8.656
170	5	-9.3	3.736	7.848
170	6	-9.2	1.906	2.271
170	7	-9.2	2.002	5.472
170	8	-9.2	2.949	7.23
170	9	-9	3.094	7.418
171	1	-9.7	0	0
171	2	-9.6	1.782	1.875
171	3	-9.6	2.533	7.081
171	4	-9.5	2.796	7.866
171	5	-9.3	2.766	8.274
171	6	-9.3	3.77	7.856
171	7	-9.2	1.875	2.239
171	8	-9.2	2.388	7.296
171	9	-9.2	2.002	5.476
172	1	-8.7	0	0
172	2	-8.7	2.623	7.142
172	3	-8.6	3.083	4.932
172	4	-8.6	2.351	3.088
172	5	-8.6	2.973	7.369
172	6	-8.4	2.836	7.088
172	7	-8.4	2.938	7.529
172	8	-8.3	2.736	3.434
172	9	-8.2	2.551	3.355
173	1	-9.7	0	0
173	2	-9.6	1.78	1.875
173	3	-9.6	2.557	7.079
173	4	-9.5	2.794	7.872
173	5	-9.5	2.876	8.667
173	6	-9.2	1.926	2.266
173	7	-9.2	1.999	5.469
173	8	-9.2	3.336	6.32
173	9	-9.1	2.125	7.608
174	1	-9.7	0	0
174	2	-9.6	1.815	1.915
174	3	-9.6	2.543	7.07
174	4	-9.5	2.789	7.866
174	5	-9.5	2.878	8.664
174	6	-9.5	2.394	2.827
174	7	-9.3	3.697	7.848
174	8	-9.2	1.978	5.468
174	9	-9.2	2.405	7.26
175	1	-9.4	0	0
175	2	-9	2.467	5.578
175	3	-8.8	4.011	7.478
175	4	-8.8	4.026	7.271
175	5	-8.7	3.68	7
175	6	-8.4	4.305	7.212
175	7	-8.4	3.14	4.034
175	8	-8.1	3.956	6.926
175	9	-8	4.496	7.267
176	1	-9.3	0	0
176	2	-9.2	3.677	6.819
176	3	-8.9	3.696	6.918
176	4	-8.4	4.573	7.686
176	5	-8.3	4.454	7.58
176	6	-8.2	4.044	7.278
176	7	-8.1	4.52	7.405
176	8	-8	3.42	4.659
176	9	-7.8	4.48	7.136
177	1	-9.3	0	0
177	2	-9.1	3.173	8.87
177	3	-9.1	3.49	7.831
177	4	-9	1.561	2.089
177	5	-9	2.205	6.085
177	6	-8.9	2.58	8.191
177	7	-8.9	2.541	7.675
177	8	-8.8	2.489	7.092
177	9	-8.8	1.962	5.983
178	1	-9.5	0	0
178	2	-9	2.462	5.498
178	3	-8.9	3.709	6.923
178	4	-8.8	3.973	7.184
178	5	-8.8	3.537	5.236
178	6	-8.4	3.152	5.775
178	7	-8.3	3.364	6.127
178	8	-8.3	4.668	7.865
178	9	-8.3	3.233	4.156
179	1	-9.4	0	0
179	2	-9	2.465	5.594
179	3	-8.8	4.012	7.498
179	4	-8.8	3.519	5.206
179	5	-8.7	3.716	7.065
179	6	-8.6	4.514	7.787
179	7	-8.5	4.518	7.656
179	8	-8.4	3.152	4.025
179	9	-8.2	2.724	3.683
180	1	-9.3	0	0
180	2	-9	3.278	4.85
180	3	-8.9	2.334	5.608
180	4	-8.8	3.89	6.714
180	5	-8.7	4.445	7.672
180	6	-8.6	3.548	6.949
180	7	-8.5	3.108	4.518
180	8	-8.4	3.898	6.896
180	9	-8.4	3.846	7.224
181	1	-9.3	0	0
181	2	-9	3.263	4.822
181	3	-8.9	2.317	5.559
181	4	-8.7	3.881	6.709
181	5	-8.6	2.503	3.467
181	6	-8.6	4.193	7.522
181	7	-8.5	2.167	2.677
181	8	-8.5	3.024	4.433
181	9	-8.3	3.895	6.929
182	1	-9.3	0	0
182	2	-9.1	2.426	7.543
182	3	-9	1.454	1.976
182	4	-9	3.322	8.727
182	5	-8.9	3.285	7.483
182	6	-8.9	2.992	7.938
182	7	-8.8	2.626	7.46
182	8	-8.7	1.903	5.692
182	9	-8.6	1.767	5.359
183	1	-9.2	0	0
183	2	-9	2.415	5.592
183	3	-8.9	3.81	7.103
183	4	-8.6	3.425	6.653
183	5	-8.6	4.592	7.581
183	6	-8.5	4.029	7.016
183	7	-8.4	4.247	7.579
183	8	-8.3	1.864	2.415
183	9	-8.3	4.141	7.523
184	1	-9.2	0	0
184	2	-9	3.803	7.104
184	3	-8.9	2.451	5.61
184	4	-8.6	3.375	4.882
184	5	-8.6	3.415	6.654
184	6	-8.6	4.537	7.555
184	7	-8.5	4.036	7.026
184	8	-8.4	1.871	2.639
184	9	-8.3	3.485	6.597
185	1	-9.7	0	0
185	2	-9.6	1.834	1.934
185	3	-9.6	2.539	7.09
185	4	-9.5	2.796	7.87
185	5	-9.4	1.096	1.665
185	6	-9.3	2.7	8.255
185	7	-9.3	3.665	7.646
185	8	-9.2	1.996	5.476
185	9	-9.1	1.917	2.261
186	1	-9.4	0	0
186	2	-9	2.452	5.569
186	3	-8.9	4.033	7.511
186	4	-8.8	3.512	5.213
186	5	-8.7	3.716	7.047
186	6	-8.6	4.485	7.726
186	7	-8.5	3.108	5.87
186	8	-8.4	3.178	4.045
186	9	-8.2	3.032	4.48
187	1	-9.3	0	0
187	2	-8.9	2.317	5.589
187	3	-8.9	3.24	4.764
187	4	-8.7	3.875	6.685
187	5	-8.6	4.156	7.517
187	6	-8.4	2.838	5.696
187	7	-8.2	3.963	6.996
187	8	-8.1	3.81	7.32
187	9	-7.9	3.559	6.888
188	1	-9.1	0	0
188	2	-8.8	2.898	8.233
188	3	-8.7	1.857	2.694
188	4	-8.7	1.801	2.145
188	5	-8.5	3.16	5.837
188	6	-8.5	3.73	8.428
188	7	-8.4	2.995	8.423
188	8	-8.3	3.676	8.542
188	9	-8.3	2.63	5.454
189	1	-9.1	0	0
189	2	-8.8	2.945	8.267
189	3	-8.7	1.887	2.734
189	4	-8.5	3.139	5.818
189	5	-8.5	1.614	2.127
189	6	-8.4	3.506	8.54
189	7	-8.4	2.956	8.401
189	8	-8.4	3.861	8.316
189	9	-8.3	3.721	8.554
190	1	-8.4	0	0
190	2	-8.1	3.306	5.005
190	3	-8.1	3.296	8.347
190	4	-8.1	4.347	5.439
190	5	-8.1	3.397	4.944
190	6	-7.8	3.439	4.995
190	7	-7.8	3.763	7.432
190	8	-7.8	3.416	8.272
190	9	-7.7	3.118	8.143
