#################################################################
# If you used AutoDock Vina in your work, please cite:          #
#                                                               #
# O. Trott, A. J. Olson,                                        #
# AutoDock Vina: improving the speed and accuracy of docking    #
# with a new scoring function, efficient optimization and       #
# multithreading, Journal of Computational Chemistry 31 (2010)  #
# 455-461                                                       #
#                                                               #
# DOI 10.1002/jcc.21334                                         #
#                                                               #
# Please see http://vina.scripps.edu for more information.      #
#################################################################

Reading input ... done.
Setting up the scoring function ... done.
Analyzing the binding site ... done.
Using random seed: -278682427
Performing search ... done.
Refining results ... done.

mode |   affinity | dist from best mode
     | (kcal/mol) | rmsd l.b.| rmsd u.b.
-----+------------+----------+----------
   1         -9.1      0.000      0.000
   2         -8.9      2.560      7.327
   3         -8.9      3.154      8.557
   4         -8.9      2.099      5.647
   5         -8.9      1.892      2.597
   6         -8.9      2.916      7.637
   7         -8.7      1.866      5.435
   8         -8.6      3.035      6.946
   9         -8.5      2.154      7.395
Writing output ... done.
