#################################################################
# If you used AutoDock Vina in your work, please cite:          #
#                                                               #
# O. Trott, A. J. Olson,                                        #
# AutoDock Vina: improving the speed and accuracy of docking    #
# with a new scoring function, efficient optimization and       #
# multithreading, Journal of Computational Chemistry 31 (2010)  #
# 455-461                                                       #
#                                                               #
# DOI 10.1002/jcc.21334                                         #
#                                                               #
# Please see http://vina.scripps.edu for more information.      #
#################################################################

Reading input ... done.
Setting up the scoring function ... done.
Analyzing the binding site ... done.
Using random seed: 1717847760
Performing search ... done.
Refining results ... done.

mode |   affinity | dist from best mode
     | (kcal/mol) | rmsd l.b.| rmsd u.b.
-----+------------+----------+----------
   1         -9.6      0.000      0.000
   2         -9.3      3.272      7.613
   3         -9.3      1.581      2.102
   4         -9.3      2.866      7.678
   5         -9.2      1.532      1.836
   6         -9.2      2.068      5.655
   7         -9.1      3.031      8.562
   8         -9.1      2.550      7.332
   9         -9.0      2.263      5.124
Writing output ... done.
