#################################################################
# If you used AutoDock Vina in your work, please cite:          #
#                                                               #
# O. Trott, A. J. Olson,                                        #
# AutoDock Vina: improving the speed and accuracy of docking    #
# with a new scoring function, efficient optimization and       #
# multithreading, Journal of Computational Chemistry 31 (2010)  #
# 455-461                                                       #
#                                                               #
# DOI 10.1002/jcc.21334                                         #
#                                                               #
# Please see http://vina.scripps.edu for more information.      #
#################################################################

Reading input ... done.
Setting up the scoring function ... done.
Analyzing the binding site ... done.
Using random seed: 556821326
Performing search ... done.
Refining results ... done.

mode |   affinity | dist from best mode
     | (kcal/mol) | rmsd l.b.| rmsd u.b.
-----+------------+----------+----------
   1         -8.8      0.000      0.000
   2         -8.7      2.624      7.351
   3         -8.7      3.143      4.915
   4         -8.6      2.412      3.217
   5         -8.4      3.184      3.997
   6         -8.4      1.731      2.127
   7         -8.4      3.097      6.908
   8         -8.4      1.724      2.375
   9         -8.2      2.892      7.052
Writing output ... done.
