#################################################################
# If you used AutoDock Vina in your work, please cite:          #
#                                                               #
# O. Trott, A. J. Olson,                                        #
# AutoDock Vina: improving the speed and accuracy of docking    #
# with a new scoring function, efficient optimization and       #
# multithreading, Journal of Computational Chemistry 31 (2010)  #
# 455-461                                                       #
#                                                               #
# DOI 10.1002/jcc.21334                                         #
#                                                               #
# Please see http://vina.scripps.edu for more information.      #
#################################################################

Reading input ... done.
Setting up the scoring function ... done.
Analyzing the binding site ... done.
Using random seed: 667129446
Performing search ... done.
Refining results ... done.

mode |   affinity | dist from best mode
     | (kcal/mol) | rmsd l.b.| rmsd u.b.
-----+------------+----------+----------
   1         -8.5      0.000      0.000
   2         -8.3      3.169      8.438
   3         -8.2      2.966      8.327
   4         -8.2      3.196      4.828
   5         -8.1      4.416      5.502
   6         -8.1      2.827      8.680
   7         -8.1      3.525      5.029
   8         -7.9      1.523      2.212
   9         -7.9      3.784      7.528
Writing output ... done.
