#################################################################
# If you used AutoDock Vina in your work, please cite:          #
#                                                               #
# O. Trott, A. J. Olson,                                        #
# AutoDock Vina: improving the speed and accuracy of docking    #
# with a new scoring function, efficient optimization and       #
# multithreading, Journal of Computational Chemistry 31 (2010)  #
# 455-461                                                       #
#                                                               #
# DOI 10.1002/jcc.21334                                         #
#                                                               #
# Please see http://vina.scripps.edu for more information.      #
#################################################################

Reading input ... done.
Setting up the scoring function ... done.
Analyzing the binding site ... done.
Using random seed: -962289142
Performing search ... done.
Refining results ... done.

mode |   affinity | dist from best mode
     | (kcal/mol) | rmsd l.b.| rmsd u.b.
-----+------------+----------+----------
   1         -9.3      0.000      0.000
   2         -9.0      3.278      4.850
   3         -8.9      2.334      5.608
   4         -8.8      3.890      6.714
   5         -8.7      4.445      7.672
   6         -8.6      3.548      6.949
   7         -8.5      3.108      4.518
   8         -8.4      3.898      6.896
   9         -8.4      3.846      7.224
Writing output ... done.
