#################################################################
# If you used AutoDock Vina in your work, please cite:          #
#                                                               #
# O. Trott, A. J. Olson,                                        #
# AutoDock Vina: improving the speed and accuracy of docking    #
# with a new scoring function, efficient optimization and       #
# multithreading, Journal of Computational Chemistry 31 (2010)  #
# 455-461                                                       #
#                                                               #
# DOI 10.1002/jcc.21334                                         #
#                                                               #
# Please see http://vina.scripps.edu for more information.      #
#################################################################

Reading input ... done.
Setting up the scoring function ... done.
Analyzing the binding site ... done.
Using random seed: -625413575
Performing search ... done.
Refining results ... done.

mode |   affinity | dist from best mode
     | (kcal/mol) | rmsd l.b.| rmsd u.b.
-----+------------+----------+----------
   1         -9.7      0.000      0.000
   2         -9.6      1.782      1.877
   3         -9.6      2.551      7.089
   4         -9.5      2.794      7.882
   5         -9.3      3.760      7.868
   6         -9.1      2.889      8.043
   7         -9.1      3.743      7.824
   8         -9.0      1.523      2.130
   9         -9.0      3.000      7.204
Writing output ... done.
