#################################################################
# If you used AutoDock Vina in your work, please cite:          #
#                                                               #
# O. Trott, A. J. Olson,                                        #
# AutoDock Vina: improving the speed and accuracy of docking    #
# with a new scoring function, efficient optimization and       #
# multithreading, Journal of Computational Chemistry 31 (2010)  #
# 455-461                                                       #
#                                                               #
# DOI 10.1002/jcc.21334                                         #
#                                                               #
# Please see http://vina.scripps.edu for more information.      #
#################################################################

Reading input ... done.
Setting up the scoring function ... done.
Analyzing the binding site ... done.
Using random seed: 1669236201
Performing search ... done.
Refining results ... done.

mode |   affinity | dist from best mode
     | (kcal/mol) | rmsd l.b.| rmsd u.b.
-----+------------+----------+----------
   1         -8.3      0.000      0.000
   2         -8.2      2.214      2.813
   3         -8.1      3.978      4.870
   4         -8.1      2.917      7.343
   5         -8.0      3.425      7.624
   6         -7.8      3.354      7.681
   7         -7.8      3.459      4.226
   8         -7.7      3.085      7.348
   9         -7.6      4.577      8.074
Writing output ... done.
