#################################################################
# If you used AutoDock Vina in your work, please cite:          #
#                                                               #
# O. Trott, A. J. Olson,                                        #
# AutoDock Vina: improving the speed and accuracy of docking    #
# with a new scoring function, efficient optimization and       #
# multithreading, Journal of Computational Chemistry 31 (2010)  #
# 455-461                                                       #
#                                                               #
# DOI 10.1002/jcc.21334                                         #
#                                                               #
# Please see http://vina.scripps.edu for more information.      #
#################################################################

Reading input ... done.
Setting up the scoring function ... done.
Analyzing the binding site ... done.
Using random seed: -165591936
Performing search ... done.
Refining results ... done.

mode |   affinity | dist from best mode
     | (kcal/mol) | rmsd l.b.| rmsd u.b.
-----+------------+----------+----------
   1         -8.7      0.000      0.000
   2         -8.6      0.993      1.712
   3         -8.1      1.970      5.209
   4         -8.1      3.153      5.708
   5         -7.8      3.998      6.654
   6         -7.7      1.293      1.648
   7         -7.3      1.987      4.945
   8         -7.3      3.698      6.196
   9         -6.9      3.955      6.419
Writing output ... done.
