59_1 -6.9 0.000 0.000
59_2 -5.8 1.273 1.942
59_3 -5.5 2.335 4.250
59_4 -5.0 1.604 2.328
59_5 -4.9 1.509 2.404
45_1 -7.0 0.000 0.000
45_2 -6.9 1.804 4.119
45_3 -6.4 1.254 1.699
45_4 -6.2 3.994 6.717
45_5 -5.6 1.383 2.224
45_6 -5.2 2.612 8.889
45_7 -5.1 4.984 7.830
45_8 -4.7 1.990 4.239
45_9 -4.6 1.390 2.243
80_1 -10.3 0.000 0.000
80_2 -9.9 1.695 2.709
80_3 -9.7 2.921 7.454
80_4 -9.6 1.548 4.580
80_5 -9.5 2.133 7.549
80_6 -9.4 1.977 8.354
80_7 -9.2 2.842 7.432
80_8 -9.0 3.434 8.068
80_9 -8.5 3.930 7.152
77_1 -9.2 0.000 0.000
77_2 -7.6 3.861 8.545
30_1 -9.8 0.000 0.000
30_2 -7.8 4.284 8.610
30_3 -7.6 4.708 7.761
30_4 -6.8 5.373 8.357
76_1 -9.0 0.000 0.000
76_2 -6.1 2.086 3.547
103_1 -5.1 0.000 0.000
103_2 -3.6 2.581 9.685
29_1 -7.1 0.000 0.000
29_2 -5.9 1.318 2.023
29_3 -5.6 2.469 4.433
29_4 -5.0 1.286 2.142
29_5 -4.5 2.782 8.089
20_1 -7.1 0.000 0.000
20_2 -5.9 1.346 2.025
20_3 -5.8 2.438 4.390
20_4 -5.1 1.370 2.223
20_5 -4.2 2.886 8.134
44_1 -9.1 0.000 0.000
44_2 -7.7 3.882 8.513
44_3 -6.1 3.580 8.402
38_1 -6.7 0.000 0.000
38_2 -6.0 1.621 2.121
38_3 -5.3 1.538 2.288
38_4 -5.3 2.366 4.405
38_5 -5.0 2.620 8.151
38_6 -4.5 1.859 2.829
33_1 -0.3 0.000 0.000
122_1 -6.6 0.000 0.000
68_1 -7.5 0.000 0.000
68_2 -7.3 1.892 4.091
68_3 -6.8 1.456 3.772
68_4 -6.0 2.289 4.661
68_5 -5.5 2.659 7.912
68_6 -4.9 3.434 6.341
68_7 -4.9 2.413 4.063
68_8 -4.9 2.618 7.598
27_1 -7.2 0.000 0.000
27_2 -6.7 2.627 7.907
27_3 -6.6 1.326 3.688
27_4 -6.5 1.916 4.372
27_5 -6.5 4.907 7.886
27_6 -6.2 2.548 7.599
27_7 -6.1 1.430 1.541
27_8 -6.1 4.428 8.869
27_9 -5.4 2.565 4.450
64_1 -7.7 0.000 0.000
64_2 -7.0 1.574 4.010
64_3 -6.9 3.389 7.392
64_4 -6.5 3.364 7.222
64_5 -6.4 3.340 6.827
64_6 -6.4 2.831 7.310
64_7 -6.4 3.730 6.476
104_1 -4.2 0.000 0.000
104_2 -3.8 5.606 9.483
104_3 -2.0 4.025 7.594
65_1 -8.1 0.000 0.000
65_2 -7.9 1.484 3.669
65_3 -6.6 1.877 4.042
65_4 -6.4 2.342 7.651
65_5 -6.1 2.341 7.338
65_6 -5.5 1.812 3.478
65_7 -5.4 2.574 8.792
65_8 -5.4 1.406 2.143
79_1 -8.8 0.000 0.000
79_2 -7.8 2.027 4.087
79_3 -6.3 2.507 4.629
100_1 -6.1 0.000 0.000
100_2 -3.3 1.327 1.936
75_1 -6.2 0.000 0.000
75_2 -3.5 1.216 1.911
47_1 -10.6 0.000 0.000
47_2 -10.5 2.509 4.831
47_3 -10.5 1.998 3.220
47_4 -10.2 1.637 3.685
47_5 -9.8 2.011 4.373
47_6 -9.5 1.467 4.234
47_7 -9.3 2.769 4.333
95_1 -5.1 0.000 0.000
95_2 -2.3 5.529 9.308
95_3 -2.3 5.579 7.837
67_1 -4.2 0.000 0.000
67_2 -2.1 2.433 3.364
114_1 -8.1 0.000 0.000
114_2 -7.8 2.891 8.529
114_3 -7.7 2.269 3.703
114_4 -6.7 2.101 4.022
114_5 -6.0 2.643 4.200
114_6 -6.0 2.401 7.747
114_7 -5.7 2.023 7.498
114_8 -5.5 3.000 8.356
114_9 -5.5 1.943 3.144
5_1 -3.3 0.000 0.000
5_2 -3.2 1.671 1.961
5_3 -2.9 1.398 2.015
5_4 -2.9 3.421 7.162
60_1 -8.5 0.000 0.000
60_2 -8.0 1.132 3.379
60_3 -7.7 2.310 7.712
60_4 -7.5 2.215 7.393
60_5 -6.9 1.195 3.718
60_6 -6.2 1.598 3.845
60_7 -6.1 1.907 4.393
60_8 -5.9 2.222 4.014
60_9 -5.6 1.432 2.181
113_1 -9.3 0.000 0.000
113_2 -9.0 1.503 2.310
113_3 -8.7 2.066 7.608
113_4 -8.5 2.013 8.130
113_5 -7.4 1.345 1.489
113_6 -7.4 5.974 8.690
113_7 -6.8 4.816 7.646
113_8 -6.7 6.277 8.455
113_9 -6.6 1.859 7.946
31_1 -5.2 0.000 0.000
39_1 -9.1 0.000 0.000
39_2 -8.6 1.137 3.781
39_3 -7.5 4.355 8.645
39_4 -6.7 5.544 8.427
39_5 -6.4 1.343 3.198
82_1 -9.5 0.000 0.000
82_2 -7.4 4.056 8.624
74_1 -11.3 0.000 0.000
74_2 -10.9 2.416 7.686
74_3 -10.8 1.604 3.141
74_4 -10.7 2.718 7.031
74_5 -10.7 2.577 7.129
74_6 -10.6 0.768 2.034
74_7 -10.4 2.375 7.580
74_8 -10.2 2.079 3.914
74_9 -10.2 2.907 7.001
28_1 -8.2 0.000 0.000
28_2 -7.3 2.019 4.056
28_3 -5.9 2.533 4.632
48_1 -9.3 0.000 0.000
48_2 -8.8 1.032 3.508
48_3 -7.7 2.471 8.417
48_4 -7.1 2.476 8.121
48_5 -6.3 1.502 2.217
41_1 -8.1 0.000 0.000
41_2 -8.0 1.698 3.393
41_3 -7.3 1.964 8.353
41_4 -7.0 2.170 8.050
41_5 -6.8 4.635 9.215
41_6 -5.8 2.661 3.574
41_7 -5.4 2.004 2.716
41_8 -5.2 2.211 8.059
41_9 -5.1 2.233 4.056
18_1 -10.4 0.000 0.000
18_2 -10.3 0.819 2.079
18_3 -9.8 2.011 6.161
18_4 -9.8 1.969 6.306
18_5 -9.2 1.645 2.701
18_6 -9.1 1.674 6.399
18_7 -9.1 1.838 2.830
18_8 -9.0 2.420 4.098
18_9 -9.0 1.557 2.342
115_1 -4.1 0.000 0.000
115_2 -3.8 1.862 2.431
115_3 -2.2 3.965 8.442
115_4 -2.1 3.725 7.753
115_5 -2.1 4.869 8.986
115_6 -1.4 4.116 8.618
3_1 -9.8 0.000 0.000
3_2 -9.7 1.670 5.726
3_3 -9.6 1.316 3.551
3_4 -8.8 1.910 5.699
8_1 -11.3 0.000 0.000
8_2 -11.1 1.353 2.963
8_3 -10.5 1.529 3.755
8_4 -10.1 0.805 2.387
8_5 -10.0 5.183 7.576
8_6 -9.8 2.356 7.738
8_7 -9.7 5.307 8.432
8_8 -8.9 2.803 4.298
8_9 -8.8 2.371 7.977
106_1 -8.8 0.000 0.000
106_2 -8.3 1.512 3.552
106_3 -7.8 2.311 8.418
106_4 -7.5 2.364 8.127
106_5 -7.0 5.063 9.234
106_6 -6.4 1.654 1.961
106_7 -6.2 2.054 2.900
106_8 -5.9 1.432 2.158
102_1 -4.3 0.000 0.000
102_2 -4.1 5.836 9.484
102_3 -2.2 4.440 7.130
117_1 -8.3 0.000 0.000
117_2 -7.8 1.921 3.567
117_3 -7.4 2.795 8.489
117_4 -6.5 5.887 8.224
117_5 -6.3 2.506 4.022
117_6 -6.1 2.455 4.322
117_7 -5.8 1.774 3.143
117_8 -5.4 1.403 2.140
118_1 -9.2 0.000 0.000
118_2 -7.9 4.559 7.616
50_1 -10.0 0.000 0.000
50_2 -9.7 1.796 2.004
50_3 -8.4 2.949 8.989
116_1 -9.7 0.000 0.000
116_2 -8.1 3.013 9.155
116_3 -6.8 2.938 9.010
57_1 -8.9 0.000 0.000
57_2 -8.7 2.457 4.067
57_3 -7.1 3.000 4.690
57_4 -6.4 3.137 7.724
57_5 -6.3 3.136 7.459
57_6 -6.1 1.364 2.208
126_1 -7.0 0.000 0.000
126_2 -5.5 1.379 2.037
126_3 -5.5 2.113 4.234
126_4 -5.0 1.301 2.120
126_5 -4.7 2.529 8.526
126_6 -4.3 2.663 8.230
88_1 -9.1 0.000 0.000
88_2 -7.5 3.513 8.475
88_3 -7.0 1.503 4.173
88_4 -6.5 1.789 3.432
7_1 -1.7 0.000 0.000
7_2 -0.8 0.728 1.693
40_1 -8.5 0.000 0.000
40_2 -7.4 4.258 8.655
40_3 -7.3 1.846 3.782
40_4 -7.0 2.166 4.357
40_5 -6.0 2.805 4.295
40_6 -5.7 2.587 4.861
19_1 -8.3 0.000 0.000
19_2 -7.8 2.042 4.037
19_3 -6.4 2.551 4.689
19_4 -5.6 3.321 7.918
72_1 -9.0 0.000 0.000
72_2 -8.4 1.184 3.933
61_1 -9.3 0.000 0.000
61_2 -7.3 1.290 4.156
53_1 -8.2 0.000 0.000
53_2 -8.0 1.342 3.646
53_3 -6.9 3.279 7.880
53_4 -6.3 1.419 3.990
53_5 -5.8 3.195 7.578
53_6 -5.7 2.494 4.280
53_7 -5.2 2.105 4.563
120_1 -8.9 0.000 0.000
120_2 -8.9 3.108 4.864
120_3 -8.7 3.379 6.022
120_4 -8.6 4.338 5.699
120_5 -8.5 2.635 4.866
120_6 -8.5 2.876 4.603
120_7 -8.2 3.206 4.945
35_1 -8.8 0.000 0.000
35_2 -8.3 2.464 4.283
35_3 -7.9 4.788 8.710
35_4 -7.2 2.923 4.562
35_5 -6.0 1.352 2.046
35_6 -5.9 3.273 5.044
83_1 -6.2 0.000 0.000
83_2 -3.3 1.404 1.998
99_1 -7.3 0.000 0.000
99_2 -6.0 1.956 2.524
99_3 -5.9 3.548 8.353
99_4 -4.3 2.126 3.825
108_1 -7.3 0.000 0.000
108_2 -6.9 3.785 7.454
108_3 -6.5 3.667 6.928
108_4 -6.4 2.767 7.272
108_5 -6.2 2.557 7.105
108_6 -5.0 3.851 6.741
22_1 -7.2 0.000 0.000
22_2 -5.9 1.370 2.092
22_3 -5.7 2.094 4.061
22_4 -4.9 1.358 2.263
22_5 -4.6 3.196 8.508
4_1 -7.8 0.000 0.000
4_2 -7.3 1.302 3.001
4_3 -6.4 0.821 1.117
4_4 -5.0 2.052 5.261
51_1 -8.4 0.000 0.000
51_2 -5.7 1.390 2.109
85_1 -8.9 0.000 0.000
85_2 -7.9 3.521 8.519
85_3 -7.2 1.616 4.165
85_4 -6.1 3.239 8.334
90_1 -8.5 0.000 0.000
90_2 -7.9 5.139 9.077
90_3 -7.5 1.125 3.565
90_4 -6.8 2.022 2.827
90_5 -6.4 3.645 8.794
90_6 -5.9 4.775 8.905
90_7 -5.9 3.657 8.515
90_8 -5.9 1.574 2.218
90_9 -5.7 2.483 3.589
23_1 -7.3 0.000 0.000
23_2 -6.5 1.171 1.465
23_3 -6.1 1.297 2.090
23_4 -5.9 2.519 4.360
23_5 -5.2 1.255 2.118
105_1 -5.7 0.000 0.000
105_2 -4.0 2.583 7.943
105_3 -3.9 1.335 2.198
105_4 -3.9 1.354 2.174
105_5 -3.8 1.734 2.524
105_6 -3.3 3.295 9.272
105_7 -2.7 2.812 7.833
2_1 -9.8 0.000 0.000
2_2 -9.7 1.148 3.624
2_3 -9.5 2.958 5.097
2_4 -8.9 2.221 5.019
2_5 -8.8 1.957 4.370
2_6 -8.7 2.257 4.925
2_7 -8.7 3.261 5.360
2_8 -8.4 3.027 4.594
2_9 -8.3 3.007 5.143
54_1 -8.7 0.000 0.000
54_2 -8.5 1.042 3.369
54_3 -7.9 2.397 8.359
54_4 -7.6 2.361 8.063
54_5 -6.6 6.281 9.025
54_6 -6.6 2.769 8.405
54_7 -6.4 2.016 2.758
54_8 -6.1 0.993 1.431
54_9 -5.9 2.563 8.059
123_1 -5.8 0.000 0.000
25_1 -10.1 0.000 0.000
25_2 -10.0 1.887 4.420
25_3 -9.3 3.000 6.035
25_4 -9.2 1.698 2.246
25_5 -8.9 2.217 3.065
25_6 -8.9 2.930 5.799
25_7 -8.5 3.185 4.515
25_8 -8.5 2.657 5.156
25_9 -8.1 2.419 4.254
97_1 -5.1 0.000 0.000
97_2 -4.7 1.871 2.954
97_3 -3.9 1.979 4.478
97_4 -2.2 2.233 4.852
81_1 -11.2 0.000 0.000
81_2 -10.7 2.100 5.008
81_3 -10.5 2.833 6.333
81_4 -10.4 2.871 5.712
81_5 -10.4 2.662 3.810
81_6 -10.1 3.034 4.075
81_7 -9.7 2.706 4.148
81_8 -9.6 2.245 2.993
81_9 -9.5 2.386 4.154
9_1 -5.2 0.000 0.000
9_2 -3.7 1.391 2.093
9_3 -2.4 3.819 6.906
124_1 -7.9 0.000 0.000
124_2 -6.7 1.244 2.092
124_3 -6.6 1.366 1.980
124_4 -5.9 2.243 4.206
124_5 -5.8 1.259 2.247
124_6 -5.8 2.427 8.889
42_1 -7.0 0.000 0.000
42_2 -6.0 2.774 4.116
101_1 -8.8 0.000 0.000
101_2 -8.6 1.461 2.231
101_3 -8.4 2.206 7.675
101_4 -8.3 2.123 8.361
101_5 -7.6 2.086 8.494
101_6 -6.6 1.800 2.060
101_7 -6.0 2.137 8.203
101_8 -5.9 1.572 3.732
101_9 -5.9 2.512 8.754
34_1 -7.2 0.000 0.000
34_2 -6.0 4.428 8.377
34_3 -5.8 1.390 2.230
34_4 -5.1 3.661 8.884
34_5 -4.7 1.562 2.437
34_6 -4.4 3.651 8.664
34_7 -4.2 3.823 7.815
14_1 -8.8 0.000 0.000
14_2 -7.7 1.269 3.613
14_3 -7.0 1.433 4.064
14_4 -7.0 2.462 7.756
14_5 -6.7 2.361 7.440
14_6 -6.5 1.281 3.179
14_7 -6.0 2.389 4.071
14_8 -5.9 1.427 2.169
14_9 -5.9 2.303 8.942
24_1 -8.9 0.000 0.000
24_2 -7.2 1.614 4.165
10_1 -8.5 0.000 0.000
10_2 -7.4 4.222 8.717
10_3 -7.3 1.845 3.778
10_4 -7.0 3.289 7.940
10_5 -7.0 2.167 4.355
10_6 -6.6 3.220 7.647
10_7 -6.0 2.822 4.306
10_8 -5.8 2.585 4.864
36_1 -7.1 0.000 0.000
36_2 -5.8 1.375 2.219
36_3 -4.8 1.369 2.211
36_4 -4.8 3.056 4.683
71_1 -7.9 0.000 0.000
71_2 -7.3 1.416 4.042
71_3 -5.9 2.056 4.613
71_4 -5.9 4.333 8.569
92_1 -6.5 0.000 0.000
92_2 -6.3 1.452 2.122
92_3 -5.4 1.433 1.990
46_1 -8.7 0.000 0.000
46_2 -7.7 1.386 3.981
46_3 -5.9 1.381 2.106
43_1 -8.6 0.000 0.000
43_2 -8.3 1.966 5.494
43_3 -8.2 1.361 3.817
43_4 -8.2 1.909 3.800
43_5 -7.8 2.411 5.343
43_6 -7.7 1.675 3.875
6_1 -10.3 0.000 0.000
6_2 -9.9 1.050 2.065
6_3 -9.3 1.731 4.984
6_4 -9.2 1.385 3.945
6_5 -8.3 2.435 6.280
6_6 -8.2 2.193 3.738
6_7 -8.0 2.689 4.930
6_8 -7.9 1.331 3.942
6_9 -7.5 2.244 5.739
49_1 -8.4 0.000 0.000
49_2 -8.2 1.167 3.553
49_3 -6.1 1.390 3.166
49_4 -5.8 2.291 8.961
49_5 -5.7 2.437 7.731
49_6 -5.6 1.986 4.517
49_7 -5.6 1.441 2.183
49_8 -5.5 2.828 8.764
66_1 -8.3 0.000 0.000
66_2 -7.7 1.208 3.554
66_3 -6.0 2.311 8.975
66_4 -5.8 2.423 7.805
66_5 -5.5 1.538 2.255
66_6 -5.5 2.312 7.493
66_7 -5.3 6.934 8.624
16_1 -11.0 0.000 0.000
16_2 -9.3 5.496 8.126
16_3 -9.2 1.953 8.903
16_4 -9.0 5.451 8.262
16_5 -8.7 3.002 8.700
16_6 -8.4 4.780 8.500
78_1 -6.5 0.000 0.000
78_2 -5.7 1.809 4.585
78_3 -4.4 2.165 5.031
78_4 -4.1 1.355 2.041
78_5 -3.9 4.395 7.798
15_1 -8.5 0.000 0.000
15_2 -7.3 1.847 3.780
15_3 -7.0 3.288 7.939
15_4 -7.0 2.169 4.358
15_5 -6.6 3.215 7.647
15_6 -5.9 2.827 4.328
15_7 -5.8 2.587 4.859
96_1 -6.0 0.000 0.000
96_2 -3.7 5.508 9.246
96_3 -3.3 5.667 7.820
12_1 -9.6 0.000 0.000
12_2 -9.3 1.345 3.117
12_3 -9.0 2.705 7.834
12_4 -8.7 2.777 8.037
12_5 -8.1 4.887 7.525
12_6 -7.8 2.892 4.260
12_7 -7.6 1.569 3.736
13_1 -9.1 0.000 0.000
13_2 -8.7 1.162 2.069
13_3 -8.7 1.798 4.640
13_4 -8.5 1.741 3.740
13_5 -8.1 2.417 5.702
13_6 -7.5 1.872 4.117
13_7 -7.1 2.384 3.951
13_8 -7.0 1.718 5.390
13_9 -6.6 2.157 4.746
107_1 -8.6 0.000 0.000
107_2 -8.6 2.230 8.245
107_3 -8.4 0.838 3.132
107_4 -8.3 2.239 7.931
107_5 -6.8 6.135 8.496
107_6 -6.7 1.946 2.668
107_7 -5.9 1.439 2.218
107_8 -5.7 5.902 8.788
107_9 -5.6 2.363 7.835
26_1 -8.6 0.000 0.000
26_2 -8.2 1.098 3.598
26_3 -7.0 4.361 8.731
26_4 -6.3 2.048 4.475
26_5 -5.7 1.409 2.248
26_6 -5.7 1.258 3.083
89_1 -7.8 0.000 0.000
89_2 -7.8 1.484 2.261
89_3 -5.8 5.872 7.781
89_4 -5.2 3.514 4.486
69_1 -8.8 0.000 0.000
69_2 -8.5 1.043 3.370
69_3 -7.9 2.399 8.358
69_4 -7.6 2.358 8.063
69_5 -6.9 5.243 9.280
69_6 -6.3 2.016 2.759
69_7 -5.9 2.531 8.046
69_8 -5.8 2.169 2.983
109_1 -6.8 0.000 0.000
109_2 -6.7 0.116 1.189
109_3 -5.0 1.585 2.257
109_4 -4.5 3.092 7.028
73_1 -8.5 0.000 0.000
73_2 -7.8 1.582 3.601
73_3 -7.0 4.554 8.692
73_4 -6.7 4.883 7.633
73_5 -6.7 5.959 8.668
73_6 -5.9 2.477 4.436
73_7 -5.6 1.414 2.145
87_1 -6.0 0.000 0.000
87_2 -5.9 4.169 6.976
87_3 -3.8 0.967 1.403
110_1 -7.1 0.000 0.000
110_2 -5.9 1.298 1.993
110_3 -5.7 2.484 4.495
110_4 -5.0 1.244 2.119
110_5 -4.6 2.578 8.436
21_1 -8.3 0.000 0.000
21_2 -7.8 1.314 3.745
21_3 -7.5 4.117 8.719
21_4 -5.8 1.998 4.635
21_5 -5.4 1.408 2.247
70_1 -6.7 0.000 0.000
70_2 -5.6 2.168 4.308
70_3 -5.5 1.627 2.299
70_4 -4.6 3.684 8.860
70_5 -4.5 2.334 4.247
70_6 -4.1 3.806 7.802
56_1 -7.3 0.000 0.000
56_2 -6.8 2.047 4.088
56_3 -6.3 6.029 8.300
56_4 -5.4 2.485 4.592
56_5 -4.5 2.919 4.235
52_1 -9.5 0.000 0.000
52_2 -7.4 4.061 8.617
11_1 -8.5 0.000 0.000
11_2 -7.4 4.228 8.692
11_3 -7.3 1.846 3.788
11_4 -7.0 3.289 7.940
11_5 -7.0 2.164 4.364
11_6 -6.6 3.217 7.643
11_7 -5.9 2.795 4.286
11_8 -5.7 2.588 4.855
63_1 -8.9 0.000 0.000
63_2 -7.6 1.152 3.483
63_3 -7.1 2.306 7.702
63_4 -6.9 2.218 7.385
63_5 -6.0 1.875 3.653
111_1 -3.1 0.000 0.000
111_2 -2.2 4.542 8.251
111_3 -1.3 6.695 9.305
125_1 -4.5 0.000 0.000
125_2 -3.7 2.597 9.945
32_1 -9.3 0.000 0.000
32_2 -8.9 1.207 3.690
32_3 -6.7 2.252 4.031
32_4 -6.5 1.398 3.125
32_5 -6.3 1.407 2.143
93_1 -6.9 0.000 0.000
93_2 -6.7 0.512 1.305
98_1 -8.3 0.000 0.000
98_2 -7.2 3.946 8.972
98_3 -6.7 5.769 8.074
98_4 -6.6 1.903 4.727
98_5 -6.0 1.406 3.072
98_6 -5.7 1.388 2.108
98_7 -5.4 2.608 9.403
98_8 -5.4 2.285 3.844
121_1 -10.1 0.000 0.000
121_2 -10.1 6.672 8.538
121_3 -9.8 7.017 9.167
121_4 -9.5 6.200 9.118
121_5 -9.3 2.654 5.138
121_6 -8.8 3.056 5.253
121_7 -8.7 2.849 8.524
121_8 -7.9 6.810 8.377
121_9 -7.3 1.301 1.865
58_1 -8.9 0.000 0.000
58_2 -8.1 0.904 3.447
58_3 -7.3 4.817 7.462
58_4 -7.0 4.924 8.993
58_5 -6.8 5.852 8.496
58_6 -6.6 1.486 2.211
58_7 -6.5 5.959 8.779
58_8 -6.3 2.335 3.132
86_1 -9.9 0.000 0.000
86_2 -9.7 0.837 2.914
86_3 -9.6 2.930 4.600
86_4 -9.5 2.164 2.508
86_5 -9.4 3.189 5.157
86_6 -9.2 2.337 3.539
86_7 -8.9 3.097 4.786
55_1 -9.7 0.000 0.000
17_1 -11.4 0.000 0.000
17_2 -10.8 0.635 1.084
17_3 -8.9 2.582 3.572
17_4 -8.9 2.809 6.109
17_5 -8.8 2.299 5.295
17_6 -8.7 2.265 5.753
17_7 -8.7 3.726 6.345
17_8 -8.5 1.785 3.633
37_1 -8.7 0.000 0.000
37_2 -7.5 1.593 4.048
37_3 -6.0 2.057 4.627
119_1 -8.6 0.000 0.000
119_2 -8.5 2.228 8.311
119_3 -8.3 2.242 8.005
119_4 -8.1 1.298 3.317
119_5 -6.8 1.828 2.483
119_6 -6.1 2.278 3.026
112_1 -8.5 0.000 0.000
112_2 -7.3 1.562 3.518
112_3 -6.7 6.354 9.071
62_1 -2.8 0.000 0.000
62_2 -1.5 1.364 1.926
62_3 -1.2 1.408 5.777
62_4 -0.2 1.866 6.061
94_1 -7.2 0.000 0.000
94_2 -6.4 2.137 4.177
94_3 -6.3 3.438 8.249
94_4 -5.0 2.198 2.902
91_1 -11.1 0.000 0.000
91_2 -9.9 2.938 6.535
91_3 -9.8 1.604 6.843
91_4 -9.8 1.735 3.250
91_5 -9.4 1.459 2.479
91_6 -9.3 2.548 6.428
91_7 -9.3 2.538 6.853
91_8 -9.1 2.763 4.795
84_1 -5.7 0.000 0.000
84_2 -4.3 2.836 4.291
84_3 -4.0 1.368 2.080
84_4 -3.9 1.312 2.165
84_5 -3.8 1.777 2.439
84_6 -3.2 3.208 9.599
