59_1 -6.9 0.000 0.000
59_2 -6.6 2.195 4.400
45_1 -8.5 0.000 0.000
45_2 -8.3 1.334 3.839
45_3 -8.0 2.597 8.590
45_4 -7.9 2.615 8.323
45_5 -6.9 2.970 7.977
45_6 -5.9 1.514 2.220
80_1 -10.1 0.000 0.000
80_2 -9.4 1.827 8.610
80_3 -9.0 4.531 7.502
80_4 -7.8 2.230 8.491
80_5 -7.7 2.398 8.812
77_1 -9.2 0.000 0.000
77_2 -7.2 1.901 3.537
30_1 -9.3 0.000 0.000
30_2 -7.8 4.301 8.180
30_3 -7.4 4.262 8.069
30_4 -7.4 1.767 3.522
76_1 -8.7 0.000 0.000
76_2 -8.2 2.106 3.500
76_3 -5.9 2.484 4.849
76_4 -5.8 2.433 4.051
103_1 1.1 0.000 0.000
103_2 2.3 1.447 1.945
103_3 3.3 2.475 9.360
103_4 4.1 3.045 9.458
29_1 -6.8 0.000 0.000
29_2 -6.5 2.071 4.254
29_3 -5.6 2.827 8.326
29_4 -5.0 1.480 1.917
29_5 -4.5 1.461 2.201
29_6 -4.0 2.387 4.724
29_7 -3.9 2.998 8.172
20_1 -6.0 0.000 0.000
20_2 -5.0 3.295 9.132
20_3 -3.5 3.056 8.996
20_4 -3.4 1.314 1.991
44_1 -8.7 0.000 0.000
44_2 -7.0 1.867 3.529
38_1 -5.9 0.000 0.000
38_2 -4.2 1.906 4.468
38_3 -4.1 3.215 9.193
33_1 -5.0 0.000 0.000
33_2 -2.9 1.291 2.062
122_1 -1.6 0.000 0.000
122_2 -0.1 6.447 9.306
122_3 0.1 5.284 7.935
68_1 -9.0 0.000 0.000
68_2 -8.9 1.584 3.940
68_3 -8.3 2.631 8.366
68_4 -8.3 2.656 8.618
68_5 -7.5 2.696 7.921
68_6 -6.5 1.437 2.239
27_1 -9.3 0.000 0.000
27_2 -9.2 1.469 3.941
27_3 -9.1 2.758 7.483
27_4 -8.8 2.588 7.771
27_5 -7.7 3.180 8.698
27_6 -6.7 2.894 7.598
64_1 -7.8 0.000 0.000
64_2 -7.7 1.537 4.067
64_3 -7.7 4.217 7.051
64_4 -7.4 1.960 6.876
64_5 -7.4 4.756 6.524
64_6 -5.9 3.965 7.173
64_7 -4.9 1.600 3.889
104_1 -7.2 0.000 0.000
104_2 -4.3 5.005 7.150
65_1 -10.1 0.000 0.000
65_2 -9.1 1.741 3.818
65_3 -7.9 5.769 8.508
65_4 -7.9 1.356 2.060
65_5 -7.8 1.452 2.171
65_6 -7.6 2.902 7.839
65_7 -7.6 2.482 7.981
65_8 -7.4 2.447 8.266
79_1 -10.1 0.000 0.000
79_2 -9.0 1.861 3.901
79_3 -8.1 3.190 8.578
79_4 -7.6 4.475 8.029
79_5 -7.5 4.405 8.268
79_6 -7.1 1.371 2.101
100_1 -3.3 0.000 0.000
100_2 -2.9 3.857 6.757
100_3 -1.9 5.806 8.689
100_4 -1.2 4.284 7.182
75_1 -6.0 0.000 0.000
47_1 -10.9 0.000 0.000
47_2 -10.6 3.309 5.778
47_3 -10.4 3.137 4.452
47_4 -10.4 2.650 5.771
47_5 -10.3 2.810 6.764
47_6 -10.2 2.985 4.210
47_7 -10.0 3.516 4.657
47_8 -9.9 2.748 4.956
95_1 -7.4 0.000 0.000
95_2 -7.2 5.072 7.282
67_1 -5.9 0.000 0.000
114_1 -8.9 0.000 0.000
114_2 -8.8 2.155 3.874
114_3 -8.2 2.351 8.233
114_4 -8.1 1.940 8.520
114_5 -7.7 2.339 8.096
114_6 -7.3 1.540 1.983
114_7 -6.7 5.108 8.945
114_8 -6.5 4.489 9.199
114_9 -6.3 1.717 2.338
5_1 -6.2 0.000 0.000
5_2 -3.5 3.688 6.829
5_3 -3.2 5.070 8.635
60_1 -9.9 0.000 0.000
60_2 -9.5 2.414 7.276
60_3 -9.5 1.111 3.509
60_4 -9.1 2.288 7.593
60_5 -8.4 2.968 8.314
60_6 -7.3 2.633 7.371
60_7 -7.1 1.420 2.178
113_1 -10.4 0.000 0.000
113_2 -10.2 2.012 7.260
113_3 -10.1 1.516 2.312
113_4 -9.8 2.163 7.782
113_5 -9.1 6.018 8.035
113_6 -8.6 6.088 8.398
113_7 -7.9 2.106 3.901
31_1 -3.8 0.000 0.000
31_2 -2.4 3.728 9.037
31_3 -2.2 3.937 8.485
39_1 -9.4 0.000 0.000
39_2 -8.7 1.337 4.056
39_3 -8.7 2.510 8.471
39_4 -8.7 2.578 8.203
39_5 -6.6 3.006 7.890
39_6 -6.5 1.389 2.212
82_1 -9.1 0.000 0.000
82_2 -7.6 4.153 8.366
82_3 -7.3 4.035 8.077
82_4 -7.3 1.777 3.514
74_1 -12.3 0.000 0.000
74_2 -12.2 2.142 3.120
74_3 -11.7 2.552 8.140
74_4 -11.7 2.482 3.799
74_5 -11.6 0.742 1.974
74_6 -11.2 2.336 3.257
74_7 -11.2 2.160 3.873
74_8 -11.0 1.988 3.439
74_9 -10.6 2.330 8.111
28_1 -8.0 0.000 0.000
28_2 -7.4 2.785 7.859
28_3 -6.9 3.106 8.207
28_4 -6.7 3.108 8.472
28_5 -6.1 3.203 8.285
28_6 -5.9 1.413 2.226
48_1 -10.1 0.000 0.000
48_2 -9.9 2.483 8.076
48_3 -9.8 2.425 8.362
48_4 -9.5 1.018 3.569
48_5 -7.3 2.913 7.755
48_6 -7.2 1.411 2.180
41_1 -9.4 0.000 0.000
41_2 -8.9 2.172 7.951
41_3 -8.7 1.664 3.467
41_4 -8.6 1.934 8.244
41_5 -7.6 2.329 8.089
41_6 -7.5 2.499 7.687
41_7 -6.9 1.452 2.196
18_1 -11.0 0.000 0.000
18_2 -10.6 2.171 6.853
18_3 -10.5 2.084 6.792
18_4 -10.4 1.838 6.514
18_5 -10.3 0.829 2.044
18_6 -10.3 2.024 6.487
18_7 -9.5 1.862 3.034
18_8 -8.4 3.060 6.504
18_9 -8.4 1.935 3.545
115_1 -7.9 0.000 0.000
115_2 -7.8 2.363 8.246
115_3 -7.6 5.347 8.200
115_4 -7.5 2.407 7.535
115_5 -7.1 2.003 7.945
115_6 -6.4 1.990 7.229
115_7 -5.9 1.520 2.411
115_8 -5.1 1.926 7.970
115_9 -5.0 1.835 4.584
3_1 -10.1 0.000 0.000
3_2 -8.9 1.438 6.518
3_3 -8.7 6.364 8.242
3_4 -8.5 1.293 3.634
3_5 -8.4 5.125 6.880
3_6 -8.0 4.067 6.915
3_7 -8.0 2.343 4.209
3_8 -7.2 3.609 5.586
3_9 -7.1 1.888 6.259
8_1 -13.7 0.000 0.000
8_2 -13.7 1.372 3.017
106_1 -9.9 0.000 0.000
106_2 -9.0 1.650 3.604
106_3 -8.6 2.349 7.977
106_4 -8.3 2.344 8.260
106_5 -8.2 5.373 8.828
106_6 -7.8 1.531 1.997
106_7 -7.7 2.845 7.834
106_8 -7.6 1.516 2.204
102_1 -5.9 0.000 0.000
102_2 -4.4 6.432 8.522
102_3 -3.3 5.627 7.510
117_1 -9.5 0.000 0.000
117_2 -9.4 1.876 3.653
117_3 -9.1 2.421 8.053
117_4 -8.9 1.954 8.335
117_5 -8.1 5.202 8.750
117_6 -7.9 2.435 7.848
117_7 -7.6 1.604 1.886
117_8 -7.3 5.780 8.453
117_9 -7.3 1.441 2.164
118_1 -9.3 0.000 0.000
118_2 -7.7 1.819 3.631
50_1 -9.2 0.000 0.000
50_2 -7.8 3.297 8.286
50_3 -7.8 3.320 8.605
50_4 -7.7 1.763 3.478
50_5 -6.4 1.300 1.978
116_1 -7.9 0.000 0.000
116_2 -7.0 3.073 8.634
116_3 -6.7 1.558 2.380
116_4 -6.2 3.177 9.290
57_1 -10.4 0.000 0.000
57_2 -9.8 2.878 4.413
57_3 -8.8 4.439 8.134
57_4 -8.4 5.582 8.827
57_5 -8.2 2.075 2.484
57_6 -8.1 3.704 8.246
57_7 -7.8 1.387 2.225
57_8 -7.8 3.679 8.501
57_9 -7.5 5.253 8.985
126_1 -6.8 0.000 0.000
126_2 -6.5 2.115 4.255
126_3 -5.7 1.751 2.779
126_4 -4.0 2.330 4.642
126_5 -3.8 2.714 8.792
88_1 -8.9 0.000 0.000
88_2 -8.4 1.668 3.483
88_3 -7.9 1.838 4.448
88_4 -7.9 3.757 8.092
88_5 -6.7 2.535 7.615
88_6 -6.4 2.854 7.336
88_7 -6.0 2.023 4.048
7_1 -4.0 0.000 0.000
40_1 -10.2 0.000 0.000
40_2 -9.7 1.871 3.949
40_3 -9.5 3.441 7.497
40_4 -9.2 3.279 7.779
40_5 -8.5 3.806 8.701
40_6 -7.2 1.372 2.105
19_1 -9.9 0.000 0.000
19_2 -9.8 1.813 3.874
19_3 -9.0 3.342 7.492
19_4 -8.9 3.324 7.784
19_5 -8.2 3.696 8.632
19_6 -7.3 2.322 4.461
72_1 -10.0 0.000 0.000
72_2 -9.6 1.282 3.933
72_3 -8.6 2.887 7.853
72_4 -7.5 1.103 1.957
72_5 -7.2 2.483 8.431
72_6 -7.1 1.432 2.160
72_7 -7.0 2.541 8.162
61_1 -8.7 0.000 0.000
61_2 -8.0 1.616 4.459
61_3 -7.9 1.619 3.465
61_4 -6.0 2.610 7.598
61_5 -5.8 2.946 8.666
61_6 -5.7 2.951 7.327
61_7 -5.7 1.379 2.107
53_1 -9.7 0.000 0.000
53_2 -8.9 1.455 3.617
53_3 -8.7 3.221 8.237
53_4 -8.5 3.204 8.496
53_5 -8.4 5.322 8.832
53_6 -7.7 3.389 7.958
53_7 -7.0 1.077 1.791
53_8 -6.7 1.369 2.146
120_1 -9.6 0.000 0.000
120_2 -8.9 7.455 8.768
120_3 -8.9 2.007 4.287
120_4 -8.5 3.697 5.325
120_5 -8.4 3.427 5.133
120_6 -8.4 6.872 8.950
120_7 -8.4 6.244 7.843
120_8 -8.3 6.529 8.157
120_9 -8.3 7.259 8.558
35_1 -10.1 0.000 0.000
35_2 -9.5 2.766 4.420
35_3 -7.5 2.217 3.025
35_4 -7.4 1.513 2.156
83_1 -6.1 0.000 0.000
99_1 -8.3 0.000 0.000
99_2 -6.1 2.048 3.886
99_3 -5.3 1.901 5.080
108_1 -8.0 0.000 0.000
108_2 -7.7 4.110 8.113
108_3 -7.5 1.555 3.967
108_4 -7.5 4.329 7.176
108_5 -6.9 2.390 7.624
108_6 -6.6 1.967 6.903
108_7 -6.4 1.811 6.872
22_1 -6.1 0.000 0.000
22_2 -6.1 1.736 4.099
22_3 -6.1 2.908 8.679
22_4 -6.0 2.629 8.577
22_5 -4.2 2.824 8.089
22_6 -3.5 2.216 4.596
22_7 -3.4 1.366 2.080
4_1 -6.6 0.000 0.000
4_2 -4.5 1.170 3.218
4_3 -3.8 2.899 6.677
51_1 -9.8 0.000 0.000
51_2 -9.2 1.606 3.923
51_3 -8.1 1.575 3.206
51_4 -7.7 2.832 8.653
51_5 -7.4 2.576 7.360
51_6 -7.2 2.487 7.651
51_7 -7.1 1.374 2.105
51_8 -7.0 2.073 4.547
85_1 -8.9 0.000 0.000
85_2 -8.0 1.751 4.458
85_3 -7.8 1.721 3.431
85_4 -7.1 2.527 7.594
85_5 -6.9 2.745 7.309
85_6 -6.7 5.259 9.081
90_1 -9.0 0.000 0.000
90_2 -7.9 3.616 8.625
90_3 -7.9 3.603 8.141
90_4 -7.7 1.186 3.595
90_5 -7.6 3.633 8.354
90_6 -7.2 3.778 8.466
90_7 -6.1 1.483 2.198
23_1 -7.3 0.000 0.000
23_2 -6.7 2.240 4.427
23_3 -5.0 1.591 2.112
23_4 -4.6 4.535 8.228
105_1 -5.4 0.000 0.000
105_2 -4.4 2.823 8.110
105_3 -4.4 3.051 8.932
105_4 -4.2 2.049 2.592
2_1 -10.2 0.000 0.000
2_2 -10.0 3.232 4.577
2_3 -9.8 3.157 5.853
2_4 -9.8 3.195 4.605
2_5 -9.5 3.192 4.918
2_6 -9.4 1.174 3.494
2_7 -9.2 2.734 4.686
2_8 -8.9 3.459 6.370
2_9 -8.7 3.938 6.394
54_1 -9.9 0.000 0.000
54_2 -9.4 2.368 7.960
54_3 -9.3 1.038 3.436
54_4 -9.1 2.318 8.254
54_5 -8.1 5.806 8.390
54_6 -8.1 2.842 7.699
54_7 -7.5 1.439 2.190
123_1 -8.2 0.000 0.000
123_2 -8.1 4.915 7.118
25_1 -10.6 0.000 0.000
25_2 -9.7 2.515 5.281
25_3 -9.6 1.548 2.475
25_4 -9.4 2.302 4.283
25_5 -9.4 3.282 7.131
25_6 -9.2 2.337 5.973
25_7 -9.0 6.978 8.956
25_8 -8.8 2.677 6.735
25_9 -8.2 6.071 7.487
97_1 -3.7 0.000 0.000
81_1 -11.8 0.000 0.000
81_2 -11.2 2.466 6.033
81_3 -10.6 2.222 3.883
81_4 -10.5 2.272 3.750
81_5 -10.0 3.256 7.134
81_6 -10.0 5.694 8.079
81_7 -9.8 4.829 6.659
81_8 -9.4 2.478 5.846
81_9 -9.0 3.208 5.985
9_1 -2.9 0.000 0.000
9_2 -2.8 2.922 6.114
9_3 -2.7 1.449 1.619
9_4 -2.6 4.682 8.778
9_5 -2.2 2.726 6.191
9_6 -2.1 3.704 7.012
9_7 -1.6 3.653 7.511
124_1 -7.7 0.000 0.000
124_2 -6.5 2.192 4.272
42_1 -6.5 0.000 0.000
42_2 -5.1 3.204 5.164
42_3 -4.9 3.616 5.421
42_4 -4.4 3.286 7.815
42_5 -4.2 5.078 8.034
42_6 -4.0 3.457 7.518
101_1 -9.4 0.000 0.000
101_2 -9.4 2.221 7.275
101_3 -9.3 1.390 3.420
101_4 -9.1 2.232 7.593
101_5 -8.1 2.569 7.436
101_6 -7.7 2.751 8.224
101_7 -6.9 1.949 4.043
101_8 -6.6 1.456 2.194
34_1 -8.6 0.000 0.000
34_2 -8.6 1.770 3.816
34_3 -8.2 3.539 8.583
34_4 -8.1 3.554 8.326
34_5 -6.7 3.198 7.990
34_6 -6.3 3.682 8.487
34_7 -6.0 1.566 2.240
14_1 -9.5 0.000 0.000
14_2 -9.3 1.347 3.598
14_3 -8.9 2.415 8.073
14_4 -8.6 5.405 8.974
14_5 -8.5 2.397 8.353
14_6 -8.4 2.892 8.003
14_7 -8.3 1.175 1.791
14_8 -6.6 1.914 4.346
24_1 -8.9 0.000 0.000
24_2 -8.0 1.750 4.455
24_3 -7.8 1.721 3.426
24_4 -7.1 2.529 7.592
24_5 -7.0 3.904 8.123
24_6 -6.9 2.733 7.305
10_1 -10.2 0.000 0.000
10_2 -9.7 1.872 3.949
10_3 -9.5 3.443 7.498
10_4 -9.2 3.281 7.780
10_5 -8.4 3.802 8.692
10_6 -7.4 5.878 7.454
10_7 -7.2 1.373 2.104
36_1 -8.6 0.000 0.000
36_2 -8.3 1.198 3.806
36_3 -8.2 2.453 8.573
36_4 -8.1 2.473 8.311
36_5 -6.3 3.002 8.001
36_6 -5.7 1.549 2.229
71_1 -9.4 0.000 0.000
71_2 -8.2 1.276 4.010
71_3 -7.6 2.840 8.603
71_4 -6.8 2.524 7.251
71_5 -6.7 2.443 7.557
71_6 -6.6 2.525 8.370
71_7 -6.6 1.383 2.210
92_1 -4.7 0.000 0.000
92_2 -4.2 3.254 6.497
92_3 -2.2 3.606 7.560
46_1 -9.6 0.000 0.000
46_2 -9.3 1.436 4.072
46_3 -8.0 2.962 7.964
46_4 -7.6 1.315 2.299
46_5 -7.4 1.344 3.768
46_6 -7.1 1.562 2.226
43_1 -8.4 0.000 0.000
43_2 -8.1 1.788 4.272
43_3 -8.0 1.275 3.824
43_4 -7.6 1.472 3.876
43_5 -6.9 1.838 3.872
43_6 -6.8 3.358 5.312
43_7 -6.7 3.386 4.515
43_8 -6.6 4.097 5.535
43_9 -6.4 1.878 4.699
6_1 -9.9 0.000 0.000
6_2 -9.8 6.169 8.716
6_3 -9.4 3.920 8.707
6_4 -9.3 4.066 8.322
6_5 -9.2 6.222 8.349
6_6 -9.1 3.051 6.582
6_7 -9.1 1.662 2.581
6_8 -8.8 5.628 9.827
6_9 -8.7 5.342 8.698
49_1 -9.9 0.000 0.000
49_2 -9.1 1.409 3.819
49_3 -8.2 2.858 7.913
49_4 -7.7 2.406 8.046
49_5 -7.4 2.397 8.328
49_6 -7.2 1.420 2.154
66_1 -9.4 0.000 0.000
66_2 -9.3 1.373 3.853
66_3 -8.1 2.926 7.825
66_4 -8.1 1.032 1.593
66_5 -6.9 2.435 8.023
66_6 -6.8 1.431 2.157
66_7 -6.6 2.393 8.305
66_8 -6.6 1.934 4.406
16_1 -12.7 0.000 0.000
16_2 -12.2 2.171 8.554
16_3 -11.0 2.138 3.622
16_4 -10.9 1.606 8.230
16_5 -10.4 5.362 8.687
78_1 -7.5 0.000 0.000
78_2 -6.7 1.664 4.621
78_3 -6.5 2.858 8.656
78_4 -5.4 1.360 2.045
78_5 -5.0 2.940 7.358
15_1 -10.2 0.000 0.000
15_2 -9.7 1.872 3.962
15_3 -9.6 3.443 7.499
15_4 -9.2 3.282 7.782
15_5 -8.4 3.803 8.699
15_6 -7.2 1.372 2.140
96_1 -7.8 0.000 0.000
12_1 -10.9 0.000 0.000
12_2 -10.2 5.197 8.758
12_3 -10.1 1.647 2.104
12_4 -9.8 1.587 3.326
12_5 -8.5 2.400 8.353
12_6 -8.0 1.736 2.541
13_1 -7.6 0.000 0.000
13_2 -7.4 1.846 2.814
13_3 -6.2 2.281 5.101
13_4 -6.0 2.938 5.124
13_5 -5.1 1.928 5.120
13_6 -5.1 2.004 5.142
107_1 -10.2 0.000 0.000
107_2 -10.1 2.303 7.898
107_3 -10.0 1.489 2.267
107_4 -9.9 2.205 7.260
107_5 -8.7 6.065 8.258
107_6 -8.0 2.108 4.034
107_7 -7.6 2.189 8.175
107_8 -7.5 5.086 7.774
26_1 -9.8 0.000 0.000
26_2 -9.6 1.115 3.638
26_3 -8.7 2.888 7.880
26_4 -8.6 2.482 8.047
26_5 -8.4 2.433 8.319
26_6 -7.5 1.446 2.168
89_1 -6.1 0.000 0.000
89_2 -5.5 1.324 2.087
89_3 -4.4 0.767 2.229
69_1 -9.9 0.000 0.000
69_2 -9.4 2.372 7.959
69_3 -9.3 1.036 3.436
69_4 -9.1 2.321 8.253
69_5 -8.1 2.843 7.697
69_6 -7.6 0.918 1.062
69_7 -7.5 1.429 2.187
109_1 -6.4 0.000 0.000
109_2 -5.5 0.685 1.625
73_1 -9.5 0.000 0.000
73_2 -8.5 3.570 8.469
73_3 -8.3 2.514 7.292
73_4 -8.2 2.556 7.593
73_5 -6.6 1.400 2.138
87_1 -5.3 0.000 0.000
110_1 -6.9 0.000 0.000
110_2 -6.7 2.145 4.234
110_3 -5.2 1.324 2.262
110_4 -4.8 2.767 8.342
110_5 -4.5 1.387 2.133
110_6 -4.2 2.474 4.693
21_1 -9.6 0.000 0.000
21_2 -8.8 1.275 3.930
21_3 -8.7 2.850 7.933
21_4 -7.3 1.212 2.022
21_5 -7.1 1.415 2.263
21_6 -6.9 2.612 8.211
21_7 -6.8 2.560 8.479
70_1 -8.0 0.000 0.000
70_2 -7.8 3.539 8.580
70_3 -7.7 3.553 8.310
70_4 -7.6 1.759 3.841
70_5 -5.6 3.202 7.998
56_1 -9.0 0.000 0.000
56_2 -7.8 1.935 4.074
56_3 -7.3 3.218 8.600
56_4 -6.3 3.013 8.381
56_5 -6.3 1.381 2.210
52_1 -9.1 0.000 0.000
52_2 -7.3 1.777 3.579
11_1 -10.2 0.000 0.000
11_2 -9.7 1.876 3.951
11_3 -9.6 3.446 7.498
11_4 -9.2 3.281 7.778
11_5 -8.4 3.804 8.698
11_6 -7.2 5.885 7.378
11_7 -7.2 1.373 2.105
63_1 -9.6 0.000 0.000
63_2 -9.2 1.206 3.806
63_3 -9.0 2.463 7.246
63_4 -8.7 2.372 7.560
63_5 -8.3 5.572 7.362
63_6 -7.9 2.910 8.305
63_7 -7.2 2.683 7.377
111_1 -6.2 0.000 0.000
111_2 -4.5 4.488 6.756
125_1 3.1 0.000 0.000
125_2 4.8 1.578 2.237
125_3 5.2 2.286 3.122
32_1 -9.6 0.000 0.000
32_2 -9.4 1.251 3.764
32_3 -8.1 2.505 8.158
32_4 -8.0 2.473 8.428
32_5 -8.0 2.967 8.051
32_6 -7.5 5.296 9.018
32_7 -6.6 1.456 2.297
93_1 -4.2 0.000 0.000
93_2 -1.7 0.904 1.417
98_1 -10.0 0.000 0.000
98_2 -8.8 1.780 3.970
98_3 -7.9 1.751 2.408
98_4 -7.4 2.849 7.996
98_5 -7.2 1.362 2.106
121_1 -10.3 0.000 0.000
121_2 -9.9 2.730 7.820
121_3 -9.3 2.700 7.752
121_4 -8.8 2.748 3.563
121_5 -8.8 4.398 6.196
121_6 -8.8 3.889 7.099
121_7 -8.5 2.596 7.280
121_8 -8.5 2.530 4.427
121_9 -8.1 4.010 5.992
58_1 -10.1 0.000 0.000
58_2 -9.0 0.870 3.428
58_3 -8.8 2.498 8.015
58_4 -8.7 2.415 8.283
58_5 -7.7 1.418 2.291
86_1 -10.6 0.000 0.000
86_2 -10.1 0.864 2.841
86_3 -10.1 3.273 4.562
55_1 -9.1 0.000 0.000
55_2 -7.7 4.465 8.270
55_3 -7.2 2.070 3.558
17_1 -11.1 0.000 0.000
17_2 -10.9 2.127 3.780
17_3 -10.7 2.810 5.728
17_4 -10.3 3.908 6.401
17_5 -10.1 5.042 7.461
17_6 -9.2 4.187 7.332
17_7 -9.1 5.174 7.231
37_1 -10.0 0.000 0.000
37_2 -8.5 1.355 3.967
37_3 -8.1 2.607 7.242
37_4 -7.9 2.499 7.541
37_5 -7.8 2.702 8.558
37_6 -7.0 1.370 2.206
119_1 -9.9 0.000 0.000
119_2 -9.8 2.311 7.964
119_3 -9.6 2.201 7.255
119_4 -9.6 1.461 2.224
119_5 -8.9 1.657 1.904
119_6 -8.4 5.242 7.908
119_7 -7.8 5.110 7.839
119_8 -7.7 2.309 4.226
119_9 -7.4 2.285 8.233
112_1 -9.9 0.000 0.000
112_2 -9.0 2.640 7.827
112_3 -7.7 1.272 3.434
112_4 -7.0 2.578 8.335
112_5 -7.0 1.606 2.416
62_1 -2.4 0.000 0.000
62_2 -1.3 1.484 5.515
62_3 -1.2 1.320 1.963
62_4 -0.8 1.145 1.757
62_5 0.3 1.780 5.870
62_6 0.4 2.019 2.913
94_1 -9.3 0.000 0.000
94_2 -9.3 2.207 4.217
94_3 -8.2 3.598 8.858
91_1 -11.5 0.000 0.000
91_2 -11.4 2.327 6.673
91_3 -11.0 2.424 6.752
91_4 -10.6 2.693 6.934
91_5 -10.5 2.342 6.587
91_6 -10.0 1.190 2.361
91_7 -9.5 2.032 3.529
91_8 -9.1 1.803 3.536
91_9 -9.1 3.185 6.887
84_1 -5.2 0.000 0.000
84_2 -4.6 2.922 8.121
84_3 -4.4 3.112 8.905
84_4 -2.4 2.161 4.428
