59_1 -9.3 0.000 0.000
59_2 -9.0 1.247 1.992
59_3 -8.8 2.801 8.617
59_4 -7.9 1.400 2.134
59_5 -7.6 1.444 2.238
59_6 -7.1 5.220 8.648
59_7 -6.7 2.093 3.121
45_1 -9.7 0.000 0.000
45_2 -8.7 1.931 4.219
45_3 -8.4 3.990 6.729
45_4 -7.9 1.411 2.211
45_5 -7.7 3.878 8.361
45_6 -7.7 1.365 2.172
45_7 -7.2 2.060 4.144
45_8 -7.2 2.972 6.031
45_9 -7.1 3.751 6.128
80_1 -11.6 0.000 0.000
80_2 -11.2 1.713 4.533
80_3 -11.0 1.947 8.170
80_4 -10.9 2.121 8.133
80_5 -10.6 1.814 2.931
80_6 -10.5 1.517 2.348
80_7 -10.2 2.933 8.150
80_8 -10.2 1.949 7.868
80_9 -10.1 3.383 8.310
77_1 -11.0 0.000 0.000
77_2 -9.8 3.930 8.526
77_3 -9.6 4.276 7.473
77_4 -9.3 3.450 8.404
77_5 -8.9 4.859 8.312
77_6 -8.5 3.388 5.377
30_1 -11.6 0.000 0.000
30_2 -10.2 4.446 8.573
30_3 -9.5 4.019 8.447
30_4 -9.4 4.456 7.426
30_5 -8.6 4.991 8.304
76_1 -10.7 0.000 0.000
76_2 -10.4 3.452 8.517
76_3 -9.5 4.372 7.488
76_4 -9.4 3.241 8.307
76_5 -8.8 4.858 8.239
76_6 -8.2 3.507 5.520
76_7 -7.9 1.507 2.164
103_1 -8.3 0.000 0.000
103_2 -8.2 2.554 9.621
103_3 -7.2 2.590 9.643
103_4 -6.2 5.230 8.145
103_5 -5.7 1.383 2.058
29_1 -9.4 0.000 0.000
29_2 -8.7 2.914 8.419
29_3 -7.9 1.536 2.155
29_4 -7.4 1.448 2.147
29_5 -7.3 4.034 6.690
29_6 -6.9 2.427 4.383
29_7 -6.8 1.539 2.245
20_1 -9.6 0.000 0.000
20_2 -9.3 2.778 8.551
20_3 -8.4 2.537 8.373
20_4 -7.9 1.685 2.311
20_5 -7.6 5.173 8.495
20_6 -7.6 1.594 2.315
20_7 -7.3 2.550 8.380
20_8 -7.1 2.345 4.370
44_1 -11.1 0.000 0.000
44_2 -9.7 3.969 8.493
44_3 -9.4 4.254 7.453
44_4 -9.1 3.473 8.366
44_5 -8.7 4.807 8.277
44_6 -8.3 3.385 5.409
44_7 -8.1 1.844 2.226
44_8 -8.1 2.627 4.176
38_1 -9.5 0.000 0.000
38_2 -8.8 2.703 8.287
38_3 -8.3 1.669 2.312
38_4 -8.1 1.318 1.974
38_5 -7.9 4.836 8.356
38_6 -7.1 1.870 2.895
38_7 -7.0 2.392 4.533
38_8 -6.5 4.546 7.909
38_9 -6.5 2.382 3.625
33_1 -5.4 0.000 0.000
33_2 -4.6 3.001 8.580
33_3 -2.6 2.829 5.284
122_1 -7.7 0.000 0.000
122_2 -6.0 2.629 7.302
122_3 -5.9 2.660 6.748
122_4 -5.4 2.711 6.817
68_1 -9.8 0.000 0.000
68_2 -9.1 2.112 4.227
68_3 -8.6 3.197 7.982
68_4 -8.4 4.066 6.686
68_5 -8.1 1.442 2.211
68_6 -7.5 4.825 7.596
68_7 -7.5 2.683 7.719
68_8 -7.5 1.278 2.247
68_9 -7.3 2.149 4.134
27_1 -9.5 0.000 0.000
27_2 -8.9 1.949 4.359
27_3 -8.8 1.359 1.782
27_4 -8.7 3.979 6.640
27_5 -8.5 1.244 2.112
27_6 -7.8 1.406 2.107
27_7 -7.3 1.931 2.973
27_8 -7.2 1.983 4.163
27_9 -7.1 3.057 7.934
64_1 -8.5 0.000 0.000
64_2 -8.2 2.986 7.678
64_3 -8.2 2.817 7.231
64_4 -8.0 1.625 4.014
64_5 -7.1 3.309 6.815
64_6 -6.8 3.473 7.609
64_7 -6.7 3.543 7.536
64_8 -6.7 3.587 7.281
64_9 -6.6 3.559 6.425
104_1 -7.7 0.000 0.000
104_2 -7.6 4.243 7.679
104_3 -6.7 4.018 7.662
104_4 -6.6 4.018 7.688
104_5 -5.9 5.879 9.746
104_6 -5.8 1.858 2.523
65_1 -9.8 0.000 0.000
65_2 -9.3 1.726 3.882
65_3 -8.7 3.666 7.813
65_4 -8.4 1.848 2.307
65_5 -8.3 1.430 2.139
65_6 -8.3 4.247 8.149
65_7 -7.9 3.170 7.645
65_8 -7.0 2.202 4.416
65_9 -6.8 1.863 2.878
79_1 -10.4 0.000 0.000
79_2 -10.1 2.135 4.157
79_3 -8.6 4.959 7.530
79_4 -8.5 2.606 4.714
79_5 -8.5 4.870 7.554
79_6 -7.9 1.395 2.207
79_7 -7.9 2.466 4.068
79_8 -7.8 4.659 7.183
79_9 -7.8 3.532 5.284
100_1 -7.7 0.000 0.000
100_2 -6.3 4.155 7.672
100_3 -6.3 3.959 6.981
100_4 -5.9 4.062 7.751
100_5 -5.9 3.873 6.860
75_1 -7.6 0.000 0.000
75_2 -6.2 4.270 7.662
75_3 -6.0 4.400 7.783
47_1 -11.1 0.000 0.000
47_2 -10.8 1.692 3.328
47_3 -10.8 1.822 4.091
47_4 -10.5 2.186 3.666
47_5 -10.1 2.647 4.894
47_6 -10.1 3.551 6.121
47_7 -10.1 2.296 3.465
47_8 -10.0 3.060 4.197
95_1 -8.5 0.000 0.000
95_2 -7.4 2.333 3.381
95_3 -7.3 2.524 4.317
95_4 -6.4 4.606 6.833
95_5 -6.4 4.309 8.016
67_1 -7.6 0.000 0.000
67_2 -6.2 4.296 7.627
67_3 -6.0 4.063 6.931
114_1 -9.9 0.000 0.000
114_2 -9.8 2.743 8.324
114_3 -9.2 4.641 7.129
114_4 -9.2 2.271 3.787
114_5 -9.1 2.166 4.128
114_6 -9.0 4.635 7.335
114_7 -8.4 2.754 8.426
114_8 -7.6 2.460 3.969
114_9 -7.4 2.531 7.585
5_1 -8.9 0.000 0.000
5_2 -8.8 0.946 1.269
5_3 -8.6 3.147 7.111
5_4 -8.6 3.350 6.960
5_5 -8.2 1.162 1.875
5_6 -8.0 3.459 7.136
5_7 -7.8 3.216 6.253
5_8 -6.9 2.682 5.962
5_9 -6.2 2.762 6.113
60_1 -10.0 0.000 0.000
60_2 -9.4 1.502 3.943
60_3 -9.2 1.127 3.391
60_4 -8.8 4.676 8.924
60_5 -8.5 4.591 7.264
60_6 -8.2 1.968 3.754
60_7 -8.1 5.347 7.948
60_8 -8.0 2.234 7.432
60_9 -8.0 2.155 4.607
113_1 -9.2 0.000 0.000
113_2 -8.9 2.634 7.397
113_3 -8.7 1.867 2.040
113_4 -8.5 2.479 7.950
113_5 -8.5 1.653 1.811
113_6 -7.9 4.874 7.660
113_7 -7.7 5.129 8.260
113_8 -7.7 5.068 7.274
113_9 -7.5 4.811 8.222
31_1 -9.3 0.000 0.000
31_2 -8.3 3.813 7.990
31_3 -8.2 2.887 5.749
31_4 -7.7 1.560 2.171
31_5 -7.1 1.811 2.781
31_6 -7.0 3.067 6.670
31_7 -6.5 3.082 5.771
39_1 -10.8 0.000 0.000
39_2 -9.5 1.206 4.040
39_3 -9.4 1.532 4.158
39_4 -9.1 4.414 7.459
39_5 -8.8 3.828 8.440
39_6 -8.6 3.806 8.353
39_7 -8.5 2.335 4.084
39_8 -8.2 5.038 8.337
39_9 -8.1 3.553 5.603
82_1 -11.3 0.000 0.000
82_2 -9.8 4.082 8.529
82_3 -9.2 3.547 8.328
74_1 -11.7 0.000 0.000
74_2 -11.7 2.815 7.141
74_3 -11.6 2.174 7.874
74_4 -11.6 1.801 3.548
74_5 -11.5 1.509 2.473
74_6 -11.5 2.218 8.130
74_7 -11.5 2.486 7.231
74_8 -11.4 1.921 3.948
74_9 -11.4 2.716 7.759
28_1 -9.9 0.000 0.000
28_2 -9.8 2.132 4.113
28_3 -8.4 4.317 8.317
28_4 -8.2 1.436 2.137
28_5 -8.1 3.147 5.080
28_6 -7.8 4.914 7.554
28_7 -7.7 3.288 5.680
28_8 -7.5 1.354 2.134
28_9 -7.5 3.999 6.688
48_1 -10.4 0.000 0.000
48_2 -9.8 2.879 7.466
48_3 -9.8 1.136 3.661
48_4 -9.2 4.628 8.798
48_5 -9.1 2.376 7.280
48_6 -8.9 3.966 8.381
48_7 -8.8 4.637 7.189
48_8 -8.4 4.231 8.733
48_9 -8.4 2.165 3.944
41_1 -9.6 0.000 0.000
41_2 -9.3 1.999 3.620
41_3 -9.0 1.745 3.434
41_4 -8.8 3.687 8.330
41_5 -8.7 4.753 7.370
41_6 -8.4 4.566 7.402
41_7 -8.1 4.727 7.154
41_8 -8.1 4.608 7.378
41_9 -8.0 2.608 8.266
18_1 -10.9 0.000 0.000
18_2 -10.7 0.822 2.073
18_3 -10.4 2.579 4.295
18_4 -10.4 2.310 3.741
18_5 -10.2 1.799 6.458
18_6 -10.2 2.071 6.224
18_7 -10.1 2.066 3.486
18_8 -9.8 2.226 3.960
18_9 -9.8 2.180 5.927
115_1 -7.8 0.000 0.000
115_2 -7.6 3.041 8.109
115_3 -7.4 1.961 3.591
115_4 -6.2 2.366 4.328
115_5 -6.1 2.895 7.576
115_6 -5.2 3.918 6.912
115_7 -4.9 3.337 7.195
3_1 -10.1 0.000 0.000
3_2 -9.9 1.858 3.922
3_3 -9.7 2.229 4.401
3_4 -9.6 1.902 6.514
3_5 -9.6 1.958 3.633
3_6 -9.5 1.755 1.983
8_1 -13.2 0.000 0.000
8_2 -13.1 0.983 3.151
8_3 -12.6 3.277 9.358
8_4 -12.5 3.345 9.055
8_5 -12.4 3.185 8.807
8_6 -12.3 5.693 8.787
8_7 -12.3 5.706 8.640
8_8 -12.2 5.119 8.216
8_9 -12.1 5.067 8.516
106_1 -10.0 0.000 0.000
106_2 -9.4 1.748 3.762
106_3 -8.8 3.639 7.774
106_4 -8.6 1.451 2.163
106_5 -8.5 4.097 6.847
106_6 -8.5 4.182 8.373
106_7 -8.0 3.182 7.643
106_8 -8.0 2.699 7.901
106_9 -7.5 5.386 7.933
102_1 -7.7 0.000 0.000
102_2 -6.8 4.613 7.665
102_3 -5.8 1.807 2.261
102_4 -4.8 3.945 6.806
117_1 -9.8 0.000 0.000
117_2 -9.5 2.233 3.855
117_3 -9.4 2.051 3.661
117_4 -9.3 3.026 8.794
117_5 -8.5 4.528 7.147
117_6 -8.4 2.512 3.935
117_7 -8.4 3.183 8.589
117_8 -8.4 4.537 7.046
117_9 -8.0 5.252 7.898
118_1 -11.1 0.000 0.000
118_2 -10.2 3.988 8.525
118_3 -9.4 4.297 7.578
118_4 -9.1 3.740 8.343
118_5 -8.7 4.747 8.214
118_6 -8.5 5.121 8.674
118_7 -8.4 3.410 5.427
118_8 -8.3 1.820 3.641
118_9 -8.1 1.383 2.077
50_1 -11.7 0.000 0.000
50_2 -10.5 2.980 8.917
50_3 -9.9 4.519 7.965
50_4 -9.8 2.933 8.913
116_1 -11.3 0.000 0.000
116_2 -10.1 3.138 8.976
116_3 -9.5 4.333 7.585
116_4 -9.3 3.090 8.854
116_5 -8.9 5.114 8.454
116_6 -8.5 1.334 2.180
57_1 -10.4 0.000 0.000
57_2 -9.9 2.545 4.247
57_3 -9.9 1.644 2.395
57_4 -9.7 3.020 4.708
57_5 -9.0 1.381 2.073
57_6 -8.7 4.671 6.765
57_7 -8.5 5.125 7.233
57_8 -8.4 3.570 7.613
57_9 -8.3 4.590 7.173
126_1 -9.2 0.000 0.000
126_2 -8.7 2.638 8.918
126_3 -7.7 1.912 2.594
126_4 -7.3 1.848 2.651
126_5 -7.3 2.713 8.538
126_6 -7.0 2.722 8.886
126_7 -6.6 1.935 2.575
88_1 -10.8 0.000 0.000
88_2 -10.0 3.745 8.564
88_3 -9.2 4.326 7.450
88_4 -8.9 3.293 8.391
88_5 -8.6 2.716 4.220
88_6 -8.5 1.640 3.499
88_7 -8.4 1.542 4.470
88_8 -8.3 3.489 5.552
88_9 -8.3 1.683 4.537
7_1 -8.5 0.000 0.000
7_2 -6.2 3.407 5.847
7_3 -5.8 2.454 6.599
40_1 -10.2 0.000 0.000
40_2 -10.0 2.162 4.337
40_3 -9.3 1.822 3.750
40_4 -8.9 5.153 7.713
40_5 -8.7 2.445 4.070
40_6 -8.6 4.581 9.298
40_7 -8.4 2.638 4.968
40_8 -8.2 4.119 6.526
40_9 -8.0 3.778 8.944
19_1 -10.0 0.000 0.000
19_2 -10.0 2.158 4.198
19_3 -8.7 4.446 8.393
19_4 -8.5 4.031 7.946
19_5 -8.5 4.106 6.700
19_6 -8.4 1.410 2.213
19_7 -8.0 3.160 4.986
19_8 -8.0 1.664 2.439
19_9 -7.9 1.333 2.221
72_1 -10.8 0.000 0.000
72_2 -9.9 1.307 4.028
72_3 -9.6 3.706 8.448
72_4 -9.1 4.326 8.597
72_5 -8.8 3.298 8.210
72_6 -8.5 2.019 3.875
72_7 -8.1 1.404 2.138
72_8 -8.0 3.489 5.457
72_9 -8.0 4.556 6.726
61_1 -11.0 0.000 0.000
61_2 -9.7 4.221 8.542
61_3 -9.2 4.303 7.443
61_4 -8.8 1.403 4.333
61_5 -8.5 4.891 8.277
61_6 -8.5 2.471 4.109
61_7 -8.4 1.560 4.508
61_8 -8.4 3.462 5.472
61_9 -8.2 1.555 3.549
53_1 -10.0 0.000 0.000
53_2 -9.7 1.288 3.674
53_3 -9.4 1.534 4.120
53_4 -9.2 4.361 8.758
53_5 -9.2 4.791 7.446
53_6 -9.0 4.664 7.105
53_7 -8.8 3.559 8.829
53_8 -8.8 4.639 6.972
53_9 -8.6 5.372 7.890
120_1 -9.7 0.000 0.000
120_2 -9.6 1.518 2.210
120_3 -8.9 1.769 4.272
120_4 -8.9 1.538 2.715
120_5 -8.8 8.606 9.935
120_6 -8.8 3.664 6.463
120_7 -8.7 6.673 8.388
120_8 -8.6 5.613 7.921
120_9 -8.5 3.098 4.840
35_1 -10.6 0.000 0.000
35_2 -10.4 2.634 4.502
35_3 -9.5 4.004 7.814
35_4 -9.4 1.545 2.265
35_5 -9.4 4.459 8.193
35_6 -9.2 1.365 2.041
35_7 -8.7 3.687 7.754
35_8 -8.7 4.308 8.295
35_9 -8.6 3.604 7.543
83_1 -7.6 0.000 0.000
83_2 -6.6 2.452 4.346
99_1 -10.5 0.000 0.000
99_2 -9.7 3.988 7.283
99_3 -9.2 1.029 1.926
99_4 -8.8 2.993 4.920
99_5 -8.7 4.024 7.055
99_6 -8.3 3.392 8.290
99_7 -8.0 2.960 8.026
99_8 -8.0 3.453 7.727
99_9 -7.7 3.383 7.848
108_1 -8.1 0.000 0.000
108_2 -8.0 3.355 6.866
108_3 -8.0 3.325 7.505
108_4 -7.8 1.594 3.940
108_5 -7.2 2.687 7.410
108_6 -6.7 3.316 7.402
108_7 -6.6 2.699 7.279
108_8 -6.3 2.802 7.332
108_9 -6.3 3.856 6.841
22_1 -9.7 0.000 0.000
22_2 -8.5 2.976 8.057
22_3 -8.0 1.393 2.075
22_4 -7.7 1.320 2.154
22_5 -7.6 2.685 7.856
22_6 -7.4 3.013 4.814
22_7 -6.8 2.849 7.733
4_1 -10.2 0.000 0.000
4_2 -10.1 2.196 6.715
4_3 -10.1 2.125 6.429
4_4 -10.0 1.897 3.261
4_5 -9.9 1.436 3.012
4_6 -9.9 2.190 5.724
4_7 -9.4 2.374 6.314
4_8 -8.6 2.443 6.445
4_9 -8.6 2.959 6.285
51_1 -9.9 0.000 0.000
51_2 -9.6 1.666 4.132
51_3 -9.2 3.326 8.387
51_4 -8.9 4.556 7.184
51_5 -8.7 4.573 7.300
51_6 -8.7 1.499 3.928
51_7 -8.2 2.864 8.131
51_8 -8.1 1.947 3.721
51_9 -8.0 2.253 4.717
85_1 -10.7 0.000 0.000
85_2 -9.0 3.186 8.342
85_3 -8.8 2.582 4.119
85_4 -8.5 1.652 4.335
85_5 -8.4 3.360 8.342
85_6 -8.4 1.649 4.500
85_7 -8.3 3.470 5.554
85_8 -8.0 1.865 3.553
85_9 -7.8 1.405 2.113
90_1 -10.2 0.000 0.000
90_2 -9.6 1.450 2.053
90_3 -9.1 3.963 7.865
90_4 -9.1 1.739 4.053
90_5 -9.1 4.436 8.171
90_6 -8.6 1.421 2.121
90_7 -8.5 4.102 7.965
90_8 -8.3 3.818 8.093
90_9 -7.6 3.611 7.751
23_1 -9.7 0.000 0.000
23_2 -8.0 1.601 2.212
23_3 -7.8 1.483 2.337
23_4 -7.6 2.575 8.732
23_5 -7.5 2.829 8.462
23_6 -7.1 2.545 4.349
105_1 -9.4 0.000 0.000
105_2 -8.8 2.901 8.125
105_3 -7.8 1.380 2.131
105_4 -7.5 3.081 4.860
105_5 -7.5 1.446 2.296
105_6 -7.1 2.666 8.080
105_7 -7.1 2.503 4.359
105_8 -6.4 2.123 3.133
2_1 -9.9 0.000 0.000
2_2 -9.8 1.873 4.306
2_3 -9.6 2.817 4.612
2_4 -9.4 3.040 4.436
2_5 -9.4 1.210 3.474
54_1 -10.0 0.000 0.000
54_2 -10.0 1.468 3.595
54_3 -9.5 1.095 3.444
54_4 -9.0 4.049 8.492
54_5 -8.8 2.819 8.383
54_6 -8.8 4.685 7.441
54_7 -8.7 4.684 7.384
54_8 -8.5 2.271 7.362
54_9 -8.4 2.128 4.395
123_1 -8.3 0.000 0.000
123_2 -7.6 2.503 4.370
123_3 -7.4 1.793 2.713
123_4 -7.4 4.410 6.745
123_5 -6.0 2.550 4.573
123_6 -5.8 4.282 8.015
25_1 -10.7 0.000 0.000
25_2 -10.1 2.330 4.847
25_3 -10.1 2.063 4.889
25_4 -9.9 1.454 2.429
25_5 -9.6 3.247 4.613
25_6 -9.4 2.407 4.926
25_7 -9.4 3.489 7.943
25_8 -9.3 3.019 6.183
25_9 -9.2 3.009 6.102
97_1 -8.1 0.000 0.000
97_2 -7.8 0.691 2.359
97_3 -7.5 1.963 4.440
97_4 -7.2 1.780 4.476
97_5 -6.8 2.291 4.467
81_1 -11.2 0.000 0.000
81_2 -11.2 2.385 5.751
81_3 -11.2 3.792 7.637
81_4 -10.5 2.316 5.824
9_1 -8.4 0.000 0.000
9_2 -8.2 0.777 1.629
9_3 -7.7 3.073 6.142
9_4 -7.4 3.756 7.037
9_5 -7.4 3.589 6.975
9_6 -7.0 3.560 5.739
9_7 -6.9 3.688 7.111
9_8 -6.9 1.849 2.308
9_9 -6.2 3.198 6.644
124_1 -10.3 0.000 0.000
124_2 -10.1 2.578 9.040
124_3 -8.3 2.462 9.080
124_4 -8.1 1.407 2.346
124_5 -7.5 2.484 4.614
42_1 -9.1 0.000 0.000
42_2 -8.9 0.961 1.538
42_3 -7.8 3.303 5.443
42_4 -7.4 2.931 4.310
42_5 -7.3 3.628 5.346
42_6 -6.8 3.543 5.608
42_7 -6.7 3.218 4.620
101_1 -9.5 0.000 0.000
101_2 -9.2 1.834 3.590
101_3 -9.0 3.966 8.863
101_4 -9.0 4.880 7.563
101_5 -8.8 3.605 8.335
101_6 -8.6 4.717 7.394
101_7 -8.5 6.069 8.871
101_8 -8.5 2.627 7.474
101_9 -8.4 2.076 7.330
34_1 -9.9 0.000 0.000
34_2 -8.9 2.176 4.203
34_3 -8.5 3.983 7.891
34_4 -8.3 1.594 2.168
34_5 -8.0 4.303 8.347
34_6 -7.9 1.421 2.113
34_7 -7.2 2.304 4.049
14_1 -10.4 0.000 0.000
14_2 -9.9 1.500 4.087
14_3 -9.6 1.230 3.566
14_4 -9.2 4.518 8.868
14_5 -9.1 2.935 8.752
14_6 -9.0 4.651 7.464
14_7 -8.8 4.238 8.635
14_8 -8.5 1.769 3.767
14_9 -8.5 2.112 4.677
24_1 -10.7 0.000 0.000
24_2 -9.3 4.334 7.481
24_3 -9.0 3.179 8.335
24_4 -8.8 3.260 8.296
24_5 -8.7 2.581 4.124
24_6 -8.4 4.823 8.274
24_7 -8.3 3.474 5.565
24_8 -8.0 4.517 6.721
24_9 -7.8 1.405 2.114
10_1 -10.2 0.000 0.000
10_2 -10.0 2.163 4.334
10_3 -9.3 1.826 3.759
10_4 -9.1 4.432 8.774
10_5 -8.7 2.447 4.082
10_6 -8.4 2.613 4.892
10_7 -8.2 4.112 6.503
10_8 -8.0 3.776 8.941
10_9 -7.8 3.838 8.599
36_1 -9.9 0.000 0.000
36_2 -8.7 1.644 4.216
36_3 -8.5 3.498 7.938
36_4 -8.4 4.006 6.722
36_5 -8.2 1.405 2.105
36_6 -7.9 3.836 8.386
36_7 -7.9 1.336 2.185
36_8 -7.6 2.997 7.751
36_9 -7.2 1.942 4.031
71_1 -9.9 0.000 0.000
71_2 -9.7 1.504 4.100
71_3 -8.3 3.909 7.061
71_4 -8.2 4.927 7.736
71_5 -8.2 1.428 2.134
71_6 -7.9 4.711 7.989
71_7 -7.5 1.356 2.169
71_8 -7.3 2.059 4.630
71_9 -7.0 3.547 7.371
92_1 -7.8 0.000 0.000
92_2 -7.6 1.618 2.308
46_1 -10.1 0.000 0.000
46_2 -9.8 1.571 4.210
46_3 -9.3 1.341 3.916
46_4 -9.2 3.929 8.510
46_5 -9.1 2.864 8.877
46_6 -8.7 4.590 7.385
46_7 -8.6 4.507 7.048
46_8 -8.1 5.169 7.406
46_9 -8.0 3.810 8.704
43_1 -9.2 0.000 0.000
43_2 -8.9 1.389 3.945
43_3 -8.7 2.966 4.985
43_4 -8.7 3.111 4.626
43_5 -8.7 2.397 3.386
43_6 -8.4 2.215 4.997
6_1 -10.3 0.000 0.000
6_2 -9.6 2.589 4.525
6_3 -9.6 2.417 5.764
6_4 -9.6 2.475 6.118
49_1 -9.9 0.000 0.000
49_2 -9.8 1.492 3.807
49_3 -9.6 1.174 3.545
49_4 -9.0 3.997 8.574
49_5 -8.6 4.643 7.453
49_6 -8.4 4.487 7.068
49_7 -8.3 2.102 4.528
49_8 -8.1 3.906 8.731
49_9 -8.1 5.183 7.788
66_1 -9.7 0.000 0.000
66_2 -9.2 1.290 3.631
66_3 -9.1 1.598 3.914
66_4 -9.0 3.985 8.557
66_5 -8.5 4.633 7.480
66_6 -8.5 2.812 8.632
66_7 -8.0 4.706 7.294
66_8 -8.0 3.887 8.704
66_9 -7.9 5.090 8.376
16_1 -11.8 0.000 0.000
16_2 -11.7 3.155 5.185
16_3 -11.7 2.479 4.173
16_4 -11.6 1.211 2.164
16_5 -11.3 2.420 9.202
16_6 -10.3 3.374 7.363
16_7 -9.8 3.615 7.730
16_8 -9.7 1.757 8.252
16_9 -9.7 2.878 4.454
78_1 -9.1 0.000 0.000
78_2 -8.5 4.240 7.389
78_3 -8.3 1.568 4.521
78_4 -8.2 4.787 7.547
78_5 -7.9 4.106 7.479
78_6 -7.6 1.255 1.636
78_7 -7.3 5.711 8.544
78_8 -7.2 3.308 6.069
78_9 -7.0 1.470 2.294
15_1 -10.1 0.000 0.000
15_2 -10.0 2.161 4.353
15_3 -9.1 4.460 8.798
15_4 -8.9 5.142 7.724
15_5 -8.7 2.447 4.080
15_6 -8.4 2.627 4.928
15_7 -8.2 4.118 6.522
15_8 -7.7 4.318 9.065
15_9 -7.7 4.022 8.738
96_1 -8.5 0.000 0.000
96_2 -7.6 2.345 3.347
96_3 -7.2 2.602 4.317
96_4 -6.7 4.316 8.006
96_5 -6.3 4.590 6.809
12_1 -11.0 0.000 0.000
12_2 -10.9 3.638 8.718
12_3 -10.9 3.762 8.710
12_4 -10.8 1.260 2.357
12_5 -10.5 1.176 1.700
12_6 -10.4 3.049 7.573
12_7 -10.3 1.663 4.087
12_8 -10.0 2.852 7.649
13_1 -9.4 0.000 0.000
13_2 -9.3 2.803 6.577
13_3 -9.3 1.023 2.003
13_4 -9.2 2.093 6.152
13_5 -9.1 2.629 6.197
13_6 -9.1 1.673 5.017
13_7 -8.9 1.631 5.251
107_1 -10.0 0.000 0.000
107_2 -10.0 1.393 3.393
107_3 -9.9 2.678 7.462
107_4 -9.6 2.217 7.311
107_5 -9.4 1.004 3.197
107_6 -8.9 4.792 8.942
107_7 -8.7 4.776 7.487
107_8 -8.4 2.138 4.261
107_9 -8.4 2.713 8.133
26_1 -10.2 0.000 0.000
26_2 -10.1 1.542 3.903
26_3 -9.7 1.164 3.609
26_4 -9.1 2.841 8.575
26_5 -8.9 4.655 7.419
26_6 -8.6 2.164 4.548
26_7 -8.5 4.626 7.235
26_8 -8.4 4.445 6.952
26_9 -8.3 4.296 9.294
89_1 -11.0 0.000 0.000
89_2 -10.5 1.418 2.357
89_3 -10.2 0.613 2.052
89_4 -10.1 1.423 2.195
69_1 -10.0 0.000 0.000
69_2 -10.0 1.474 3.595
69_3 -9.0 4.053 8.495
69_4 -8.8 4.684 7.427
69_5 -8.8 4.688 7.370
69_6 -8.4 2.103 4.362
69_7 -8.2 5.262 7.914
69_8 -8.1 2.041 3.777
69_9 -8.0 4.327 9.309
109_1 -7.6 0.000 0.000
73_1 -10.2 0.000 0.000
73_2 -9.8 2.188 3.946
73_3 -9.1 4.292 8.375
73_4 -9.0 4.610 7.186
73_5 -8.8 4.769 7.384
73_6 -8.3 2.639 4.575
73_7 -8.3 4.738 7.511
73_8 -8.1 4.291 8.519
73_9 -8.1 5.424 8.326
87_1 -7.7 0.000 0.000
87_2 -7.4 4.242 7.023
87_3 -7.2 1.885 4.181
87_4 -6.7 2.335 4.453
110_1 -9.3 0.000 0.000
110_2 -8.4 2.612 8.811
110_3 -7.7 1.565 2.528
110_4 -7.5 1.588 2.739
110_5 -7.1 5.360 8.520
110_6 -6.9 2.502 4.418
110_7 -6.9 2.834 8.255
110_8 -6.5 3.026 5.056
21_1 -10.1 0.000 0.000
21_2 -9.9 1.503 4.052
21_3 -9.9 1.333 3.775
21_4 -9.6 3.912 8.366
21_5 -8.7 4.562 7.383
21_6 -8.5 2.084 4.692
21_7 -8.5 3.643 8.509
21_8 -7.7 2.257 3.950
21_9 -7.6 3.531 5.698
70_1 -7.9 0.000 0.000
70_2 -7.3 4.751 9.503
70_3 -7.1 3.425 7.864
70_4 -6.9 1.528 2.197
70_5 -6.4 4.142 8.681
70_6 -5.6 4.076 8.399
70_7 -5.6 4.360 6.874
56_1 -9.6 0.000 0.000
56_2 -9.2 2.095 4.008
56_3 -8.0 4.943 7.592
56_4 -7.4 4.457 8.335
56_5 -7.3 5.538 8.481
56_6 -6.9 2.459 4.498
56_7 -6.7 3.885 7.381
52_1 -11.3 0.000 0.000
52_2 -9.8 4.068 8.508
52_3 -9.2 3.550 8.348
52_4 -8.5 3.379 5.357
11_1 -10.1 0.000 0.000
11_2 -10.0 2.163 4.356
11_3 -9.1 4.441 8.766
11_4 -8.8 0.917 1.005
11_5 -8.7 2.457 4.105
11_6 -8.7 4.589 9.299
11_7 -8.5 5.719 8.104
11_8 -8.4 2.624 4.902
11_9 -8.2 4.124 6.536
63_1 -10.4 0.000 0.000
63_2 -9.7 1.509 3.983
63_3 -9.3 4.452 8.924
63_4 -9.1 4.674 7.484
63_5 -8.9 4.519 7.551
63_6 -8.8 2.835 8.434
63_7 -8.6 1.933 3.750
63_8 -8.6 1.131 3.479
63_9 -8.5 5.358 8.472
111_1 -9.7 0.000 0.000
111_2 -9.2 0.304 1.676
125_1 -8.8 0.000 0.000
125_2 -8.1 2.550 9.882
125_3 -6.7 1.476 2.390
125_4 -6.5 1.708 2.149
32_1 -10.9 0.000 0.000
32_2 -10.0 1.340 3.900
32_3 -9.6 4.545 8.719
32_4 -9.2 1.528 4.283
32_5 -9.2 4.452 7.419
32_6 -8.8 3.967 8.457
32_7 -8.7 2.381 4.058
32_8 -8.5 1.465 2.283
32_9 -8.4 5.053 8.305
93_1 -7.8 0.000 0.000
98_1 -9.8 0.000 0.000
98_2 -9.5 1.960 4.402
98_3 -9.3 1.628 2.333
98_4 -9.2 1.618 3.958
98_5 -8.8 3.660 7.877
98_6 -8.4 4.058 8.294
98_7 -8.4 1.398 2.098
98_8 -8.4 4.208 7.006
98_9 -8.0 3.160 7.718
121_1 -10.7 0.000 0.000
121_2 -10.6 2.635 4.573
121_3 -10.3 1.991 7.020
121_4 -9.9 1.662 2.978
121_5 -9.8 6.328 8.213
121_6 -9.3 7.258 9.273
121_7 -9.2 2.625 8.477
121_8 -9.1 6.487 9.318
121_9 -8.9 3.582 9.266
58_1 -10.3 0.000 0.000
58_2 -10.2 1.259 3.611
58_3 -8.9 4.702 7.326
58_4 -8.9 4.425 7.451
58_5 -8.9 4.573 8.434
58_6 -8.7 4.597 7.243
58_7 -8.5 3.981 8.323
58_8 -8.3 5.033 7.877
58_9 -8.2 3.364 6.049
86_1 -9.7 0.000 0.000
86_2 -9.6 3.510 5.705
86_3 -9.5 0.861 2.914
86_4 -9.4 3.362 4.999
55_1 -11.5 0.000 0.000
55_2 -9.9 4.531 8.669
55_3 -9.6 4.510 7.654
55_4 -9.2 4.152 8.589
55_5 -8.5 1.835 2.385
17_1 -11.4 0.000 0.000
17_2 -11.3 2.683 5.680
17_3 -11.0 3.694 7.531
17_4 -10.7 3.163 4.337
17_5 -10.0 3.321 5.869
37_1 -10.2 0.000 0.000
37_2 -9.9 1.743 4.162
37_3 -8.6 4.332 8.745
37_4 -8.5 4.490 7.049
37_5 -8.5 4.585 7.550
37_6 -8.3 2.227 4.783
37_7 -8.2 3.432 6.315
37_8 -8.0 5.227 7.979
37_9 -7.9 4.661 7.625
119_1 -9.6 0.000 0.000
119_2 -9.5 1.733 3.569
119_3 -9.0 2.432 8.236
119_4 -9.0 2.068 8.132
119_5 -8.8 4.226 8.351
119_6 -8.7 4.268 6.513
119_7 -8.5 4.193 6.685
119_8 -8.3 4.063 6.874
119_9 -8.0 4.756 7.667
112_1 -9.8 0.000 0.000
112_2 -9.5 2.650 8.603
112_3 -9.5 1.583 3.539
112_4 -9.0 3.400 8.430
112_5 -8.4 2.773 8.610
112_6 -7.8 2.952 8.513
112_7 -7.7 3.387 5.438
112_8 -7.6 1.625 3.452
112_9 -7.1 4.745 7.919
62_1 -6.8 0.000 0.000
62_2 -6.1 5.957 7.416
62_3 -6.0 1.393 2.094
62_4 -4.7 1.212 5.767
62_5 -4.5 3.122 6.342
94_1 -9.8 0.000 0.000
94_2 -9.4 2.087 4.199
94_3 -8.9 4.802 7.643
94_4 -8.8 3.408 8.226
94_5 -8.2 2.236 4.379
94_6 -8.0 4.204 9.097
94_7 -7.6 2.990 8.403
94_8 -7.2 4.021 8.913
94_9 -7.1 2.077 2.586
91_1 -12.0 0.000 0.000
91_2 -11.9 1.038 2.282
91_3 -11.1 2.768 6.022
91_4 -11.0 2.113 4.303
91_5 -10.8 2.898 7.003
91_6 -10.7 2.000 3.295
91_7 -10.7 3.028 7.002
91_8 -10.6 1.833 6.278
91_9 -10.6 1.836 6.605
84_1 -9.3 0.000 0.000
84_2 -8.8 2.844 8.123
84_3 -7.7 1.379 2.132
84_4 -7.5 2.696 8.079
84_5 -7.5 3.793 6.420
84_6 -7.3 1.491 2.329
84_7 -6.7 1.285 1.568
