59_1 -8.1 0.000 0.000
59_2 -8.1 1.268 1.472
59_3 -7.3 3.914 8.928
59_4 -7.1 1.677 2.293
59_5 -6.3 4.325 7.740
59_6 -6.1 3.215 10.077
59_7 -6.1 2.684 9.078
59_8 -5.4 2.781 8.601
45_1 -8.4 0.000 0.000
45_2 -8.3 2.705 8.537
45_3 -8.1 4.262 7.263
45_4 -8.1 2.729 8.147
45_5 -8.0 5.209 8.314
45_6 -7.9 1.652 3.720
45_7 -7.1 3.993 8.579
45_8 -7.0 5.240 8.811
45_9 -6.7 2.459 8.492
80_1 -11.6 0.000 0.000
80_2 -11.4 4.542 9.876
80_3 -11.3 1.168 1.934
80_4 -11.1 2.697 5.120
80_5 -10.7 2.795 5.319
80_6 -10.6 3.455 5.498
77_1 -10.3 0.000 0.000
77_2 -9.0 4.202 7.316
77_3 -8.5 3.213 8.370
77_4 -8.4 1.704 2.404
77_5 -8.1 1.880 3.382
77_6 -8.0 4.424 7.642
30_1 -10.7 0.000 0.000
30_2 -9.0 3.954 8.176
30_3 -8.9 3.733 8.380
30_4 -8.8 1.936 2.704
30_5 -8.4 1.910 3.371
30_6 -8.3 1.312 1.616
76_1 -10.4 0.000 0.000
76_2 -9.3 4.343 7.399
76_3 -8.7 4.770 8.144
76_4 -8.6 2.176 3.512
76_5 -8.5 1.643 2.347
76_6 -8.5 2.863 8.330
76_7 -8.4 5.617 9.372
76_8 -8.4 5.714 9.191
76_9 -7.6 2.643 4.800
103_1 -8.0 0.000 0.000
103_2 -6.7 2.597 9.627
103_3 -5.8 1.400 1.982
103_4 -5.5 5.276 9.060
29_1 -8.1 0.000 0.000
29_2 -7.9 4.013 6.915
29_3 -7.0 4.164 9.117
29_4 -6.9 3.061 9.575
29_5 -6.4 2.920 8.331
29_6 -6.1 1.354 2.028
29_7 -6.0 3.338 9.397
20_1 -8.5 0.000 0.000
20_2 -7.8 1.758 2.110
20_3 -7.4 4.329 9.075
20_4 -7.2 5.293 8.540
20_5 -7.1 2.696 8.544
20_6 -5.6 4.285 7.061
44_1 -10.4 0.000 0.000
44_2 -8.6 3.489 8.130
44_3 -8.5 4.559 7.902
44_4 -8.5 3.281 8.341
44_5 -8.0 1.916 3.504
38_1 -7.3 0.000 0.000
38_2 -6.8 3.515 6.687
38_3 -6.5 2.180 2.942
38_4 -5.8 4.429 7.764
38_5 -5.4 3.368 9.386
38_6 -5.1 3.823 7.047
38_7 -5.0 1.625 2.165
38_8 -4.4 4.392 8.847
33_1 -4.9 0.000 0.000
33_2 -4.6 1.551 2.267
33_3 -2.8 1.941 2.560
33_4 -2.5 2.106 3.644
33_5 -2.3 2.194 3.779
33_6 -1.9 4.350 8.778
122_1 -5.2 0.000 0.000
122_2 -3.9 3.474 5.241
122_3 -2.7 5.532 8.823
68_1 -8.6 0.000 0.000
68_2 -8.5 2.551 8.130
68_3 -8.4 1.803 3.698
68_4 -8.3 2.746 8.561
68_5 -7.5 1.352 1.745
68_6 -7.4 3.664 8.600
68_7 -7.0 2.553 8.463
68_8 -6.9 5.438 8.840
68_9 -6.8 2.450 8.102
27_1 -7.3 0.000 0.000
27_2 -7.2 1.416 3.789
27_3 -7.1 5.220 8.673
27_4 -7.1 5.425 8.980
27_5 -6.9 2.990 7.817
27_6 -6.6 2.811 8.596
27_7 -6.4 2.873 8.642
27_8 -5.9 4.051 6.183
27_9 -5.3 2.110 4.406
64_1 -8.5 0.000 0.000
64_2 -7.9 1.409 3.851
64_3 -7.6 2.196 7.622
64_4 -7.5 2.140 7.726
64_5 -7.2 2.369 6.612
64_6 -6.5 5.822 8.494
64_7 -6.2 4.183 7.149
104_1 -8.7 0.000 0.000
104_2 -7.3 4.088 7.483
65_1 -9.7 0.000 0.000
65_2 -9.4 1.606 3.684
65_3 -9.3 3.047 7.862
65_4 -9.0 1.260 1.638
65_5 -8.8 1.115 1.403
65_6 -8.5 3.004 8.281
65_7 -8.2 2.892 7.824
65_8 -8.1 5.252 9.520
65_9 -8.1 2.806 8.130
79_1 -9.8 0.000 0.000
79_2 -9.7 3.023 8.644
79_3 -9.1 2.076 3.873
79_4 -8.4 2.994 7.579
79_5 -8.2 4.333 8.421
79_6 -7.8 6.070 9.333
79_7 -7.8 1.810 2.536
79_8 -7.3 2.603 7.400
79_9 -7.3 2.684 7.698
100_1 -5.3 0.000 0.000
100_2 -5.3 4.093 7.739
100_3 -5.1 5.943 8.656
100_4 -4.2 4.043 7.451
75_1 -5.3 0.000 0.000
75_2 -4.1 3.576 5.232
47_1 -11.8 0.000 0.000
47_2 -11.5 2.061 4.163
47_3 -11.4 2.549 4.342
47_4 -11.3 1.076 3.977
47_5 -11.2 1.470 4.421
47_6 -11.1 2.586 4.758
47_7 -11.1 3.024 5.413
47_8 -11.0 4.947 6.251
47_9 -10.7 5.259 7.681
95_1 -10.0 0.000 0.000
95_2 -7.5 6.902 9.876
67_1 -5.0 0.000 0.000
67_2 -4.8 4.260 7.013
67_3 -4.6 5.472 8.381
67_4 -4.4 1.563 2.295
114_1 -8.6 0.000 0.000
114_2 -8.4 2.325 8.023
114_3 -8.1 2.768 8.809
114_4 -7.8 4.527 7.218
114_5 -7.3 5.353 8.394
114_6 -7.2 4.550 7.284
114_7 -7.0 6.502 8.721
114_8 -6.8 2.073 3.989
114_9 -6.6 2.530 8.587
5_1 -7.1 0.000 0.000
5_2 -5.6 1.684 2.592
5_3 -5.4 3.393 7.070
5_4 -5.2 3.517 7.005
5_5 -5.2 3.223 7.303
5_6 -5.1 3.088 6.474
5_7 -4.8 2.524 5.892
5_8 -4.5 3.992 7.517
5_9 -4.3 3.276 7.161
60_1 -9.8 0.000 0.000
60_2 -9.7 2.552 8.394
60_3 -9.5 1.415 3.525
60_4 -9.1 1.101 3.625
60_5 -8.7 2.697 8.324
60_6 -8.3 2.252 7.704
60_7 -8.3 4.245 8.572
60_8 -8.3 2.145 7.416
60_9 -8.1 4.569 7.597
113_1 -10.0 0.000 0.000
113_2 -8.9 2.627 7.464
113_3 -8.7 1.587 1.676
113_4 -8.7 1.855 2.121
113_5 -8.5 1.541 2.009
113_6 -8.4 0.893 2.905
113_7 -8.3 2.446 7.941
113_8 -7.3 4.747 8.231
113_9 -7.2 6.127 9.100
31_1 -7.5 0.000 0.000
31_2 -7.3 0.990 1.509
31_3 -7.2 4.081 7.948
31_4 -7.0 4.086 8.786
31_5 -5.0 3.758 9.032
31_6 -4.9 3.626 8.706
31_7 -4.8 3.637 8.508
31_8 -4.8 3.618 9.044
31_9 -4.6 3.836 8.571
39_1 -10.2 0.000 0.000
39_2 -9.7 1.609 4.066
39_3 -9.3 1.122 3.920
39_4 -9.2 2.736 7.812
39_5 -8.4 3.906 8.349
39_6 -8.4 6.288 7.988
39_7 -8.3 1.704 2.437
39_8 -8.2 2.404 7.554
39_9 -8.1 2.611 8.614
82_1 -10.5 0.000 0.000
82_2 -8.9 4.231 7.388
82_3 -8.7 3.694 8.170
82_4 -8.6 1.624 2.337
82_5 -8.5 3.441 8.372
82_6 -8.3 1.865 3.488
82_7 -7.6 2.792 9.122
82_8 -7.6 5.686 8.976
74_1 -12.2 0.000 0.000
74_2 -11.5 1.385 3.461
74_3 -11.4 2.262 7.023
74_4 -11.4 2.058 3.884
74_5 -11.4 2.006 3.334
74_6 -11.4 2.315 7.314
74_7 -11.3 0.682 2.002
74_8 -10.7 3.215 6.455
74_9 -10.4 2.715 7.189
28_1 -8.5 0.000 0.000
28_2 -8.5 3.075 8.743
28_3 -7.4 1.590 2.260
28_4 -7.3 2.759 7.792
28_5 -7.2 1.799 3.965
28_6 -6.7 4.798 7.234
28_7 -6.5 3.170 8.555
28_8 -6.2 6.908 9.766
28_9 -6.0 2.337 4.450
48_1 -9.2 0.000 0.000
48_2 -8.8 2.653 7.721
48_3 -8.7 3.003 8.354
48_4 -7.9 1.958 2.357
48_5 -7.6 0.894 3.266
48_6 -7.2 4.479 6.886
48_7 -6.9 5.084 8.728
48_8 -6.6 4.695 7.424
48_9 -6.5 1.761 3.966
41_1 -8.6 0.000 0.000
41_2 -8.2 2.365 7.610
41_3 -8.1 2.543 8.265
41_4 -8.0 1.561 3.305
41_5 -7.1 2.335 4.208
41_6 -7.0 4.979 8.438
41_7 -6.9 1.897 2.421
41_8 -6.9 6.131 8.751
41_9 -6.8 5.340 8.704
18_1 -10.6 0.000 0.000
18_2 -10.3 0.895 2.060
18_3 -9.9 1.916 3.501
18_4 -9.7 1.886 3.658
18_5 -9.7 2.038 3.644
18_6 -9.6 2.049 3.535
18_7 -9.6 1.960 6.516
18_8 -9.5 1.892 6.794
18_9 -9.5 1.889 6.770
115_1 -7.1 0.000 0.000
115_2 -6.7 2.286 4.477
115_3 -6.4 5.171 8.193
115_4 -6.2 2.688 7.741
115_5 -6.0 2.729 7.836
115_6 -5.5 3.682 6.839
115_7 -5.1 2.720 7.597
115_8 -4.7 2.493 7.861
115_9 -4.4 4.864 8.111
3_1 -11.7 0.000 0.000
3_2 -10.8 1.335 5.573
3_3 -10.5 2.284 4.080
3_4 -10.1 5.021 6.953
3_5 -9.6 2.131 5.974
3_6 -9.0 5.235 8.384
8_1 -13.8 0.000 0.000
8_2 -12.3 0.716 3.123
8_3 -11.9 4.530 7.126
8_4 -11.6 4.506 7.007
8_5 -10.9 5.100 7.550
106_1 -9.7 0.000 0.000
106_2 -9.4 1.674 3.588
106_3 -9.3 2.659 7.899
106_4 -9.0 2.729 8.255
106_5 -8.2 2.742 7.779
106_6 -7.9 2.446 8.326
106_7 -7.9 2.470 8.005
106_8 -7.6 6.891 10.121
106_9 -7.5 2.568 4.633
102_1 -9.0 0.000 0.000
102_2 -6.9 7.118 9.864
117_1 -8.3 0.000 0.000
117_2 -8.2 2.370 7.831
117_3 -8.0 2.701 8.514
117_4 -7.6 1.912 3.910
117_5 -7.4 4.622 7.267
117_6 -7.2 5.273 8.286
117_7 -7.1 1.605 2.194
117_8 -6.9 2.491 4.636
117_9 -6.8 4.806 7.777
118_1 -10.5 0.000 0.000
118_2 -9.1 4.234 7.283
118_3 -8.7 2.087 3.566
118_4 -8.7 3.494 8.132
118_5 -8.5 4.643 8.004
118_6 -8.3 1.576 2.291
118_7 -8.3 5.601 7.806
50_1 -10.9 0.000 0.000
50_2 -10.6 1.825 2.096
50_3 -9.5 5.296 7.941
50_4 -9.4 2.778 8.584
50_5 -9.1 2.874 8.709
50_6 -9.1 1.475 2.241
50_7 -8.7 2.320 2.934
50_8 -8.5 2.555 3.847
116_1 -10.3 0.000 0.000
116_2 -9.0 2.891 8.716
116_3 -8.7 2.215 3.759
116_4 -8.6 2.759 8.938
116_5 -8.6 4.179 7.448
116_6 -8.4 1.597 2.347
116_7 -8.1 4.360 7.868
57_1 -9.4 0.000 0.000
57_2 -9.3 4.625 8.366
57_3 -8.9 4.597 8.920
57_4 -8.2 1.486 2.257
57_5 -8.2 3.962 8.041
57_6 -7.6 4.416 6.819
57_7 -7.3 2.205 3.956
57_8 -6.9 4.593 7.324
57_9 -6.8 4.456 8.852
126_1 -8.1 0.000 0.000
126_2 -7.2 3.831 8.985
126_3 -7.1 3.021 10.118
126_4 -6.7 2.810 9.210
126_5 -6.3 3.625 10.026
126_6 -6.2 1.989 2.464
126_7 -6.1 3.160 8.611
126_8 -5.7 1.556 2.158
126_9 -5.6 3.292 6.373
88_1 -10.4 0.000 0.000
88_2 -9.1 4.236 7.323
88_3 -8.8 1.915 3.421
88_4 -8.6 2.084 4.393
88_5 -8.6 3.194 8.166
88_6 -8.4 4.744 8.114
88_7 -8.4 3.213 8.360
88_8 -8.2 5.945 7.918
88_9 -8.2 5.730 9.137
7_1 -5.5 0.000 0.000
7_2 -5.0 0.715 1.578
7_3 -3.9 4.351 8.664
7_4 -3.0 3.401 6.053
7_5 -2.6 2.477 6.545
40_1 -9.9 0.000 0.000
40_2 -9.4 3.517 8.789
40_3 -8.5 6.161 8.952
40_4 -8.3 6.249 9.310
40_5 -8.2 4.043 8.395
40_6 -7.7 5.977 8.960
40_7 -7.7 3.674 8.758
40_8 -7.5 2.372 4.423
40_9 -7.2 3.949 8.278
19_1 -10.3 0.000 0.000
19_2 -9.8 3.582 8.888
19_3 -9.6 1.872 3.758
19_4 -9.4 3.580 7.808
19_5 -9.2 4.976 7.611
19_6 -9.0 5.504 8.588
19_7 -8.9 4.067 8.508
19_8 -8.8 6.120 8.833
19_9 -8.8 3.420 8.003
72_1 -10.4 0.000 0.000
72_2 -9.8 2.800 7.901
72_3 -9.7 2.632 8.679
72_4 -9.3 1.538 2.149
72_5 -8.6 2.571 8.904
72_6 -8.5 4.540 7.287
72_7 -7.9 4.712 7.765
72_8 -7.6 2.623 8.820
72_9 -7.5 1.015 3.700
61_1 -10.3 0.000 0.000
61_2 -8.8 4.304 7.390
61_3 -8.6 1.701 4.373
61_4 -8.5 3.799 8.173
61_5 -8.4 1.750 3.389
61_6 -8.4 1.677 2.396
61_7 -8.4 3.557 8.366
61_8 -8.1 2.695 8.867
61_9 -7.8 5.422 8.473
53_1 -9.0 0.000 0.000
53_2 -8.2 3.183 8.637
53_3 -8.2 3.323 8.032
53_4 -7.7 1.515 2.119
53_5 -7.2 4.851 7.684
53_6 -7.2 4.855 7.802
53_7 -7.0 3.464 7.960
53_8 -6.9 1.965 4.581
53_9 -6.8 1.783 4.470
120_1 -9.6 0.000 0.000
120_2 -9.4 2.055 4.334
120_3 -9.2 5.143 7.186
120_4 -9.1 3.343 5.129
120_5 -9.1 1.403 2.027
120_6 -8.8 1.523 2.539
120_7 -8.8 7.735 9.298
120_8 -8.8 3.340 4.876
120_9 -8.7 5.439 7.091
35_1 -9.9 0.000 0.000
35_2 -9.6 4.397 8.309
35_3 -9.2 4.620 9.086
35_4 -8.7 4.173 8.204
35_5 -7.5 4.475 9.100
35_6 -7.1 4.941 8.908
83_1 -5.5 0.000 0.000
83_2 -5.4 4.340 7.753
83_3 -5.1 1.663 2.183
83_4 -4.6 4.374 7.660
83_5 -4.3 6.484 8.551
83_6 -4.2 4.974 7.943
83_7 -4.1 2.032 4.215
83_8 -3.8 1.802 4.233
99_1 -8.0 0.000 0.000
99_2 -7.7 4.630 9.405
99_3 -7.7 2.835 8.036
99_4 -7.6 1.872 2.829
99_5 -7.4 1.405 2.153
99_6 -7.4 4.575 9.426
99_7 -6.9 2.972 8.080
99_8 -6.1 3.170 7.648
99_9 -5.4 3.169 7.562
108_1 -8.7 0.000 0.000
108_2 -7.8 2.536 6.609
108_3 -7.6 2.415 7.634
108_4 -7.3 3.858 6.666
108_5 -7.1 3.756 5.986
108_6 -7.0 5.412 7.766
22_1 -8.4 0.000 0.000
22_2 -8.3 2.845 8.868
22_3 -7.0 2.554 8.735
22_4 -6.9 5.855 9.662
22_5 -6.7 5.275 8.882
22_6 -5.8 1.858 4.121
22_7 -5.6 1.625 4.283
22_8 -5.4 1.517 2.257
4_1 -8.3 0.000 0.000
4_2 -8.0 3.754 7.081
4_3 -6.7 2.801 5.980
4_4 -6.1 2.648 6.024
4_5 -5.6 3.764 7.124
51_1 -9.2 0.000 0.000
51_2 -9.2 2.677 8.726
51_3 -9.0 1.733 3.873
51_4 -8.7 1.424 3.846
51_5 -8.4 3.665 8.528
51_6 -8.3 2.650 8.696
51_7 -7.7 3.447 8.366
51_8 -7.5 1.290 3.032
51_9 -7.5 4.003 8.358
85_1 -10.2 0.000 0.000
85_2 -8.8 4.330 7.425
85_3 -8.5 1.979 4.386
85_4 -8.5 3.333 8.161
85_5 -8.3 1.676 2.397
85_6 -8.3 3.098 8.369
85_7 -8.3 5.528 8.557
85_8 -8.2 1.819 3.394
85_9 -8.1 1.386 4.322
90_1 -9.4 0.000 0.000
90_2 -9.4 3.489 8.132
90_3 -8.2 3.846 8.515
90_4 -8.0 3.664 8.374
90_5 -7.9 1.144 3.418
90_6 -7.9 3.434 8.069
90_7 -7.3 1.794 2.447
90_8 -7.2 6.529 9.807
90_9 -6.6 6.027 9.202
23_1 -8.6 0.000 0.000
23_2 -8.5 4.096 7.117
23_3 -8.5 1.003 1.194
23_4 -7.3 4.300 9.069
23_5 -7.1 4.190 7.272
23_6 -7.1 5.197 8.972
23_7 -6.9 2.951 8.648
23_8 -6.5 1.591 2.232
23_9 -5.7 2.665 3.992
105_1 -8.1 0.000 0.000
105_2 -7.8 2.990 9.168
105_3 -7.6 6.412 9.325
105_4 -7.0 5.465 9.406
105_5 -6.7 1.555 2.062
105_6 -6.1 3.919 6.569
105_7 -6.0 1.677 1.991
105_8 -5.7 2.937 9.134
2_1 -10.0 0.000 0.000
2_2 -10.0 2.733 4.527
2_3 -10.0 4.116 6.646
2_4 -9.7 3.160 5.913
2_5 -9.5 1.222 3.492
2_6 -9.3 3.172 5.958
54_1 -9.1 0.000 0.000
54_2 -8.6 0.860 3.294
54_3 -8.6 2.948 8.265
54_4 -8.6 2.666 7.603
54_5 -8.2 2.573 8.167
54_6 -7.6 1.801 4.040
54_7 -7.4 1.917 2.433
54_8 -7.3 1.690 2.108
54_9 -7.1 5.063 8.389
123_1 -9.6 0.000 0.000
123_2 -7.4 4.068 7.398
123_3 -7.3 6.823 9.788
123_4 -6.8 5.109 7.223
123_5 -6.7 6.714 9.675
25_1 -11.8 0.000 0.000
25_2 -10.9 2.184 4.934
25_3 -10.8 4.595 6.399
25_4 -10.7 2.183 4.222
25_5 -10.7 2.268 5.307
25_6 -10.4 3.036 6.104
25_7 -9.5 4.716 7.483
25_8 -9.4 6.211 8.116
25_9 -9.3 3.886 7.499
97_1 -6.3 0.000 0.000
97_2 -3.9 3.809 7.214
97_3 -3.4 3.935 6.931
81_1 -12.9 0.000 0.000
81_2 -11.9 2.382 5.758
81_3 -11.8 2.444 6.027
81_4 -11.0 2.304 3.879
81_5 -10.9 3.130 5.807
81_6 -10.7 2.093 3.873
81_7 -10.5 3.551 7.534
81_8 -9.9 2.824 6.828
9_1 -7.0 0.000 0.000
9_2 -6.5 1.565 2.304
9_3 -5.3 1.480 2.092
9_4 -5.2 3.930 7.031
9_5 -5.0 3.777 7.070
9_6 -4.9 2.885 6.089
9_7 -4.4 4.101 7.434
124_1 -8.9 0.000 0.000
124_2 -8.3 2.508 9.149
124_3 -7.8 3.598 9.180
124_4 -7.0 1.510 2.272
124_5 -6.9 3.793 6.253
42_1 -6.9 0.000 0.000
42_2 -6.7 5.139 7.538
42_3 -6.4 2.008 6.288
42_4 -6.4 3.152 7.142
42_5 -5.7 3.060 4.737
42_6 -5.4 4.223 6.528
42_7 -4.8 3.152 7.353
42_8 -4.5 4.118 6.629
42_9 -4.4 3.063 5.007
101_1 -8.7 0.000 0.000
101_2 -8.2 2.576 7.583
101_3 -7.9 2.667 8.311
101_4 -7.4 2.491 8.327
101_5 -7.3 1.908 2.352
101_6 -7.2 6.089 8.800
101_7 -7.1 6.323 9.276
101_8 -6.9 4.934 8.339
101_9 -6.8 4.466 6.737
34_1 -7.4 0.000 0.000
34_2 -7.0 5.920 8.874
34_3 -7.0 6.208 9.151
34_4 -6.8 1.737 1.922
34_5 -6.7 1.793 3.916
34_6 -6.3 4.589 6.487
34_7 -6.0 1.509 2.106
34_8 -4.9 4.077 6.701
14_1 -9.9 0.000 0.000
14_2 -9.8 2.527 8.547
14_3 -9.2 2.817 8.013
14_4 -8.9 1.531 2.138
14_5 -8.3 4.485 7.309
14_6 -8.0 1.241 3.660
14_7 -7.8 2.709 7.894
14_8 -7.7 6.279 9.001
14_9 -7.7 4.704 7.777
24_1 -10.2 0.000 0.000
24_2 -8.8 4.281 7.357
24_3 -8.6 2.010 4.408
24_4 -8.5 3.309 8.146
24_5 -8.3 1.650 2.372
24_6 -8.2 3.081 8.276
24_7 -8.2 1.839 3.409
24_8 -8.0 2.715 7.892
10_1 -9.9 0.000 0.000
10_2 -9.4 3.519 8.784
10_3 -8.7 3.523 7.852
10_4 -8.5 4.952 7.552
10_5 -8.3 6.251 9.292
10_6 -8.3 1.801 3.702
10_7 -8.2 4.041 8.381
10_8 -7.9 2.065 4.220
10_9 -7.6 3.674 8.762
36_1 -7.5 0.000 0.000
36_2 -7.0 5.472 9.160
36_3 -7.0 2.585 8.549
36_4 -6.9 5.276 8.887
36_5 -6.6 2.917 7.816
36_6 -6.4 1.092 3.906
36_7 -6.2 4.183 6.475
36_8 -6.2 1.514 2.005
36_9 -5.1 1.905 2.141
71_1 -8.5 0.000 0.000
71_2 -8.3 2.511 8.626
71_3 -7.5 1.583 2.157
71_4 -7.1 1.150 3.979
71_5 -7.1 2.754 7.794
71_6 -7.0 6.116 9.944
71_7 -6.7 6.024 9.653
71_8 -6.5 2.731 8.560
71_9 -6.5 4.456 7.273
92_1 -6.1 0.000 0.000
92_2 -5.3 3.836 7.106
92_3 -5.1 4.216 7.374
92_4 -5.1 3.542 5.793
46_1 -9.2 0.000 0.000
46_2 -8.6 2.549 8.796
46_3 -8.5 2.808 8.080
46_4 -8.1 2.665 7.928
46_5 -7.8 1.580 2.323
46_6 -7.5 4.422 7.172
46_7 -7.0 5.596 8.804
46_8 -6.9 5.790 9.226
46_9 -6.9 4.565 7.565
43_1 -9.5 0.000 0.000
43_2 -8.9 2.189 4.039
43_3 -8.8 1.943 3.755
43_4 -8.8 1.586 3.841
43_5 -8.7 2.424 4.352
43_6 -8.7 2.007 4.100
6_1 -11.0 0.000 0.000
6_2 -10.3 2.109 4.050
6_3 -10.2 2.535 5.667
6_4 -10.1 2.966 7.156
6_5 -10.0 1.935 5.305
6_6 -9.9 3.928 6.965
6_7 -9.8 1.737 5.177
6_8 -9.7 2.106 4.432
6_9 -9.6 4.971 7.836
49_1 -8.8 0.000 0.000
49_2 -8.6 2.473 8.507
49_3 -8.5 2.862 7.983
49_4 -7.7 1.615 2.306
49_5 -7.3 1.067 3.563
49_6 -7.1 4.375 6.978
49_7 -6.7 6.255 9.868
49_8 -6.6 6.525 10.468
49_9 -6.6 4.513 7.432
66_1 -8.7 0.000 0.000
66_2 -8.4 2.471 8.482
66_3 -8.2 2.890 8.025
66_4 -7.6 1.533 2.183
66_5 -7.6 2.825 7.877
66_6 -6.9 5.377 8.444
66_7 -6.8 5.411 8.792
66_8 -6.6 1.107 3.978
66_9 -6.5 6.254 9.013
16_1 -13.2 0.000 0.000
16_2 -13.0 1.510 2.169
16_3 -11.7 2.188 8.597
16_4 -11.4 4.587 7.445
16_5 -11.3 4.879 8.951
16_6 -10.9 4.026 9.116
16_7 -10.8 3.097 9.172
16_8 -10.6 5.800 9.319
16_9 -10.4 4.467 7.180
78_1 -8.4 0.000 0.000
78_2 -7.7 2.386 8.752
78_3 -7.2 6.274 9.495
78_4 -6.6 5.817 9.248
78_5 -6.1 2.700 7.838
78_6 -5.9 5.314 9.101
78_7 -5.9 2.709 8.198
78_8 -5.8 5.378 9.136
78_9 -5.7 2.793 8.770
15_1 -9.9 0.000 0.000
15_2 -9.4 3.514 8.794
15_3 -8.7 3.551 7.808
15_4 -8.6 4.935 7.586
15_5 -8.2 4.027 8.363
15_6 -8.2 1.807 3.722
15_7 -7.9 3.496 8.007
15_8 -7.8 2.281 4.258
15_9 -7.7 5.977 8.968
96_1 -9.9 0.000 0.000
96_2 -7.5 7.005 9.850
96_3 -7.0 4.179 7.209
12_1 -10.5 0.000 0.000
12_2 -10.4 4.453 7.469
12_3 -10.4 2.249 8.272
12_4 -10.4 4.730 7.930
12_5 -9.8 4.909 8.343
12_6 -9.4 5.209 8.335
13_1 -9.2 0.000 0.000
13_2 -8.8 2.520 4.871
13_3 -8.8 2.301 4.037
13_4 -8.8 2.390 4.438
13_5 -8.8 2.054 5.075
13_6 -8.4 2.277 4.307
13_7 -8.1 2.313 6.320
107_1 -9.6 0.000 0.000
107_2 -8.6 2.689 7.538
107_3 -8.3 2.717 8.096
107_4 -8.2 0.845 3.110
107_5 -8.2 1.609 2.111
107_6 -7.2 1.788 3.992
107_7 -7.1 4.921 8.314
107_8 -6.8 4.493 6.908
107_9 -6.7 5.903 9.060
26_1 -9.8 0.000 0.000
26_2 -9.4 2.556 8.625
26_3 -9.4 2.745 7.917
26_4 -8.8 1.535 2.147
26_5 -8.0 1.051 3.717
26_6 -7.6 6.336 9.113
26_7 -7.5 2.612 8.641
26_8 -7.5 1.848 4.465
89_1 -9.8 0.000 0.000
89_2 -9.5 0.777 2.263
89_3 -9.1 1.065 2.561
89_4 -8.3 3.129 4.186
89_5 -7.4 5.686 8.011
69_1 -9.1 0.000 0.000
69_2 -8.6 2.934 8.254
69_3 -8.6 0.859 3.291
69_4 -8.6 2.673 7.596
69_5 -7.8 1.536 1.569
69_6 -7.5 1.804 4.066
69_7 -7.4 1.892 2.418
69_8 -7.1 2.465 8.289
69_9 -7.0 5.061 8.394
109_1 -5.3 0.000 0.000
109_2 -5.2 0.983 1.360
109_3 -5.1 3.740 7.373
109_4 -4.4 3.030 5.100
73_1 -9.6 0.000 0.000
73_2 -9.3 3.353 8.636
73_3 -9.0 3.534 7.924
73_4 -8.7 1.541 2.152
73_5 -8.2 4.606 7.264
73_6 -7.5 4.764 7.683
73_7 -7.4 3.297 8.543
73_8 -7.2 1.921 3.685
73_9 -6.8 3.186 7.912
87_1 -6.5 0.000 0.000
87_2 -5.2 4.505 7.288
87_3 -5.1 4.406 7.554
110_1 -8.3 0.000 0.000
110_2 -6.4 2.645 8.873
110_3 -6.4 2.839 8.659
110_4 -5.7 1.538 2.046
21_1 -9.9 0.000 0.000
21_2 -9.5 2.689 8.074
21_3 -8.9 1.513 2.117
21_4 -8.9 2.548 8.803
21_5 -7.4 2.756 8.818
21_6 -7.3 2.549 7.905
21_7 -7.3 6.288 9.250
21_8 -7.1 2.716 8.147
70_1 -7.3 0.000 0.000
70_2 -7.0 6.214 9.138
70_3 -6.9 5.911 8.878
70_4 -5.8 3.638 7.783
70_5 -5.7 1.802 3.918
56_1 -8.3 0.000 0.000
56_2 -8.0 2.956 8.663
56_3 -7.3 1.583 2.158
56_4 -6.9 1.791 3.965
56_5 -6.8 6.374 8.979
56_6 -6.4 2.766 7.800
56_7 -6.3 3.123 8.566
56_8 -6.2 6.817 9.759
56_9 -5.8 2.344 4.449
52_1 -10.5 0.000 0.000
52_2 -8.7 3.697 8.176
52_3 -8.6 5.770 7.866
52_4 -8.5 1.653 2.358
52_5 -8.5 3.469 8.380
52_6 -8.3 1.858 3.382
11_1 -9.9 0.000 0.000
11_2 -9.4 3.517 8.783
11_3 -8.7 3.545 7.810
11_4 -8.3 1.802 3.703
11_5 -8.1 6.236 9.036
11_6 -7.9 3.494 8.049
11_7 -7.8 2.370 4.331
11_8 -7.7 5.975 8.965
11_9 -7.7 3.675 8.756
63_1 -9.4 0.000 0.000
63_2 -9.4 2.566 8.432
63_3 -8.8 1.392 3.740
63_4 -8.4 2.694 8.390
63_5 -7.8 4.540 7.503
63_6 -7.8 2.852 7.669
63_7 -7.6 4.120 8.567
63_8 -7.3 5.833 9.227
63_9 -7.1 1.826 2.579
111_1 -5.4 0.000 0.000
111_2 -5.3 7.370 10.473
111_3 -5.1 4.117 7.414
111_4 -4.9 6.992 9.729
111_5 -4.3 4.168 6.504
111_6 -4.0 4.590 8.830
125_1 -7.4 0.000 0.000
125_2 -6.5 2.595 9.885
125_3 -5.0 1.384 2.065
32_1 -10.4 0.000 0.000
32_2 -10.3 1.612 3.872
32_3 -9.6 2.630 8.622
32_4 -8.8 3.925 8.470
32_5 -8.7 4.366 7.366
32_6 -8.5 2.418 7.791
32_7 -8.4 1.519 3.242
32_8 -8.4 2.424 7.514
32_9 -8.4 1.712 2.446
93_1 -5.2 0.000 0.000
93_2 -5.2 3.931 7.445
93_3 -4.3 1.684 2.383
98_1 -9.4 0.000 0.000
98_2 -9.3 1.573 3.723
98_3 -9.1 1.544 1.664
98_4 -9.0 2.744 8.731
98_5 -8.3 2.782 8.632
98_6 -8.1 4.128 8.627
98_7 -7.7 1.423 3.203
98_8 -7.6 5.714 9.175
98_9 -7.4 4.098 8.593
121_1 -10.8 0.000 0.000
121_2 -10.0 2.552 7.829
121_3 -9.3 4.027 7.076
121_4 -9.0 2.476 3.589
121_5 -9.0 2.326 6.956
121_6 -9.0 2.455 7.354
121_7 -8.7 4.478 7.320
121_8 -8.4 4.356 6.846
121_9 -8.4 4.279 6.529
58_1 -8.9 0.000 0.000
58_2 -8.7 2.567 7.622
58_3 -8.7 2.721 8.270
58_4 -7.7 1.577 2.353
58_5 -7.4 5.066 8.526
58_6 -7.1 4.476 6.861
58_7 -7.0 0.875 3.363
58_8 -6.9 2.526 7.622
58_9 -6.8 4.721 7.386
86_1 -10.0 0.000 0.000
86_2 -9.7 0.927 2.847
86_3 -9.5 2.898 3.949
86_4 -9.3 3.082 4.540
55_1 -10.6 0.000 0.000
55_2 -8.7 4.245 8.367
55_3 -8.6 1.685 2.369
55_4 -8.6 4.062 8.580
55_5 -8.4 1.974 3.497
17_1 -12.9 0.000 0.000
17_2 -12.4 2.640 5.652
17_3 -11.1 3.924 7.316
17_4 -11.0 3.176 5.980
17_5 -10.8 4.280 6.636
17_6 -9.9 4.777 7.205
37_1 -10.3 0.000 0.000
37_2 -10.3 2.547 8.729
37_3 -9.5 1.738 4.065
37_4 -9.1 2.719 8.744
37_5 -9.0 2.751 7.592
37_6 -8.9 5.693 9.126
37_7 -8.5 3.975 8.315
37_8 -8.3 1.755 2.568
37_9 -7.9 1.767 3.779
119_1 -9.4 0.000 0.000
119_2 -8.4 2.675 7.594
119_3 -8.4 2.466 8.168
119_4 -8.2 1.566 2.240
119_5 -8.1 1.345 3.269
119_6 -8.0 1.957 2.316
119_7 -7.0 2.061 3.962
119_8 -6.5 2.531 8.232
112_1 -9.6 0.000 0.000
112_2 -8.6 2.609 7.903
112_3 -8.5 1.538 2.151
112_4 -7.5 1.295 3.484
112_5 -7.5 2.764 8.445
112_6 -6.9 2.502 8.746
62_1 -6.8 0.000 0.000
62_2 -6.0 3.492 7.713
62_3 -5.8 3.497 7.582
62_4 -4.5 3.963 7.774
94_1 -8.0 0.000 0.000
94_2 -7.9 4.777 7.139
94_3 -7.8 3.714 8.365
94_4 -7.7 4.055 8.432
94_5 -7.6 3.336 8.245
94_6 -7.6 5.178 9.355
94_7 -7.1 1.751 2.321
94_8 -6.8 5.142 7.553
94_9 -6.5 4.375 8.749
91_1 -11.5 0.000 0.000
91_2 -11.2 1.456 2.385
91_3 -10.8 1.665 6.727
91_4 -10.8 3.091 6.357
91_5 -10.6 1.610 2.886
91_6 -10.5 2.197 3.735
91_7 -10.2 3.115 6.874
91_8 -10.1 1.984 3.747
84_1 -8.0 0.000 0.000
84_2 -7.8 3.072 9.165
84_3 -7.6 5.733 9.665
84_4 -6.8 5.363 9.368
84_5 -6.5 1.559 2.061
84_6 -6.4 6.517 8.856
84_7 -5.7 3.009 9.086
