59_1 -7.6 0.000 0.000
59_2 -7.2 1.436 1.988
59_3 -6.9 3.449 8.793
59_4 -6.6 2.151 2.841
59_5 -6.5 2.545 5.713
59_6 -5.7 3.493 8.387
59_7 -5.5 2.337 5.612
59_8 -5.4 3.653 8.121
59_9 -5.3 3.126 8.211
45_1 -7.9 0.000 0.000
45_2 -7.9 2.212 4.911
45_3 -7.9 2.305 4.669
45_4 -7.7 2.232 2.843
45_5 -7.5 2.238 4.544
45_6 -7.3 4.855 7.994
45_7 -7.1 1.875 2.251
45_8 -7.1 3.027 8.188
45_9 -7.1 1.906 2.445
80_1 -10.1 0.000 0.000
80_2 -9.7 2.778 7.820
80_3 -9.5 2.636 5.503
80_4 -9.4 2.920 7.787
80_5 -9.4 1.493 7.754
80_6 -9.1 2.667 5.227
80_7 -9.1 1.700 3.110
80_8 -8.9 2.418 3.753
77_1 -10.0 0.000 0.000
77_2 -9.8 5.320 8.890
77_3 -9.0 4.413 8.886
77_4 -8.9 4.245 7.392
77_5 -8.9 5.701 9.190
77_6 -8.8 5.085 7.237
77_7 -8.8 5.798 9.226
77_8 -8.2 5.789 9.574
77_9 -8.2 5.413 8.506
30_1 -10.6 0.000 0.000
30_2 -9.3 5.348 9.097
30_3 -9.2 5.296 8.921
30_4 -9.1 6.037 8.980
30_5 -9.0 4.482 7.518
30_6 -8.4 4.450 8.579
30_7 -8.4 5.795 9.243
30_8 -8.2 5.670 8.345
30_9 -8.1 5.921 8.908
76_1 -9.7 0.000 0.000
76_2 -9.1 3.792 8.806
76_3 -8.7 5.104 7.303
76_4 -8.7 3.684 8.639
76_5 -8.6 4.334 7.461
76_6 -8.3 5.103 9.242
76_7 -7.8 5.087 9.380
76_8 -7.7 3.326 8.314
76_9 -7.5 4.366 8.401
103_1 -7.4 0.000 0.000
103_2 -7.1 1.432 2.096
29_1 -7.5 0.000 0.000
29_2 -7.4 3.770 6.588
29_3 -7.1 3.164 8.239
29_4 -7.0 2.052 2.553
29_5 -6.9 3.155 8.032
29_6 -6.6 3.810 9.400
29_7 -6.5 3.819 6.508
29_8 -6.3 3.689 8.350
29_9 -5.8 3.508 5.083
20_1 -7.9 0.000 0.000
20_2 -7.7 1.621 2.308
20_3 -7.4 3.228 9.004
20_4 -7.2 4.510 8.846
20_5 -6.9 2.873 6.551
20_6 -6.9 2.231 3.047
20_7 -6.4 2.792 8.675
20_8 -6.2 4.363 8.447
20_9 -6.1 2.887 8.759
44_1 -10.0 0.000 0.000
44_2 -9.1 5.774 9.260
44_3 -9.1 5.845 9.337
44_4 -8.8 4.231 7.422
44_5 -8.8 4.726 8.896
44_6 -8.7 4.442 8.908
44_7 -8.0 5.610 8.970
44_8 -8.0 4.950 9.229
44_9 -7.9 5.489 7.297
38_1 -8.2 0.000 0.000
38_2 -7.6 1.404 2.035
38_3 -7.5 2.839 9.040
38_4 -7.5 3.110 9.147
38_5 -7.4 3.157 7.672
38_6 -7.0 3.080 7.825
38_7 -6.9 4.281 8.322
38_8 -6.4 2.975 9.016
38_9 -5.8 4.464 8.046
33_1 -7.7 0.000 0.000
33_2 -7.5 1.381 5.150
33_3 -7.0 1.390 4.843
33_4 -5.4 1.342 2.059
122_1 -5.8 0.000 0.000
68_1 -7.6 0.000 0.000
68_2 -7.6 2.357 4.679
68_3 -7.4 2.071 2.909
68_4 -7.3 1.524 3.716
68_5 -7.1 5.364 8.710
68_6 -7.0 2.905 7.701
68_7 -6.9 2.885 8.604
68_8 -6.8 2.851 8.153
68_9 -6.5 5.900 9.048
27_1 -7.9 0.000 0.000
27_2 -7.8 2.265 2.839
27_3 -7.8 2.230 5.022
27_4 -7.5 2.299 4.588
27_5 -7.5 1.594 4.504
27_6 -7.4 2.112 4.343
27_7 -7.2 3.006 8.229
27_8 -7.1 2.696 7.419
27_9 -7.0 3.411 7.820
64_1 -7.8 0.000 0.000
64_2 -7.5 4.822 7.333
64_3 -7.5 4.853 7.336
64_4 -7.2 1.926 6.884
64_5 -7.2 4.978 6.743
64_6 -7.1 4.609 7.051
64_7 -6.9 2.288 7.664
64_8 -6.7 4.074 8.421
64_9 -6.5 5.816 9.357
104_1 -8.1 0.000 0.000
104_2 -8.0 4.376 8.176
104_3 -7.5 4.126 7.530
104_4 -6.3 0.980 1.942
65_1 -8.6 0.000 0.000
65_2 -8.5 5.914 8.681
65_3 -8.2 4.294 6.989
65_4 -8.2 4.440 8.672
65_5 -8.1 4.109 8.199
65_6 -8.0 3.936 6.476
65_7 -7.8 3.622 5.972
65_8 -7.7 4.509 6.668
65_9 -7.6 3.538 8.437
79_1 -9.4 0.000 0.000
79_2 -8.8 5.972 9.477
79_3 -8.6 5.955 9.028
79_4 -8.5 1.969 4.002
79_5 -8.2 6.152 9.179
79_6 -8.2 5.448 9.083
79_7 -8.1 6.018 9.005
79_8 -8.1 5.619 8.137
79_9 -8.0 5.962 8.610
100_1 -7.9 0.000 0.000
100_2 -6.5 4.052 7.457
75_1 -7.9 0.000 0.000
75_2 -7.8 0.227 1.200
75_3 -7.8 1.339 2.052
75_4 -6.2 4.262 7.440
47_1 -10.5 0.000 0.000
47_2 -10.1 2.593 4.293
47_3 -10.0 1.555 1.946
47_4 -9.8 1.708 3.287
47_5 -9.8 2.560 4.484
95_1 -8.0 0.000 0.000
95_2 -7.8 4.392 8.004
95_3 -7.4 1.763 4.060
95_4 -6.4 4.576 7.092
95_5 -6.2 1.471 2.083
67_1 -7.8 0.000 0.000
67_2 -7.8 1.313 1.943
114_1 -7.8 0.000 0.000
114_2 -7.7 2.247 4.133
114_3 -7.5 2.697 4.731
114_4 -7.5 1.906 2.386
114_5 -7.4 3.202 7.493
114_6 -7.2 2.155 4.203
114_7 -7.2 2.592 4.605
114_8 -7.1 2.867 8.514
114_9 -7.1 1.977 2.596
5_1 -7.9 0.000 0.000
5_2 -7.5 2.926 6.312
5_3 -7.3 3.558 5.114
5_4 -6.8 3.504 4.870
5_5 -6.5 2.948 6.306
5_6 -6.2 2.752 6.539
5_7 -5.8 2.872 5.708
5_8 -5.8 2.972 6.804
5_9 -5.8 3.407 4.689
60_1 -7.0 0.000 0.000
60_2 -7.0 2.398 3.067
60_3 -6.9 1.308 4.040
60_4 -6.8 2.120 4.589
60_5 -6.8 2.026 4.114
60_6 -6.7 2.753 7.914
60_7 -6.7 2.542 7.739
60_8 -6.7 2.963 7.998
60_9 -6.4 2.922 8.075
113_1 -8.5 0.000 0.000
113_2 -8.1 1.883 2.148
113_3 -7.9 2.582 7.442
113_4 -7.5 2.624 7.914
113_5 -7.5 5.941 8.527
113_6 -7.2 5.959 8.909
113_7 -7.0 5.697 8.401
113_8 -6.9 4.676 8.022
113_9 -6.8 5.563 7.386
31_1 -7.6 0.000 0.000
31_2 -7.5 2.744 4.598
31_3 -7.1 2.901 4.963
31_4 -6.0 1.976 2.607
31_5 -5.9 2.672 4.642
31_6 -5.9 2.795 5.665
31_7 -5.8 3.572 5.553
39_1 -9.9 0.000 0.000
39_2 -9.3 5.816 9.384
39_3 -9.0 5.823 8.986
39_4 -8.7 5.901 9.275
39_5 -8.6 1.085 3.914
39_6 -8.5 5.989 9.331
39_7 -8.3 5.731 8.696
39_8 -8.3 4.320 7.351
39_9 -8.3 5.078 9.038
82_1 -10.2 0.000 0.000
82_2 -9.2 5.475 8.954
82_3 -8.7 5.802 9.359
82_4 -8.7 5.242 7.273
82_5 -7.9 5.454 8.642
82_6 -7.7 5.512 7.238
82_7 -7.6 5.509 8.651
82_8 -7.6 4.469 8.165
74_1 -11.7 0.000 0.000
74_2 -11.5 2.063 3.065
74_3 -11.0 0.691 1.962
74_4 -11.0 2.100 2.614
74_5 -10.7 1.696 3.390
74_6 -10.4 1.862 3.851
74_7 -10.3 4.224 6.727
74_8 -10.3 2.895 7.742
74_9 -10.1 2.892 8.082
28_1 -9.1 0.000 0.000
28_2 -8.3 6.196 9.200
28_3 -8.2 5.619 8.080
28_4 -8.2 1.981 4.064
28_5 -8.1 6.062 8.711
28_6 -8.0 4.514 6.732
28_7 -7.5 5.865 8.582
28_8 -7.3 4.765 7.542
28_9 -7.0 6.129 9.118
48_1 -9.1 0.000 0.000
48_2 -9.0 2.746 8.274
48_3 -8.6 5.942 9.076
48_4 -8.4 2.427 8.113
48_5 -8.4 5.531 8.801
48_6 -8.3 5.610 8.446
48_7 -8.3 5.905 9.264
48_8 -8.2 6.198 9.263
48_9 -7.9 6.052 8.817
41_1 -7.0 0.000 0.000
41_2 -6.7 2.698 7.611
41_3 -6.7 2.524 8.213
41_4 -6.6 4.326 6.630
41_5 -6.6 1.604 3.263
41_6 -6.6 2.662 8.221
41_7 -6.6 3.049 7.723
41_8 -6.4 6.670 9.987
41_9 -6.4 3.336 6.874
18_1 -10.7 0.000 0.000
18_2 -10.5 0.912 2.104
18_3 -10.2 2.147 3.718
18_4 -10.2 2.522 4.549
18_5 -10.1 2.187 6.262
18_6 -10.0 2.297 4.137
18_7 -9.9 2.190 6.332
18_8 -9.8 1.435 2.330
115_1 -7.6 0.000 0.000
115_2 -7.2 2.019 4.239
115_3 -7.0 1.913 2.504
115_4 -6.8 2.226 7.857
115_5 -6.7 2.609 7.918
115_6 -6.7 2.733 7.874
115_7 -6.7 2.735 7.931
115_8 -6.6 2.811 8.072
115_9 -6.6 2.892 8.096
3_1 -10.6 0.000 0.000
3_2 -9.8 1.335 3.559
3_3 -9.1 1.787 5.785
3_4 -8.9 1.753 4.032
3_5 -8.8 2.478 5.632
3_6 -8.2 2.463 4.371
3_7 -7.8 1.339 2.323
8_1 -11.9 0.000 0.000
8_2 -11.8 0.700 3.110
8_3 -11.7 4.839 7.434
8_4 -11.6 4.472 6.935
8_5 -11.5 4.935 7.484
8_6 -11.1 4.621 6.958
106_1 -9.1 0.000 0.000
106_2 -8.9 1.552 3.539
106_3 -8.1 5.617 8.751
106_4 -8.1 5.751 8.991
106_5 -7.9 5.754 8.691
106_6 -7.9 6.361 9.370
106_7 -7.8 5.825 8.813
106_8 -7.7 1.847 2.548
106_9 -7.4 5.592 8.394
102_1 -8.0 0.000 0.000
102_2 -7.5 2.547 4.384
102_3 -5.3 4.684 7.449
117_1 -9.0 0.000 0.000
117_2 -8.6 5.770 8.351
117_3 -8.6 5.990 9.182
117_4 -8.3 1.953 3.745
117_5 -8.2 4.406 7.340
117_6 -8.2 4.986 9.034
117_7 -8.2 6.081 9.319
117_8 -8.1 4.672 9.065
117_9 -8.0 5.780 8.446
118_1 -10.1 0.000 0.000
118_2 -9.3 5.440 8.908
118_3 -9.2 4.297 8.782
118_4 -8.9 4.970 7.228
118_5 -8.8 5.794 9.352
118_6 -8.7 6.046 9.063
118_7 -8.7 4.231 7.420
118_8 -8.1 5.788 9.318
118_9 -7.9 4.975 8.391
50_1 -10.4 0.000 0.000
50_2 -9.8 3.852 8.808
50_3 -9.5 3.861 8.879
50_4 -9.5 4.300 7.578
50_5 -8.9 5.514 8.925
50_6 -8.6 4.734 9.307
50_7 -8.3 5.418 8.069
50_8 -7.7 5.566 10.111
50_9 -7.6 4.830 9.046
116_1 -10.3 0.000 0.000
116_2 -9.5 3.354 9.142
116_3 -9.1 3.321 8.979
116_4 -8.1 3.810 8.754
116_5 -8.0 4.813 9.483
116_6 -7.4 3.005 8.783
57_1 -9.4 0.000 0.000
57_2 -8.9 6.074 9.003
57_3 -8.4 5.537 9.053
57_4 -8.2 6.174 8.738
57_5 -7.9 6.332 9.497
57_6 -7.8 4.585 7.368
57_7 -7.7 2.829 4.775
57_8 -7.4 4.306 6.441
57_9 -7.2 5.669 8.348
126_1 -7.6 0.000 0.000
126_2 -7.2 3.863 9.192
126_3 -6.6 1.678 2.081
126_4 -6.5 3.165 8.760
126_5 -6.5 1.937 2.679
126_6 -5.9 3.995 8.739
126_7 -5.5 1.779 2.338
126_8 -5.4 3.332 8.342
126_9 -5.3 3.986 8.367
88_1 -9.8 0.000 0.000
88_2 -9.0 5.638 8.933
88_3 -9.0 5.756 9.519
88_4 -8.8 4.065 8.819
88_5 -8.7 5.811 9.247
88_6 -8.6 5.930 9.331
88_7 -8.5 5.019 7.181
88_8 -8.4 4.267 7.395
88_9 -7.7 5.440 8.462
7_1 -7.7 0.000 0.000
7_2 -7.3 2.682 6.835
7_3 -6.3 3.233 7.635
7_4 -6.2 2.720 7.355
7_5 -6.0 3.319 7.709
7_6 -5.6 3.070 6.566
7_7 -5.1 2.954 6.163
7_8 -5.1 3.313 4.870
7_9 -5.0 3.365 5.386
40_1 -8.8 0.000 0.000
40_2 -8.7 5.053 8.913
40_3 -8.7 5.790 9.102
40_4 -8.7 5.731 8.237
40_5 -8.4 6.217 9.086
40_6 -8.4 5.871 8.565
40_7 -8.3 5.302 8.823
40_8 -8.3 6.230 9.075
40_9 -8.2 4.900 7.592
19_1 -8.7 0.000 0.000
19_2 -8.6 2.001 4.003
19_3 -8.4 5.517 9.037
19_4 -8.4 6.157 8.987
19_5 -8.4 6.004 9.009
19_6 -8.4 5.291 8.941
19_7 -7.9 5.640 7.674
19_8 -7.7 5.991 8.194
19_9 -7.7 6.106 9.169
72_1 -8.9 0.000 0.000
72_2 -8.5 2.185 2.817
72_3 -8.4 5.588 8.796
72_4 -8.3 2.448 7.409
72_5 -8.0 3.016 8.107
72_6 -7.9 2.971 8.049
72_7 -7.7 2.542 7.818
72_8 -7.3 2.008 2.399
72_9 -7.2 5.504 8.960
61_1 -10.1 0.000 0.000
61_2 -9.5 5.784 9.478
61_3 -9.3 5.619 8.928
61_4 -8.9 5.806 9.258
61_5 -8.7 5.905 9.287
61_6 -8.7 5.143 7.295
61_7 -8.6 4.806 8.942
61_8 -8.5 4.254 7.360
61_9 -8.1 5.648 8.992
53_1 -8.5 0.000 0.000
53_2 -8.5 2.229 2.891
53_3 -8.4 1.660 1.971
53_4 -8.3 1.494 4.124
53_5 -8.2 2.028 4.627
53_6 -8.1 3.644 6.526
53_7 -8.0 5.428 8.796
53_8 -8.0 1.600 2.275
53_9 -7.8 2.258 4.247
120_1 -9.1 0.000 0.000
120_2 -9.1 7.342 8.799
120_3 -8.7 2.135 4.331
120_4 -8.5 4.465 5.433
120_5 -8.4 1.681 2.998
120_6 -8.2 1.745 2.649
120_7 -8.2 2.436 3.189
120_8 -8.1 3.463 4.381
120_9 -8.0 2.392 4.480
35_1 -9.7 0.000 0.000
35_2 -8.9 2.616 4.544
35_3 -8.7 5.650 9.087
35_4 -8.5 5.964 9.057
35_5 -8.3 5.950 8.341
35_6 -7.9 2.998 5.001
35_7 -6.9 1.389 2.062
35_8 -6.8 2.696 4.149
83_1 -7.9 0.000 0.000
83_2 -7.8 1.275 1.729
83_3 -7.8 0.117 1.003
83_4 -6.6 4.059 6.840
99_1 -8.0 0.000 0.000
99_2 -7.7 3.012 8.422
99_3 -7.1 2.133 2.621
99_4 -6.8 4.448 8.601
99_5 -6.8 2.150 3.098
99_6 -6.8 2.593 8.110
99_7 -6.5 2.312 3.212
99_8 -6.5 1.769 2.060
99_9 -6.4 2.842 8.015
108_1 -7.9 0.000 0.000
108_2 -7.6 1.574 3.892
108_3 -7.6 4.804 7.351
108_4 -7.3 4.955 6.629
108_5 -7.2 4.467 6.947
108_6 -7.1 4.905 6.638
108_7 -7.1 3.609 6.899
108_8 -6.8 4.865 7.590
108_9 -6.6 5.606 7.619
22_1 -7.6 0.000 0.000
22_2 -7.3 1.521 4.027
22_3 -7.1 1.922 2.742
22_4 -7.0 5.185 8.661
22_5 -6.9 1.518 2.242
22_6 -6.9 2.262 4.902
22_7 -6.1 2.553 7.774
22_8 -6.0 4.960 8.155
22_9 -5.6 1.627 2.170
4_1 -10.2 0.000 0.000
4_2 -10.2 2.080 5.153
4_3 -10.1 2.461 5.651
4_4 -9.5 2.406 5.385
4_5 -8.8 2.398 4.872
4_6 -8.8 1.156 3.231
4_7 -8.5 2.306 5.961
4_8 -8.0 2.612 5.736
4_9 -7.8 1.927 5.619
51_1 -9.1 0.000 0.000
51_2 -8.4 5.602 8.599
51_3 -8.3 4.859 9.071
51_4 -8.2 5.878 9.219
51_5 -8.0 4.277 7.282
51_6 -7.9 1.560 4.084
51_7 -7.9 4.865 8.981
51_8 -7.2 4.312 7.256
51_9 -7.2 5.140 8.176
85_1 -9.8 0.000 0.000
85_2 -9.3 5.452 8.899
85_3 -9.1 5.816 9.198
85_4 -9.0 5.637 9.489
85_5 -8.8 5.951 9.313
85_6 -8.7 4.366 8.921
85_7 -8.7 4.285 7.378
85_8 -8.4 5.134 7.383
85_9 -8.3 5.469 8.554
90_1 -7.5 0.000 0.000
90_2 -7.5 5.573 8.738
90_3 -6.4 5.395 8.049
90_4 -5.6 4.941 7.795
90_5 -5.0 5.832 9.005
90_6 -4.7 5.022 7.487
23_1 -8.1 0.000 0.000
23_2 -7.9 2.657 5.281
23_3 -7.6 3.104 9.152
23_4 -7.6 4.566 8.655
23_5 -7.5 1.403 2.109
23_6 -7.5 3.151 7.928
23_7 -7.3 3.159 7.829
23_8 -6.9 3.365 8.189
23_9 -6.6 4.612 8.248
105_1 -7.9 0.000 0.000
105_2 -7.7 1.962 4.482
105_3 -7.7 2.707 7.942
105_4 -7.6 1.627 2.397
105_5 -7.5 1.963 2.444
105_6 -7.4 2.466 5.424
105_7 -7.1 2.367 4.998
105_8 -6.6 5.049 8.808
105_9 -6.5 2.956 8.479
2_1 -9.8 0.000 0.000
2_2 -9.3 2.915 4.508
2_3 -9.3 3.053 5.119
2_4 -9.2 1.045 3.586
2_5 -9.1 3.597 6.149
2_6 -9.0 3.184 4.676
2_7 -8.8 1.993 4.341
54_1 -9.1 0.000 0.000
54_2 -8.2 6.035 9.354
54_3 -8.0 5.912 8.750
54_4 -7.9 2.803 7.581
54_5 -7.9 5.575 8.254
54_6 -7.8 5.281 9.041
54_7 -7.8 5.874 8.883
54_8 -7.8 6.340 9.415
54_9 -7.7 4.413 7.303
123_1 -7.8 0.000 0.000
123_2 -7.5 1.853 4.088
123_3 -7.5 4.414 7.528
123_4 -6.8 1.875 4.361
25_1 -10.0 0.000 0.000
25_2 -10.0 3.424 4.779
25_3 -9.9 2.632 5.006
25_4 -9.8 1.516 4.647
25_5 -9.6 1.686 4.471
25_6 -9.4 3.442 5.010
25_7 -9.3 2.240 3.932
97_1 -7.4 0.000 0.000
97_2 -7.3 1.623 2.562
97_3 -6.3 3.116 6.453
97_4 -5.8 3.343 6.737
97_5 -5.8 3.079 5.795
81_1 -11.3 0.000 0.000
81_2 -10.7 2.797 6.889
81_3 -10.7 6.962 9.046
81_4 -10.5 3.472 6.630
81_5 -10.2 6.481 9.159
81_6 -10.1 6.757 8.433
81_7 -10.1 7.307 10.039
81_8 -10.0 7.035 10.152
81_9 -9.9 6.070 8.337
9_1 -8.4 0.000 0.000
9_2 -7.3 2.353 6.814
9_3 -7.3 2.441 6.910
9_4 -7.1 2.794 6.271
9_5 -6.9 3.265 6.958
9_6 -6.8 2.783 6.077
9_7 -6.1 3.237 5.293
9_8 -6.0 3.228 7.081
9_9 -5.9 3.180 6.882
124_1 -9.2 0.000 0.000
124_2 -8.9 3.686 9.078
124_3 -8.2 4.765 9.386
124_4 -7.9 5.074 8.633
124_5 -7.4 4.885 9.604
124_6 -7.3 1.627 2.560
124_7 -7.1 1.652 2.379
124_8 -7.0 5.071 9.938
124_9 -6.6 4.849 8.816
42_1 -8.5 0.000 0.000
42_2 -8.4 3.360 7.377
42_3 -8.1 3.192 4.763
42_4 -7.8 3.670 6.559
42_5 -7.8 3.295 5.041
42_6 -7.5 2.164 6.953
42_7 -7.4 1.647 2.405
42_8 -7.2 3.285 7.027
42_9 -7.2 3.175 6.132
101_1 -8.7 0.000 0.000
101_2 -8.3 5.846 8.581
101_3 -8.3 5.754 8.570
101_4 -8.1 1.342 3.373
101_5 -8.1 2.548 7.518
101_6 -7.9 4.820 9.085
101_7 -7.7 5.887 8.741
101_8 -7.7 5.696 8.428
101_9 -7.6 4.370 7.284
34_1 -7.4 0.000 0.000
34_2 -7.1 2.618 4.552
34_3 -7.1 2.695 4.863
34_4 -7.1 2.176 4.490
34_5 -7.0 2.632 7.364
34_6 -6.9 2.418 4.411
34_7 -6.1 5.947 8.935
34_8 -5.3 3.861 6.838
34_9 -5.2 4.197 7.311
14_1 -7.7 0.000 0.000
14_2 -7.5 2.337 2.996
14_3 -7.3 1.999 4.157
14_4 -7.2 4.942 7.871
14_5 -7.1 2.734 8.227
14_6 -7.1 2.974 8.175
14_7 -7.0 2.907 7.974
14_8 -7.0 1.242 4.166
14_9 -7.0 2.521 7.423
24_1 -9.8 0.000 0.000
24_2 -9.3 5.381 8.885
24_3 -9.0 5.822 9.245
24_4 -8.7 5.953 9.333
24_5 -8.7 4.261 7.321
24_6 -8.6 4.556 9.063
24_7 -8.6 5.052 7.238
24_8 -8.5 6.144 9.120
24_9 -7.9 5.824 8.447
10_1 -8.9 0.000 0.000
10_2 -8.8 5.763 9.101
10_3 -8.7 5.029 8.907
10_4 -8.7 5.718 8.231
10_5 -8.3 6.270 9.009
10_6 -8.3 4.868 7.419
10_7 -8.2 5.272 8.814
10_8 -8.2 1.844 3.799
10_9 -8.2 4.877 7.548
36_1 -7.6 0.000 0.000
36_2 -7.5 2.226 2.940
36_3 -7.5 4.966 8.007
36_4 -7.4 2.893 8.191
36_5 -7.4 1.261 4.464
36_6 -7.2 2.116 4.669
36_7 -7.1 2.568 7.177
36_8 -6.7 2.094 5.124
36_9 -6.2 5.007 7.867
71_1 -9.0 0.000 0.000
71_2 -8.3 5.933 9.173
71_3 -8.2 5.153 9.123
71_4 -8.1 1.387 4.055
71_5 -7.3 5.774 9.031
71_6 -7.0 2.045 4.706
71_7 -6.2 3.027 4.460
92_1 -8.2 0.000 0.000
92_2 -7.1 2.636 4.675
46_1 -9.1 0.000 0.000
46_2 -8.2 5.109 9.044
46_3 -8.2 1.442 4.042
46_4 -8.1 5.853 9.088
46_5 -8.1 5.273 9.083
46_6 -7.9 5.956 9.147
46_7 -7.5 5.801 8.562
46_8 -7.5 4.299 7.198
46_9 -7.5 5.692 8.573
43_1 -8.5 0.000 0.000
43_2 -8.4 1.731 3.850
43_3 -8.3 2.143 5.514
43_4 -8.2 2.060 4.066
43_5 -8.2 2.121 4.024
43_6 -8.1 1.706 3.692
6_1 -9.8 0.000 0.000
6_2 -9.8 1.246 2.183
6_3 -9.7 1.710 4.975
6_4 -9.4 1.900 4.599
49_1 -9.0 0.000 0.000
49_2 -8.3 1.178 3.594
49_3 -8.1 5.806 9.062
49_4 -8.0 5.106 8.993
49_5 -7.8 5.901 9.193
49_6 -7.7 5.782 8.614
49_7 -7.6 6.020 9.301
49_8 -7.6 4.336 7.105
49_9 -7.5 5.290 8.928
66_1 -9.1 0.000 0.000
66_2 -8.4 5.892 9.265
66_3 -8.2 4.938 9.056
66_4 -8.0 5.828 8.677
66_5 -8.0 5.588 8.311
66_6 -8.0 5.945 9.198
66_7 -7.9 4.344 6.686
66_8 -7.9 5.789 8.731
66_9 -7.8 1.359 4.418
16_1 -12.4 0.000 0.000
16_2 -12.3 5.155 7.199
16_3 -11.8 5.498 8.766
16_4 -11.1 5.012 8.723
16_5 -10.7 1.963 2.224
16_6 -10.5 2.057 8.945
16_7 -10.5 3.718 6.470
16_8 -10.3 2.549 3.743
78_1 -7.5 0.000 0.000
78_2 -7.3 3.025 8.367
78_3 -7.2 2.706 8.250
78_4 -7.2 3.015 8.510
78_5 -7.0 1.475 2.081
78_6 -6.5 2.680 7.273
78_7 -5.9 5.373 8.812
78_8 -5.4 4.845 8.400
78_9 -5.0 3.066 7.410
15_1 -8.9 0.000 0.000
15_2 -8.8 5.795 9.082
15_3 -8.7 5.032 8.897
15_4 -8.7 5.631 8.187
15_5 -8.3 6.230 9.118
15_6 -8.3 4.853 7.359
15_7 -8.2 5.930 7.948
15_8 -8.2 5.323 8.839
15_9 -8.2 6.236 9.100
96_1 -7.9 0.000 0.000
96_2 -7.8 4.414 7.958
96_3 -7.2 1.888 4.066
96_4 -7.1 1.472 1.977
96_5 -6.9 4.587 7.076
12_1 -10.4 0.000 0.000
12_2 -9.8 2.290 7.800
12_3 -9.7 2.182 7.728
12_4 -9.7 2.760 7.850
12_5 -9.4 3.179 7.932
12_6 -9.4 1.371 2.080
12_7 -8.5 1.723 2.084
12_8 -8.4 1.894 2.564
12_9 -8.3 1.883 4.391
13_1 -9.4 0.000 0.000
13_2 -9.3 2.071 4.364
13_3 -9.3 0.899 1.883
13_4 -8.7 1.821 5.188
13_5 -8.6 2.110 5.599
13_6 -8.6 1.950 4.911
13_7 -8.6 1.571 4.855
107_1 -8.4 0.000 0.000
107_2 -8.0 2.697 7.523
107_3 -7.8 1.925 2.278
107_4 -7.4 2.668 8.075
107_5 -7.1 6.215 9.412
107_6 -7.1 6.069 8.800
107_7 -6.9 5.695 8.491
107_8 -6.9 5.945 8.185
107_9 -6.8 4.859 8.043
26_1 -9.3 0.000 0.000
26_2 -8.8 1.153 3.746
26_3 -8.4 5.268 9.047
26_4 -8.4 5.952 9.207
26_5 -8.1 5.197 9.126
26_6 -7.9 5.327 9.203
26_7 -7.9 4.333 7.302
26_8 -7.6 5.383 9.081
26_9 -7.4 2.021 4.514
89_1 -9.8 0.000 0.000
89_2 -9.5 1.810 2.960
89_3 -9.4 0.617 2.109
89_4 -8.8 2.600 8.902
89_5 -8.7 2.205 3.932
89_6 -7.1 2.661 9.054
69_1 -9.1 0.000 0.000
69_2 -8.8 1.084 3.368
69_3 -8.2 5.989 9.272
69_4 -8.1 6.035 9.122
69_5 -8.0 5.871 8.672
69_6 -8.0 2.713 7.619
69_7 -7.9 5.718 8.588
69_8 -7.9 6.067 9.346
69_9 -7.9 5.623 8.291
109_1 -7.6 0.000 0.000
109_2 -6.9 2.147 4.422
109_3 -6.4 2.616 4.928
109_4 -5.7 2.996 5.152
73_1 -8.5 0.000 0.000
73_2 -8.4 6.122 9.205
73_3 -8.4 5.759 8.813
73_4 -8.2 5.789 9.088
73_5 -8.1 5.927 8.800
73_6 -8.1 6.278 9.231
73_7 -8.0 6.617 9.968
73_8 -8.0 6.290 9.336
73_9 -8.0 4.604 6.994
87_1 -7.7 0.000 0.000
87_2 -7.7 0.052 1.395
87_3 -7.4 1.265 2.138
87_4 -6.9 4.411 7.542
110_1 -7.2 0.000 0.000
110_2 -7.0 3.966 8.764
110_3 -6.6 3.050 8.591
110_4 -6.4 1.531 2.123
110_5 -6.0 3.127 8.975
110_6 -6.0 3.945 8.362
110_7 -5.3 3.575 8.155
110_8 -5.2 3.755 7.892
110_9 -4.7 4.579 8.948
21_1 -9.2 0.000 0.000
21_2 -8.6 5.668 8.969
21_3 -8.4 5.170 8.999
21_4 -8.1 5.253 9.101
21_5 -8.1 5.837 9.101
21_6 -8.1 5.671 8.669
21_7 -7.9 1.340 4.024
21_8 -7.9 4.239 7.190
21_9 -7.8 4.244 7.356
70_1 -7.6 0.000 0.000
70_2 -7.6 4.024 8.150
70_3 -7.3 3.937 6.618
70_4 -6.0 3.914 6.742
70_5 -5.8 1.671 2.323
70_6 -5.4 3.447 5.322
70_7 -5.4 3.592 5.405
70_8 -4.9 3.553 7.939
70_9 -4.8 3.461 7.665
56_1 -8.6 0.000 0.000
56_2 -8.4 6.005 9.087
56_3 -8.2 5.635 8.137
56_4 -7.9 6.036 8.994
56_5 -7.9 4.514 6.772
56_6 -7.9 2.063 4.174
56_7 -7.2 5.691 8.357
56_8 -7.2 5.900 8.978
56_9 -6.7 2.507 4.679
52_1 -10.3 0.000 0.000
52_2 -9.4 5.521 8.908
52_3 -9.0 4.998 8.935
52_4 -8.9 6.037 9.034
52_5 -8.9 5.852 8.748
52_6 -8.8 5.839 9.581
52_7 -8.8 5.749 9.340
52_8 -8.8 5.009 9.027
52_9 -8.3 4.210 7.387
11_1 -8.9 0.000 0.000
11_2 -8.8 5.823 9.100
11_3 -8.7 5.019 8.900
11_4 -8.7 5.726 8.226
11_5 -8.4 6.171 9.181
11_6 -8.4 5.877 8.572
11_7 -8.3 5.265 8.822
11_8 -8.2 4.884 7.571
11_9 -8.2 1.838 3.786
63_1 -9.5 0.000 0.000
63_2 -8.5 5.868 8.381
63_3 -8.4 5.964 9.182
63_4 -8.2 6.046 9.424
63_5 -8.2 5.125 9.164
63_6 -8.1 6.353 9.408
63_7 -8.1 6.131 9.395
63_8 -8.1 1.144 3.839
63_9 -8.0 5.442 7.617
111_1 -8.0 0.000 0.000
111_2 -6.1 2.360 5.505
111_3 -5.5 4.732 8.521
111_4 -5.0 1.333 2.157
125_1 -6.4 0.000 0.000
125_2 -6.1 1.485 2.040
32_1 -9.9 0.000 0.000
32_2 -8.9 5.911 9.073
32_3 -8.8 5.946 9.289
32_4 -8.8 1.165 3.952
32_5 -8.8 5.564 8.297
32_6 -8.7 5.058 9.058
32_7 -8.6 6.113 9.423
32_8 -8.5 5.862 8.737
32_9 -8.5 5.887 8.597
93_1 -7.7 0.000 0.000
98_1 -8.6 0.000 0.000
98_2 -8.0 1.560 4.084
98_3 -7.9 5.056 8.979
98_4 -7.8 5.680 8.584
98_5 -7.7 4.289 7.236
98_6 -7.7 5.847 9.034
98_7 -7.7 5.521 9.295
98_8 -7.6 5.946 9.113
98_9 -7.5 5.638 8.480
121_1 -9.9 0.000 0.000
121_2 -9.9 4.920 7.174
121_3 -9.2 4.681 6.556
58_1 -9.2 0.000 0.000
58_2 -8.5 5.843 8.847
58_3 -8.4 6.102 8.787
58_4 -8.1 5.627 8.935
58_5 -8.1 5.878 9.001
58_6 -8.0 4.377 7.120
58_7 -7.9 6.584 10.002
58_8 -7.9 5.915 9.271
58_9 -7.8 5.184 8.274
86_1 -9.4 0.000 0.000
86_2 -9.4 3.117 3.985
86_3 -9.2 2.437 3.931
86_4 -9.1 2.307 4.069
86_5 -9.0 2.070 2.837
86_6 -9.0 2.516 4.584
86_7 -9.0 0.901 3.028
86_8 -8.9 2.364 3.951
55_1 -10.4 0.000 0.000
55_2 -9.3 4.874 8.892
55_3 -9.1 5.821 8.641
55_4 -8.7 4.920 8.793
55_5 -8.6 5.261 9.195
55_6 -8.5 5.396 9.115
55_7 -8.4 5.849 9.276
55_8 -8.2 5.831 9.162
55_9 -8.0 5.433 9.141
17_1 -11.5 0.000 0.000
17_2 -11.3 2.645 6.364
17_3 -11.3 4.662 7.039
17_4 -11.0 3.524 5.298
17_5 -10.9 3.808 6.134
17_6 -10.7 4.363 6.759
17_7 -10.5 2.631 5.645
17_8 -10.4 4.150 7.413
17_9 -10.2 0.774 1.008
37_1 -8.7 0.000 0.000
37_2 -8.2 1.223 3.735
37_3 -8.2 5.135 8.485
37_4 -8.1 2.740 8.019
37_5 -8.1 1.515 2.167
37_6 -8.0 2.897 8.164
37_7 -8.0 1.981 4.467
37_8 -7.9 3.024 7.435
37_9 -7.8 2.058 2.700
119_1 -8.4 0.000 0.000
119_2 -8.4 2.410 8.166
119_3 -8.3 2.595 7.486
119_4 -8.1 1.848 2.116
119_5 -8.1 1.474 1.506
119_6 -7.8 6.811 10.287
119_7 -7.5 5.660 8.562
119_8 -7.4 6.027 9.110
119_9 -7.3 6.166 8.487
112_1 -7.5 0.000 0.000
112_2 -7.5 2.754 8.050
112_3 -7.5 5.823 8.674
112_4 -7.3 3.092 5.628
112_5 -7.3 2.623 8.099
112_6 -7.1 1.638 2.308
112_7 -6.8 2.853 4.918
112_8 -6.7 2.477 3.536
112_9 -6.6 2.416 8.293
62_1 -8.0 0.000 0.000
62_2 -7.4 1.580 5.640
62_3 -7.4 2.536 7.373
62_4 -6.7 2.473 3.393
62_5 -6.7 2.515 7.501
62_6 -6.1 3.063 7.817
62_7 -5.9 4.438 7.833
62_8 -5.6 1.799 5.547
62_9 -5.1 4.390 7.392
94_1 -8.3 0.000 0.000
94_2 -8.1 2.200 2.776
94_3 -7.7 2.911 5.135
94_4 -7.7 3.584 8.341
94_5 -7.7 5.083 8.750
94_6 -7.6 2.404 4.631
94_7 -7.4 2.757 7.542
94_8 -7.3 2.762 4.696
94_9 -6.7 3.523 8.101
91_1 -11.5 0.000 0.000
91_2 -10.7 1.032 2.183
91_3 -10.6 2.866 6.602
91_4 -10.6 3.455 7.205
91_5 -10.4 2.741 6.846
91_6 -10.3 3.717 7.194
91_7 -10.2 2.704 6.684
91_8 -9.7 2.171 3.757
84_1 -8.3 0.000 0.000
84_2 -8.2 2.070 4.518
84_3 -7.9 2.084 2.679
84_4 -7.9 3.090 8.843
84_5 -7.3 2.800 4.968
84_6 -6.8 5.123 8.358
84_7 -6.4 3.169 8.781
84_8 -6.0 3.146 8.858
84_9 -5.5 3.971 7.378
