59_1 -7.2 0.000 0.000
59_2 -5.4 2.965 8.735
59_3 -4.9 2.334 3.215
45_1 -7.6 0.000 0.000
45_2 -7.3 3.031 7.388
45_3 -6.9 1.862 4.425
45_4 -6.5 2.909 7.610
45_5 -6.3 2.789 7.984
45_6 -6.2 1.610 3.878
45_7 -5.9 2.877 7.947
45_8 -5.6 3.469 7.424
45_9 -5.4 2.279 5.011
80_1 -10.0 0.000 0.000
80_2 -9.7 1.816 2.811
80_3 -9.0 1.557 7.721
80_4 -8.6 2.082 5.127
77_1 -7.6 0.000 0.000
77_2 -7.3 4.293 6.373
77_3 -6.7 4.377 8.255
77_4 -6.6 4.179 7.264
30_1 -8.6 0.000 0.000
30_2 -7.4 3.619 7.932
30_3 -7.3 3.768 8.034
30_4 -7.3 3.794 8.141
30_5 -6.8 4.879 7.462
76_1 -8.2 0.000 0.000
76_2 -7.1 3.008 7.878
76_3 -6.8 2.586 7.754
76_4 -6.4 2.302 7.362
76_5 -6.3 4.804 7.305
76_6 -5.5 2.623 4.838
76_7 -5.4 2.705 4.859
103_1 -1.4 0.000 0.000
103_2 -0.6 4.280 6.566
103_3 0.1 3.594 9.382
29_1 -6.8 0.000 0.000
29_2 -6.7 2.893 8.111
29_3 -5.9 1.112 1.599
29_4 -5.1 2.688 7.995
29_5 -4.2 4.106 6.684
29_6 -4.1 3.690 6.056
20_1 -7.0 0.000 0.000
20_2 -6.9 2.448 5.504
20_3 -4.9 2.866 8.344
20_4 -4.9 2.621 8.220
20_5 -4.1 3.774 6.085
44_1 -6.9 0.000 0.000
44_2 -6.9 1.363 1.716
44_3 -6.8 3.784 5.585
44_4 -6.4 3.178 8.538
44_5 -6.2 4.063 8.114
44_6 -6.1 2.927 8.754
38_1 -6.7 0.000 0.000
38_2 -6.6 2.035 5.578
38_3 -6.1 1.082 1.692
33_1 -6.4 0.000 0.000
33_2 -5.8 1.081 4.932
33_3 -4.3 1.313 4.759
122_1 -6.3 0.000 0.000
122_2 -5.3 2.525 7.387
122_3 -5.1 2.449 6.768
68_1 -7.5 0.000 0.000
68_2 -7.2 2.985 7.343
68_3 -6.9 2.778 7.963
68_4 -6.9 1.918 4.396
68_5 -6.6 1.901 4.250
68_6 -5.2 2.851 7.865
68_7 -4.9 2.931 7.574
27_1 -7.3 0.000 0.000
27_2 -6.5 1.608 3.730
27_3 -6.5 1.707 4.121
27_4 -5.8 1.742 3.604
27_5 -5.0 2.311 4.900
64_1 -7.3 0.000 0.000
64_2 -7.2 5.943 8.072
64_3 -7.1 1.458 3.919
64_4 -6.4 5.787 8.521
64_5 -6.2 1.939 2.331
64_6 -6.1 1.103 1.673
64_7 -6.1 5.151 7.881
64_8 -5.9 1.881 6.724
64_9 -5.8 2.254 6.088
104_1 -7.1 0.000 0.000
104_2 -6.1 4.916 8.616
104_3 -5.9 2.049 4.624
65_1 -6.9 0.000 0.000
65_2 -6.6 3.098 7.782
65_3 -6.4 5.637 8.676
65_4 -5.9 4.913 7.620
65_5 -5.6 5.967 8.558
65_6 -5.3 1.980 2.346
65_7 -4.9 5.581 8.589
65_8 -4.7 5.268 8.325
65_9 -4.3 5.043 8.462
79_1 -7.0 0.000 0.000
79_2 -6.7 2.558 7.369
79_3 -6.4 2.209 4.401
79_4 -6.3 3.315 7.661
79_5 -6.2 2.000 4.397
79_6 -6.0 5.803 9.190
79_7 -4.6 6.245 9.995
100_1 -6.0 0.000 0.000
75_1 -6.4 0.000 0.000
75_2 -5.5 4.260 7.504
75_3 -5.3 3.897 6.933
75_4 -4.4 2.001 4.382
75_5 -4.0 3.605 5.954
47_1 -10.3 0.000 0.000
47_2 -10.0 1.634 3.392
47_3 -9.7 2.419 4.424
47_4 -9.5 3.737 5.230
47_5 -9.4 4.857 6.540
47_6 -9.1 2.683 4.154
47_7 -9.0 1.930 4.690
47_8 -9.0 2.422 5.756
47_9 -8.8 1.840 4.459
95_1 -6.9 0.000 0.000
95_2 -6.9 0.027 1.285
95_3 -6.0 4.106 7.227
95_4 -5.8 5.014 8.603
67_1 -6.4 0.000 0.000
67_2 -5.2 3.917 6.912
67_3 -4.4 2.010 4.449
114_1 -6.9 0.000 0.000
114_2 -6.8 3.368 8.002
114_3 -6.4 1.670 1.924
114_4 -6.4 3.263 8.361
114_5 -6.0 2.094 2.483
114_6 -5.8 2.869 7.256
114_7 -5.3 4.415 7.475
114_8 -4.9 2.298 7.661
114_9 -4.8 1.627 2.091
5_1 -8.0 0.000 0.000
5_2 -7.5 0.723 1.525
5_3 -7.3 2.553 5.995
5_4 -7.2 2.989 6.553
5_5 -6.8 2.903 6.392
5_6 -6.6 1.310 1.600
5_7 -5.1 1.484 1.807
60_1 -6.7 0.000 0.000
60_2 -6.2 1.685 3.857
60_3 -6.2 2.623 7.670
60_4 -6.1 2.885 7.758
60_5 -5.9 2.686 3.519
60_6 -5.7 4.843 7.313
60_7 -5.6 3.606 8.032
60_8 -5.5 2.715 7.803
60_9 -5.5 5.410 8.529
113_1 -7.4 0.000 0.000
113_2 -7.1 1.781 1.995
113_3 -6.7 5.507 8.957
113_4 -6.5 1.827 2.141
113_5 -6.4 4.998 7.380
113_6 -6.2 2.576 7.421
113_7 -6.0 4.794 8.249
113_8 -5.9 5.436 7.213
113_9 -5.9 4.790 8.059
31_1 -8.4 0.000 0.000
31_2 -8.1 1.758 5.553
39_1 -6.8 0.000 0.000
39_2 -6.6 3.987 5.633
39_3 -6.6 5.693 9.410
39_4 -6.4 1.628 4.351
39_5 -6.1 3.921 8.113
39_6 -5.6 2.441 5.155
39_7 -5.0 6.693 10.326
39_8 -4.3 2.833 4.558
39_9 -4.1 6.991 10.365
82_1 -7.4 0.000 0.000
82_2 -7.4 1.305 1.653
82_3 -7.2 4.016 5.735
82_4 -6.7 4.472 8.144
82_5 -6.2 3.262 8.756
82_6 -5.9 4.305 7.319
82_7 -5.5 2.981 8.933
82_8 -5.3 1.748 2.061
74_1 -10.8 0.000 0.000
74_2 -10.3 0.818 2.026
74_3 -10.0 1.956 7.767
74_4 -10.0 2.312 7.394
74_5 -10.0 1.913 7.442
74_6 -9.9 2.178 3.569
74_7 -9.9 1.774 2.219
74_8 -9.9 2.966 5.891
74_9 -9.9 4.112 7.436
28_1 -6.8 0.000 0.000
28_2 -6.3 2.322 4.375
28_3 -6.0 3.292 8.003
28_4 -5.7 3.450 7.782
28_5 -5.4 1.694 2.155
28_6 -4.7 1.919 3.722
28_7 -4.4 1.878 2.410
28_8 -3.8 3.950 8.192
48_1 -7.1 0.000 0.000
48_2 -6.9 2.858 3.867
48_3 -6.5 6.198 8.675
48_4 -6.5 3.717 5.878
48_5 -6.2 2.614 8.134
48_6 -6.2 3.802 7.511
48_7 -6.2 2.989 7.678
48_8 -6.1 3.013 5.281
48_9 -6.0 3.580 8.148
41_1 -7.3 0.000 0.000
41_2 -7.1 3.378 7.641
41_3 -7.0 5.709 9.579
41_4 -6.7 2.752 7.068
41_5 -6.6 2.069 2.287
41_6 -6.5 3.779 7.361
41_7 -6.4 5.157 8.134
41_8 -5.6 5.540 8.721
41_9 -5.5 2.333 3.250
18_1 -9.7 0.000 0.000
18_2 -9.6 0.859 2.047
18_3 -9.5 1.863 6.827
18_4 -9.3 1.987 6.539
18_5 -8.6 1.947 3.571
18_6 -8.5 1.822 6.396
18_7 -8.4 1.964 6.113
18_8 -8.3 1.725 6.572
115_1 -6.7 0.000 0.000
115_2 -6.7 3.044 7.565
115_3 -5.8 2.747 7.666
115_4 -5.8 2.025 4.153
115_5 -4.7 2.446 7.697
115_6 -4.4 1.728 1.895
115_7 -3.9 3.477 7.224
3_1 -9.3 0.000 0.000
3_2 -8.9 4.660 6.656
3_3 -8.4 2.304 4.036
3_4 -8.3 2.080 4.529
3_5 -8.0 1.990 3.608
3_6 -7.9 3.816 6.799
3_7 -7.8 4.442 7.020
3_8 -7.8 5.281 7.822
3_9 -7.5 2.479 5.976
8_1 -11.7 0.000 0.000
8_2 -11.4 0.995 1.291
8_3 -11.0 0.824 2.489
8_4 -10.7 4.286 7.055
8_5 -10.6 1.477 2.814
8_6 -9.9 1.301 4.109
8_7 -9.7 1.343 3.169
8_8 -9.7 4.148 7.222
106_1 -6.9 0.000 0.000
106_2 -6.8 2.833 7.640
106_3 -6.6 4.318 5.834
106_4 -6.4 3.578 8.307
106_5 -6.3 3.300 7.921
106_6 -6.3 2.774 8.036
106_7 -5.9 4.054 5.710
106_8 -5.6 6.108 9.083
106_9 -5.0 3.827 5.792
102_1 -7.1 0.000 0.000
102_2 -6.0 5.283 8.722
117_1 -6.6 0.000 0.000
117_2 -6.6 3.660 8.265
117_3 -6.2 1.953 2.319
117_4 -5.5 4.439 7.445
117_5 -5.2 2.684 8.501
117_6 -5.0 5.129 9.297
117_7 -4.9 2.531 8.337
117_8 -4.5 5.591 9.282
117_9 -4.0 4.551 6.742
118_1 -8.0 0.000 0.000
118_2 -7.5 3.059 7.815
118_3 -7.5 2.819 8.022
118_4 -7.1 2.793 7.666
118_5 -6.6 2.080 5.018
118_6 -6.4 4.771 7.359
118_7 -6.2 2.903 7.779
118_8 -6.0 1.846 2.421
118_9 -5.8 3.068 8.140
50_1 -8.9 0.000 0.000
50_2 -8.3 1.753 2.069
50_3 -7.8 3.297 8.095
50_4 -7.8 2.821 7.968
50_5 -7.6 3.294 8.223
50_6 -7.6 3.759 8.460
50_7 -7.5 3.523 8.342
50_8 -6.8 4.678 7.410
116_1 -8.1 0.000 0.000
116_2 -8.0 3.442 8.364
116_3 -6.5 4.449 7.145
116_4 -5.3 3.506 9.127
57_1 -7.8 0.000 0.000
57_2 -7.6 3.679 7.369
57_3 -7.0 3.174 4.849
57_4 -6.6 5.217 7.653
57_5 -5.6 5.891 8.696
57_6 -5.4 5.895 8.551
57_7 -5.2 3.298 5.186
57_8 -4.9 1.749 2.387
57_9 -4.9 5.975 8.556
126_1 -6.1 0.000 0.000
126_2 -4.5 4.133 7.767
126_3 -4.4 4.395 7.848
126_4 -3.6 3.400 9.110
126_5 -3.5 3.577 6.929
126_6 -3.3 2.541 7.694
88_1 -7.5 0.000 0.000
88_2 -7.1 2.976 7.872
88_3 -6.9 2.749 7.785
88_4 -6.8 1.769 4.505
88_5 -6.2 4.667 7.200
88_6 -5.5 1.899 2.246
88_7 -5.5 1.948 4.182
88_8 -4.7 3.185 8.524
7_1 -5.5 0.000 0.000
7_2 -5.5 4.051 8.004
7_3 -4.9 3.316 6.329
7_4 -4.8 2.868 6.336
7_5 -4.1 3.399 6.468
7_6 -4.0 2.792 5.992
7_7 -3.9 2.911 5.643
7_8 -3.5 3.335 6.769
7_9 -3.1 3.450 6.951
40_1 -7.2 0.000 0.000
40_2 -6.4 1.847 3.632
40_3 -6.2 3.576 7.507
40_4 -6.1 3.484 7.874
40_5 -5.5 5.177 7.481
40_6 -5.4 1.975 3.617
40_7 -4.2 5.049 8.076
19_1 -7.6 0.000 0.000
19_2 -7.3 2.999 7.349
19_3 -6.9 2.404 4.453
19_4 -6.3 1.937 3.853
19_5 -5.2 5.329 7.750
19_6 -5.2 3.329 7.852
19_7 -5.0 5.196 8.236
72_1 -7.4 0.000 0.000
72_2 -7.1 3.196 7.770
72_3 -6.7 2.633 3.414
72_4 -6.5 2.838 7.608
72_5 -6.0 1.894 4.036
72_6 -5.9 4.722 7.226
72_7 -5.7 2.621 7.755
72_8 -5.1 2.928 7.768
72_9 -5.0 1.432 3.707
61_1 -7.8 0.000 0.000
61_2 -6.7 3.095 7.845
61_3 -6.7 2.811 7.737
61_4 -6.6 2.330 3.137
61_5 -6.5 3.010 7.575
61_6 -6.4 4.728 7.265
61_7 -5.7 1.585 4.311
61_8 -5.6 1.790 4.224
61_9 -4.9 1.729 2.299
53_1 -7.0 0.000 0.000
53_2 -6.8 3.220 7.741
53_3 -6.4 3.799 8.086
53_4 -6.3 3.663 8.012
53_5 -5.4 3.600 7.720
53_6 -5.4 3.959 5.658
53_7 -5.0 6.022 9.313
53_8 -4.7 6.042 9.306
120_1 -8.8 0.000 0.000
120_2 -8.1 6.789 8.313
120_3 -8.1 2.092 4.246
120_4 -8.0 3.987 5.071
120_5 -7.7 3.926 4.839
120_6 -7.7 1.982 2.895
120_7 -7.7 1.717 2.438
120_8 -7.7 7.063 8.419
120_9 -7.6 2.404 4.504
35_1 -7.7 0.000 0.000
35_2 -7.5 3.681 7.530
35_3 -6.7 1.894 2.451
35_4 -6.3 3.530 5.424
35_5 -6.2 5.672 9.069
35_6 -6.2 3.883 7.988
35_7 -5.6 3.844 5.460
35_8 -5.3 3.513 7.436
35_9 -5.3 2.904 4.802
83_1 -6.5 0.000 0.000
83_2 -5.6 2.289 3.286
83_3 -5.5 4.312 7.506
83_4 -4.5 2.219 4.564
99_1 -8.4 0.000 0.000
99_2 -7.2 2.929 7.346
99_3 -6.7 2.760 7.672
99_4 -6.5 3.091 8.077
99_5 -6.3 2.717 7.340
99_6 -5.6 3.034 7.733
108_1 -7.3 0.000 0.000
108_2 -7.1 2.631 7.455
108_3 -6.9 1.692 3.935
108_4 -5.6 4.964 7.668
108_5 -5.5 1.780 6.795
108_6 -5.5 4.844 6.809
108_7 -5.5 2.137 6.179
108_8 -5.4 5.144 7.802
108_9 -5.3 3.250 6.748
22_1 -6.7 0.000 0.000
22_2 -6.4 1.971 4.470
22_3 -6.1 2.099 4.335
22_4 -5.7 3.015 8.269
22_5 -5.3 2.853 8.166
22_6 -4.2 2.851 8.126
22_7 -4.0 4.296 7.835
22_8 -3.9 3.052 7.792
22_9 -3.8 2.429 4.857
4_1 -8.3 0.000 0.000
4_2 -7.2 2.404 6.304
4_3 -6.8 1.469 3.262
4_4 -6.6 2.190 4.870
4_5 -5.5 2.346 5.559
4_6 -5.5 2.301 5.212
51_1 -6.8 0.000 0.000
51_2 -6.4 1.805 2.429
51_3 -5.9 4.385 7.454
51_4 -5.6 2.843 5.452
51_5 -4.8 2.578 4.962
51_6 -4.6 4.453 6.786
85_1 -7.6 0.000 0.000
85_2 -6.8 2.587 7.431
85_3 -6.6 1.783 4.270
85_4 -6.3 2.648 7.606
85_5 -6.3 4.790 7.366
85_6 -6.2 1.470 1.902
85_7 -5.6 3.127 8.007
85_8 -5.4 2.598 7.928
85_9 -5.4 1.817 2.403
90_1 -6.7 0.000 0.000
90_2 -6.3 3.629 8.196
90_3 -5.9 1.750 2.301
90_4 -5.4 4.413 6.432
90_5 -5.4 4.096 6.176
90_6 -5.0 1.448 3.992
90_7 -4.8 6.399 9.340
90_8 -4.0 2.554 4.807
23_1 -7.2 0.000 0.000
23_2 -7.1 2.788 8.117
23_3 -7.0 2.917 8.603
23_4 -5.7 2.727 8.182
23_5 -5.7 1.531 2.074
23_6 -5.4 1.883 2.467
23_7 -4.5 5.007 9.557
105_1 -6.7 0.000 0.000
105_2 -6.7 2.232 4.724
105_3 -6.6 3.219 8.438
105_4 -6.5 3.549 8.058
105_5 -5.2 2.807 5.506
105_6 -4.1 2.710 5.053
2_1 -9.3 0.000 0.000
2_2 -9.2 3.014 4.434
2_3 -8.9 4.030 6.306
2_4 -8.8 3.391 5.456
2_5 -8.7 1.160 3.592
2_6 -8.7 3.143 4.890
54_1 -6.8 0.000 0.000
54_2 -6.8 5.584 8.593
54_3 -6.5 3.363 7.399
54_4 -6.3 2.663 7.634
54_5 -6.0 2.819 7.743
54_6 -5.9 4.988 7.527
54_7 -5.8 5.715 8.501
54_8 -5.6 3.348 7.652
54_9 -5.3 5.546 8.532
123_1 -7.0 0.000 0.000
123_2 -6.8 1.953 4.366
123_3 -6.7 1.877 4.171
123_4 -5.9 4.810 7.862
123_5 -5.9 3.872 7.536
25_1 -9.8 0.000 0.000
25_2 -9.4 4.329 6.219
25_3 -9.0 2.420 5.165
25_4 -8.8 6.136 8.252
25_5 -8.6 3.009 5.110
25_6 -8.0 2.620 4.231
25_7 -8.0 2.691 5.104
25_8 -7.8 4.742 6.898
25_9 -7.6 3.312 5.877
97_1 -6.1 0.000 0.000
97_2 -5.2 1.667 2.707
97_3 -5.1 2.342 5.266
97_4 -4.3 2.680 4.604
97_5 -4.2 2.623 5.932
97_6 -4.2 2.853 6.616
97_7 -3.8 2.190 4.742
97_8 -3.8 1.298 2.780
81_1 -10.2 0.000 0.000
81_2 -9.8 2.772 6.065
81_3 -9.0 5.680 8.113
81_4 -8.7 3.151 6.861
81_5 -8.7 4.708 6.982
81_6 -8.6 2.641 5.033
81_7 -7.3 2.497 4.099
9_1 -7.0 0.000 0.000
9_2 -6.2 3.572 6.523
9_3 -6.2 2.750 6.093
9_4 -6.1 4.121 6.564
9_5 -6.1 3.690 6.656
9_6 -5.6 2.848 6.140
9_7 -5.5 4.131 8.280
124_1 -6.7 0.000 0.000
124_2 -5.5 3.993 9.077
124_3 -5.2 3.118 9.199
124_4 -4.8 4.017 9.269
124_5 -4.0 2.358 6.047
124_6 -4.0 4.111 8.937
124_7 -3.8 2.237 6.529
124_8 -3.8 1.764 2.246
124_9 -3.8 2.870 6.397
42_1 -7.5 0.000 0.000
42_2 -7.4 1.159 2.028
42_3 -7.1 3.299 7.000
42_4 -6.3 1.089 1.089
42_5 -6.0 3.705 6.039
42_6 -6.0 2.266 6.427
42_7 -5.8 3.394 6.035
42_8 -5.2 1.811 6.320
42_9 -5.0 3.760 8.148
101_1 -6.8 0.000 0.000
101_2 -6.7 5.320 8.580
101_3 -6.6 5.716 9.571
101_4 -6.5 4.707 7.402
101_5 -6.4 6.592 10.443
101_6 -6.1 1.605 1.967
101_7 -6.0 4.562 7.470
101_8 -5.7 5.060 9.024
101_9 -5.6 2.469 7.505
34_1 -5.4 0.000 0.000
34_2 -5.1 3.523 7.873
34_3 -4.6 4.529 6.622
34_4 -3.5 3.846 7.290
34_5 -3.5 4.376 6.027
34_6 -3.4 4.714 7.992
34_7 -2.7 1.790 2.085
14_1 -7.0 0.000 0.000
14_2 -6.8 4.196 5.966
14_3 -6.4 3.158 7.555
14_4 -6.4 1.441 4.367
14_5 -6.2 6.169 9.383
14_6 -5.9 2.043 4.844
14_7 -5.8 1.397 4.289
14_8 -5.6 1.159 3.992
14_9 -5.6 3.593 5.904
24_1 -7.5 0.000 0.000
24_2 -6.7 3.083 7.876
24_3 -6.7 2.626 7.487
24_4 -6.5 1.730 4.452
24_5 -6.5 2.606 7.775
24_6 -6.4 1.835 4.212
24_7 -6.1 4.652 7.202
24_8 -5.2 1.867 2.507
24_9 -4.6 2.763 8.065
10_1 -7.3 0.000 0.000
10_2 -7.2 3.324 7.547
10_3 -6.5 1.856 3.671
10_4 -6.4 3.573 7.986
10_5 -6.4 2.290 4.261
10_6 -5.6 5.217 7.507
10_7 -5.6 3.343 7.805
10_8 -4.9 3.794 8.400
10_9 -4.3 2.642 4.687
36_1 -7.6 0.000 0.000
36_2 -6.4 2.994 7.670
36_3 -6.4 2.698 7.944
36_4 -5.5 2.753 7.855
36_5 -5.4 2.398 7.921
36_6 -5.0 2.919 7.548
36_7 -4.8 5.368 8.563
36_8 -4.8 2.989 8.662
71_1 -6.8 0.000 0.000
71_2 -6.7 2.381 2.988
71_3 -6.4 2.066 4.383
71_4 -6.1 2.918 8.017
71_5 -6.0 1.756 2.160
71_6 -5.3 4.633 7.523
71_7 -5.1 3.263 7.918
71_8 -4.0 2.759 7.862
92_1 -6.3 0.000 0.000
92_2 -5.6 3.296 6.448
92_3 -5.6 1.454 1.847
92_4 -5.5 1.315 2.256
92_5 -5.5 3.337 6.896
92_6 -5.4 2.089 4.424
92_7 -5.2 4.076 7.321
46_1 -7.5 0.000 0.000
46_2 -7.3 2.969 7.771
46_3 -6.8 2.044 4.615
46_4 -6.2 2.903 7.722
46_5 -6.2 4.911 7.687
46_6 -6.1 3.005 7.700
46_7 -5.7 2.069 4.691
46_8 -5.7 1.741 4.060
46_9 -5.6 1.376 4.350
43_1 -9.0 0.000 0.000
43_2 -8.8 2.127 4.079
43_3 -8.7 1.398 4.006
43_4 -8.7 1.713 3.910
43_5 -8.5 2.101 4.074
43_6 -8.2 2.242 5.556
6_1 -9.4 0.000 0.000
6_2 -9.4 2.142 4.791
6_3 -8.8 1.634 5.083
6_4 -8.5 4.112 5.793
6_5 -8.5 1.509 4.232
6_6 -8.5 2.316 5.222
6_7 -8.5 1.924 4.760
6_8 -8.4 1.991 6.484
6_9 -8.4 2.391 4.611
49_1 -7.1 0.000 0.000
49_2 -6.6 3.570 8.173
49_3 -6.5 3.055 8.185
49_4 -6.3 6.232 9.450
49_5 -6.3 3.747 8.407
49_6 -6.2 7.141 10.592
49_7 -6.2 3.746 6.080
49_8 -6.2 3.311 7.824
49_9 -6.0 1.789 2.358
66_1 -7.2 0.000 0.000
66_2 -6.8 2.981 7.617
66_3 -6.7 3.152 7.837
66_4 -6.5 1.708 2.371
66_5 -6.4 2.893 8.059
66_6 -6.2 1.851 4.705
66_7 -6.2 1.803 3.955
66_8 -6.2 4.891 7.692
66_9 -6.1 1.705 3.834
16_1 -12.2 0.000 0.000
16_2 -11.7 5.312 7.609
16_3 -11.5 5.332 8.482
16_4 -11.5 1.667 1.874
16_5 -11.4 4.186 6.805
16_6 -11.4 4.468 8.449
78_1 -7.4 0.000 0.000
78_2 -7.0 2.412 7.002
78_3 -6.5 1.060 1.649
78_4 -6.2 2.184 6.934
78_5 -4.8 2.287 3.111
15_1 -7.2 0.000 0.000
15_2 -6.7 3.606 8.013
15_3 -6.5 1.874 3.709
15_4 -6.4 3.520 7.801
15_5 -6.3 3.548 7.486
15_6 -6.2 3.448 8.051
15_7 -5.6 5.118 7.408
15_8 -4.2 5.002 8.006
96_1 -6.9 0.000 0.000
96_2 -5.8 5.028 8.597
96_3 -5.5 4.171 7.246
96_4 -5.3 2.536 4.774
96_5 -4.0 4.256 7.881
12_1 -10.5 0.000 0.000
12_2 -9.9 1.163 2.475
12_3 -8.5 2.719 8.190
12_4 -8.2 2.914 8.279
13_1 -9.1 0.000 0.000
13_2 -8.5 2.237 4.567
13_3 -8.3 2.318 4.224
13_4 -7.8 2.258 4.382
13_5 -7.6 2.097 5.015
13_6 -7.6 3.003 5.689
13_7 -7.4 2.396 6.361
13_8 -7.4 2.077 5.050
13_9 -7.2 2.920 6.650
107_1 -7.3 0.000 0.000
107_2 -6.8 5.447 7.335
107_3 -6.7 5.604 9.295
107_4 -6.6 5.172 8.331
107_5 -6.4 1.847 2.197
107_6 -6.3 5.567 7.259
107_7 -5.9 4.979 8.372
107_8 -5.6 2.736 7.499
107_9 -5.4 6.555 10.212
26_1 -7.3 0.000 0.000
26_2 -7.0 3.107 7.416
26_3 -6.1 2.668 7.530
26_4 -6.0 5.026 7.676
26_5 -4.9 3.251 8.298
26_6 -4.9 1.686 2.090
26_7 -4.6 5.712 8.637
89_1 -7.8 0.000 0.000
89_2 -7.7 1.693 2.843
89_3 -7.5 1.084 1.826
89_4 -5.0 3.024 9.034
69_1 -7.0 0.000 0.000
69_2 -6.6 5.730 9.582
69_3 -6.2 4.768 7.504
69_4 -6.2 5.831 8.518
69_5 -6.0 2.609 7.524
69_6 -6.0 1.490 2.049
69_7 -6.0 4.934 7.306
69_8 -5.3 2.563 8.098
69_9 -5.3 1.063 3.690
109_1 -6.3 0.000 0.000
109_2 -5.0 2.108 4.627
109_3 -4.8 3.178 6.795
109_4 -4.7 3.720 6.557
109_5 -4.7 2.868 5.110
73_1 -7.2 0.000 0.000
73_2 -6.8 2.770 4.337
73_3 -6.4 2.678 4.167
73_4 -6.0 2.956 7.583
73_5 -6.0 3.113 7.758
73_6 -5.9 3.503 7.633
73_7 -5.8 5.143 7.685
73_8 -5.3 2.304 3.974
87_1 -6.4 0.000 0.000
87_2 -6.4 4.347 7.525
87_3 -6.2 4.330 7.072
110_1 -6.7 0.000 0.000
110_2 -6.5 2.859 8.144
110_3 -5.9 1.770 2.257
110_4 -5.7 2.791 7.934
110_5 -4.5 2.700 8.164
110_6 -4.3 4.045 6.827
110_7 -4.2 3.555 9.899
110_8 -4.1 3.634 6.059
21_1 -7.3 0.000 0.000
21_2 -6.4 3.535 8.297
21_3 -5.8 3.652 6.015
21_4 -5.7 5.742 9.306
21_5 -5.2 3.255 5.597
21_6 -5.1 3.114 7.772
21_7 -4.9 4.366 6.750
70_1 -7.3 0.000 0.000
70_2 -4.8 3.542 7.914
70_3 -4.4 3.587 7.582
70_4 -4.3 5.801 8.525
56_1 -6.7 0.000 0.000
56_2 -4.7 4.920 7.443
52_1 -8.5 0.000 0.000
52_2 -7.5 3.196 7.666
52_3 -7.3 3.179 7.828
52_4 -7.2 2.794 7.619
52_5 -6.8 4.722 7.340
52_6 -5.6 1.639 4.683
11_1 -5.5 0.000 0.000
11_2 -4.5 5.561 8.340
11_3 -4.2 1.829 3.725
11_4 -4.0 3.660 7.734
11_5 -3.8 2.970 4.249
11_6 -3.4 2.385 4.369
11_7 -3.1 3.566 5.158
11_8 -2.7 2.194 3.029
63_1 -7.4 0.000 0.000
63_2 -6.9 2.680 3.437
63_3 -6.9 2.956 7.728
63_4 -6.7 3.131 7.627
63_5 -6.7 1.759 3.895
63_6 -6.3 4.980 7.573
63_7 -6.3 2.714 7.826
63_8 -6.2 3.175 7.836
63_9 -5.8 1.682 1.895
111_1 -6.8 0.000 0.000
111_2 -4.4 4.007 7.377
111_3 -4.0 3.601 7.664
125_1 -3.6 0.000 0.000
32_1 -7.6 0.000 0.000
32_2 -7.0 3.098 7.439
32_3 -7.0 2.076 4.633
32_4 -6.5 4.985 7.577
32_5 -6.5 2.873 7.678
32_6 -5.8 5.671 8.669
32_7 -5.7 3.242 8.554
32_8 -5.0 6.089 8.580
32_9 -4.7 5.178 8.653
93_1 -6.4 0.000 0.000
93_2 -5.3 3.509 6.967
93_3 -4.9 2.238 4.670
93_4 -4.9 3.680 6.741
93_5 -4.8 3.291 6.425
98_1 -7.0 0.000 0.000
98_2 -6.5 4.152 6.223
98_3 -6.4 3.508 7.973
98_4 -6.3 1.651 2.229
98_5 -6.2 3.822 6.114
98_6 -6.2 5.777 9.367
98_7 -6.1 3.308 7.737
98_8 -5.8 3.407 5.534
98_9 -5.4 6.600 10.444
121_1 -9.4 0.000 0.000
121_2 -9.2 4.015 6.411
121_3 -9.1 4.204 6.754
121_4 -9.0 3.918 7.982
121_5 -9.0 4.258 6.531
121_6 -8.4 5.561 7.573
121_7 -8.4 4.226 6.261
121_8 -8.2 2.470 6.787
58_1 -7.1 0.000 0.000
58_2 -6.9 2.875 7.307
58_3 -6.9 2.718 7.613
58_4 -6.5 5.358 8.478
58_5 -6.4 1.438 3.404
58_6 -6.2 1.436 3.570
58_7 -5.7 4.896 7.366
58_8 -5.7 5.693 8.587
58_9 -4.6 2.996 8.250
86_1 -9.3 0.000 0.000
86_2 -9.2 3.287 3.845
86_3 -9.2 0.832 2.913
86_4 -9.0 2.765 4.352
86_5 -8.9 1.250 1.607
86_6 -8.8 1.835 2.712
86_7 -8.7 2.901 5.036
55_1 -8.2 0.000 0.000
55_2 -7.4 3.601 7.965
55_3 -7.4 3.493 8.172
55_4 -7.0 3.736 7.923
55_5 -6.5 4.674 7.190
55_6 -6.1 1.845 2.399
55_7 -5.3 3.477 8.052
55_8 -5.3 3.631 7.809
55_9 -5.2 1.698 2.411
17_1 -11.0 0.000 0.000
17_2 -10.4 5.862 7.987
17_3 -9.8 5.508 7.938
17_4 -9.7 6.216 8.891
17_5 -9.7 1.972 3.760
17_6 -9.6 5.499 7.242
17_7 -9.4 4.886 7.387
17_8 -8.8 5.824 8.772
17_9 -8.5 3.064 5.791
37_1 -7.4 0.000 0.000
37_2 -7.2 3.009 7.442
37_3 -6.6 2.084 4.355
37_4 -5.5 5.086 7.749
37_5 -4.4 5.403 8.136
119_1 -7.0 0.000 0.000
119_2 -6.8 1.184 1.336
119_3 -6.5 5.109 8.140
119_4 -6.5 5.442 9.356
119_5 -6.4 2.004 2.410
119_6 -6.3 4.411 6.894
119_7 -6.3 6.422 10.007
119_8 -6.2 5.941 8.069
119_9 -6.1 4.533 6.785
112_1 -6.9 0.000 0.000
112_2 -6.3 2.928 7.748
112_3 -6.3 1.595 2.191
112_4 -6.1 3.423 8.294
112_5 -4.9 6.305 10.065
112_6 -4.3 6.501 10.343
112_7 -4.0 2.909 7.924
62_1 -8.0 0.000 0.000
62_2 -7.6 2.728 6.952
62_3 -6.3 2.541 7.033
62_4 -5.6 1.070 5.557
62_5 -5.6 2.137 6.086
94_1 -7.8 0.000 0.000
94_2 -7.7 2.389 7.504
94_3 -6.5 2.195 4.808
94_4 -5.8 2.254 4.599
94_5 -5.6 3.454 7.906
91_1 -10.6 0.000 0.000
91_2 -10.0 3.050 6.943
91_3 -9.9 3.075 6.992
91_4 -9.7 3.269 7.082
91_5 -9.5 1.258 2.288
91_6 -9.4 3.022 6.680
91_7 -9.1 2.899 4.765
84_1 -6.7 0.000 0.000
84_2 -6.6 2.747 8.052
84_3 -5.9 2.132 4.752
84_4 -5.0 2.562 8.041
