59_1 -7.4 0.000 0.000
59_2 -7.3 1.686 2.581
59_3 -7.0 3.903 7.797
59_4 -6.9 3.777 5.263
59_5 -6.7 3.245 6.858
59_6 -6.6 3.611 4.940
59_7 -6.5 3.750 6.652
59_8 -6.5 3.688 6.661
59_9 -6.2 3.762 6.789
45_1 -8.1 0.000 0.000
45_2 -8.0 1.519 4.048
45_3 -7.9 2.003 2.552
45_4 -7.9 3.422 7.337
45_5 -7.8 2.136 4.651
45_6 -7.7 3.025 8.372
45_7 -7.5 3.014 3.838
45_8 -7.3 3.681 7.938
45_9 -7.3 3.814 8.435
80_1 -9.7 0.000 0.000
80_2 -9.3 2.479 8.156
80_3 -9.2 2.530 6.094
80_4 -9.0 2.522 5.766
80_5 -9.0 2.304 5.596
80_6 -8.8 2.446 7.446
80_7 -8.8 1.524 2.441
80_8 -8.7 2.176 5.720
80_9 -8.7 3.147 5.249
77_1 -9.2 0.000 0.000
77_2 -9.1 1.585 2.109
77_3 -8.5 1.708 4.465
77_4 -8.3 4.141 7.482
77_5 -8.1 2.254 4.882
77_6 -7.9 1.419 1.998
77_7 -7.8 3.148 7.113
77_8 -7.7 2.882 8.365
77_9 -7.5 2.888 7.083
30_1 -9.6 0.000 0.000
30_2 -9.5 1.520 2.053
30_3 -8.8 4.290 7.498
30_4 -8.3 2.835 5.126
30_5 -8.3 3.605 6.806
30_6 -8.3 3.504 6.549
30_7 -8.2 3.462 7.589
30_8 -8.1 3.521 7.148
30_9 -8.0 3.619 8.303
76_1 -9.3 0.000 0.000
76_2 -9.3 1.514 2.079
76_3 -8.6 4.335 7.466
76_4 -8.4 3.053 8.304
76_5 -8.0 2.489 7.365
76_6 -7.9 2.903 8.563
76_7 -7.8 2.116 4.564
76_8 -7.7 2.711 7.136
76_9 -7.6 3.069 8.448
103_1 -6.0 0.000 0.000
103_2 -5.9 3.665 5.674
103_3 -5.3 1.660 2.252
103_4 -5.2 3.608 4.620
103_5 -4.8 4.964 6.749
103_6 -4.5 5.010 9.442
103_7 -4.1 4.185 9.386
103_8 -3.9 4.285 6.314
29_1 -8.0 0.000 0.000
29_2 -7.4 2.405 5.756
29_3 -7.4 1.857 5.389
29_4 -7.2 4.126 7.661
29_5 -7.1 2.547 7.066
29_6 -7.1 3.584 7.602
29_7 -6.9 3.178 8.865
29_8 -6.8 3.410 8.796
29_9 -6.6 3.651 8.531
20_1 -8.0 0.000 0.000
20_2 -7.2 2.044 2.787
20_3 -7.1 3.495 9.347
20_4 -7.0 3.339 8.940
20_5 -6.9 3.292 8.824
20_6 -6.8 4.228 7.886
20_7 -6.5 3.588 7.634
20_8 -6.3 3.201 8.872
20_9 -6.3 3.427 9.152
44_1 -9.1 0.000 0.000
44_2 -9.0 1.589 2.111
44_3 -8.4 1.763 4.431
44_4 -8.2 2.992 8.242
44_5 -7.7 2.898 8.409
44_6 -7.5 3.742 7.401
44_7 -7.5 3.056 8.487
44_8 -7.4 3.533 7.677
44_9 -7.3 2.451 5.054
38_1 -8.0 0.000 0.000
38_2 -7.5 1.675 5.050
38_3 -7.4 1.679 5.552
38_4 -7.2 2.248 5.537
38_5 -6.8 3.545 7.777
38_6 -6.8 3.821 7.926
38_7 -6.8 4.036 7.830
38_8 -6.7 3.226 8.727
38_9 -6.4 3.977 7.877
33_1 -7.8 0.000 0.000
122_1 -6.5 0.000 0.000
122_2 -6.5 0.113 1.149
122_3 -6.4 2.423 6.582
122_4 -6.4 3.183 6.562
122_5 -6.4 2.370 5.038
68_1 -7.8 0.000 0.000
68_2 -7.8 1.521 4.057
68_3 -7.8 2.544 4.679
68_4 -7.6 4.600 7.806
68_5 -7.6 1.747 2.330
68_6 -7.5 3.129 8.015
68_7 -7.5 2.972 8.133
68_8 -7.3 3.986 7.595
68_9 -7.2 2.489 5.065
27_1 -8.0 0.000 0.000
27_2 -8.0 2.019 2.456
27_3 -7.8 1.589 1.700
27_4 -7.7 1.581 3.916
27_5 -7.5 2.655 3.469
27_6 -7.5 3.032 8.337
27_7 -7.4 3.093 7.277
27_8 -7.3 4.233 7.285
27_9 -7.2 1.884 2.382
64_1 -7.0 0.000 0.000
64_2 -7.0 0.028 1.327
64_3 -7.0 4.170 6.686
64_4 -7.0 1.436 3.872
64_5 -6.9 4.596 6.745
64_6 -6.8 1.931 6.613
64_7 -6.3 2.391 3.102
64_8 -6.3 2.721 7.320
64_9 -6.2 3.838 5.847
104_1 -7.7 0.000 0.000
104_2 -7.2 3.731 5.177
104_3 -7.0 4.246 7.669
104_4 -7.0 1.302 2.007
104_5 -7.0 4.430 7.759
104_6 -6.4 2.796 4.435
104_7 -6.0 4.695 8.329
65_1 -8.1 0.000 0.000
65_2 -8.0 1.834 2.427
65_3 -7.4 2.128 2.956
65_4 -7.4 4.145 7.487
65_5 -7.1 1.605 3.882
65_6 -7.1 3.157 8.553
65_7 -7.1 3.260 6.342
65_8 -6.9 2.419 4.590
65_9 -6.8 3.197 7.142
79_1 -8.5 0.000 0.000
79_2 -8.5 1.529 2.230
79_3 -7.9 2.970 6.432
79_4 -7.7 3.930 7.059
79_5 -7.7 1.301 1.752
79_6 -7.7 2.214 4.327
79_7 -7.6 2.775 4.863
79_8 -7.4 4.265 7.445
79_9 -7.1 3.310 7.196
100_1 -6.9 0.000 0.000
100_2 -6.9 1.447 1.900
75_1 -6.9 0.000 0.000
75_2 -6.8 1.425 1.881
75_3 -6.8 4.218 7.609
47_1 -9.7 0.000 0.000
47_2 -9.6 1.811 4.255
47_3 -9.5 2.490 4.083
47_4 -9.3 2.780 5.337
47_5 -9.0 1.356 4.238
47_6 -9.0 1.772 2.809
47_7 -9.0 2.054 3.862
47_8 -8.9 3.929 6.350
95_1 -7.5 0.000 0.000
95_2 -7.5 0.022 1.338
95_3 -7.0 4.290 7.595
95_4 -6.6 4.274 7.418
95_5 -6.2 2.673 4.316
67_1 -6.9 0.000 0.000
67_2 -6.9 1.437 1.939
67_3 -6.8 4.179 7.361
114_1 -8.6 0.000 0.000
114_2 -8.6 1.506 2.138
114_3 -7.7 4.088 7.282
114_4 -7.5 2.311 6.676
114_5 -7.4 2.692 7.828
114_6 -7.4 2.767 4.831
114_7 -7.3 2.279 4.438
114_8 -7.3 2.836 8.544
114_9 -7.0 3.660 5.970
5_1 -9.0 0.000 0.000
5_2 -8.0 1.473 2.125
5_3 -8.0 2.634 5.501
5_4 -7.8 2.430 3.644
5_5 -7.8 2.907 6.029
5_6 -7.6 2.506 5.715
5_7 -7.5 2.670 5.613
5_8 -7.5 2.924 5.924
5_9 -7.4 2.689 3.591
60_1 -8.3 0.000 0.000
60_2 -8.2 1.562 2.203
60_3 -7.5 4.166 7.326
60_4 -7.5 1.376 3.704
60_5 -7.3 3.451 6.351
60_6 -7.1 2.249 4.433
60_7 -7.0 3.994 6.989
60_8 -7.0 3.359 7.014
60_9 -6.9 2.961 8.141
113_1 -8.3 0.000 0.000
113_2 -8.3 1.619 2.293
113_3 -7.9 4.177 7.290
113_4 -7.3 2.390 7.860
113_5 -7.3 3.993 6.915
113_6 -7.3 2.351 7.823
113_7 -7.3 2.502 7.813
113_8 -7.1 2.892 7.410
113_9 -7.0 1.396 3.436
31_1 -8.0 0.000 0.000
31_2 -7.2 2.781 5.938
31_3 -7.2 1.998 2.520
31_4 -7.0 3.766 7.493
31_5 -6.9 3.829 7.776
31_6 -6.8 1.595 5.151
31_7 -6.7 4.007 7.000
31_8 -6.6 4.361 7.055
31_9 -6.4 3.557 6.880
39_1 -9.1 0.000 0.000
39_2 -9.0 1.530 2.232
39_3 -8.2 4.157 7.413
39_4 -7.8 2.525 7.988
39_5 -7.7 2.187 4.559
39_6 -7.6 3.183 6.750
39_7 -7.5 3.571 7.005
39_8 -7.4 3.034 8.273
39_9 -7.3 1.360 3.959
82_1 -9.2 0.000 0.000
82_2 -9.1 1.594 2.116
82_3 -8.8 1.530 4.434
82_4 -8.5 4.134 7.437
82_5 -8.4 2.131 4.864
82_6 -8.3 2.922 8.212
82_7 -8.0 3.462 6.610
82_8 -7.9 3.241 7.156
82_9 -7.8 2.950 8.389
74_1 -9.8 0.000 0.000
74_2 -9.6 0.745 2.038
74_3 -9.6 1.367 3.057
74_4 -9.6 2.271 3.205
74_5 -9.5 3.951 6.062
74_6 -9.3 2.049 3.184
74_7 -9.3 4.224 7.579
74_8 -9.2 4.261 7.616
74_9 -9.1 2.373 8.069
28_1 -8.3 0.000 0.000
28_2 -8.2 1.624 2.166
28_3 -7.7 2.214 4.320
28_4 -7.6 2.798 6.429
28_5 -7.6 3.406 6.386
28_6 -7.5 4.138 7.295
28_7 -7.3 3.282 8.451
28_8 -7.2 3.169 7.993
28_9 -7.1 3.087 7.458
48_1 -8.7 0.000 0.000
48_2 -8.7 1.558 2.249
48_3 -8.0 4.311 7.402
48_4 -7.4 3.799 6.994
48_5 -7.4 2.047 4.322
48_6 -7.3 2.494 7.992
48_7 -7.2 3.192 6.920
48_8 -7.2 3.530 6.631
48_9 -7.2 2.366 8.255
41_1 -8.1 0.000 0.000
41_2 -8.1 1.563 2.213
41_3 -7.6 4.186 7.215
41_4 -7.2 1.857 3.867
41_5 -7.1 2.651 7.758
41_6 -7.0 2.653 8.393
41_7 -7.0 2.735 6.502
41_8 -6.8 3.674 7.207
41_9 -6.8 3.113 7.342
18_1 -9.0 0.000 0.000
18_2 -8.9 1.999 2.777
18_3 -8.9 2.351 6.081
18_4 -8.8 0.863 2.126
18_5 -8.7 2.707 6.901
18_6 -8.7 2.389 4.573
18_7 -8.6 2.379 5.118
18_8 -8.5 2.593 4.983
18_9 -8.5 2.322 5.880
115_1 -8.1 0.000 0.000
115_2 -8.1 1.800 2.355
115_3 -7.9 2.056 4.464
115_4 -7.2 1.345 3.976
115_5 -7.1 2.421 4.560
115_6 -7.1 2.499 8.152
115_7 -7.0 2.702 7.389
115_8 -7.0 2.344 3.429
115_9 -6.9 2.639 6.685
3_1 -9.6 0.000 0.000
3_2 -9.6 2.333 4.933
3_3 -9.6 1.597 5.675
3_4 -9.5 1.883 4.164
3_5 -9.4 1.201 1.531
3_6 -9.0 2.336 5.367
3_7 -8.9 2.266 3.970
3_8 -8.9 1.728 6.304
3_9 -8.7 1.657 5.452
8_1 -11.3 0.000 0.000
8_2 -11.3 2.199 7.872
8_3 -11.1 3.074 8.137
8_4 -11.0 1.758 2.489
8_5 -10.9 2.456 7.941
8_6 -10.9 2.954 8.182
8_7 -10.7 3.061 7.931
8_8 -10.6 1.998 7.984
106_1 -8.3 0.000 0.000
106_2 -8.2 1.526 2.167
106_3 -7.7 4.178 7.290
106_4 -7.3 1.815 4.089
106_5 -7.2 3.076 6.635
106_6 -7.2 2.720 7.845
106_7 -7.1 2.843 8.092
106_8 -7.0 3.553 6.715
106_9 -7.0 2.451 4.721
102_1 -7.7 0.000 0.000
102_2 -7.2 4.841 7.744
102_3 -7.0 4.873 7.777
117_1 -8.3 0.000 0.000
117_2 -8.3 1.679 2.282
117_3 -7.6 4.148 7.125
117_4 -7.4 3.131 6.812
117_5 -7.2 2.210 4.279
117_6 -7.2 2.595 6.615
117_7 -7.1 2.772 8.481
117_8 -7.1 2.679 4.844
117_9 -7.1 2.729 7.936
118_1 -9.2 0.000 0.000
118_2 -9.1 1.516 2.079
118_3 -8.5 2.287 4.929
118_4 -8.4 4.123 7.364
118_5 -8.1 2.747 8.215
118_6 -7.9 3.859 7.071
118_7 -7.9 2.884 7.001
118_8 -7.7 3.275 8.501
118_9 -7.3 3.560 7.661
50_1 -9.3 0.000 0.000
50_2 -9.2 1.515 2.095
50_3 -8.4 2.637 7.856
50_4 -8.2 2.956 7.150
50_5 -8.2 2.989 6.898
50_6 -7.8 2.120 5.537
50_7 -7.8 3.602 8.577
50_8 -7.7 2.505 5.817
50_9 -7.7 2.027 2.582
116_1 -8.0 0.000 0.000
116_2 -8.0 3.823 6.850
116_3 -7.9 4.658 5.816
116_4 -7.3 3.036 8.179
116_5 -7.2 3.825 8.760
116_6 -7.2 3.889 7.022
116_7 -7.0 3.503 4.257
116_8 -7.0 2.940 8.248
116_9 -7.0 4.503 5.836
57_1 -8.6 0.000 0.000
57_2 -8.6 1.510 2.213
57_3 -8.5 1.786 2.512
57_4 -7.9 2.348 4.090
57_5 -7.8 4.750 7.592
57_6 -7.8 2.109 2.437
57_7 -7.7 3.612 6.513
57_8 -7.7 3.432 7.673
57_9 -7.6 3.644 6.784
126_1 -7.7 0.000 0.000
126_2 -7.5 2.280 6.138
126_3 -7.5 1.713 5.790
126_4 -7.1 2.603 6.854
126_5 -6.7 3.966 7.803
126_6 -6.6 3.730 7.667
126_7 -6.6 3.750 9.344
126_8 -6.5 3.647 8.027
126_9 -6.5 2.906 8.087
88_1 -9.0 0.000 0.000
88_2 -8.9 1.517 2.120
88_3 -8.3 4.208 7.396
88_4 -8.1 2.601 8.067
88_5 -8.1 2.213 4.704
88_6 -7.7 2.933 6.939
88_7 -7.7 3.124 7.093
88_8 -7.7 3.913 7.034
88_9 -7.7 1.978 4.433
7_1 -8.9 0.000 0.000
7_2 -8.5 2.540 3.277
7_3 -8.0 3.425 6.443
7_4 -7.9 3.273 6.427
7_5 -6.9 3.146 6.040
7_6 -6.8 3.053 6.260
7_7 -6.8 3.873 8.363
7_8 -6.6 3.192 7.389
7_9 -6.5 3.279 6.494
40_1 -8.4 0.000 0.000
40_2 -8.2 1.633 2.141
40_3 -8.0 2.687 4.577
40_4 -7.9 5.004 7.843
40_5 -7.9 3.384 6.724
40_6 -7.6 1.420 1.919
40_7 -7.5 2.668 4.538
40_8 -7.5 3.454 8.128
40_9 -7.3 3.546 6.749
19_1 -8.2 0.000 0.000
19_2 -8.2 1.745 2.301
19_3 -7.9 3.593 6.759
19_4 -7.8 2.149 4.092
19_5 -7.8 2.888 4.715
19_6 -7.6 5.027 7.799
19_7 -7.5 3.617 8.121
19_8 -7.3 4.551 7.602
19_9 -7.2 2.414 3.016
72_1 -8.9 0.000 0.000
72_2 -8.9 1.535 2.176
72_3 -7.9 2.204 4.741
72_4 -7.8 3.996 7.313
72_5 -7.6 3.025 8.481
72_6 -7.6 1.889 4.429
72_7 -7.5 2.865 6.704
72_8 -7.2 3.064 8.191
72_9 -7.2 3.057 7.646
61_1 -9.0 0.000 0.000
61_2 -9.0 1.522 2.242
61_3 -8.3 4.178 7.458
61_4 -8.3 2.185 4.683
61_5 -7.9 1.889 2.607
61_6 -7.8 1.906 4.345
61_7 -7.6 3.158 8.456
61_8 -7.5 1.813 4.352
61_9 -7.4 3.002 8.290
53_1 -8.3 0.000 0.000
53_2 -8.2 1.568 2.160
53_3 -7.8 1.726 4.146
53_4 -7.8 2.249 4.582
53_5 -7.5 4.226 7.447
53_6 -7.5 3.304 8.437
53_7 -7.5 2.844 4.951
53_8 -7.4 4.183 7.298
53_9 -7.4 1.270 1.850
120_1 -7.7 0.000 0.000
120_2 -7.6 1.627 2.606
120_3 -7.3 2.395 5.073
35_1 -8.8 0.000 0.000
35_2 -8.8 1.501 2.047
35_3 -8.1 3.313 6.589
35_4 -8.1 3.439 7.744
35_5 -8.0 3.623 6.701
35_6 -8.0 2.461 4.551
35_7 -7.9 3.018 5.042
35_8 -7.6 4.275 7.339
35_9 -7.4 4.000 8.278
83_1 -6.6 0.000 0.000
83_2 -6.6 4.185 7.407
99_1 -9.2 0.000 0.000
99_2 -9.2 1.464 2.016
99_3 -8.2 3.049 8.279
99_4 -8.0 2.091 2.922
99_5 -7.8 2.834 7.393
99_6 -7.5 3.613 8.400
99_7 -7.5 3.572 7.344
99_8 -7.4 3.637 7.619
99_9 -7.3 3.720 8.185
108_1 -7.0 0.000 0.000
108_2 -6.9 4.204 6.621
108_3 -6.9 1.665 4.109
108_4 -6.9 4.654 6.855
108_5 -6.6 3.037 4.968
108_6 -6.6 3.881 6.706
108_7 -6.4 3.664 5.743
108_8 -6.3 2.749 3.807
108_9 -5.8 4.032 6.406
22_1 -8.1 0.000 0.000
22_2 -7.7 2.960 8.613
22_3 -7.7 2.271 4.751
22_4 -7.7 1.493 4.148
22_5 -7.6 1.813 2.369
22_6 -7.4 2.042 2.819
22_7 -7.1 1.718 4.302
22_8 -7.0 3.421 8.590
22_9 -7.0 2.920 8.369
4_1 -11.6 0.000 0.000
4_2 -11.4 1.325 3.030
4_3 -10.9 1.593 3.247
4_4 -10.8 2.087 4.996
4_5 -10.6 2.583 5.938
4_6 -10.4 1.861 5.263
4_7 -10.4 1.868 4.932
4_8 -10.3 2.304 6.550
4_9 -10.2 1.609 4.180
51_1 -8.4 0.000 0.000
51_2 -8.3 0.391 1.028
51_3 -8.3 1.572 2.376
51_4 -7.5 3.508 7.295
51_5 -7.3 2.824 6.974
51_6 -7.3 2.909 7.718
51_7 -7.3 3.567 6.794
51_8 -7.2 1.758 4.492
51_9 -7.1 2.215 4.914
85_1 -8.8 0.000 0.000
85_2 -8.8 1.712 2.273
85_3 -8.3 4.194 7.476
85_4 -8.0 1.658 4.170
85_5 -7.9 3.740 7.036
85_6 -7.6 2.289 4.685
85_7 -7.6 3.553 6.731
85_8 -7.6 2.766 8.339
85_9 -7.4 3.843 7.355
90_1 -8.9 0.000 0.000
90_2 -8.8 1.629 2.300
90_3 -8.1 1.718 4.317
90_4 -7.9 4.656 7.515
90_5 -7.2 3.694 7.735
90_6 -7.2 2.596 4.891
90_7 -7.1 4.467 8.226
90_8 -7.1 4.218 8.574
90_9 -6.9 4.181 7.354
23_1 -8.1 0.000 0.000
23_2 -7.8 2.013 2.505
23_3 -7.6 2.255 5.653
23_4 -7.4 2.585 5.971
23_5 -7.4 4.267 7.616
23_6 -7.2 2.645 6.942
23_7 -7.1 3.026 8.283
23_8 -7.0 3.472 9.099
23_9 -6.7 3.561 9.109
105_1 -8.4 0.000 0.000
105_2 -8.2 1.828 4.514
105_3 -8.2 2.446 4.959
105_4 -7.7 1.913 2.412
105_5 -7.5 3.131 8.753
105_6 -7.4 3.187 7.807
105_7 -7.4 3.518 8.718
105_8 -7.3 2.227 5.070
105_9 -7.3 3.468 8.233
2_1 -8.7 0.000 0.000
2_2 -8.0 1.937 4.418
2_3 -7.9 1.220 3.669
2_4 -7.9 1.905 4.507
2_5 -7.6 2.457 5.610
2_6 -7.4 2.382 5.554
2_7 -7.4 2.081 4.245
2_8 -7.2 2.063 4.443
2_9 -6.8 3.780 7.126
54_1 -8.2 0.000 0.000
54_2 -8.1 1.556 2.202
54_3 -7.6 1.257 3.656
54_4 -7.2 2.225 4.383
54_5 -7.0 2.855 8.268
54_6 -6.7 2.852 8.177
54_7 -6.7 3.088 5.304
54_8 -6.7 3.894 8.113
54_9 -6.5 2.249 3.092
123_1 -7.2 0.000 0.000
123_2 -7.1 4.212 7.623
123_3 -7.1 4.396 7.589
123_4 -6.2 4.321 7.580
123_5 -5.7 4.011 6.791
25_1 -9.3 0.000 0.000
25_2 -9.3 2.527 4.167
25_3 -9.2 2.626 5.132
25_4 -9.2 1.938 4.692
25_5 -9.2 2.499 5.374
25_6 -9.0 2.295 4.888
25_7 -9.0 1.388 2.062
97_1 -6.9 0.000 0.000
97_2 -6.8 2.846 5.829
97_3 -6.8 1.983 6.111
97_4 -6.8 2.487 6.467
97_5 -6.7 2.778 6.697
97_6 -6.7 2.637 6.355
97_7 -6.6 2.554 6.579
81_1 -10.0 0.000 0.000
81_2 -9.8 2.429 4.027
81_3 -9.8 2.239 5.090
81_4 -9.7 2.737 5.567
81_5 -9.5 1.214 1.774
81_6 -9.4 2.905 5.813
9_1 -8.8 0.000 0.000
9_2 -8.3 2.665 6.604
9_3 -8.3 2.905 5.967
9_4 -8.0 3.245 6.357
9_5 -8.0 1.401 2.244
9_6 -7.9 2.519 3.765
9_7 -7.7 3.521 6.653
9_8 -7.6 3.910 8.477
9_9 -7.6 3.151 5.641
124_1 -8.7 0.000 0.000
124_2 -8.6 1.834 2.461
124_3 -7.9 4.158 8.046
124_4 -7.8 2.106 6.495
124_5 -7.8 4.164 9.326
124_6 -7.8 4.197 8.019
124_7 -7.7 3.765 9.480
124_8 -7.4 4.474 9.209
124_9 -6.5 2.425 6.533
42_1 -8.1 0.000 0.000
42_2 -8.0 2.127 6.297
42_3 -7.8 1.796 6.352
42_4 -7.7 1.640 2.345
42_5 -7.6 3.221 7.236
42_6 -7.2 2.572 4.040
42_7 -7.1 2.563 3.713
42_8 -7.1 2.282 6.500
42_9 -7.0 1.940 2.969
101_1 -8.0 0.000 0.000
101_2 -7.9 1.555 2.208
101_3 -7.6 4.143 7.298
101_4 -7.1 1.522 3.698
101_5 -6.9 2.693 8.260
101_6 -6.8 2.703 8.216
101_7 -6.6 3.646 6.102
101_8 -6.3 2.927 5.138
101_9 -6.3 2.341 3.156
34_1 -7.9 0.000 0.000
34_2 -7.8 2.155 4.053
34_3 -7.8 2.904 4.740
34_4 -7.8 5.196 7.833
34_5 -7.7 1.704 2.204
34_6 -7.6 3.624 6.797
34_7 -7.5 3.575 8.129
34_8 -6.9 4.007 7.803
34_9 -6.9 3.987 8.181
14_1 -8.5 0.000 0.000
14_2 -8.4 1.529 2.202
14_3 -7.7 1.474 3.920
14_4 -7.6 3.114 6.392
14_5 -7.5 2.603 7.566
14_6 -7.5 2.241 4.645
14_7 -7.3 3.953 7.033
14_8 -7.2 3.613 6.927
14_9 -7.1 3.371 6.744
24_1 -8.9 0.000 0.000
24_2 -8.8 1.720 2.264
24_3 -8.3 4.192 7.481
24_4 -8.0 1.656 4.173
24_5 -7.7 3.748 7.028
24_6 -7.7 3.043 6.996
24_7 -7.7 3.044 7.232
24_8 -7.6 2.776 8.335
24_9 -7.4 2.480 4.806
10_1 -8.4 0.000 0.000
10_2 -8.1 1.645 2.187
10_3 -8.0 2.716 4.600
10_4 -7.9 2.583 4.475
10_5 -7.9 4.978 7.863
10_6 -7.8 3.595 8.075
10_7 -7.5 3.452 8.136
10_8 -7.4 4.248 8.292
10_9 -7.4 3.191 6.728
36_1 -8.3 0.000 0.000
36_2 -8.2 3.791 6.765
36_3 -8.1 3.395 7.261
36_4 -8.1 3.408 6.912
36_5 -8.1 3.153 8.001
36_6 -7.9 3.742 7.601
36_7 -7.8 1.571 1.694
36_8 -7.4 3.874 7.150
36_9 -7.4 1.820 2.151
71_1 -8.3 0.000 0.000
71_2 -8.3 1.509 2.227
71_3 -7.7 1.431 4.343
71_4 -7.7 1.991 2.565
71_5 -7.7 2.961 6.437
71_6 -7.4 2.079 4.852
71_7 -7.2 2.644 8.179
71_8 -7.2 2.951 8.307
71_9 -6.9 3.845 8.018
92_1 -6.7 0.000 0.000
92_2 -6.6 3.414 5.026
92_3 -6.6 2.359 3.175
92_4 -6.6 3.975 6.901
92_5 -6.5 3.496 5.920
46_1 -8.4 0.000 0.000
46_2 -8.4 1.507 2.129
46_3 -7.5 3.877 7.231
46_4 -7.5 2.865 6.524
46_5 -7.5 1.641 4.246
46_6 -7.4 2.145 4.744
46_7 -7.4 3.529 6.778
46_8 -7.4 1.233 1.989
46_9 -7.1 2.982 8.039
43_1 -7.8 0.000 0.000
43_2 -7.5 4.114 5.591
43_3 -7.5 3.769 6.251
43_4 -7.5 3.638 5.500
43_5 -7.3 4.220 6.144
6_1 -9.2 0.000 0.000
6_2 -9.0 1.100 1.862
6_3 -8.9 2.278 5.795
6_4 -8.9 1.994 5.096
6_5 -8.6 2.080 4.910
49_1 -8.3 0.000 0.000
49_2 -8.2 1.530 2.167
49_3 -7.5 1.490 3.948
49_4 -7.5 3.953 7.278
49_5 -7.3 2.547 7.548
49_6 -7.2 3.209 6.364
49_7 -7.0 2.147 4.544
49_8 -7.0 3.632 6.975
49_9 -6.9 3.124 8.535
66_1 -8.2 0.000 0.000
66_2 -8.2 1.526 2.165
66_3 -7.6 1.516 3.884
66_4 -7.4 4.095 7.468
66_5 -7.1 2.057 4.407
66_6 -7.1 3.128 8.534
66_7 -7.0 2.775 5.339
66_8 -6.9 2.265 4.741
66_9 -6.9 3.570 6.734
16_1 -11.0 0.000 0.000
16_2 -10.9 1.575 8.363
16_3 -9.8 2.911 8.493
16_4 -9.7 3.129 4.524
16_5 -9.4 1.764 2.560
16_6 -9.2 2.087 3.003
16_7 -9.2 1.798 8.320
16_8 -9.1 2.013 8.514
16_9 -9.1 3.342 4.677
78_1 -7.9 0.000 0.000
78_2 -7.4 1.681 4.498
78_3 -7.4 2.138 2.609
78_4 -7.3 1.501 4.552
78_5 -7.3 4.117 7.237
78_6 -7.2 2.191 4.985
78_7 -7.2 2.985 8.023
78_8 -7.1 3.707 7.248
78_9 -7.1 1.740 4.829
15_1 -8.4 0.000 0.000
15_2 -8.1 1.649 2.188
15_3 -8.0 2.695 4.588
15_4 -7.9 2.566 4.445
15_5 -7.9 4.987 7.834
15_6 -7.9 3.366 6.724
15_7 -7.4 4.225 8.281
15_8 -7.3 3.608 6.666
15_9 -7.2 2.690 3.636
96_1 -7.3 0.000 0.000
96_2 -7.2 1.120 1.487
96_3 -6.8 4.294 6.400
96_4 -6.8 4.634 7.846
96_5 -6.5 4.435 7.501
96_6 -6.2 4.645 8.023
12_1 -10.3 0.000 0.000
12_2 -10.3 1.061 3.148
12_3 -9.8 3.095 6.104
12_4 -9.8 1.460 3.660
12_5 -9.7 2.220 7.627
12_6 -9.7 1.724 3.877
12_7 -9.6 1.253 2.223
12_8 -9.6 2.716 7.955
13_1 -8.7 0.000 0.000
13_2 -8.4 2.087 5.746
13_3 -8.2 1.083 1.784
13_4 -8.1 1.659 4.773
13_5 -8.1 2.391 5.734
13_6 -8.0 1.588 2.335
13_7 -8.0 1.833 2.669
13_8 -8.0 2.284 5.293
13_9 -7.8 2.366 5.185
107_1 -8.2 0.000 0.000
107_2 -8.2 1.634 2.285
107_3 -7.8 4.131 7.249
107_4 -7.3 3.239 6.323
107_5 -7.3 3.912 6.846
107_6 -7.3 1.270 3.628
107_7 -7.2 2.592 7.936
107_8 -7.0 3.365 6.347
107_9 -6.9 2.643 7.955
26_1 -8.4 0.000 0.000
26_2 -8.3 1.527 2.168
26_3 -7.7 4.097 7.248
26_4 -7.6 2.930 6.458
26_5 -7.6 1.412 4.067
26_6 -7.5 3.216 6.325
26_7 -7.3 2.206 4.687
26_8 -7.2 2.960 8.004
26_9 -7.0 3.925 7.928
89_1 -7.9 0.000 0.000
89_2 -7.8 3.681 4.851
89_3 -7.5 2.084 3.158
89_4 -7.4 3.787 4.837
89_5 -7.2 0.762 2.042
89_6 -7.2 1.498 2.046
89_7 -7.0 4.218 8.748
89_8 -7.0 4.312 8.788
89_9 -6.4 3.372 8.375
69_1 -8.2 0.000 0.000
69_2 -8.1 1.562 2.196
69_3 -7.6 4.179 7.322
69_4 -7.6 1.248 3.639
69_5 -7.2 2.260 4.438
69_6 -7.0 2.823 8.245
69_7 -7.0 3.934 6.912
69_8 -6.8 3.629 6.809
69_9 -6.8 2.738 8.036
109_1 -7.0 0.000 0.000
109_2 -7.0 0.103 1.373
109_3 -6.8 2.895 5.016
109_4 -6.7 2.181 4.507
109_5 -6.7 1.969 2.702
109_6 -6.7 2.654 5.062
73_1 -8.4 0.000 0.000
73_2 -8.3 1.530 2.167
73_3 -7.6 3.586 6.433
73_4 -7.4 3.070 7.617
73_5 -7.4 2.080 4.107
73_6 -7.2 2.688 4.617
73_7 -7.1 3.518 8.425
73_8 -6.9 3.089 5.244
73_9 -6.8 3.894 6.828
87_1 -6.7 0.000 0.000
110_1 -7.9 0.000 0.000
110_2 -7.5 1.897 5.511
110_3 -6.9 3.081 9.115
110_4 -6.8 4.049 7.853
110_5 -6.5 3.584 7.896
110_6 -6.3 2.460 5.742
110_7 -6.2 2.510 3.078
110_8 -6.1 2.833 8.478
110_9 -6.1 3.326 4.603
21_1 -8.8 0.000 0.000
21_2 -8.8 1.507 2.124
21_3 -8.1 2.920 6.721
21_4 -7.8 2.271 4.827
21_5 -7.8 4.037 7.351
21_6 -7.7 1.485 4.351
21_7 -7.5 3.077 8.216
21_8 -7.5 2.638 7.993
21_9 -7.3 3.198 8.391
70_1 -8.0 0.000 0.000
70_2 -8.0 2.547 4.468
70_3 -7.9 1.870 3.871
70_4 -7.6 3.715 8.436
70_5 -7.6 4.419 7.312
70_6 -7.5 3.343 7.463
70_7 -7.5 3.462 7.227
70_8 -7.5 2.144 2.703
70_9 -7.1 3.338 8.136
56_1 -8.1 0.000 0.000
56_2 -8.1 1.527 2.233
56_3 -7.6 2.190 4.333
56_4 -7.6 2.716 4.784
56_5 -7.6 2.130 2.953
56_6 -7.5 2.746 6.434
56_7 -7.4 3.381 6.424
56_8 -7.2 2.986 7.659
56_9 -7.2 3.328 7.310
52_1 -9.2 0.000 0.000
52_2 -9.1 1.596 2.303
52_3 -8.7 1.528 4.466
52_4 -8.5 4.100 7.411
52_5 -8.4 2.143 4.882
52_6 -7.9 3.109 7.192
52_7 -7.9 2.697 7.346
52_8 -7.8 2.948 8.434
52_9 -7.7 3.641 7.365
11_1 -8.3 0.000 0.000
11_2 -8.1 1.632 2.179
11_3 -8.0 2.478 4.327
11_4 -7.9 4.970 7.825
11_5 -7.9 2.689 4.594
11_6 -7.9 3.324 6.686
11_7 -7.7 3.031 4.925
11_8 -7.4 3.366 5.417
11_9 -7.4 3.140 6.693
63_1 -8.6 0.000 0.000
63_2 -8.6 1.563 2.211
63_3 -8.1 4.063 7.241
63_4 -7.5 2.845 8.388
63_5 -7.4 1.378 3.943
63_6 -7.4 2.310 4.658
63_7 -7.4 3.732 6.888
63_8 -7.3 3.526 6.923
63_9 -7.3 2.955 6.576
111_1 -8.1 0.000 0.000
111_2 -7.6 4.090 7.817
111_3 -7.3 4.328 8.071
111_4 -7.1 4.099 7.414
111_5 -6.9 4.096 7.270
111_6 -6.8 4.078 6.195
111_7 -6.7 4.272 8.118
111_8 -6.7 4.513 8.175
111_9 -6.6 4.306 7.767
125_1 -6.0 0.000 0.000
125_2 -5.9 2.248 5.509
125_3 -4.3 3.568 9.995
125_4 -3.8 4.347 9.942
125_5 -3.8 4.594 10.077
125_6 -3.4 3.945 10.011
32_1 -9.1 0.000 0.000
32_2 -8.9 1.528 2.179
32_3 -8.1 4.106 7.548
32_4 -8.1 1.550 4.030
32_5 -7.9 2.256 4.600
32_6 -7.6 3.255 6.677
32_7 -7.6 3.711 6.905
32_8 -7.5 2.210 4.430
32_9 -7.5 3.125 8.361
93_1 -7.1 0.000 0.000
93_2 -6.9 3.150 5.190
93_3 -6.9 2.003 2.622
93_4 -6.9 1.538 2.086
93_5 -6.8 2.712 5.222
93_6 -6.8 2.357 4.464
98_1 -8.2 0.000 0.000
98_2 -8.1 1.913 2.494
98_3 -7.0 1.850 4.611
98_4 -7.0 2.803 8.973
98_5 -7.0 2.840 9.115
98_6 -6.9 3.245 5.616
98_7 -6.9 3.399 6.912
98_8 -6.6 2.805 7.746
98_9 -6.6 3.218 8.067
121_1 -9.0 0.000 0.000
121_2 -8.9 2.094 2.996
121_3 -8.8 2.722 7.551
121_4 -8.8 5.560 6.367
121_5 -8.7 1.777 2.614
121_6 -8.6 1.913 2.554
121_7 -8.5 6.168 7.393
121_8 -8.5 4.971 8.694
121_9 -8.4 1.876 7.182
58_1 -8.4 0.000 0.000
58_2 -8.4 1.570 2.200
58_3 -7.9 4.269 7.376
58_4 -7.6 1.240 3.668
58_5 -7.4 3.517 6.543
58_6 -7.4 3.847 6.865
58_7 -7.4 2.653 8.152
58_8 -7.4 2.576 8.259
58_9 -7.2 3.757 6.881
86_1 -8.3 0.000 0.000
86_2 -8.2 1.465 1.897
86_3 -8.2 1.016 2.963
86_4 -7.8 4.101 6.244
86_5 -7.8 3.997 5.684
55_1 -9.6 0.000 0.000
55_2 -9.5 1.543 2.251
55_3 -8.5 4.424 7.517
55_4 -8.2 3.833 7.289
55_5 -8.0 4.000 8.646
55_6 -7.8 2.955 5.281
55_7 -7.8 3.708 8.296
55_8 -7.7 3.706 8.171
55_9 -7.5 2.590 4.928
17_1 -10.1 0.000 0.000
17_2 -10.0 3.291 6.240
17_3 -10.0 2.630 6.077
17_4 -10.0 1.675 3.623
17_5 -9.9 3.418 5.783
17_6 -9.8 1.824 5.381
37_1 -8.4 0.000 0.000
37_2 -8.4 1.630 2.282
37_3 -7.9 2.564 7.789
37_4 -7.9 1.524 4.334
37_5 -7.8 3.495 6.994
37_6 -7.7 2.996 6.495
37_7 -7.7 2.242 4.867
37_8 -7.4 3.394 6.886
37_9 -7.4 3.132 7.255
119_1 -8.2 0.000 0.000
119_2 -8.2 1.558 2.208
119_3 -7.6 4.196 7.265
119_4 -7.2 3.078 6.553
119_5 -7.2 1.671 3.799
119_6 -7.1 2.684 8.379
119_7 -7.1 3.784 6.853
119_8 -7.0 2.824 7.608
119_9 -6.9 3.675 7.232
112_1 -8.0 0.000 0.000
112_2 -7.8 1.247 3.481
112_3 -7.8 1.724 2.262
112_4 -7.7 2.093 4.123
112_5 -7.4 2.911 8.232
112_6 -7.4 3.530 8.364
112_7 -7.4 3.529 6.857
112_8 -7.4 4.267 7.289
112_9 -7.3 2.725 8.254
62_1 -9.2 0.000 0.000
62_2 -8.9 2.605 6.457
62_3 -8.9 2.565 7.147
62_4 -8.8 2.586 6.761
62_5 -8.3 3.125 6.763
62_6 -8.3 2.900 8.415
62_7 -8.3 2.932 8.363
62_8 -8.1 3.084 7.362
62_9 -8.0 3.337 4.087
94_1 -8.6 0.000 0.000
94_2 -8.5 1.824 2.420
94_3 -8.3 2.640 4.601
94_4 -8.2 3.701 8.278
94_5 -8.2 2.918 6.956
94_6 -8.1 3.000 4.972
94_7 -7.9 3.560 8.110
94_8 -7.5 3.087 7.241
94_9 -7.3 4.392 7.244
91_1 -9.4 0.000 0.000
91_2 -9.3 2.287 5.371
91_3 -9.3 1.750 5.730
91_4 -9.1 2.746 5.180
91_5 -9.0 3.182 5.410
91_6 -8.9 2.726 5.349
91_7 -8.9 3.022 6.236
91_8 -8.8 2.487 5.402
91_9 -8.8 0.928 2.167
84_1 -8.4 0.000 0.000
84_2 -8.1 1.973 4.473
84_3 -8.1 2.566 5.020
84_4 -7.9 2.592 5.000
84_5 -7.6 2.261 4.563
84_6 -7.4 3.168 8.674
84_7 -7.2 3.219 7.809
84_8 -7.2 2.103 2.938
84_9 -7.2 3.563 8.708
