59_1 -10.2 0.000 0.000
59_2 -8.9 1.282 2.036
59_3 -7.5 2.930 5.668
59_4 -7.5 2.590 9.382
45_1 -9.4 0.000 0.000
45_2 -8.6 3.162 4.976
45_3 -8.5 3.223 6.199
45_4 -8.4 3.610 5.642
45_5 -8.3 3.214 6.164
45_6 -8.0 1.691 2.402
45_7 -6.8 4.149 9.231
45_8 -6.6 2.309 3.249
45_9 -6.5 1.703 2.110
80_1 -12.3 0.000 0.000
80_2 -9.6 1.782 8.695
77_1 -7.9 0.000 0.000
77_2 -7.5 2.822 8.172
77_3 -7.5 2.831 8.116
77_4 -6.7 3.106 8.562
77_5 -5.9 3.632 8.025
77_6 -5.2 3.342 7.863
77_7 -5.1 3.045 8.794
30_1 -9.6 0.000 0.000
30_2 -9.5 1.358 2.057
30_3 -9.3 3.546 8.366
30_4 -8.2 1.858 2.279
30_5 -7.8 3.678 8.431
30_6 -7.8 4.172 8.770
30_7 -7.7 2.557 3.518
30_8 -7.1 3.138 4.649
30_9 -7.1 3.708 8.402
76_1 -9.5 0.000 0.000
76_2 -9.3 1.725 2.221
76_3 -9.2 2.385 3.322
76_4 -9.2 2.876 8.734
76_5 -8.6 3.377 4.973
76_6 -8.2 3.521 5.875
76_7 -8.1 3.588 9.114
76_8 -7.4 1.921 2.669
103_1 -7.6 0.000 0.000
29_1 -9.8 0.000 0.000
29_2 -8.6 3.289 6.105
29_3 -8.5 1.798 2.496
29_4 -7.2 2.947 8.663
20_1 -10.2 0.000 0.000
20_2 -8.9 1.807 2.549
20_3 -8.6 3.250 6.107
20_4 -7.9 2.909 8.409
20_5 -7.8 3.001 8.645
44_1 -7.8 0.000 0.000
44_2 -7.5 2.862 8.101
44_3 -7.5 2.862 8.176
44_4 -7.0 3.004 7.941
44_5 -6.4 1.597 1.647
44_6 -5.9 3.547 7.989
44_7 -5.5 2.958 8.301
44_8 -5.2 3.034 8.756
44_9 -5.1 3.186 8.509
38_1 -8.6 0.000 0.000
38_2 -8.5 3.213 6.060
38_3 -7.6 1.707 2.341
38_4 -6.8 3.349 5.502
38_5 -6.6 2.948 5.290
38_6 -6.5 2.891 8.275
38_7 -6.3 2.713 4.902
38_8 -6.2 3.332 9.151
38_9 -5.7 2.641 5.187
33_1 6.8 0.000 0.000
33_2 9.6 1.608 5.066
122_1 -5.9 0.000 0.000
122_2 -4.3 2.409 7.488
122_3 -3.4 1.986 4.256
68_1 -10.1 0.000 0.000
68_2 -9.4 3.585 6.445
68_3 -8.7 1.825 3.790
68_4 -8.6 1.638 4.110
68_5 -8.4 2.656 3.556
27_1 -8.9 0.000 0.000
27_2 -8.9 2.880 4.506
27_3 -8.5 1.345 3.717
27_4 -8.3 2.221 4.728
27_5 -8.1 1.449 3.592
27_6 -8.0 1.493 1.995
27_7 -7.8 2.443 3.790
27_8 -7.5 2.207 4.488
27_9 -7.3 2.334 3.508
64_1 -10.2 0.000 0.000
64_2 -9.4 1.457 4.012
64_3 -8.9 4.075 5.983
64_4 -8.5 2.546 6.976
104_1 -7.8 0.000 0.000
104_2 -6.2 4.083 8.172
104_3 -5.9 3.051 4.764
104_4 -5.5 4.024 7.668
65_1 -9.9 0.000 0.000
65_2 -9.0 3.789 6.653
65_3 -8.6 1.559 3.754
65_4 -8.0 2.110 4.421
65_5 -7.8 2.950 8.158
65_6 -7.7 2.130 4.263
65_7 -7.7 3.163 5.932
65_8 -7.4 2.780 3.757
79_1 -10.6 0.000 0.000
79_2 -8.8 3.639 6.208
79_3 -8.4 2.248 4.123
79_4 -8.1 2.727 3.642
79_5 -7.8 3.850 5.695
79_6 -7.7 3.336 5.787
100_1 -5.9 0.000 0.000
100_2 -5.1 1.833 4.346
100_3 -4.3 4.054 7.738
75_1 -5.8 0.000 0.000
75_2 -4.2 1.841 4.280
75_3 -4.1 4.183 7.724
47_1 -12.9 0.000 0.000
47_2 -12.8 1.280 4.255
47_3 -12.1 1.576 2.232
47_4 -11.4 2.271 5.959
47_5 -11.1 2.288 4.435
47_6 -11.0 3.488 6.115
47_7 -11.0 1.693 3.717
47_8 -10.4 7.269 9.971
47_9 -10.1 2.237 4.622
95_1 -5.7 0.000 0.000
95_2 -5.6 4.079 7.322
95_3 -3.5 3.985 7.819
95_4 -3.4 2.947 4.561
67_1 -5.9 0.000 0.000
67_2 -4.3 1.840 4.376
67_3 -4.1 4.219 7.727
67_4 -3.1 3.502 6.006
114_1 -9.8 0.000 0.000
114_2 -8.9 1.156 1.421
114_3 -8.1 2.670 7.680
114_4 -8.0 2.214 4.021
114_5 -7.8 3.978 6.752
114_6 -7.5 3.122 4.113
114_7 -7.4 1.300 1.667
5_1 -7.8 0.000 0.000
5_2 -6.0 2.997 6.814
5_3 -5.6 2.506 6.026
5_4 -5.3 2.954 6.623
60_1 -9.8 0.000 0.000
60_2 -9.3 3.717 6.505
60_3 -8.8 1.298 3.609
60_4 -8.4 1.578 3.598
60_5 -7.9 1.971 4.069
60_6 -7.9 2.042 4.269
60_7 -7.7 2.445 8.306
60_8 -7.7 2.966 5.623
60_9 -7.6 2.433 3.298
113_1 -11.0 0.000 0.000
113_2 -10.9 2.017 8.156
113_3 -10.4 3.232 9.314
113_4 -9.5 3.790 6.362
113_5 -9.5 1.638 2.237
113_6 -9.5 3.622 6.266
113_7 -9.4 2.674 8.888
113_8 -9.3 1.955 7.912
113_9 -8.7 4.673 9.670
31_1 -5.0 0.000 0.000
31_2 -4.9 2.043 5.968
31_3 -4.4 4.326 8.162
31_4 -4.4 1.870 2.231
31_5 -4.0 1.601 2.327
31_6 -3.4 2.994 3.977
31_7 -2.4 3.296 4.308
31_8 -2.1 4.314 8.162
39_1 -10.3 0.000 0.000
39_2 -8.8 1.396 3.894
39_3 -8.5 3.620 6.661
39_4 -8.0 1.819 2.569
39_5 -7.8 2.841 7.711
39_6 -7.8 2.888 3.825
39_7 -7.8 2.658 3.829
39_8 -7.5 2.132 4.602
39_9 -7.3 2.188 4.323
82_1 -8.0 0.000 0.000
82_2 -7.9 1.502 2.345
82_3 -7.2 2.429 3.264
82_4 -6.7 3.339 8.544
82_5 -6.1 2.876 4.768
82_6 -5.6 2.653 5.144
74_1 -12.6 0.000 0.000
74_2 -12.4 2.613 7.689
74_3 -12.4 2.407 8.651
74_4 -12.3 2.603 8.652
74_5 -12.0 0.993 1.904
74_6 -11.9 2.296 8.063
74_7 -11.7 1.247 1.937
74_8 -11.2 2.171 7.920
74_9 -10.9 2.020 7.527
28_1 -9.3 0.000 0.000
28_2 -8.2 1.423 2.160
28_3 -7.5 3.950 8.761
28_4 -7.1 2.035 2.834
48_1 -10.2 0.000 0.000
48_2 -9.7 1.180 3.666
48_3 -9.4 3.737 6.706
48_4 -8.8 3.270 9.077
48_5 -8.2 1.961 4.386
48_6 -7.9 2.502 3.362
48_7 -7.8 2.323 8.419
48_8 -7.8 2.373 8.162
48_9 -7.7 3.388 9.255
41_1 -9.7 0.000 0.000
41_2 -8.9 3.685 6.493
41_3 -8.7 1.698 3.591
41_4 -7.5 2.301 4.394
41_5 -7.3 2.731 3.453
41_6 -7.3 3.302 5.624
41_7 -7.1 1.964 3.805
41_8 -7.1 2.615 7.382
41_9 -7.0 1.612 2.273
18_1 -11.8 0.000 0.000
18_2 -11.5 1.930 6.936
18_3 -11.2 2.018 7.155
18_4 -11.1 1.424 2.193
18_5 -10.7 1.385 1.962
18_6 -10.6 0.975 2.093
18_7 -9.5 2.151 6.908
115_1 -8.9 0.000 0.000
115_2 -8.7 2.816 7.616
115_3 -7.6 2.041 4.384
115_4 -7.1 1.322 3.815
115_5 -7.0 2.653 4.924
115_6 -6.9 2.690 3.942
115_7 -6.9 3.328 6.082
115_8 -6.7 2.551 7.926
115_9 -6.5 3.530 5.075
3_1 -11.8 0.000 0.000
3_2 -11.5 2.052 5.957
3_3 -11.2 2.165 3.914
3_4 -11.1 1.514 5.552
3_5 -9.9 1.531 6.559
8_1 -15.1 0.000 0.000
8_2 -14.8 0.662 3.126
106_1 -10.1 0.000 0.000
106_2 -9.2 3.714 6.624
106_3 -8.6 1.460 3.772
106_4 -7.9 2.167 4.539
106_5 -7.7 2.840 8.150
106_6 -7.7 3.030 5.847
106_7 -7.4 2.749 3.723
106_8 -7.4 2.645 8.396
106_9 -7.3 3.762 5.733
102_1 -8.0 0.000 0.000
102_2 -7.6 4.678 7.584
102_3 -5.1 4.696 7.563
117_1 -10.0 0.000 0.000
117_2 -8.9 3.643 6.519
117_3 -8.3 1.880 3.811
117_4 -7.5 2.614 7.582
117_5 -7.5 2.869 3.698
117_6 -7.4 3.645 8.952
118_1 -8.1 0.000 0.000
118_2 -7.5 2.831 8.235
118_3 -7.5 2.816 8.103
118_4 -6.8 1.585 1.640
118_5 -6.7 2.918 7.933
118_6 -6.5 1.620 2.125
118_7 -5.9 3.569 7.990
118_8 -5.5 3.569 8.004
118_9 -5.4 3.262 7.847
50_1 -9.4 0.000 0.000
50_2 -8.1 1.866 2.156
50_3 -7.2 1.320 1.987
50_4 -7.1 2.148 2.883
116_1 -9.3 0.000 0.000
116_2 -8.6 2.806 9.237
116_3 -7.6 3.241 9.513
57_1 -9.1 0.000 0.000
57_2 -8.8 4.238 6.314
57_3 -8.2 3.598 4.590
57_4 -7.9 2.703 4.523
57_5 -7.8 5.267 7.187
57_6 -7.8 1.648 2.469
57_7 -7.7 2.150 2.881
57_8 -7.6 2.744 3.339
57_9 -7.5 4.384 6.874
126_1 -10.0 0.000 0.000
126_2 -8.9 1.577 2.306
126_3 -8.4 3.332 6.072
126_4 -7.7 2.864 8.899
126_5 -7.6 2.816 9.089
126_6 -7.0 2.922 4.824
88_1 -8.6 0.000 0.000
88_2 -8.1 1.091 1.346
88_3 -8.1 3.307 5.020
88_4 -7.8 2.648 7.773
88_5 -7.7 2.546 3.455
88_6 -7.3 1.701 4.228
88_7 -7.2 3.094 4.096
88_8 -6.7 3.469 6.626
88_9 -6.0 2.826 4.525
7_1 -5.1 0.000 0.000
7_2 -4.8 2.271 6.451
7_3 -4.5 0.717 1.524
7_4 -3.9 2.803 6.744
7_5 -2.8 3.059 6.869
40_1 -10.9 0.000 0.000
40_2 -9.3 2.192 3.832
40_3 -9.0 3.650 6.280
40_4 -8.5 2.195 4.047
40_5 -8.4 2.520 3.507
19_1 -10.5 0.000 0.000
19_2 -9.5 3.812 6.458
19_3 -9.0 2.146 3.801
19_4 -8.3 2.612 3.512
19_5 -8.1 3.205 5.624
19_6 -7.6 3.141 7.590
72_1 -10.8 0.000 0.000
72_2 -9.5 1.816 3.945
72_3 -9.4 3.698 6.609
72_4 -9.1 1.446 3.910
72_5 -8.9 2.941 3.887
72_6 -8.3 3.598 5.453
72_7 -8.0 2.050 3.011
72_8 -7.8 3.074 5.716
72_9 -7.8 2.772 3.945
61_1 -8.7 0.000 0.000
61_2 -8.5 2.666 7.926
61_3 -8.3 2.071 2.794
61_4 -8.1 1.409 4.001
61_5 -7.6 2.888 4.320
61_6 -7.6 2.656 3.670
61_7 -7.2 2.649 7.802
61_8 -6.5 2.229 4.833
61_9 -6.2 2.514 4.010
53_1 -10.6 0.000 0.000
53_2 -8.0 2.548 3.410
53_3 -7.9 1.430 2.147
53_4 -7.8 1.533 3.728
53_5 -7.7 3.391 7.738
120_1 -10.2 0.000 0.000
120_2 -10.0 1.684 2.717
120_3 -9.3 2.115 3.167
120_4 -9.3 2.369 3.638
120_5 -9.1 1.805 3.336
120_6 -9.0 4.392 6.366
120_7 -8.9 2.646 3.902
35_1 -10.2 0.000 0.000
35_2 -9.1 3.930 6.451
35_3 -8.3 2.405 4.264
35_4 -8.3 3.588 7.625
35_5 -8.2 3.548 4.558
35_6 -8.1 3.376 5.711
35_7 -7.6 3.395 5.301
83_1 -5.7 0.000 0.000
83_2 -4.7 1.949 4.366
99_1 -8.0 0.000 0.000
99_2 -7.5 1.353 2.030
99_3 -6.9 1.907 2.861
99_4 -6.4 3.185 4.405
99_5 -5.9 2.639 4.038
99_6 -5.7 2.770 8.164
99_7 -5.3 2.089 3.139
108_1 -10.4 0.000 0.000
108_2 -9.4 1.916 4.070
108_3 -8.4 4.172 5.995
108_4 -8.0 2.478 7.009
22_1 -9.8 0.000 0.000
22_2 -8.9 3.257 6.232
22_3 -8.3 2.671 4.144
22_4 -8.0 3.368 6.315
22_5 -8.0 3.553 5.658
22_6 -7.9 2.968 5.809
22_7 -7.2 2.869 8.195
22_8 -7.2 2.895 5.554
22_9 -7.0 3.028 8.545
4_1 -6.1 0.000 0.000
4_2 -5.9 2.038 5.295
4_3 -4.6 3.001 8.011
4_4 -4.4 2.550 5.717
51_1 -9.3 0.000 0.000
51_2 -8.3 3.626 6.484
51_3 -7.6 1.784 3.988
51_4 -7.6 2.822 7.617
51_5 -7.4 2.869 3.999
51_6 -7.3 1.574 3.937
51_7 -7.1 3.660 5.611
51_8 -6.8 2.024 2.972
51_9 -6.8 3.079 5.912
85_1 -9.2 0.000 0.000
85_2 -7.8 1.604 2.165
85_3 -7.7 2.504 3.459
85_4 -7.4 1.721 4.066
85_5 -7.1 3.360 5.074
85_6 -7.1 2.969 4.029
85_7 -6.9 3.518 6.732
85_8 -6.2 1.565 3.821
90_1 -10.0 0.000 0.000
90_2 -9.5 3.223 5.069
90_3 -9.4 3.164 5.712
90_4 -8.8 3.319 6.211
90_5 -8.0 1.443 2.244
90_6 -7.7 4.077 8.741
90_7 -7.7 2.169 2.940
90_8 -7.7 2.532 5.046
90_9 -7.5 1.915 4.185
23_1 -10.3 0.000 0.000
23_2 -8.9 1.707 2.416
23_3 -7.8 3.155 8.616
23_4 -7.8 2.911 8.375
23_5 -7.7 2.302 3.169
105_1 -9.6 0.000 0.000
105_2 -8.5 1.745 2.517
105_3 -8.5 3.178 5.941
105_4 -7.9 3.015 5.669
105_5 -7.7 3.180 4.911
105_6 -7.6 3.158 8.487
105_7 -7.5 2.994 8.207
2_1 -11.0 0.000 0.000
2_2 -10.6 2.384 4.492
2_3 -10.5 2.204 4.319
2_4 -10.5 2.800 4.692
54_1 -10.3 0.000 0.000
54_2 -9.6 3.694 6.454
54_3 -9.3 1.270 3.540
54_4 -8.8 1.504 3.544
54_5 -8.2 2.069 4.372
54_6 -8.2 3.200 8.928
54_7 -8.1 2.988 5.600
54_8 -7.7 2.692 8.043
54_9 -7.7 2.472 3.327
123_1 -7.1 0.000 0.000
123_2 -6.4 4.059 8.073
123_3 -6.0 3.870 7.457
123_4 -4.8 4.249 8.296
123_5 -4.4 3.825 7.379
25_1 -12.6 0.000 0.000
25_2 -10.7 2.720 4.323
25_3 -10.5 2.368 5.655
25_4 -10.5 3.568 6.256
25_5 -10.3 3.205 5.087
25_6 -10.2 3.686 7.336
25_7 -10.0 1.397 4.741
25_8 -9.8 2.721 4.700
25_9 -9.7 2.147 3.966
97_1 -3.6 0.000 0.000
97_2 -1.9 1.727 5.931
97_3 -1.7 1.996 2.725
97_4 -0.6 2.042 6.201
81_1 -13.5 0.000 0.000
81_2 -12.3 3.157 6.002
81_3 -12.1 3.486 7.320
81_4 -11.2 1.952 3.792
81_5 -10.8 3.277 5.365
81_6 -10.7 2.009 4.752
9_1 -8.1 0.000 0.000
9_2 -6.3 2.799 6.296
9_3 -5.7 3.132 6.666
124_1 -8.4 0.000 0.000
124_2 -6.2 3.371 10.209
124_3 -5.9 2.509 3.927
42_1 -6.8 0.000 0.000
42_2 -6.2 2.270 6.996
42_3 -5.6 2.488 3.674
42_4 -4.8 3.712 5.703
42_5 -4.5 1.618 6.647
42_6 -4.4 3.053 5.067
42_7 -4.2 3.030 5.109
42_8 -4.2 3.944 8.256
42_9 -3.9 3.841 6.127
101_1 -9.9 0.000 0.000
101_2 -9.3 3.621 6.429
101_3 -9.0 1.488 3.500
101_4 -8.4 3.498 8.986
101_5 -7.8 3.011 5.559
101_6 -7.6 2.203 4.341
101_7 -7.4 3.411 9.178
101_8 -7.3 2.407 3.306
101_9 -7.3 2.815 7.340
34_1 -10.2 0.000 0.000
34_2 -9.3 3.633 6.218
34_3 -8.5 2.071 3.773
34_4 -7.2 1.582 2.107
14_1 -10.5 0.000 0.000
14_2 -8.9 1.645 3.671
14_3 -8.6 3.495 6.301
14_4 -8.6 1.387 3.783
14_5 -7.9 2.111 4.499
14_6 -7.9 2.626 3.601
14_7 -7.7 1.506 2.202
14_8 -7.6 3.679 5.672
24_1 -9.2 0.000 0.000
24_2 -8.1 0.793 1.027
24_3 -7.8 1.559 2.216
24_4 -7.7 2.492 3.443
24_5 -7.4 1.718 4.064
24_6 -7.1 2.979 4.036
10_1 -11.0 0.000 0.000
10_2 -9.1 3.638 6.269
10_3 -8.5 2.204 4.064
10_4 -8.4 2.488 3.463
36_1 -10.4 0.000 0.000
36_2 -9.5 3.477 6.388
36_3 -9.2 0.888 1.122
36_4 -8.6 2.515 3.466
36_5 -8.5 1.380 3.763
36_6 -8.1 2.982 5.591
71_1 -10.9 0.000 0.000
71_2 -8.5 3.351 6.223
71_3 -8.4 2.601 3.587
92_1 -7.5 0.000 0.000
92_2 -5.4 3.223 6.326
46_1 -9.5 0.000 0.000
46_2 -8.4 3.771 6.672
46_3 -8.4 1.817 4.072
46_4 -7.7 1.454 3.942
46_5 -7.6 2.915 3.984
46_6 -7.3 3.711 5.659
46_7 -7.1 1.993 2.950
46_8 -6.5 3.268 5.888
43_1 -10.1 0.000 0.000
43_2 -9.5 2.256 4.279
43_3 -9.4 0.703 1.189
43_4 -9.2 1.758 4.700
43_5 -9.0 2.940 6.209
43_6 -9.0 1.284 3.925
6_1 -12.2 0.000 0.000
6_2 -11.3 1.416 4.018
6_3 -11.1 1.399 4.988
6_4 -10.8 3.081 5.207
6_5 -9.7 1.905 6.199
6_6 -9.7 2.059 4.085
6_7 -9.2 2.424 4.642
49_1 -10.1 0.000 0.000
49_2 -9.0 3.814 6.732
49_3 -8.6 1.588 3.721
49_4 -8.6 1.319 3.740
49_5 -8.0 2.071 4.438
49_6 -7.5 3.146 5.966
49_7 -7.4 3.740 5.753
49_8 -7.4 2.661 3.647
49_9 -7.3 2.976 8.254
66_1 -9.5 0.000 0.000
66_2 -9.2 4.083 6.356
66_3 -8.7 2.818 4.190
66_4 -8.2 1.672 2.384
66_5 -8.2 3.948 8.408
66_6 -8.1 3.553 8.072
66_7 -8.1 3.517 6.559
66_8 -7.8 3.515 6.493
66_9 -7.8 2.297 3.318
16_1 -12.6 0.000 0.000
16_2 -12.0 1.949 8.152
16_3 -11.3 2.678 8.414
16_4 -11.2 2.217 3.139
16_5 -10.5 2.581 4.503
78_1 -8.3 0.000 0.000
78_2 -7.6 3.150 5.952
78_3 -7.3 3.118 4.917
78_4 -6.7 3.093 5.672
78_5 -6.2 2.926 8.666
78_6 -6.0 2.480 3.472
78_7 -5.9 1.761 5.087
78_8 -5.7 2.762 7.707
15_1 -10.9 0.000 0.000
15_2 -9.2 2.178 3.827
15_3 -9.0 3.650 6.275
15_4 -8.4 2.192 4.055
15_5 -8.4 2.505 3.459
15_6 -8.2 2.577 4.450
96_1 -8.2 0.000 0.000
96_2 -7.3 4.159 7.349
96_3 -6.1 1.730 3.892
96_4 -5.9 4.277 7.889
96_5 -5.8 2.627 4.554
12_1 -12.7 0.000 0.000
12_2 -12.6 0.758 3.199
12_3 -11.3 2.620 7.918
12_4 -9.9 2.932 9.561
13_1 -9.6 0.000 0.000
13_2 -9.4 2.299 6.257
13_3 -9.3 1.762 3.686
13_4 -8.3 2.700 5.890
13_5 -8.3 2.086 4.127
13_6 -7.8 2.094 5.424
13_7 -6.9 1.660 2.704
13_8 -6.8 2.013 5.154
107_1 -10.7 0.000 0.000
107_2 -10.6 3.613 6.277
107_3 -10.3 3.695 5.649
107_4 -10.1 2.168 8.291
107_5 -9.1 2.211 8.005
107_6 -9.1 1.759 2.515
107_7 -8.9 4.095 6.532
107_8 -8.5 3.658 8.364
107_9 -8.4 3.904 8.555
26_1 -9.1 0.000 0.000
26_2 -8.7 3.661 5.735
26_3 -8.1 2.838 4.431
26_4 -7.8 3.302 6.273
26_5 -7.6 4.311 9.221
26_6 -7.3 1.150 3.706
26_7 -7.1 2.456 5.020
26_8 -6.8 2.220 3.041
26_9 -6.8 1.962 4.271
89_1 -8.3 0.000 0.000
89_2 -7.6 1.647 2.926
89_3 -6.4 0.725 2.188
89_4 -5.4 2.379 3.194
69_1 -10.3 0.000 0.000
69_2 -9.6 3.638 6.371
69_3 -9.3 1.269 3.538
69_4 -8.3 2.070 4.364
69_5 -8.2 1.776 3.837
69_6 -8.0 2.986 5.652
69_7 -7.7 2.446 3.288
69_8 -7.4 1.547 2.217
109_1 -6.8 0.000 0.000
109_2 -5.2 1.740 4.173
73_1 -10.0 0.000 0.000
73_2 -8.7 4.129 6.535
73_3 -8.2 1.341 1.426
73_4 -7.8 2.001 3.904
73_5 -7.6 3.115 3.806
73_6 -7.4 3.407 7.512
73_7 -7.1 3.597 5.737
87_1 -5.7 0.000 0.000
110_1 -9.9 0.000 0.000
110_2 -8.7 1.599 2.264
110_3 -7.7 2.264 3.105
110_4 -7.2 2.679 9.135
110_5 -7.0 3.419 5.751
21_1 -8.8 0.000 0.000
21_2 -7.9 3.389 5.233
21_3 -7.9 3.235 5.956
21_4 -7.7 2.841 8.663
21_5 -7.6 2.059 5.180
21_6 -7.5 1.685 4.048
21_7 -7.3 2.284 4.646
21_8 -6.6 2.818 4.404
21_9 -6.1 1.537 3.984
70_1 -9.9 0.000 0.000
70_2 -9.3 3.748 6.390
70_3 -8.4 2.481 3.358
70_4 -8.0 3.111 5.576
70_5 -8.0 2.079 3.786
56_1 -10.3 0.000 0.000
56_2 -8.2 2.627 3.518
56_3 -8.1 3.606 6.201
56_4 -7.6 3.367 4.932
52_1 -8.2 0.000 0.000
52_2 -7.9 2.810 8.177
52_3 -7.9 2.795 8.118
52_4 -6.8 3.372 8.659
52_5 -6.8 2.721 7.927
52_6 -6.7 1.624 2.319
52_7 -6.1 3.569 8.004
52_8 -5.4 3.384 7.852
11_1 -10.9 0.000 0.000
11_2 -8.9 3.781 6.451
11_3 -8.4 2.198 4.055
11_4 -8.3 2.508 3.464
11_5 -8.3 2.572 4.416
63_1 -10.5 0.000 0.000
63_2 -10.1 3.722 6.621
63_3 -8.7 1.342 3.697
63_4 -8.6 1.601 3.619
63_5 -8.6 3.028 5.783
63_6 -8.3 2.687 8.147
63_7 -8.2 1.480 1.791
63_8 -8.1 2.518 3.401
63_9 -7.7 3.795 5.829
111_1 -9.2 0.000 0.000
111_2 -7.1 4.230 8.276
111_3 -6.5 2.093 4.988
125_1 -5.1 0.000 0.000
125_2 -4.8 3.655 11.005
32_1 -10.7 0.000 0.000
32_2 -8.9 1.335 3.846
32_3 -8.2 2.700 3.722
32_4 -8.1 2.101 3.022
32_5 -8.0 3.713 5.750
32_6 -8.0 2.793 3.975
32_7 -7.8 2.343 4.629
93_1 -5.2 0.000 0.000
93_2 -4.9 1.916 4.262
93_3 -4.7 3.287 7.022
98_1 -9.8 0.000 0.000
98_2 -9.0 3.996 6.975
98_3 -7.4 1.513 3.822
98_4 -7.4 2.095 4.136
98_5 -7.4 1.493 2.033
98_6 -7.4 3.706 5.691
98_7 -7.2 3.016 4.108
98_8 -7.1 2.771 7.676
98_9 -6.9 2.990 8.117
121_1 -11.2 0.000 0.000
121_2 -10.6 2.689 6.883
121_3 -10.4 3.473 7.448
121_4 -9.8 1.930 2.482
121_5 -9.7 2.460 7.048
121_6 -9.5 1.893 7.538
121_7 -8.7 2.325 3.711
58_1 -10.6 0.000 0.000
58_2 -9.9 3.668 6.518
58_3 -9.5 1.126 3.453
58_4 -7.9 1.579 3.658
86_1 -10.7 0.000 0.000
86_2 -10.5 4.433 6.229
86_3 -10.3 2.588 4.327
86_4 -10.3 4.356 6.016
86_5 -10.1 2.698 4.275
55_1 -8.0 0.000 0.000
55_2 -7.6 3.848 8.639
55_3 -6.8 1.580 1.869
55_4 -5.4 4.075 8.744
55_5 -5.2 3.977 8.031
17_1 -13.1 0.000 0.000
17_2 -11.7 0.772 1.070
17_3 -11.5 3.401 6.741
17_4 -11.4 3.132 5.799
17_5 -10.8 3.225 6.624
17_6 -10.5 2.447 3.861
17_7 -10.2 6.017 9.935
37_1 -10.6 0.000 0.000
37_2 -8.2 2.687 3.628
37_3 -8.0 1.630 4.060
37_4 -7.7 3.678 5.738
119_1 -10.1 0.000 0.000
119_2 -9.6 3.603 6.427
119_3 -9.3 1.399 3.574
119_4 -9.2 1.357 1.474
119_5 -7.6 2.927 5.440
119_6 -7.5 2.524 3.361
119_7 -7.3 2.838 7.286
119_8 -7.2 3.819 5.794
112_1 -10.5 0.000 0.000
112_2 -9.4 1.409 3.504
112_3 -8.8 1.809 3.805
112_4 -8.0 2.752 5.129
62_1 -6.4 0.000 0.000
62_2 -4.9 3.150 7.024
62_3 -4.3 1.883 6.340
62_4 -4.1 2.762 7.679
94_1 -10.1 0.000 0.000
94_2 -9.4 2.542 4.237
94_3 -8.4 1.559 2.185
94_4 -8.3 2.388 4.245
94_5 -7.3 3.844 5.720
91_1 -13.1 0.000 0.000
91_2 -12.7 3.062 7.312
91_3 -12.5 2.467 7.052
91_4 -10.9 3.618 5.791
91_5 -10.5 2.981 7.469
84_1 -9.5 0.000 0.000
84_2 -8.4 1.737 2.515
84_3 -8.3 3.356 5.961
84_4 -7.9 3.386 5.098
84_5 -7.8 3.025 5.724
84_6 -7.6 2.876 8.240
84_7 -7.5 3.070 8.475
