82_1 -7.8 0.000 0.000
82_2 -7.5 1.856 2.569
82_3 -7.4 2.134 2.949
82_4 -7.3 3.721 6.116
82_5 -7.3 4.626 7.070
82_6 -7.3 2.449 5.462
82_7 -7.2 1.983 4.767
82_8 -7.1 2.826 5.361
82_9 -7.0 1.648 2.348
50_1 -8.0 0.000 0.000
50_2 -7.8 3.843 5.993
50_3 -7.6 4.184 6.120
50_4 -7.5 3.659 5.855
50_5 -7.4 3.927 5.946
50_6 -7.0 1.487 2.036
50_7 -7.0 1.353 1.725
50_8 -6.7 3.536 5.517
50_9 -6.7 2.677 3.988
3_1 -7.4 0.000 0.000
3_2 -7.1 4.077 5.884
3_3 -7.0 4.370 6.305
3_4 -6.9 3.239 3.983
3_5 -6.9 4.192 6.611
3_6 -6.8 4.665 6.178
3_7 -6.8 4.531 5.803
3_8 -6.6 3.419 6.059
3_9 -6.6 4.210 5.967
37_1 -7.8 0.000 0.000
37_2 -7.4 1.845 2.512
37_3 -7.4 3.779 5.665
37_4 -7.4 2.069 2.718
37_5 -7.3 3.692 6.018
37_6 -7.2 1.508 2.183
37_7 -7.1 4.182 6.780
37_8 -7.0 2.097 5.159
37_9 -6.9 3.351 5.799
2_1 -8.0 0.000 0.000
2_2 -7.8 3.854 6.011
2_3 -7.3 3.727 5.902
2_4 -6.8 3.465 5.496
2_5 -6.8 3.771 5.584
2_6 -6.7 1.783 2.275
2_7 -6.6 2.433 3.318
2_8 -6.5 4.863 7.490
2_9 -6.4 1.940 4.927
45_1 -7.4 0.000 0.000
45_2 -7.4 1.971 4.532
45_3 -7.0 2.224 4.707
45_4 -7.0 4.253 6.715
45_5 -6.8 3.760 5.318
45_6 -6.8 2.257 4.995
45_7 -6.8 2.225 4.757
45_8 -6.8 3.221 5.452
45_9 -6.7 4.336 7.110
17_1 -7.5 0.000 0.000
17_2 -7.0 2.381 3.812
17_3 -6.9 2.605 3.851
17_4 -6.8 2.358 5.925
17_5 -6.7 3.511 5.331
17_6 -6.7 2.624 4.961
17_7 -6.6 2.532 4.338
17_8 -6.5 1.575 2.207
17_9 -6.4 2.641 5.098
4_1 -7.5 0.000 0.000
4_2 -6.9 2.357 4.198
4_3 -6.9 2.386 6.181
4_4 -6.9 2.487 4.970
4_5 -6.9 2.476 3.732
4_6 -6.7 2.784 6.049
4_7 -6.5 2.242 3.309
4_8 -6.5 2.709 5.276
4_9 -6.4 1.707 2.364
14_1 -7.3 0.000 0.000
14_2 -7.2 3.249 5.762
14_3 -7.2 3.295 6.105
14_4 -6.8 3.702 5.932
14_5 -6.8 2.689 5.017
14_6 -6.7 2.271 3.077
14_7 -6.7 1.936 2.911
14_8 -6.6 3.506 6.365
14_9 -6.5 2.290 4.271
46_1 -8.6 0.000 0.000
46_2 -8.6 0.247 1.220
46_3 -7.7 2.527 5.176
46_4 -7.6 4.337 6.380
46_5 -7.4 2.991 5.432
46_6 -7.3 1.801 2.583
46_7 -7.3 3.964 7.306
46_8 -7.2 1.674 2.187
46_9 -7.2 4.544 6.707
26_1 -7.3 0.000 0.000
26_2 -7.1 3.237 5.681
26_3 -7.1 3.298 6.105
26_4 -6.7 3.395 5.916
26_5 -6.7 3.712 6.107
26_6 -6.6 1.886 2.820
26_7 -6.5 2.561 3.629
26_8 -6.5 3.505 6.374
26_9 -6.4 2.454 4.789
53_1 -9.1 0.000 0.000
53_2 -9.1 0.379 1.064
53_3 -8.8 1.124 1.956
53_4 -7.9 2.387 5.031
53_5 -7.8 3.719 6.298
53_6 -7.8 2.357 5.223
53_7 -7.6 2.024 4.808
53_8 -7.5 3.149 5.941
53_9 -7.5 1.629 2.391
19_1 -7.3 0.000 0.000
19_2 -7.1 3.246 5.750
19_3 -7.1 3.213 6.058
19_4 -6.7 2.255 3.150
19_5 -6.7 2.696 5.010
19_6 -6.7 3.396 5.819
19_7 -6.6 2.039 3.038
19_8 -6.5 2.293 4.273
19_9 -6.5 1.598 2.209
72_1 -8.4 0.000 0.000
72_2 -7.5 2.964 5.509
72_3 -7.1 4.498 7.302
72_4 -7.1 4.004 6.139
72_5 -7.0 3.811 5.122
72_6 -6.7 4.453 7.416
72_7 -6.6 3.873 6.376
72_8 -6.5 4.477 6.280
72_9 -6.4 4.665 7.094
20_1 -7.6 0.000 0.000
20_2 -7.6 2.346 3.222
20_3 -7.6 3.623 5.858
20_4 -7.4 2.208 3.279
20_5 -7.4 2.764 3.872
20_6 -7.3 4.055 6.421
20_7 -7.3 1.764 2.328
20_8 -7.2 2.636 5.465
20_9 -7.1 3.079 4.348
10_1 -8.1 0.000 0.000
10_2 -7.9 3.757 6.045
10_3 -6.8 2.633 4.034
10_4 -6.8 2.821 4.453
10_5 -6.8 3.802 5.700
10_6 -6.6 3.282 5.616
10_7 -6.4 4.290 6.773
10_8 -6.4 2.326 4.690
10_9 -6.3 3.638 6.173
70_1 -8.0 0.000 0.000
70_2 -8.0 2.757 3.665
70_3 -7.8 3.271 4.866
70_4 -7.7 1.848 2.302
70_5 -7.5 3.568 4.744
70_6 -7.3 3.133 4.018
70_7 -7.2 3.513 5.321
70_8 -7.2 2.356 4.967
70_9 -7.1 1.332 2.141
43_1 -7.7 0.000 0.000
43_2 -7.4 2.035 2.665
43_3 -7.3 1.664 2.218
43_4 -7.3 4.131 6.817
43_5 -7.2 1.839 4.572
43_6 -7.1 1.887 4.762
43_7 -7.1 1.807 2.434
43_8 -7.0 3.706 5.965
43_9 -6.8 2.678 3.971
21_1 -7.5 0.000 0.000
21_2 -6.9 2.630 3.837
21_3 -6.8 2.560 4.169
21_4 -6.8 2.370 5.886
21_5 -6.7 3.247 5.396
21_6 -6.6 2.517 6.135
21_7 -6.6 2.535 4.281
21_8 -6.5 1.536 2.145
21_9 -6.4 2.855 5.916
34_1 -8.2 0.000 0.000
34_2 -7.8 2.893 5.273
34_3 -7.5 3.974 6.450
34_4 -7.1 3.844 6.300
34_5 -7.0 3.385 5.162
34_6 -6.8 2.452 4.736
34_7 -6.8 3.778 5.042
34_8 -6.8 4.269 6.429
34_9 -6.7 4.214 6.114
42_1 -7.8 0.000 0.000
42_2 -7.6 3.867 5.671
42_3 -7.3 1.381 1.812
42_4 -7.3 4.435 7.048
42_5 -7.2 1.994 4.712
42_6 -7.2 2.194 3.021
42_7 -7.2 2.167 2.988
42_8 -7.1 3.256 5.508
42_9 -7.1 1.710 2.337
41_1 -8.4 0.000 0.000
41_2 -7.7 2.372 5.336
41_3 -7.6 2.626 5.376
41_4 -7.4 3.926 7.251
41_5 -7.4 4.318 6.925
41_6 -7.2 1.878 4.858
41_7 -6.9 3.821 6.806
41_8 -6.5 4.459 7.039
41_9 -5.8 3.902 7.272
16_1 -7.6 0.000 0.000
16_2 -7.6 2.335 3.261
16_3 -7.6 3.616 5.794
16_4 -7.4 2.807 3.949
16_5 -7.4 2.139 3.234
16_6 -7.3 3.393 5.580
16_7 -7.3 4.030 6.463
16_8 -7.1 3.017 5.219
16_9 -7.1 3.045 4.251
55_1 -7.3 0.000 0.000
55_2 -7.2 2.074 2.910
55_3 -7.1 2.941 4.203
55_4 -6.9 2.114 4.785
55_5 -6.9 2.336 3.412
55_6 -6.7 4.084 6.819
55_7 -6.5 3.798 6.555
55_8 -6.5 2.397 4.016
55_9 -6.5 2.849 4.591
5_1 -7.3 0.000 0.000
5_2 -7.2 3.278 6.103
5_3 -6.8 3.811 6.124
5_4 -6.8 3.428 5.820
5_5 -6.7 2.273 3.072
5_6 -6.7 2.690 5.012
5_7 -6.6 2.593 4.852
5_8 -6.5 3.514 6.405
5_9 -6.3 3.340 6.286
48_1 -8.5 0.000 0.000
48_2 -7.8 2.757 5.386
48_3 -7.5 2.563 5.242
48_4 -7.3 4.186 7.023
48_5 -7.2 3.503 6.361
48_6 -7.0 4.721 7.149
48_7 -6.8 4.412 6.706
48_8 -6.6 4.059 7.495
48_9 -6.6 1.891 4.677
76_1 -7.2 0.000 0.000
76_2 -7.2 2.158 3.061
76_3 -6.8 2.960 4.149
76_4 -6.6 2.328 5.083
76_5 -6.6 2.482 4.134
76_6 -6.5 3.474 5.920
76_7 -6.5 2.257 5.053
76_8 -6.4 2.778 5.493
76_9 -6.4 1.577 2.401
11_1 -8.0 0.000 0.000
11_2 -8.0 3.889 6.033
11_3 -7.5 3.937 6.311
11_4 -7.5 3.857 5.876
11_5 -6.8 3.803 5.706
11_6 -6.8 1.817 4.818
11_7 -6.7 3.496 5.462
11_8 -6.7 2.407 3.166
11_9 -6.7 2.679 4.290
40_1 -8.8 0.000 0.000
40_2 -8.3 2.365 3.049
40_3 -8.3 4.013 6.152
40_4 -8.1 1.620 2.154
40_5 -8.0 3.820 5.349
40_6 -7.8 4.003 6.204
40_7 -7.8 4.128 6.391
40_8 -7.7 3.913 5.636
40_9 -7.5 3.935 5.333
36_1 -8.1 0.000 0.000
36_2 -8.0 3.755 6.048
36_3 -7.5 3.804 5.873
36_4 -7.0 3.495 5.593
36_5 -6.8 2.676 4.413
36_6 -6.7 2.120 2.790
36_7 -6.6 3.287 5.650
36_8 -6.6 2.532 3.329
36_9 -6.5 1.518 2.096
49_1 -8.1 0.000 0.000
49_2 -8.0 3.753 6.046
49_3 -7.2 3.853 5.990
49_4 -6.9 3.552 6.134
49_5 -6.8 1.524 2.042
49_6 -6.7 3.831 5.759
49_7 -6.6 2.566 3.315
49_8 -6.6 3.315 5.692
49_9 -6.6 2.524 3.350
56_1 -8.3 0.000 0.000
56_2 -7.6 2.980 5.570
56_3 -7.2 1.834 4.904
56_4 -7.1 2.897 5.032
56_5 -6.9 3.926 5.331
56_6 -6.8 3.852 6.113
56_7 -6.7 4.463 7.407
56_8 -6.4 3.744 6.127
56_9 -6.4 4.389 6.630
65_1 -8.0 0.000 0.000
65_2 -8.0 3.313 4.896
65_3 -7.9 2.849 3.731
65_4 -7.6 1.973 2.609
65_5 -7.6 2.283 3.254
65_6 -7.5 3.619 4.827
65_7 -7.2 3.425 5.203
65_8 -7.0 2.847 5.623
65_9 -6.9 2.198 3.464
52_1 -7.8 0.000 0.000
52_2 -7.4 1.734 2.261
52_3 -7.4 2.068 2.713
52_4 -7.3 3.673 6.029
52_5 -7.2 2.218 5.041
52_6 -7.2 4.588 7.081
52_7 -7.1 1.802 2.469
52_8 -7.0 2.772 5.350
52_9 -6.9 1.388 2.152
81_1 -9.2 0.000 0.000
81_2 -8.9 1.111 1.690
81_3 -7.9 3.617 6.298
81_4 -7.8 2.160 4.977
81_5 -7.8 3.547 6.331
81_6 -7.5 3.149 5.912
81_7 -7.5 2.475 5.815
81_8 -7.5 4.089 7.028
81_9 -7.3 4.021 7.367
75_1 -8.1 0.000 0.000
75_2 -8.0 3.035 4.200
75_3 -7.8 2.079 2.750
75_4 -7.7 3.373 4.909
75_5 -7.3 2.961 5.672
75_6 -7.3 1.788 2.397
75_7 -7.2 2.831 3.925
75_8 -7.1 3.145 5.425
75_9 -7.0 3.981 6.388
27_1 -7.6 0.000 0.000
27_2 -7.1 2.281 4.019
27_3 -7.0 2.377 6.186
27_4 -6.9 2.437 4.979
27_5 -6.9 2.432 3.759
27_6 -6.8 2.486 4.348
27_7 -6.8 2.540 5.124
27_8 -6.7 2.387 5.179
27_9 -6.6 1.777 2.570
24_1 -7.3 0.000 0.000
24_2 -7.1 3.332 6.133
24_3 -7.1 3.265 5.721
24_4 -6.8 3.422 5.818
24_5 -6.7 2.274 3.073
24_6 -6.7 2.681 5.010
24_7 -6.4 2.297 4.286
24_8 -6.4 3.587 6.547
24_9 -6.4 3.119 5.468
54_1 -8.1 0.000 0.000
54_2 -8.0 3.070 4.214
54_3 -7.8 2.065 2.768
54_4 -7.8 3.395 4.877
54_5 -7.5 1.603 2.124
54_6 -7.4 2.498 3.635
54_7 -7.3 2.981 5.722
54_8 -7.1 2.665 4.860
54_9 -7.1 3.115 5.397
57_1 -8.0 0.000 0.000
57_2 -7.6 4.122 5.950
57_3 -7.4 1.043 1.501
57_4 -7.4 3.275 5.492
57_5 -7.4 1.994 4.783
57_6 -7.2 1.939 4.796
57_7 -7.2 1.734 2.385
57_8 -7.1 2.677 5.717
57_9 -7.1 4.505 7.219
23_1 -7.6 0.000 0.000
23_2 -7.0 2.332 4.187
23_3 -6.9 2.456 4.992
23_4 -6.8 2.450 3.730
23_5 -6.8 2.549 5.118
23_6 -6.6 2.643 5.946
23_7 -6.6 2.339 4.318
23_8 -6.5 2.402 5.788
23_9 -6.5 1.680 2.174
77_1 -7.7 0.000 0.000
77_2 -7.5 2.626 3.809
77_3 -7.4 2.042 2.715
77_4 -7.3 1.368 2.001
77_5 -7.3 2.321 5.225
77_6 -7.2 4.602 7.131
77_7 -7.2 3.324 5.541
77_8 -7.2 1.855 4.728
77_9 -6.9 3.194 5.567
51_1 -8.1 0.000 0.000
51_2 -8.0 3.754 6.028
51_3 -7.5 3.857 5.892
51_4 -7.0 2.729 4.224
51_5 -6.8 3.542 6.126
51_6 -6.8 3.664 5.541
51_7 -6.7 2.715 4.370
51_8 -6.6 3.418 5.678
51_9 -6.6 2.328 3.079
33_1 -8.0 0.000 0.000
33_2 -7.8 3.873 6.020
33_3 -7.2 3.795 6.229
33_4 -6.8 2.609 3.874
33_5 -6.5 2.600 3.435
33_6 -6.5 1.891 4.845
33_7 -6.4 3.205 4.255
33_8 -6.4 3.359 5.721
33_9 -6.4 3.775 5.541
79_1 -8.0 0.000 0.000
79_2 -7.8 2.752 3.644
79_3 -7.8 1.940 2.522
79_4 -7.7 3.301 4.859
79_5 -7.5 3.617 4.850
79_6 -7.3 3.183 4.079
79_7 -7.2 1.866 4.374
79_8 -7.1 3.331 4.435
79_9 -7.0 2.041 4.877
71_1 -7.4 0.000 0.000
71_2 -7.2 2.988 4.297
71_3 -7.2 4.331 6.375
71_4 -7.2 3.568 5.516
71_5 -7.1 3.986 6.323
71_6 -6.9 4.604 6.958
71_7 -6.8 3.716 5.316
71_8 -6.6 3.244 5.616
71_9 -6.5 3.761 5.648
39_1 -7.7 0.000 0.000
39_2 -7.6 1.319 1.737
39_3 -7.4 1.773 4.644
39_4 -7.2 1.797 2.358
39_5 -7.2 1.622 2.240
39_6 -7.0 1.826 2.388
39_7 -6.9 2.805 3.823
39_8 -6.9 2.921 5.489
39_9 -6.9 4.517 7.243
8_1 -7.5 0.000 0.000
8_2 -6.9 2.604 3.781
8_3 -6.9 2.589 4.169
8_4 -6.8 2.340 5.923
8_5 -6.7 2.499 4.329
8_6 -6.7 3.187 5.275
8_7 -6.7 1.904 2.380
8_8 -6.5 2.910 5.970
8_9 -6.5 2.483 4.277
7_1 -7.7 0.000 0.000
7_2 -7.6 2.374 3.247
7_3 -7.6 3.595 5.799
7_4 -7.4 2.229 3.310
7_5 -7.4 2.753 3.880
7_6 -7.4 2.647 5.380
7_7 -7.4 3.408 5.598
7_8 -7.1 3.992 6.511
7_9 -7.1 3.085 4.279
9_1 -8.1 0.000 0.000
9_2 -8.0 3.770 6.045
9_3 -7.0 1.109 1.615
9_4 -6.8 2.615 4.359
9_5 -6.7 3.630 6.198
9_6 -6.6 3.436 5.621
9_7 -6.6 2.013 4.851
9_8 -6.6 2.274 3.181
9_9 -6.5 2.557 3.323
29_1 -7.6 0.000 0.000
29_2 -6.9 2.437 4.278
29_3 -6.9 2.466 4.977
29_4 -6.9 2.470 3.781
29_5 -6.7 2.106 3.279
29_6 -6.6 2.503 5.105
29_7 -6.6 2.678 5.368
29_8 -6.5 2.366 5.602
29_9 -6.5 2.621 5.759
74_1 -8.6 0.000 0.000
74_2 -8.0 1.721 2.265
74_3 -7.9 4.121 6.614
74_4 -7.8 2.533 5.111
74_5 -7.7 4.035 7.256
74_6 -7.6 3.656 6.516
74_7 -7.5 4.200 7.057
74_8 -7.3 4.036 6.708
74_9 -7.2 3.820 6.522
62_1 -7.3 0.000 0.000
62_2 -7.0 2.445 3.349
62_3 -7.0 4.162 6.029
62_4 -6.9 2.133 4.592
62_5 -6.8 2.252 3.044
62_6 -6.8 3.962 6.142
62_7 -6.6 4.270 6.023
62_8 -6.6 4.464 7.343
62_9 -6.6 3.778 5.907
78_1 -9.1 0.000 0.000
78_2 -8.3 1.113 2.054
78_3 -7.9 2.275 5.239
78_4 -7.6 3.678 6.249
78_5 -7.5 1.986 4.749
78_6 -7.3 1.423 2.165
78_7 -7.2 3.935 6.882
78_8 -7.2 3.989 6.930
78_9 -7.2 3.023 5.945
60_1 -7.6 0.000 0.000
60_2 -7.4 1.871 4.659
60_3 -7.3 4.452 6.988
60_4 -7.3 1.601 2.314
60_5 -7.3 3.924 5.820
60_6 -7.2 4.133 6.773
60_7 -7.0 3.284 5.422
60_8 -7.0 3.506 5.771
60_9 -7.0 1.800 2.465
64_1 -9.1 0.000 0.000
64_2 -8.6 1.245 2.254
64_3 -8.0 2.110 5.002
64_4 -8.0 3.769 6.305
64_5 -7.9 1.618 2.165
64_6 -7.7 3.205 5.879
64_7 -7.6 4.083 6.967
64_8 -7.6 1.793 2.468
64_9 -7.5 2.105 4.852
31_1 -7.3 0.000 0.000
31_2 -7.1 3.196 6.043
31_3 -7.0 3.286 5.697
31_4 -6.8 3.739 5.991
31_5 -6.7 2.678 5.009
31_6 -6.6 2.573 4.836
31_7 -6.5 2.009 2.959
31_8 -6.5 2.286 4.269
31_9 -6.4 3.583 6.631
59_1 -8.8 0.000 0.000
59_2 -8.3 3.963 6.162
59_3 -8.1 3.829 5.345
59_4 -7.8 4.036 6.267
59_5 -7.8 1.229 1.794
59_6 -7.7 3.677 6.240
59_7 -7.6 3.864 5.360
59_8 -7.6 1.583 2.172
59_9 -7.5 3.804 5.763
18_1 -7.6 0.000 0.000
18_2 -7.0 2.368 4.202
18_3 -6.9 2.455 4.979
18_4 -6.8 2.450 3.766
18_5 -6.8 2.367 6.164
18_6 -6.8 2.640 5.101
18_7 -6.7 2.349 4.334
18_8 -6.6 2.623 5.938
18_9 -6.5 2.830 4.837
61_1 -7.6 0.000 0.000
61_2 -7.4 1.971 2.759
61_3 -7.2 1.850 4.564
61_4 -7.1 1.236 1.798
61_5 -6.8 3.739 5.962
61_6 -6.8 1.607 2.064
61_7 -6.8 2.068 5.090
61_8 -6.8 3.557 6.121
61_9 -6.7 4.459 7.036
22_1 -8.1 0.000 0.000
22_2 -8.0 3.755 6.032
22_3 -7.2 4.052 6.113
22_4 -7.0 1.542 2.061
22_5 -6.7 3.584 6.182
22_6 -6.7 3.909 5.959
22_7 -6.6 2.043 2.651
22_8 -6.4 3.854 6.386
22_9 -6.3 4.490 7.132
69_1 -9.1 0.000 0.000
69_2 -8.6 0.993 2.019
69_3 -8.2 2.321 5.190
69_4 -7.6 2.129 4.894
69_5 -7.6 3.113 5.965
69_6 -7.6 3.665 6.234
69_7 -7.5 3.991 7.019
69_8 -7.3 3.842 5.692
69_9 -7.3 3.867 6.698
6_1 -8.0 0.000 0.000
6_2 -7.7 2.748 5.709
6_3 -7.3 2.661 4.708
6_4 -7.0 2.764 6.571
6_5 -7.0 2.740 5.741
6_6 -6.9 3.065 6.389
6_7 -6.8 2.846 5.953
6_8 -6.5 3.095 5.871
6_9 -6.5 3.163 5.265
30_1 -8.1 0.000 0.000
30_2 -8.0 3.772 6.054
30_3 -7.5 3.861 5.890
30_4 -7.0 3.831 6.468
30_5 -6.8 2.693 4.101
30_6 -6.7 3.576 6.193
30_7 -6.7 2.733 4.426
30_8 -6.6 2.566 3.367
30_9 -6.6 3.444 5.596
32_1 -8.1 0.000 0.000
32_2 -8.0 3.766 6.043
32_3 -7.4 3.813 5.851
32_4 -6.9 3.467 5.533
32_5 -6.7 1.841 4.829
32_6 -6.7 3.666 5.958
32_7 -6.6 3.309 5.616
32_8 -6.4 4.590 7.197
32_9 -6.4 2.212 4.906
66_1 -7.5 0.000 0.000
66_2 -7.5 1.909 2.737
66_3 -7.2 2.225 3.186
66_4 -7.1 1.961 4.664
66_5 -6.9 0.958 1.525
66_6 -6.9 1.989 4.682
66_7 -6.7 4.136 6.881
66_8 -6.7 4.451 7.068
66_9 -6.7 3.668 5.997
44_1 -7.4 0.000 0.000
44_2 -7.4 1.007 1.135
44_3 -7.3 1.585 2.212
44_4 -7.2 1.903 4.522
44_5 -7.1 3.618 5.571
44_6 -6.9 1.885 2.697
44_7 -6.8 1.910 2.899
44_8 -6.8 2.102 4.715
44_9 -6.7 4.215 6.828
38_1 -7.4 0.000 0.000
38_2 -7.3 2.162 2.969
38_3 -7.2 1.296 1.659
38_4 -7.1 1.974 4.596
38_5 -7.0 1.433 1.869
38_6 -7.0 4.007 6.059
38_7 -6.7 3.954 6.148
38_8 -6.7 1.916 2.620
38_9 -6.7 4.171 6.974
25_1 -7.6 0.000 0.000
25_2 -7.6 3.612 5.843
25_3 -7.5 2.374 3.266
25_4 -7.4 2.174 3.222
25_5 -7.4 2.799 3.926
25_6 -7.4 3.394 5.578
25_7 -7.4 4.077 6.399
25_8 -7.3 1.895 2.387
25_9 -7.2 2.197 3.054
67_1 -7.9 0.000 0.000
67_2 -7.4 1.549 1.952
67_3 -7.3 4.405 6.201
67_4 -7.3 3.591 5.881
67_5 -7.2 2.443 3.642
67_6 -7.1 2.098 4.907
67_7 -6.8 2.995 4.081
67_8 -6.8 4.787 7.642
67_9 -6.7 1.641 2.047
12_1 -7.4 0.000 0.000
12_2 -7.3 3.981 5.830
12_3 -6.8 4.483 6.576
12_4 -6.8 3.926 6.561
12_5 -6.8 4.174 6.055
12_6 -6.7 3.398 6.033
12_7 -6.6 3.180 3.985
12_8 -6.4 3.326 4.998
12_9 -6.4 2.665 5.252
1_1 -8.1 0.000 0.000
1_2 -8.0 3.776 6.060
1_3 -7.4 3.986 5.934
1_4 -6.9 3.825 6.113
1_5 -6.7 2.265 3.085
1_6 -6.6 3.463 5.586
1_7 -6.6 3.835 6.272
1_8 -6.5 2.875 3.754
1_9 -6.5 1.751 2.441
13_1 -7.5 0.000 0.000
13_2 -7.0 2.290 4.120
13_3 -6.9 1.886 2.617
13_4 -6.8 2.425 4.960
13_5 -6.8 2.420 3.824
13_6 -6.8 2.350 6.160
13_7 -6.7 3.208 5.334
13_8 -6.7 2.607 5.048
13_9 -6.6 2.339 4.336
58_1 -9.5 0.000 0.000
58_2 -8.9 1.748 2.414
58_3 -8.3 1.511 2.086
58_4 -8.2 3.734 6.389
58_5 -8.1 2.719 6.065
58_6 -7.9 3.170 6.062
58_7 -7.9 3.628 6.499
58_8 -7.9 2.118 5.182
58_9 -7.7 2.101 5.022
35_1 -7.6 0.000 0.000
35_2 -7.0 2.363 4.232
35_3 -6.9 2.470 4.998
35_4 -6.8 2.458 3.860
35_5 -6.8 2.556 5.149
35_6 -6.7 2.442 4.025
35_7 -6.6 2.353 5.248
35_8 -6.6 1.599 1.910
35_9 -6.4 2.574 4.051
73_1 -8.6 0.000 0.000
73_2 -7.4 2.457 5.155
73_3 -7.1 3.875 5.337
73_4 -7.1 3.435 6.179
73_5 -6.8 4.154 6.437
73_6 -6.8 4.135 7.264
73_7 -6.6 4.015 6.686
73_8 -6.5 4.290 7.011
73_9 -6.3 4.204 5.833
15_1 -8.1 0.000 0.000
15_2 -7.7 2.744 5.696
15_3 -7.2 2.667 4.711
15_4 -7.2 2.791 6.436
15_5 -7.0 2.795 5.781
15_6 -6.9 2.806 5.791
15_7 -6.5 2.744 6.374
15_8 -6.4 3.124 5.534
15_9 -6.4 3.156 5.281
47_1 -8.8 0.000 0.000
47_2 -8.7 0.506 1.469
47_3 -8.0 3.793 5.311
47_4 -8.0 1.641 2.207
47_5 -7.6 3.923 6.154
47_6 -7.6 3.803 5.261
47_7 -7.4 3.581 6.189
47_8 -6.9 3.971 5.707
47_9 -6.9 3.882 6.195
80_1 -7.7 0.000 0.000
80_2 -7.3 2.747 3.868
80_3 -7.3 1.876 4.709
80_4 -7.3 1.456 2.120
80_5 -7.2 3.265 5.514
80_6 -7.2 1.947 4.793
80_7 -7.2 4.515 7.117
80_8 -7.1 1.733 2.399
80_9 -6.9 4.338 7.080
63_1 -7.8 0.000 0.000
63_2 -7.6 0.744 1.150
63_3 -7.5 4.150 5.982
63_4 -7.5 2.024 2.808
63_5 -7.3 3.268 5.427
63_6 -7.2 1.968 4.820
63_7 -7.2 4.433 7.013
63_8 -7.1 2.025 4.952
63_9 -7.1 2.859 5.474
68_1 -8.5 0.000 0.000
68_2 -8.2 2.517 4.952
68_3 -8.0 4.128 6.488
68_4 -7.7 2.500 5.361
68_5 -7.4 3.790 5.328
68_6 -7.3 3.850 6.110
68_7 -7.3 4.003 7.023
68_8 -7.2 4.103 7.070
68_9 -7.0 2.289 4.428
28_1 -8.1 0.000 0.000
28_2 -8.0 3.765 6.030
28_3 -7.1 1.794 2.416
28_4 -6.8 3.659 5.742
28_5 -6.8 3.769 5.733
28_6 -6.6 3.306 5.633
28_7 -6.5 1.598 2.215
28_8 -6.5 2.444 3.457
28_9 -6.4 3.866 5.632
