CHEMBL1142030_56.log -8.2
CHEMBL1142030_82.log -7.4
CHEMBL1142030_7.log -7.9
CHEMBL1142030_46.log -8.6
CHEMBL1142030_26.log -7.4
CHEMBL1142030_51.log -7.8
CHEMBL1142030_3.log -7.8
CHEMBL1142030_36.log -7.8
CHEMBL1142030_59.log -7.7
CHEMBL1142030_34.log -8.2
CHEMBL1142030_2.log -7.9
CHEMBL1142030_22.log -7.9
CHEMBL1142030_9.log -7.8
CHEMBL1142030_5.log -7.3
CHEMBL1142030_69.log -8.7
CHEMBL1142030_54.log -7.9
CHEMBL1142030_6.log -7.6
CHEMBL1142030_41.log -8.0
CHEMBL1142030_37.log -7.4
CHEMBL1142030_55.log -7.2
CHEMBL1142030_57.log -7.6
CHEMBL1142030_32.log -7.9
CHEMBL1142030_71.log -7.2
CHEMBL1142030_27.log -7.3
CHEMBL1142030_18.log -7.3
CHEMBL1142030_64.log -8.8
CHEMBL1142030_44.log -7.2
CHEMBL1142030_68.log -8.0
CHEMBL1142030_53.log -8.8
CHEMBL1142030_21.log -7.1
CHEMBL1142030_19.log -7.2
CHEMBL1142030_66.log -7.2
CHEMBL1142030_24.log -7.3
CHEMBL1142030_58.log -8.8
CHEMBL1142030_74.log -8.7
CHEMBL1142030_42.log -7.8
CHEMBL1142030_43.log -7.4
CHEMBL1142030_70.log -7.9
CHEMBL1142030_77.log -7.4
CHEMBL1142030_52.log -7.4
CHEMBL1142030_20.log -7.9
CHEMBL1142030_8.log -7.2
CHEMBL1142030_40.log -7.7
CHEMBL1142030_60.log -7.4
CHEMBL1142030_75.log -7.7
CHEMBL1142030_62.log -7.2
CHEMBL1142030_80.log -7.3
CHEMBL1142030_28.log -7.8
CHEMBL1142030_14.log -7.4
CHEMBL1142030_81.log -8.9
CHEMBL1142030_61.log -7.3
CHEMBL1142030_79.log -8.0
CHEMBL1142030_63.log -7.6
CHEMBL1142030_67.log -7.6
CHEMBL1142030_29.log -7.3
CHEMBL1142030_15.log -7.5
CHEMBL1142030_39.log -7.7
CHEMBL1142030_38.log -7.2
CHEMBL1142030_65.log -8.0
CHEMBL1142030_16.log -7.9
CHEMBL1142030_35.log -7.2
CHEMBL1142030_48.log -8.3
CHEMBL1142030_1.log -7.8
CHEMBL1142030_47.log -7.7
CHEMBL1142030_11.log -7.9
CHEMBL1142030_17.log -7.1
CHEMBL1142030_78.log -8.8
CHEMBL1142030_50.log -8.0
CHEMBL1142030_72.log -7.9
CHEMBL1142030_45.log -7.2
CHEMBL1142030_13.log -7.3
CHEMBL1142030_30.log -7.8
CHEMBL1142030_23.log -7.2
CHEMBL1142030_33.log -7.9
CHEMBL1142030_4.log -7.2
CHEMBL1142030_76.log -7.2
CHEMBL1142030_10.log -7.9
CHEMBL1142030_25.log -7.8
CHEMBL1142030_12.log -7.9
CHEMBL1142030_49.log -7.8
CHEMBL1142030_73.log -8.3
CHEMBL1142030_31.log -7.3
