82_1 -7.9 0.000 0.000
82_2 -7.7 2.040 4.986
82_3 -7.7 3.747 5.828
82_4 -7.5 3.798 5.857
82_5 -7.4 3.890 5.658
82_6 -7.4 4.005 6.970
82_7 -7.4 3.726 6.617
82_8 -7.3 2.771 5.171
82_9 -7.2 2.811 5.512
50_1 -7.9 0.000 0.000
50_2 -7.7 1.911 4.672
50_3 -7.5 3.891 5.969
50_4 -7.0 4.165 6.608
50_5 -6.8 3.914 5.251
50_6 -6.7 3.600 6.234
50_7 -6.7 3.549 5.703
50_8 -6.5 4.408 7.161
50_9 -6.2 3.951 6.327
3_1 -7.7 0.000 0.000
3_2 -7.6 2.335 4.887
3_3 -7.4 3.860 5.432
3_4 -7.2 3.446 5.427
3_5 -7.1 3.634 5.222
3_6 -7.1 1.521 2.099
3_7 -7.0 3.907 6.364
3_8 -7.0 3.676 6.590
3_9 -6.9 2.138 4.660
37_1 -7.8 0.000 0.000
37_2 -7.7 2.064 4.987
37_3 -7.6 3.769 5.931
37_4 -7.3 4.613 6.395
37_5 -7.3 3.743 6.620
37_6 -7.2 3.712 6.655
37_7 -7.1 3.451 5.418
37_8 -7.1 2.833 5.251
37_9 -7.1 4.042 6.472
2_1 -7.9 0.000 0.000
2_2 -7.7 1.900 4.671
2_3 -7.0 2.865 3.988
2_4 -6.8 3.660 6.219
2_5 -6.8 2.203 2.767
2_6 -6.6 4.101 5.490
2_7 -6.6 4.126 7.042
2_8 -6.5 2.105 5.103
2_9 -6.3 2.016 4.750
45_1 -7.6 0.000 0.000
45_2 -7.1 3.570 5.584
45_3 -6.9 4.367 6.900
45_4 -6.8 4.095 6.899
45_5 -6.8 2.625 5.381
45_6 -6.8 3.191 6.225
45_7 -6.4 3.085 5.035
45_8 -6.4 4.286 7.191
45_9 -6.3 4.190 6.696
17_1 -6.9 0.000 0.000
17_2 -6.8 2.241 4.790
17_3 -6.7 1.334 1.801
17_4 -6.6 2.496 5.386
17_5 -6.6 2.308 5.527
17_6 -6.6 2.941 5.319
17_7 -6.4 2.688 6.076
17_8 -6.4 2.347 6.070
17_9 -6.3 2.144 4.660
4_1 -7.1 0.000 0.000
4_2 -6.8 1.872 5.169
4_3 -6.8 2.000 4.556
4_4 -6.5 2.461 3.373
4_5 -6.5 2.308 5.182
4_6 -6.4 2.253 5.432
4_7 -6.4 2.494 6.094
4_8 -6.3 2.191 4.989
4_9 -6.2 2.491 5.343
14_1 -7.2 0.000 0.000
14_2 -6.8 3.682 5.851
14_3 -6.7 3.138 5.684
14_4 -6.6 3.195 5.605
14_5 -6.5 2.796 3.479
14_6 -6.5 3.103 5.118
14_7 -6.2 4.150 6.672
14_8 -6.1 2.971 5.312
14_9 -5.9 1.953 2.408
46_1 -8.0 0.000 0.000
46_2 -7.8 3.054 5.636
46_3 -7.7 1.502 1.842
46_4 -7.3 4.165 7.856
46_5 -7.3 4.225 7.817
46_6 -7.2 2.452 3.753
46_7 -7.1 2.540 5.455
46_8 -7.1 2.572 4.199
46_9 -6.9 3.523 5.913
26_1 -7.2 0.000 0.000
26_2 -6.8 3.643 5.794
26_3 -6.7 3.119 5.721
26_4 -6.6 2.889 5.148
26_5 -6.6 3.309 6.220
26_6 -6.3 3.755 6.719
26_7 -6.3 3.214 5.637
26_8 -6.3 3.380 6.147
26_9 -6.1 4.164 6.712
53_1 -9.2 0.000 0.000
53_2 -9.0 3.910 7.919
53_3 -9.0 2.347 5.472
53_4 -8.6 3.578 6.879
53_5 -8.5 3.842 6.922
53_6 -7.8 3.543 6.214
53_7 -7.6 1.538 2.190
53_8 -7.5 4.719 7.411
53_9 -7.2 3.288 5.387
19_1 -7.2 0.000 0.000
19_2 -6.7 3.251 5.455
19_3 -6.6 3.129 5.913
19_4 -6.5 3.398 6.537
19_5 -6.5 2.833 3.536
19_6 -6.5 3.305 6.245
19_7 -6.3 3.176 5.625
19_8 -6.3 2.963 5.246
19_9 -6.2 3.711 6.929
72_1 -8.0 0.000 0.000
72_2 -7.8 2.852 5.500
72_3 -7.1 1.448 2.000
72_4 -7.1 0.944 1.577
72_5 -6.8 4.742 7.422
72_6 -6.5 2.117 5.027
72_7 -6.4 1.932 2.782
72_8 -6.4 2.436 3.337
72_9 -6.4 3.375 5.587
20_1 -8.2 0.000 0.000
20_2 -7.8 1.701 2.272
20_3 -7.8 1.674 4.877
20_4 -7.5 3.424 5.309
20_5 -7.4 2.127 5.191
20_6 -7.3 3.867 6.233
20_7 -7.2 2.052 2.657
20_8 -7.1 3.460 6.282
20_9 -7.0 2.197 4.441
10_1 -8.1 0.000 0.000
10_2 -7.8 1.844 4.892
10_3 -7.6 3.823 5.915
10_4 -7.1 3.845 5.874
10_5 -7.0 3.872 5.080
10_6 -6.9 1.993 2.814
10_7 -6.8 3.658 6.245
10_8 -6.8 4.215 7.075
10_9 -6.7 2.071 4.885
70_1 -8.1 0.000 0.000
70_2 -7.9 2.266 2.759
70_3 -7.8 2.547 3.367
70_4 -7.7 4.397 6.430
70_5 -7.5 1.538 1.900
70_6 -7.3 3.868 5.461
70_7 -7.3 2.750 5.470
70_8 -7.2 4.362 6.738
70_9 -7.2 4.337 6.516
43_1 -7.8 0.000 0.000
43_2 -7.7 3.575 5.575
43_3 -7.6 3.989 7.048
43_4 -7.6 3.731 6.030
43_5 -7.4 4.143 6.501
43_6 -7.4 3.935 7.343
43_7 -7.3 4.278 7.243
43_8 -7.3 4.315 6.830
43_9 -7.2 4.105 6.820
21_1 -6.9 0.000 0.000
21_2 -6.8 2.206 4.680
21_3 -6.7 2.477 5.399
21_4 -6.6 1.884 5.192
21_5 -6.6 2.280 5.503
21_6 -6.5 2.673 6.040
21_7 -6.4 2.339 4.861
21_8 -6.3 2.375 3.194
21_9 -6.3 2.071 5.441
34_1 -7.8 0.000 0.000
34_2 -7.7 3.102 5.383
34_3 -7.2 3.542 5.965
34_4 -7.0 1.777 4.253
34_5 -7.0 3.079 5.507
34_6 -7.0 2.788 5.088
34_7 -6.9 1.552 2.274
34_8 -6.8 3.338 4.327
34_9 -6.4 1.957 2.729
42_1 -7.9 0.000 0.000
42_2 -7.8 1.810 5.122
42_3 -7.8 1.429 1.826
42_4 -7.7 3.863 5.754
42_5 -7.5 3.463 5.166
42_6 -7.5 4.190 6.296
42_7 -7.2 3.496 5.425
42_8 -7.2 3.020 5.360
42_9 -7.1 3.782 6.704
41_1 -7.9 0.000 0.000
41_2 -7.9 0.471 1.384
41_3 -7.7 4.015 7.733
41_4 -7.3 1.464 1.913
41_5 -7.2 1.247 1.995
41_6 -7.2 2.739 5.431
41_7 -6.9 2.210 5.113
41_8 -6.9 2.790 4.367
41_9 -6.1 5.070 8.031
16_1 -8.3 0.000 0.000
16_2 -8.1 1.827 2.380
16_3 -7.7 1.853 4.886
16_4 -7.7 3.441 5.308
16_5 -7.5 2.167 5.212
16_6 -7.4 2.173 2.978
16_7 -7.3 4.009 4.944
16_8 -7.1 3.569 5.813
16_9 -7.0 3.704 6.226
55_1 -7.4 0.000 0.000
55_2 -7.2 3.918 7.191
55_3 -7.2 3.607 5.780
55_4 -7.1 4.313 6.912
55_5 -7.1 3.975 6.670
55_6 -6.9 4.054 6.345
55_7 -6.9 4.070 7.375
55_8 -6.9 4.144 6.969
55_9 -6.6 2.167 4.142
5_1 -7.2 0.000 0.000
5_2 -6.8 3.269 5.465
5_3 -6.7 3.310 6.319
5_4 -6.6 3.113 5.993
5_5 -6.5 2.778 3.463
5_6 -6.4 3.200 5.642
5_7 -6.3 3.758 6.721
5_8 -6.1 4.120 6.069
5_9 -6.1 4.130 6.687
48_1 -8.0 0.000 0.000
48_2 -7.6 4.207 7.993
48_3 -7.5 1.194 1.751
48_4 -7.4 4.039 7.758
48_5 -7.0 3.004 5.571
48_6 -6.8 2.763 3.887
48_7 -6.7 2.510 3.459
48_8 -6.4 4.674 7.609
48_9 -6.1 4.586 7.416
76_1 -7.5 0.000 0.000
76_2 -7.5 3.771 6.022
76_3 -7.2 2.856 5.770
76_4 -7.0 3.979 6.372
76_5 -7.0 3.743 5.675
76_6 -6.8 2.835 5.232
76_7 -6.7 3.281 4.591
76_8 -6.7 4.665 7.319
76_9 -6.6 4.482 6.177
11_1 -8.0 0.000 0.000
11_2 -7.7 1.900 4.671
11_3 -7.5 1.474 1.809
11_4 -7.2 3.971 6.075
11_5 -7.0 3.853 5.166
11_6 -6.7 2.198 4.388
11_7 -6.6 1.714 4.783
11_8 -6.6 3.418 5.645
11_9 -6.4 3.855 5.966
40_1 -8.6 0.000 0.000
40_2 -7.9 2.525 5.481
40_3 -7.9 2.588 5.190
40_4 -7.7 1.442 1.795
40_5 -7.5 3.521 6.131
40_6 -7.5 3.841 5.235
40_7 -7.4 4.015 6.023
40_8 -7.1 4.485 7.402
40_9 -6.9 1.817 2.408
36_1 -8.1 0.000 0.000
36_2 -7.8 1.842 4.899
36_3 -7.6 3.824 5.893
36_4 -7.2 3.735 5.820
36_5 -7.0 1.848 4.795
36_6 -6.7 4.233 7.146
36_7 -6.6 4.227 6.726
36_8 -6.5 4.406 7.231
36_9 -6.5 3.902 6.447
49_1 -8.1 0.000 0.000
49_2 -7.8 1.840 4.911
49_3 -7.2 3.723 5.811
49_4 -7.1 1.935 2.709
49_5 -7.0 3.850 5.130
49_6 -7.0 2.600 5.169
49_7 -6.8 3.780 6.278
49_8 -6.7 1.082 1.796
49_9 -6.6 2.068 4.948
56_1 -8.1 0.000 0.000
56_2 -8.0 0.603 1.341
56_3 -7.8 2.951 5.527
56_4 -7.4 4.250 7.795
56_5 -7.3 3.819 6.603
56_6 -7.1 2.613 3.442
56_7 -6.7 2.606 4.172
56_8 -6.3 3.704 5.845
56_9 -6.2 4.276 6.460
65_1 -8.1 0.000 0.000
65_2 -8.0 2.711 4.543
65_3 -7.9 1.757 2.282
65_4 -7.8 2.575 3.300
65_5 -7.5 4.388 6.445
65_6 -7.3 3.323 4.381
65_7 -7.3 1.528 2.222
65_8 -7.3 3.590 4.825
65_9 -7.2 2.229 3.328
52_1 -7.8 0.000 0.000
52_2 -7.6 3.780 5.935
52_3 -7.4 1.591 2.116
52_4 -7.4 4.019 6.330
52_5 -7.3 3.879 6.859
52_6 -7.3 3.710 6.595
52_7 -7.3 3.999 6.406
52_8 -7.2 3.708 6.608
52_9 -7.2 3.775 5.555
81_1 -8.8 0.000 0.000
81_2 -8.6 2.242 5.371
81_3 -8.6 3.915 7.961
81_4 -8.3 3.478 6.785
81_5 -8.2 2.423 5.710
81_6 -8.1 3.786 6.900
81_7 -7.8 3.769 7.628
81_8 -7.7 1.596 2.186
81_9 -7.6 2.336 3.706
75_1 -8.1 0.000 0.000
75_2 -7.9 2.688 4.451
75_3 -7.8 2.306 2.863
75_4 -7.8 2.604 3.380
75_5 -7.6 4.428 6.463
75_6 -7.4 1.580 2.091
75_7 -7.3 3.660 4.874
75_8 -7.0 4.360 6.584
75_9 -6.9 3.690 4.871
27_1 -7.1 0.000 0.000
27_2 -6.9 1.943 4.481
27_3 -6.8 1.893 5.199
27_4 -6.6 1.915 5.208
27_5 -6.5 2.321 5.191
27_6 -6.5 1.897 4.361
27_7 -6.5 2.220 5.425
27_8 -6.5 2.829 5.408
27_9 -6.4 2.559 3.488
24_1 -7.2 0.000 0.000
24_2 -6.8 3.222 5.497
24_3 -6.7 3.141 5.694
24_4 -6.4 3.159 5.130
24_5 -6.4 2.932 5.217
24_6 -6.4 3.161 5.611
24_7 -6.2 2.930 3.810
24_8 -6.2 4.205 6.701
24_9 -6.1 3.657 6.676
54_1 -8.1 0.000 0.000
54_2 -7.9 1.695 2.082
54_3 -7.9 2.694 4.462
54_4 -7.8 2.590 3.395
54_5 -7.6 4.393 6.418
54_6 -7.2 2.405 4.632
54_7 -7.2 3.236 5.049
54_8 -7.1 4.339 6.669
54_9 -6.9 4.223 6.146
57_1 -7.8 0.000 0.000
57_2 -7.5 3.670 5.943
57_3 -7.4 4.187 6.745
57_4 -7.3 4.117 6.569
57_5 -7.3 4.266 6.931
57_6 -7.3 4.300 6.963
57_7 -6.9 4.256 7.047
57_8 -6.9 3.432 5.935
57_9 -6.7 4.142 6.484
23_1 -7.1 0.000 0.000
23_2 -6.8 1.897 5.203
23_3 -6.8 1.935 4.474
23_4 -6.4 2.018 5.217
23_5 -6.4 2.517 6.069
23_6 -6.4 2.141 5.352
23_7 -6.3 2.821 5.217
23_8 -6.2 2.141 6.111
23_9 -6.2 2.544 6.289
77_1 -8.0 0.000 0.000
77_2 -7.9 3.628 5.779
77_3 -7.9 3.935 5.978
77_4 -7.8 2.380 4.951
77_5 -7.7 1.136 1.670
77_6 -7.7 4.038 6.960
77_7 -7.7 3.928 6.762
77_8 -7.6 2.715 5.820
77_9 -7.6 2.082 5.298
51_1 -8.1 0.000 0.000
51_2 -7.8 1.848 4.867
51_3 -7.0 3.863 5.170
51_4 -7.0 1.805 4.798
51_5 -6.9 1.545 1.885
51_6 -6.7 4.227 7.144
51_7 -6.7 4.161 6.673
51_8 -6.6 3.583 6.194
51_9 -6.4 4.118 6.567
33_1 -8.0 0.000 0.000
33_2 -7.7 1.893 4.722
33_3 -7.0 4.157 6.587
33_4 -6.9 3.862 6.351
33_5 -6.8 2.002 4.920
33_6 -6.7 3.378 5.545
33_7 -6.6 4.522 7.147
33_8 -6.6 4.146 7.029
33_9 -6.5 3.764 6.678
79_1 -8.1 0.000 0.000
79_2 -8.0 2.710 4.474
79_3 -8.0 2.307 2.955
79_4 -7.9 2.549 3.362
79_5 -7.8 1.550 2.200
79_6 -7.7 2.780 4.670
79_7 -7.7 4.467 6.504
79_8 -7.5 3.644 4.898
79_9 -7.4 2.725 5.416
71_1 -7.7 0.000 0.000
71_2 -7.6 3.622 5.755
71_3 -7.4 4.098 7.288
71_4 -7.3 3.056 6.138
71_5 -7.2 4.023 5.992
71_6 -7.2 4.205 6.845
71_7 -7.1 3.835 6.990
71_8 -7.0 3.012 5.147
71_9 -6.9 1.268 1.841
39_1 -7.7 0.000 0.000
39_2 -7.6 4.308 7.291
39_3 -7.5 4.318 6.957
39_4 -7.3 4.102 6.531
39_5 -7.0 0.863 1.776
39_6 -7.0 4.047 6.617
39_7 -6.9 1.797 4.252
39_8 -6.9 4.204 6.859
39_9 -6.8 2.323 3.688
8_1 -6.9 0.000 0.000
8_2 -6.8 2.197 4.658
8_3 -6.7 1.899 5.205
8_4 -6.6 2.481 5.398
8_5 -6.6 2.274 5.549
8_6 -6.6 2.934 5.317
8_7 -6.5 3.468 6.079
8_8 -6.5 2.412 5.459
8_9 -6.4 2.065 4.320
7_1 -8.2 0.000 0.000
7_2 -8.0 1.761 2.317
7_3 -7.9 1.654 4.866
7_4 -7.8 1.084 1.262
7_5 -7.4 4.017 4.970
7_6 -7.3 3.861 6.235
7_7 -7.0 3.660 6.034
7_8 -7.0 2.139 4.487
7_9 -6.9 2.011 2.651
9_1 -8.1 0.000 0.000
9_2 -7.8 1.841 4.866
9_3 -7.7 3.870 5.972
9_4 -7.2 3.837 5.833
9_5 -7.1 1.883 2.694
9_6 -6.8 3.860 6.331
9_7 -6.8 1.612 2.115
9_8 -6.6 4.017 5.355
9_9 -6.4 4.156 6.698
29_1 -7.1 0.000 0.000
29_2 -6.8 1.887 5.250
29_3 -6.8 1.884 4.400
29_4 -6.5 2.577 3.591
29_5 -6.5 2.497 6.065
29_6 -6.4 2.312 5.229
29_7 -6.4 1.936 3.125
29_8 -6.3 2.118 5.427
29_9 -6.3 2.230 5.056
74_1 -8.7 0.000 0.000
74_2 -8.6 2.206 5.348
74_3 -8.5 3.871 7.931
74_4 -8.0 2.585 5.684
74_5 -7.9 3.774 6.908
74_6 -7.7 1.569 2.087
74_7 -7.6 2.275 3.635
74_8 -7.6 2.232 3.650
74_9 -7.2 3.817 6.148
62_1 -7.6 0.000 0.000
62_2 -7.1 3.682 5.696
62_3 -7.0 4.185 6.311
62_4 -6.9 3.257 6.261
62_5 -6.8 4.121 7.020
62_6 -6.7 4.357 6.921
62_7 -6.7 3.193 6.051
62_8 -6.5 3.999 6.888
62_9 -6.5 1.552 2.045
78_1 -9.4 0.000 0.000
78_2 -9.2 3.999 7.953
78_3 -9.1 4.202 7.272
78_4 -8.7 3.533 7.067
78_5 -8.7 3.704 6.602
78_6 -8.7 4.286 7.397
78_7 -8.3 4.233 7.384
78_8 -8.3 3.926 7.566
78_9 -8.1 4.228 7.144
60_1 -7.7 0.000 0.000
60_2 -7.5 0.573 1.352
60_3 -7.4 3.969 5.795
60_4 -7.4 3.539 5.444
60_5 -7.3 2.490 5.585
60_6 -7.3 2.991 5.062
60_7 -7.1 4.092 7.136
60_8 -7.1 4.339 6.868
60_9 -7.0 3.627 5.281
64_1 -8.8 0.000 0.000
64_2 -8.6 2.217 5.350
64_3 -8.4 3.392 6.704
64_4 -8.0 3.757 6.810
64_5 -7.9 2.570 5.700
64_6 -7.9 1.196 1.963
64_7 -7.9 2.260 3.525
64_8 -7.7 2.268 3.618
64_9 -7.6 3.265 6.125
31_1 -7.2 0.000 0.000
31_2 -6.8 3.226 5.493
31_3 -6.7 3.145 5.696
31_4 -6.4 2.656 3.288
31_5 -6.2 4.322 6.881
31_6 -6.1 3.273 6.276
31_7 -6.1 3.478 6.331
31_8 -6.0 3.721 7.035
31_9 -6.0 4.120 6.022
59_1 -8.6 0.000 0.000
59_2 -8.4 0.309 1.090
59_3 -7.8 2.561 5.410
59_4 -7.6 3.598 5.769
59_5 -7.1 3.102 4.540
59_6 -7.0 2.190 2.901
59_7 -6.7 3.809 6.149
59_8 -6.6 3.795 5.299
59_9 -6.5 2.755 5.616
18_1 -7.1 0.000 0.000
18_2 -6.8 1.865 5.156
18_3 -6.7 1.944 4.420
18_4 -6.5 2.496 6.041
18_5 -6.4 1.659 2.161
18_6 -6.4 2.205 4.990
18_7 -6.4 2.072 5.494
18_8 -6.3 2.100 5.344
18_9 -6.3 2.273 5.123
61_1 -7.5 0.000 0.000
61_2 -7.3 3.533 5.594
61_3 -7.1 3.985 7.205
61_4 -7.0 4.115 6.955
61_5 -6.9 4.186 6.406
61_6 -6.7 2.168 4.103
61_7 -6.6 2.605 4.106
61_8 -6.6 2.701 3.719
61_9 -6.4 3.792 6.992
22_1 -8.1 0.000 0.000
22_2 -7.8 1.849 4.894
22_3 -7.1 1.820 4.783
22_4 -6.7 4.244 7.147
22_5 -6.6 4.071 6.567
22_6 -6.5 1.668 2.227
22_7 -6.4 4.351 5.956
22_8 -6.3 3.797 6.221
22_9 -6.3 3.832 5.970
69_1 -9.2 0.000 0.000
69_2 -8.8 3.932 7.958
69_3 -8.7 2.368 5.526
69_4 -8.5 3.870 7.012
69_5 -8.5 3.455 6.729
69_6 -8.4 1.873 5.601
69_7 -8.3 2.250 3.517
69_8 -8.3 2.784 6.016
69_9 -8.0 2.653 4.062
6_1 -7.7 0.000 0.000
6_2 -7.4 2.010 4.994
6_3 -7.3 1.796 2.382
6_4 -7.1 2.795 5.568
6_5 -7.0 2.938 4.477
6_6 -6.8 2.809 6.587
6_7 -6.8 3.308 5.529
6_8 -6.8 2.500 6.695
6_9 -6.7 3.019 6.521
30_1 -8.1 0.000 0.000
30_2 -7.8 1.836 4.917
30_3 -7.4 3.832 5.866
30_4 -7.2 3.805 5.787
30_5 -7.0 1.832 4.812
30_6 -7.0 2.616 5.131
30_7 -7.0 4.142 6.602
30_8 -6.8 3.859 6.331
30_9 -6.7 4.231 7.140
32_1 -8.1 0.000 0.000
32_2 -7.8 1.849 4.917
32_3 -7.2 3.809 5.796
32_4 -7.0 3.814 5.126
32_5 -7.0 1.856 4.862
32_6 -6.5 1.324 1.849
32_7 -6.3 3.931 6.861
32_8 -6.2 4.351 6.897
32_9 -6.1 3.827 6.247
66_1 -7.4 0.000 0.000
66_2 -7.4 3.600 5.701
66_3 -7.1 4.003 7.235
66_4 -7.1 4.301 6.860
66_5 -7.0 4.179 6.465
66_6 -7.0 4.168 7.021
66_7 -6.9 3.948 6.275
66_8 -6.7 4.253 6.742
66_9 -6.6 4.096 6.673
44_1 -7.7 0.000 0.000
44_2 -7.5 3.577 5.631
44_3 -7.1 4.064 7.226
44_4 -7.1 4.219 6.909
44_5 -7.0 3.502 5.309
44_6 -7.0 2.972 5.951
44_7 -7.0 2.993 5.055
44_8 -6.8 4.006 7.009
44_9 -6.8 4.503 6.318
38_1 -7.4 0.000 0.000
38_2 -7.3 3.620 5.754
38_3 -7.2 3.969 7.246
38_4 -7.0 3.999 6.723
38_5 -7.0 4.199 6.799
38_6 -6.9 4.017 6.290
38_7 -6.9 4.161 6.994
38_8 -6.8 3.957 6.307
38_9 -6.6 2.765 3.798
25_1 -8.3 0.000 0.000
25_2 -8.0 1.769 2.319
25_3 -7.9 1.725 4.848
25_4 -7.7 3.431 5.309
25_5 -7.4 2.206 5.240
25_6 -7.1 4.046 5.048
25_7 -7.0 3.578 5.889
25_8 -7.0 1.968 4.946
25_9 -6.9 3.514 6.333
67_1 -7.9 0.000 0.000
67_2 -7.8 4.325 7.078
67_3 -7.8 4.209 6.757
67_4 -7.6 4.365 7.023
67_5 -7.5 3.889 6.161
67_6 -7.4 4.182 6.620
67_7 -7.2 4.235 6.818
67_8 -7.1 3.485 5.984
67_9 -7.0 4.190 6.772
12_1 -7.8 0.000 0.000
12_2 -7.7 2.162 4.836
12_3 -7.7 1.823 4.890
12_4 -7.5 3.814 6.114
12_5 -7.4 3.009 5.460
12_6 -7.2 1.902 2.518
12_7 -7.2 3.563 6.181
12_8 -7.1 3.728 4.952
12_9 -7.1 3.961 6.247
1_1 -8.1 0.000 0.000
1_2 -7.8 1.850 4.866
1_3 -7.3 2.211 3.272
1_4 -7.1 3.843 5.848
1_5 -7.0 1.818 4.847
1_6 -7.0 2.976 4.426
1_7 -6.9 2.509 5.142
1_8 -6.8 3.717 6.285
1_9 -6.7 3.903 5.169
13_1 -7.1 0.000 0.000
13_2 -6.8 1.956 4.519
13_3 -6.8 1.878 5.174
13_4 -6.7 1.854 4.330
13_5 -6.6 2.457 3.399
13_6 -6.5 2.474 4.121
13_7 -6.5 2.482 6.038
13_8 -6.5 2.242 5.436
13_9 -6.4 2.032 5.217
58_1 -9.3 0.000 0.000
58_2 -9.2 2.263 5.652
58_3 -8.9 2.077 5.962
58_4 -8.8 3.748 7.069
58_5 -8.8 3.585 7.068
58_6 -8.3 2.725 6.186
58_7 -8.3 1.708 2.239
58_8 -8.1 3.172 6.155
58_9 -7.7 3.864 6.807
35_1 -7.1 0.000 0.000
35_2 -6.8 1.890 5.200
35_3 -6.7 1.955 4.412
35_4 -6.4 2.489 6.043
35_5 -6.4 2.241 5.408
35_6 -6.3 2.071 5.359
35_7 -6.3 2.193 5.003
35_8 -6.3 2.758 6.400
35_9 -6.1 1.610 2.234
73_1 -8.2 0.000 0.000
73_2 -8.1 2.323 5.108
73_3 -7.7 2.907 5.517
73_4 -7.6 0.841 1.309
73_5 -7.4 3.896 6.718
73_6 -7.2 4.039 6.965
73_7 -7.1 1.085 1.616
73_8 -7.1 2.499 3.619
73_9 -7.0 2.236 5.107
15_1 -7.7 0.000 0.000
15_2 -7.7 1.955 5.041
15_3 -7.4 2.891 6.298
15_4 -7.3 1.854 2.269
15_5 -6.9 2.626 6.171
15_6 -6.9 1.856 2.632
15_7 -6.9 2.661 5.755
15_8 -6.8 2.831 5.829
15_9 -6.7 2.993 6.177
47_1 -8.5 0.000 0.000
47_2 -7.8 2.587 5.296
47_3 -7.8 2.566 5.475
47_4 -7.6 3.609 5.729
47_5 -7.5 3.602 6.193
47_6 -6.8 1.972 2.553
47_7 -6.8 4.096 6.610
47_8 -6.6 4.076 6.381
47_9 -6.6 4.148 6.508
80_1 -7.8 0.000 0.000
80_2 -7.7 3.673 5.814
80_3 -7.6 2.530 4.683
80_4 -7.6 3.950 7.094
80_5 -7.5 3.405 5.544
80_6 -7.4 4.137 7.480
80_7 -7.3 4.161 6.507
80_8 -7.3 4.067 6.738
80_9 -7.2 4.139 6.883
63_1 -7.7 0.000 0.000
63_2 -7.5 3.731 6.003
63_3 -7.4 4.349 7.006
63_4 -7.3 4.117 6.563
63_5 -7.3 4.205 7.188
63_6 -7.2 4.319 7.151
63_7 -7.2 4.212 6.757
63_8 -7.0 2.064 3.221
63_9 -6.9 1.813 4.377
68_1 -8.3 0.000 0.000
68_2 -8.1 2.572 5.578
68_3 -7.7 1.742 5.072
68_4 -7.5 3.758 7.094
68_5 -7.5 4.073 6.983
68_6 -7.5 2.702 3.625
68_7 -7.4 3.756 6.668
68_8 -7.0 2.710 5.467
68_9 -7.0 3.648 5.947
28_1 -8.1 0.000 0.000
28_2 -7.8 1.849 4.865
28_3 -7.3 3.849 6.037
28_4 -7.2 1.914 2.543
28_5 -7.0 1.804 4.782
28_6 -7.0 3.873 5.185
28_7 -6.9 4.172 6.284
28_8 -6.8 3.771 6.272
28_9 -6.5 2.205 5.344
