82_1 -7.4 0.000 0.000
82_2 -7.3 2.984 5.527
82_3 -7.2 3.566 6.342
82_4 -7.1 3.412 6.379
82_5 -7.1 3.918 6.021
82_6 -6.8 3.592 6.039
82_7 -6.8 2.304 5.369
82_8 -6.8 3.497 6.343
82_9 -6.8 2.073 4.833
50_1 -8.0 0.000 0.000
50_2 -7.5 1.715 2.207
50_3 -7.4 4.074 5.805
50_4 -7.4 3.659 5.828
50_5 -7.3 2.438 4.912
50_6 -6.7 4.228 7.198
50_7 -6.7 5.013 6.496
50_8 -6.6 3.532 4.364
50_9 -6.6 4.517 6.839
3_1 -7.8 0.000 0.000
3_2 -7.7 1.954 4.632
3_3 -7.3 3.755 6.048
3_4 -7.2 4.240 6.688
3_5 -7.1 4.227 6.712
3_6 -7.1 3.001 4.168
3_7 -7.0 2.474 4.708
3_8 -6.9 3.728 6.005
3_9 -6.9 3.890 6.621
37_1 -7.4 0.000 0.000
37_2 -7.4 3.003 5.500
37_3 -7.1 3.903 6.029
37_4 -7.0 3.360 6.295
37_5 -6.9 3.460 6.250
37_6 -6.7 4.018 6.077
37_7 -6.7 1.818 2.436
37_8 -6.7 4.646 7.123
37_9 -6.7 2.358 3.331
2_1 -7.9 0.000 0.000
2_2 -7.5 1.459 1.690
2_3 -7.4 4.135 5.835
2_4 -7.3 3.655 5.826
2_5 -7.3 1.920 2.476
2_6 -7.0 2.268 4.822
2_7 -6.7 3.949 4.866
2_8 -6.7 4.418 6.870
2_9 -6.7 2.284 3.878
45_1 -7.2 0.000 0.000
45_2 -7.1 4.361 6.783
45_3 -7.0 4.290 7.309
45_4 -7.0 4.162 6.742
45_5 -6.9 4.099 6.986
45_6 -6.7 1.492 2.126
45_7 -6.6 4.146 6.431
45_8 -6.4 1.572 2.153
45_9 -6.4 2.646 3.764
17_1 -7.1 0.000 0.000
17_2 -6.8 1.880 2.876
17_3 -6.7 2.770 6.269
17_4 -6.7 2.576 5.273
17_5 -6.4 2.868 6.067
17_6 -6.4 3.310 4.533
17_7 -6.2 2.351 4.693
17_8 -6.2 2.417 4.696
17_9 -6.1 1.767 2.424
4_1 -7.2 0.000 0.000
4_2 -7.1 1.936 3.476
4_3 -7.0 2.611 6.309
4_4 -6.7 2.714 5.198
4_5 -6.5 2.620 5.860
4_6 -6.5 2.743 6.242
4_7 -6.4 2.446 4.875
4_8 -6.4 3.337 4.732
4_9 -6.3 2.675 5.675
14_1 -7.4 0.000 0.000
14_2 -7.0 3.688 6.546
14_3 -6.9 1.589 2.392
14_4 -6.9 2.296 4.599
14_5 -6.8 3.365 6.358
14_6 -6.8 2.788 5.098
14_7 -6.8 2.690 3.801
14_8 -6.7 3.692 6.367
14_9 -6.6 2.618 4.018
46_1 -8.6 0.000 0.000
46_2 -8.0 0.754 1.424
46_3 -7.8 4.057 6.927
46_4 -7.7 4.562 6.686
46_5 -7.7 4.231 6.827
46_6 -7.5 2.940 4.827
46_7 -7.3 1.950 2.692
46_8 -7.1 3.549 6.095
46_9 -7.1 4.365 7.395
26_1 -7.4 0.000 0.000
26_2 -7.1 3.705 6.564
26_3 -6.9 1.561 2.370
26_4 -6.9 2.299 4.603
26_5 -6.9 3.331 6.367
26_6 -6.8 3.650 6.381
26_7 -6.8 2.445 4.631
26_8 -6.6 2.561 3.535
26_9 -6.6 3.684 6.100
53_1 -8.8 0.000 0.000
53_2 -8.8 3.874 6.348
53_3 -8.5 1.223 1.875
53_4 -8.4 2.977 5.614
53_5 -8.2 3.846 7.364
53_6 -8.2 1.905 2.305
53_7 -8.1 2.591 3.597
53_8 -8.0 1.695 2.109
53_9 -8.0 1.543 2.041
19_1 -7.2 0.000 0.000
19_2 -7.0 3.736 6.640
19_3 -7.0 2.019 4.019
19_4 -6.9 2.248 4.566
19_5 -6.9 1.617 2.325
19_6 -6.7 2.618 3.766
19_7 -6.7 2.801 5.250
19_8 -6.6 2.974 5.440
19_9 -6.6 3.655 6.199
72_1 -7.9 0.000 0.000
72_2 -7.5 4.083 6.813
72_3 -7.5 4.477 6.471
72_4 -7.3 2.886 4.838
72_5 -7.3 1.967 4.749
72_6 -7.2 3.363 6.039
72_7 -7.1 2.773 5.449
72_8 -6.9 3.845 5.054
72_9 -6.9 2.134 5.200
20_1 -7.9 0.000 0.000
20_2 -7.8 3.481 5.443
20_3 -7.5 2.130 5.056
20_4 -7.3 3.578 5.906
20_5 -7.2 1.741 4.800
20_6 -7.1 4.050 5.882
20_7 -7.1 3.297 3.918
20_8 -7.0 1.929 2.864
20_9 -7.0 3.288 6.034
10_1 -7.9 0.000 0.000
10_2 -7.6 3.858 5.870
10_3 -7.6 1.711 2.202
10_4 -7.3 2.124 4.961
10_5 -7.2 3.670 5.898
10_6 -7.2 2.362 3.459
10_7 -7.0 4.964 7.145
10_8 -6.9 3.840 6.380
10_9 -6.7 2.917 4.019
70_1 -7.9 0.000 0.000
70_2 -7.7 3.004 5.902
70_3 -7.6 1.965 2.471
70_4 -7.5 3.274 4.558
70_5 -7.5 3.922 5.643
70_6 -7.4 3.535 4.671
70_7 -7.3 4.144 6.239
70_8 -7.2 3.173 4.230
70_9 -7.2 3.053 4.056
43_1 -7.4 0.000 0.000
43_2 -7.3 3.784 5.918
43_3 -7.3 3.350 5.835
43_4 -6.8 3.474 6.252
43_5 -6.8 2.505 4.989
43_6 -6.8 1.732 2.582
43_7 -6.7 3.354 5.433
43_8 -6.6 4.267 7.140
43_9 -6.5 3.556 6.324
21_1 -7.1 0.000 0.000
21_2 -6.9 2.210 3.412
21_3 -6.7 2.813 6.379
21_4 -6.6 2.635 5.275
21_5 -6.6 3.317 4.542
21_6 -6.4 2.528 4.845
21_7 -6.3 1.884 2.445
21_8 -6.3 3.513 5.981
21_9 -6.2 2.659 5.829
34_1 -8.2 0.000 0.000
34_2 -7.9 1.468 1.737
34_3 -7.6 4.577 6.824
34_4 -7.3 2.919 5.563
34_5 -7.3 2.014 4.412
34_6 -7.2 2.168 2.859
34_7 -7.2 2.083 2.716
34_8 -7.2 4.556 6.190
34_9 -6.9 4.735 6.253
42_1 -7.8 0.000 0.000
42_2 -7.7 1.841 4.682
42_3 -7.5 3.993 6.077
42_4 -7.3 3.399 5.095
42_5 -7.3 3.118 4.434
42_6 -7.2 3.573 5.735
42_7 -7.2 4.138 6.440
42_8 -7.1 4.377 6.913
42_9 -7.1 2.498 3.878
41_1 -8.0 0.000 0.000
41_2 -7.9 4.162 6.562
41_3 -7.5 4.051 7.251
41_4 -7.4 1.426 2.210
41_5 -7.4 1.957 4.878
41_6 -7.4 3.874 5.951
41_7 -6.9 3.330 6.388
41_8 -6.9 3.885 7.179
41_9 -6.9 2.392 5.400
16_1 -7.9 0.000 0.000
16_2 -7.8 3.483 5.461
16_3 -7.5 2.120 5.098
16_4 -7.3 3.423 5.844
16_5 -7.3 3.574 5.903
16_6 -7.3 2.446 3.334
16_7 -7.2 2.170 4.857
16_8 -7.1 3.293 3.950
16_9 -7.0 2.294 3.059
55_1 -7.2 0.000 0.000
55_2 -7.1 2.193 4.974
55_3 -6.9 4.251 6.684
55_4 -6.8 1.742 4.523
55_5 -6.7 3.408 5.063
55_6 -6.7 0.903 1.539
55_7 -6.4 3.330 5.384
55_8 -6.3 2.142 4.972
55_9 -6.2 2.410 4.905
5_1 -7.3 0.000 0.000
5_2 -7.0 3.685 6.560
5_3 -6.9 2.037 4.041
5_4 -6.9 1.553 2.327
5_5 -6.9 2.289 4.572
5_6 -6.8 3.644 6.342
5_7 -6.7 2.705 3.872
5_8 -6.5 3.581 6.443
5_9 -6.5 2.906 4.291
48_1 -8.3 0.000 0.000
48_2 -7.9 4.514 6.705
48_3 -7.7 4.339 7.283
48_4 -7.4 4.398 6.683
48_5 -7.2 4.596 6.250
48_6 -7.2 3.691 6.399
48_7 -7.1 2.174 4.999
48_8 -6.9 2.982 3.972
48_9 -6.8 3.606 6.357
76_1 -7.2 0.000 0.000
76_2 -7.0 2.270 3.067
76_3 -7.0 3.384 6.426
76_4 -6.9 3.506 5.173
76_5 -6.8 3.533 6.509
76_6 -6.7 1.784 4.883
76_7 -6.7 1.771 4.618
76_8 -6.7 2.819 4.841
76_9 -6.6 2.500 4.478
11_1 -7.9 0.000 0.000
11_2 -7.5 1.634 2.074
11_3 -7.4 4.089 5.791
11_4 -7.4 3.660 5.793
11_5 -7.3 2.441 4.913
11_6 -7.1 4.927 7.057
11_7 -6.6 5.163 7.349
11_8 -6.5 4.254 6.490
11_9 -6.5 2.935 5.157
40_1 -7.7 0.000 0.000
40_2 -7.7 3.573 6.055
40_3 -7.7 1.257 1.326
40_4 -7.4 1.311 1.735
40_5 -7.3 4.469 6.818
40_6 -7.2 3.815 5.950
40_7 -7.0 2.778 5.221
40_8 -6.9 4.855 7.378
40_9 -6.9 3.527 4.633
36_1 -7.8 0.000 0.000
36_2 -7.6 3.836 5.842
36_3 -7.6 1.712 2.266
36_4 -7.2 2.127 4.926
36_5 -7.1 2.487 3.471
36_6 -7.1 4.447 6.274
36_7 -7.0 4.875 7.040
36_8 -7.0 3.589 5.914
36_9 -6.8 4.572 7.028
49_1 -7.8 0.000 0.000
49_2 -7.6 3.830 5.840
49_3 -7.6 1.661 2.236
49_4 -7.3 4.352 6.041
49_5 -6.9 3.250 4.581
49_6 -6.7 4.031 7.188
49_7 -6.7 4.844 6.372
49_8 -6.6 3.943 6.125
49_9 -6.4 4.204 6.487
56_1 -8.2 0.000 0.000
56_2 -8.1 2.061 4.077
56_3 -8.0 3.042 4.849
56_4 -7.8 4.206 7.043
56_5 -7.7 4.503 6.998
56_6 -7.7 2.743 4.169
56_7 -7.6 1.896 2.665
56_8 -7.6 3.425 4.954
56_9 -7.5 4.590 7.441
65_1 -8.0 0.000 0.000
65_2 -7.7 3.063 5.888
65_3 -7.7 2.043 2.669
65_4 -7.6 3.318 4.636
65_5 -7.6 2.938 3.807
65_6 -7.5 2.095 4.722
65_7 -7.4 4.566 6.345
65_8 -7.4 4.042 5.742
65_9 -7.1 2.580 4.864
52_1 -7.4 0.000 0.000
52_2 -7.4 2.956 5.466
52_3 -7.1 3.880 5.966
52_4 -7.0 3.558 6.305
52_5 -7.0 3.366 6.284
52_6 -6.9 3.407 6.238
52_7 -6.9 3.573 5.820
52_8 -6.9 4.323 6.024
52_9 -6.8 3.433 6.666
81_1 -8.9 0.000 0.000
81_2 -8.7 3.849 6.304
81_3 -8.3 1.885 2.286
81_4 -8.3 3.003 5.642
81_5 -8.1 1.804 2.513
81_6 -8.0 2.617 3.763
81_7 -7.9 3.278 5.878
81_8 -7.9 2.397 3.261
81_9 -7.8 2.003 4.597
75_1 -7.7 0.000 0.000
75_2 -7.5 3.281 4.599
75_3 -7.5 2.042 2.573
75_4 -7.5 3.029 3.933
75_5 -7.4 2.138 4.713
75_6 -7.4 4.556 6.347
75_7 -7.2 4.017 5.749
75_8 -7.1 3.148 4.214
75_9 -7.1 3.269 4.222
27_1 -7.3 0.000 0.000
27_2 -7.1 1.942 3.487
27_3 -7.0 2.618 6.325
27_4 -6.8 2.324 5.274
27_5 -6.6 2.613 5.877
27_6 -6.5 2.324 5.827
27_7 -6.4 3.525 5.986
27_8 -6.3 3.246 4.522
27_9 -6.3 2.658 6.079
24_1 -7.3 0.000 0.000
24_2 -7.0 2.029 4.094
24_3 -6.9 2.272 4.579
24_4 -6.9 1.563 2.378
24_5 -6.9 3.691 6.540
24_6 -6.9 3.344 6.377
24_7 -6.8 3.652 6.378
24_8 -6.7 2.751 3.980
24_9 -6.7 2.790 5.192
54_1 -7.9 0.000 0.000
54_2 -7.7 1.999 2.445
54_3 -7.6 3.271 4.613
54_4 -7.5 3.067 3.998
54_5 -7.4 4.426 6.232
54_6 -7.4 3.937 5.684
54_7 -7.2 3.067 4.199
54_8 -7.1 3.492 4.578
54_9 -7.1 2.085 3.560
57_1 -7.6 0.000 0.000
57_2 -7.5 1.083 1.278
57_3 -7.2 2.852 4.878
57_4 -7.1 2.485 4.668
57_5 -7.1 4.056 6.730
57_6 -7.1 2.375 5.165
57_7 -7.0 4.309 6.796
57_8 -6.8 1.900 2.759
57_9 -6.7 3.264 5.743
23_1 -7.2 0.000 0.000
23_2 -7.1 1.968 3.505
23_3 -7.0 2.623 6.333
23_4 -6.7 2.708 5.197
23_5 -6.5 1.801 2.459
23_6 -6.4 2.354 3.736
23_7 -6.4 2.760 6.246
23_8 -6.3 2.690 3.783
23_9 -6.3 1.786 2.626
77_1 -7.4 0.000 0.000
77_2 -7.3 2.846 5.396
77_3 -7.2 3.639 6.425
77_4 -7.2 3.905 6.107
77_5 -7.1 3.507 6.459
77_6 -7.0 3.761 5.831
77_7 -7.0 4.226 5.875
77_8 -6.7 3.475 5.734
77_9 -6.7 3.215 5.886
51_1 -7.8 0.000 0.000
51_2 -7.7 3.849 5.844
51_3 -7.7 1.714 2.207
51_4 -7.5 4.054 5.835
51_5 -7.4 2.691 3.811
51_6 -7.3 2.392 4.974
51_7 -7.1 3.623 5.905
51_8 -6.9 3.814 6.343
51_9 -6.8 2.389 3.152
33_1 -7.9 0.000 0.000
33_2 -7.5 1.427 1.653
33_3 -7.4 4.097 5.798
33_4 -7.4 2.018 2.514
33_5 -7.3 2.396 4.920
33_6 -7.2 3.619 5.845
33_7 -7.1 4.940 7.071
33_8 -6.8 3.929 4.837
33_9 -6.6 5.136 6.798
79_1 -8.0 0.000 0.000
79_2 -7.8 1.354 1.857
79_3 -7.7 2.748 3.600
79_4 -7.6 3.016 5.799
79_5 -7.6 3.085 4.299
79_6 -7.4 4.196 6.240
79_7 -7.4 2.034 2.664
79_8 -7.1 4.278 6.288
79_9 -7.0 4.180 6.443
71_1 -7.2 0.000 0.000
71_2 -7.0 2.949 4.775
71_3 -7.0 3.509 6.478
71_4 -7.0 2.004 3.699
71_5 -7.0 2.212 4.966
71_6 -6.9 2.181 2.961
71_7 -6.9 2.015 4.637
71_8 -6.8 2.382 4.425
71_9 -6.6 3.355 5.029
39_1 -7.7 0.000 0.000
39_2 -7.6 2.135 4.911
39_3 -7.6 4.361 7.223
39_4 -7.4 1.903 4.635
39_5 -7.4 2.334 4.541
39_6 -7.2 4.250 6.687
39_7 -7.2 2.865 4.838
39_8 -7.2 1.682 2.249
39_9 -7.0 2.131 5.093
8_1 -7.2 0.000 0.000
8_2 -6.9 2.154 3.442
8_3 -6.7 2.770 6.319
8_4 -6.6 2.605 5.273
8_5 -6.6 3.298 4.589
8_6 -6.4 1.948 2.687
8_7 -6.3 2.805 6.097
8_8 -6.3 2.596 5.915
8_9 -6.3 2.345 4.680
7_1 -7.9 0.000 0.000
7_2 -7.8 3.502 5.518
7_3 -7.7 1.812 2.345
7_4 -7.6 4.481 7.136
7_5 -7.5 2.143 5.060
7_6 -7.4 3.466 5.901
7_7 -7.3 3.552 5.908
7_8 -7.2 3.456 6.544
7_9 -7.2 3.989 5.830
9_1 -7.8 0.000 0.000
9_2 -7.6 3.804 5.817
9_3 -7.6 1.652 2.211
9_4 -7.5 2.015 2.564
9_5 -7.2 2.103 4.909
9_6 -7.1 3.581 5.881
9_7 -7.1 3.003 5.520
9_8 -6.8 3.273 4.579
9_9 -6.7 3.625 6.007
29_1 -7.3 0.000 0.000
29_2 -7.0 1.953 3.467
29_3 -7.0 2.626 6.358
29_4 -6.7 2.709 5.192
29_5 -6.6 2.408 5.258
29_6 -6.5 3.258 4.503
29_7 -6.4 2.511 5.845
29_8 -6.2 2.634 4.845
29_9 -6.2 2.653 5.902
74_1 -8.7 0.000 0.000
74_2 -8.4 3.828 6.453
74_3 -8.2 3.862 7.416
74_4 -8.0 3.558 6.374
74_5 -7.4 3.249 4.663
74_6 -7.4 3.724 6.955
74_7 -7.3 3.685 5.659
74_8 -7.3 3.585 6.259
74_9 -7.2 4.207 7.471
62_1 -7.2 0.000 0.000
62_2 -7.0 4.379 6.843
62_3 -6.9 4.195 6.785
62_4 -6.9 4.286 7.298
62_5 -6.9 3.318 6.036
62_6 -6.8 4.071 6.950
62_7 -6.8 3.173 6.255
62_8 -6.7 3.683 5.835
62_9 -6.5 1.623 2.212
78_1 -8.8 0.000 0.000
78_2 -8.6 1.166 1.677
78_3 -8.5 3.771 6.262
78_4 -8.3 2.804 5.284
78_5 -8.0 3.938 7.508
78_6 -7.9 1.822 2.514
78_7 -7.9 1.637 2.256
78_8 -7.7 3.118 5.855
78_9 -7.7 2.809 4.169
60_1 -7.4 0.000 0.000
60_2 -7.3 3.174 4.797
60_3 -7.2 3.506 6.523
60_4 -7.1 3.907 6.057
60_5 -7.1 3.598 6.497
60_6 -7.0 3.492 5.922
60_7 -6.9 3.489 5.595
60_8 -6.6 2.507 3.292
60_9 -6.5 4.058 6.476
64_1 -8.8 0.000 0.000
64_2 -8.7 3.926 6.388
64_3 -8.4 2.984 5.552
64_4 -8.4 1.312 2.256
64_5 -8.3 1.864 2.295
64_6 -8.3 3.921 7.426
64_7 -8.0 1.781 2.408
64_8 -8.0 2.033 4.696
64_9 -8.0 2.091 5.318
31_1 -7.3 0.000 0.000
31_2 -7.0 2.031 4.013
31_3 -6.9 3.741 6.599
31_4 -6.9 1.608 2.314
31_5 -6.8 2.279 4.540
31_6 -6.8 3.636 6.344
31_7 -6.7 2.806 5.180
31_8 -6.6 3.587 6.193
31_9 -6.6 3.061 5.440
59_1 -7.7 0.000 0.000
59_2 -7.7 3.588 6.083
59_3 -7.6 1.217 1.417
59_4 -7.3 4.463 6.812
59_5 -7.2 3.820 5.951
59_6 -6.9 4.033 6.150
59_7 -6.9 2.835 5.428
59_8 -6.7 4.653 6.363
59_9 -6.6 4.473 7.235
18_1 -7.3 0.000 0.000
18_2 -7.0 2.619 6.357
18_3 -6.9 1.979 3.543
18_4 -6.6 2.401 5.241
18_5 -6.4 2.604 5.667
18_6 -6.2 2.633 4.841
18_7 -6.2 2.493 5.916
18_8 -6.2 2.584 4.781
18_9 -6.2 3.156 6.408
61_1 -7.3 0.000 0.000
61_2 -7.3 2.265 3.813
61_3 -7.2 2.512 3.978
61_4 -7.2 3.529 6.372
61_5 -7.0 3.128 4.932
61_6 -7.0 3.714 6.155
61_7 -6.9 4.018 7.336
61_8 -6.9 2.267 4.408
61_9 -6.9 4.314 7.164
22_1 -7.9 0.000 0.000
22_2 -7.6 3.860 5.849
22_3 -7.6 1.703 2.250
22_4 -7.3 2.151 4.943
22_5 -7.2 3.607 5.838
22_6 -6.7 4.999 6.518
22_7 -6.7 4.020 6.142
22_8 -6.6 4.438 5.621
22_9 -6.6 4.253 6.463
69_1 -8.7 0.000 0.000
69_2 -8.6 3.889 6.282
69_3 -8.5 2.500 5.883
69_4 -8.1 4.115 7.139
69_5 -8.1 4.275 7.747
69_6 -7.9 4.102 6.986
69_7 -7.8 2.694 5.235
69_8 -7.7 1.307 2.275
69_9 -7.5 4.151 6.663
6_1 -7.6 0.000 0.000
6_2 -7.5 2.179 5.167
6_3 -7.4 1.741 2.047
6_4 -7.4 3.252 5.577
6_5 -7.1 3.664 5.544
6_6 -6.9 3.013 6.269
6_7 -6.8 3.811 4.888
6_8 -6.7 2.812 7.221
6_9 -6.5 3.484 6.461
30_1 -7.8 0.000 0.000
30_2 -7.7 3.840 5.872
30_3 -7.6 3.871 5.845
30_4 -7.6 1.651 2.216
30_5 -7.3 2.162 4.958
30_6 -7.2 3.625 5.891
30_7 -7.1 2.637 3.660
30_8 -7.0 4.926 7.099
30_9 -6.9 3.062 4.250
32_1 -7.9 0.000 0.000
32_2 -7.7 3.842 5.845
32_3 -7.7 1.662 2.157
32_4 -7.3 2.125 5.087
32_5 -7.3 1.767 2.406
32_6 -7.1 4.231 6.007
32_7 -6.7 3.212 5.531
32_8 -6.7 2.969 3.975
32_9 -6.7 4.893 6.462
66_1 -7.2 0.000 0.000
66_2 -7.1 0.860 1.105
66_3 -7.1 2.318 4.020
66_4 -6.9 1.875 4.959
66_5 -6.9 3.429 6.379
66_6 -6.8 2.376 4.984
66_7 -6.8 2.015 3.681
66_8 -6.7 2.831 4.846
66_9 -6.7 3.382 5.275
44_1 -7.2 0.000 0.000
44_2 -7.1 2.259 3.842
44_3 -7.1 2.206 4.905
44_4 -7.0 1.992 4.977
44_5 -7.0 3.467 6.450
44_6 -6.9 1.988 3.719
44_7 -6.9 2.832 4.649
44_8 -6.8 2.489 4.916
44_9 -6.7 4.264 6.670
38_1 -7.2 0.000 0.000
38_2 -7.1 2.006 5.006
38_3 -7.0 2.201 4.938
38_4 -7.0 3.511 6.481
38_5 -7.0 2.821 4.608
38_6 -6.8 1.970 3.385
38_7 -6.7 2.482 4.575
38_8 -6.7 1.783 4.437
38_9 -6.7 4.157 7.226
25_1 -7.8 0.000 0.000
25_2 -7.8 3.478 5.454
25_3 -7.6 1.782 2.334
25_4 -7.5 2.127 5.094
25_5 -7.4 3.068 4.701
25_6 -7.3 3.994 5.694
25_7 -7.2 3.437 6.523
25_8 -7.0 3.365 6.076
25_9 -7.0 3.752 4.593
67_1 -7.6 0.000 0.000
67_2 -7.4 3.249 5.420
67_3 -7.4 2.448 5.167
67_4 -7.3 3.442 5.319
67_5 -7.2 3.883 5.241
67_6 -7.0 3.491 5.802
67_7 -7.0 2.315 3.580
67_8 -7.0 4.576 7.335
67_9 -6.9 1.928 2.886
12_1 -7.9 0.000 0.000
12_2 -7.5 1.923 4.626
12_3 -7.3 3.665 5.899
12_4 -7.1 2.113 4.733
12_5 -7.1 2.960 3.952
12_6 -7.0 3.324 5.742
12_7 -7.0 3.134 4.984
12_8 -7.0 3.853 6.070
12_9 -6.9 3.360 5.026
1_1 -7.8 0.000 0.000
1_2 -7.6 3.836 5.833
1_3 -7.6 1.045 1.263
1_4 -7.3 2.131 4.921
1_5 -7.2 4.423 6.125
1_6 -7.1 3.601 5.836
1_7 -6.8 4.477 6.806
1_8 -6.6 4.521 7.156
1_9 -6.6 4.839 6.983
13_1 -7.3 0.000 0.000
13_2 -7.0 1.965 3.500
13_3 -7.0 2.625 6.303
13_4 -6.6 2.720 5.231
13_5 -6.6 2.399 5.266
13_6 -6.4 2.770 6.030
13_7 -6.4 2.471 5.803
13_8 -6.4 3.468 5.972
13_9 -6.3 2.654 5.719
58_1 -8.8 0.000 0.000
58_2 -8.8 1.613 2.064
58_3 -8.7 3.203 5.723
58_4 -8.6 3.688 6.403
58_5 -8.5 2.413 3.377
58_6 -8.1 3.547 6.096
58_7 -8.1 1.947 2.470
58_8 -8.1 4.036 7.297
58_9 -8.1 2.581 6.271
35_1 -7.2 0.000 0.000
35_2 -7.1 1.941 3.510
35_3 -7.0 2.624 6.325
35_4 -6.5 2.599 5.830
35_5 -6.4 2.360 5.766
35_6 -6.4 3.253 4.574
35_7 -6.4 2.932 6.668
35_8 -6.3 2.631 5.741
35_9 -6.3 1.992 2.585
73_1 -8.3 0.000 0.000
73_2 -7.9 0.925 1.569
73_3 -7.9 4.331 6.503
73_4 -7.5 3.601 6.100
73_5 -7.4 1.836 2.568
73_6 -7.4 2.317 4.871
73_7 -7.3 2.134 3.324
73_8 -7.3 2.855 4.827
73_9 -7.1 4.686 6.302
15_1 -7.5 0.000 0.000
15_2 -7.4 2.156 5.143
15_3 -7.3 1.733 2.117
15_4 -7.3 2.884 6.174
15_5 -7.3 3.223 5.599
15_6 -6.9 2.792 7.199
15_7 -6.8 3.022 5.604
15_8 -6.8 3.000 6.529
15_9 -6.7 4.327 6.847
47_1 -7.7 0.000 0.000
47_2 -7.7 3.572 6.039
47_3 -7.7 1.347 1.786
47_4 -7.3 4.467 6.812
47_5 -7.3 1.362 1.980
47_6 -7.1 2.844 5.362
47_7 -7.1 3.966 5.947
47_8 -6.9 4.730 6.471
47_9 -6.8 3.954 6.138
80_1 -7.3 0.000 0.000
80_2 -7.3 2.934 5.399
80_3 -7.3 3.848 5.633
80_4 -7.3 3.346 5.882
80_5 -6.9 3.669 5.897
80_6 -6.9 3.752 5.777
80_7 -6.8 1.305 1.688
80_8 -6.7 3.844 5.101
80_9 -6.6 4.111 5.624
63_1 -7.6 0.000 0.000
63_2 -7.5 2.359 5.113
63_3 -7.2 2.843 4.881
63_4 -7.1 4.024 6.695
63_5 -7.1 1.823 3.997
63_6 -7.1 2.424 4.414
63_7 -7.0 2.143 5.165
63_8 -6.9 1.749 2.508
63_9 -6.9 4.380 7.005
68_1 -8.0 0.000 0.000
68_2 -8.0 2.143 3.544
68_3 -7.9 1.136 1.985
68_4 -7.8 3.943 6.018
68_5 -7.7 2.469 5.569
68_6 -7.6 1.695 4.238
68_7 -7.4 3.804 5.822
68_8 -7.4 3.930 6.936
68_9 -7.4 3.266 4.607
28_1 -7.8 0.000 0.000
28_2 -7.6 3.796 5.794
28_3 -7.6 1.698 2.234
28_4 -7.4 4.116 5.872
28_5 -7.3 2.126 4.920
28_6 -7.1 3.017 5.666
28_7 -7.0 3.665 5.798
28_8 -6.9 2.608 3.817
28_9 -6.8 2.317 3.172
