82_1 -8.1 0.000 0.000
82_2 -7.7 1.320 2.135
82_3 -7.3 3.423 4.830
82_4 -7.3 4.215 6.641
82_5 -7.3 3.842 5.805
82_6 -7.3 4.021 6.937
82_7 -7.1 2.177 4.928
82_8 -7.1 1.453 2.131
82_9 -7.0 4.146 6.583
50_1 -8.0 0.000 0.000
50_2 -7.7 3.812 5.813
50_3 -7.5 1.956 4.825
50_4 -7.4 1.502 1.850
50_5 -7.3 3.217 5.879
50_6 -6.9 1.585 2.108
50_7 -6.9 2.047 4.951
50_8 -6.5 3.453 5.553
50_9 -6.5 3.586 4.744
3_1 -7.7 0.000 0.000
3_2 -7.5 3.647 5.972
3_3 -7.4 3.319 4.632
3_4 -7.3 2.947 4.104
3_5 -7.2 2.077 4.586
3_6 -7.2 3.995 5.673
3_7 -7.1 4.018 6.104
3_8 -7.1 1.895 4.646
3_9 -6.9 4.375 6.784
37_1 -8.1 0.000 0.000
37_2 -7.4 1.225 2.009
37_3 -7.3 3.381 4.845
37_4 -7.2 3.852 5.793
37_5 -7.2 4.000 6.935
37_6 -7.1 3.973 6.843
37_7 -7.1 2.242 4.947
37_8 -7.0 4.301 6.927
37_9 -7.0 4.163 7.297
2_1 -7.9 0.000 0.000
2_2 -7.8 3.813 5.795
2_3 -7.5 1.930 4.880
2_4 -7.3 1.976 4.823
2_5 -6.7 3.609 6.125
2_6 -6.7 4.014 5.632
2_7 -6.6 4.338 7.091
2_8 -6.6 2.408 5.445
2_9 -6.5 3.608 5.159
45_1 -7.7 0.000 0.000
45_2 -7.2 4.341 6.753
45_3 -7.2 4.098 6.960
45_4 -7.2 4.227 7.339
45_5 -7.0 3.839 5.937
45_6 -6.7 3.841 5.889
45_7 -6.6 3.956 5.541
45_8 -6.5 4.204 6.662
45_9 -6.5 3.650 4.690
17_1 -7.2 0.000 0.000
17_2 -7.0 2.244 4.756
17_3 -6.7 1.962 3.087
17_4 -6.6 2.372 5.407
17_5 -6.6 2.745 4.691
17_6 -6.5 2.205 5.150
17_7 -6.5 2.271 4.893
17_8 -6.4 2.794 5.554
17_9 -6.4 2.686 6.050
4_1 -7.3 0.000 0.000
4_2 -7.2 2.111 4.719
4_3 -6.7 1.827 3.256
4_4 -6.6 2.051 4.526
4_5 -6.5 2.683 4.810
4_6 -6.5 2.421 5.379
4_7 -6.3 2.413 5.409
4_8 -6.3 2.844 5.453
4_9 -6.3 2.512 5.948
14_1 -7.6 0.000 0.000
14_2 -7.4 3.424 5.735
14_3 -7.3 3.397 5.799
14_4 -7.1 1.301 1.957
14_5 -6.9 3.517 6.316
14_6 -6.7 2.806 5.190
14_7 -6.7 3.350 5.527
14_8 -6.7 4.022 6.321
14_9 -6.7 2.472 4.887
46_1 -8.7 0.000 0.000
46_2 -8.6 0.165 1.191
46_3 -7.8 5.046 7.126
46_4 -7.8 3.077 5.711
46_5 -7.7 4.429 7.423
46_6 -7.5 4.582 6.841
46_7 -7.4 4.184 7.081
46_8 -7.3 2.346 5.151
46_9 -6.9 3.670 5.987
26_1 -7.7 0.000 0.000
26_2 -7.4 3.418 5.763
26_3 -7.3 3.406 5.828
26_4 -7.0 3.992 6.357
26_5 -7.0 3.456 6.332
26_6 -6.8 3.833 5.973
26_7 -6.8 2.049 4.382
26_8 -6.8 2.650 4.961
26_9 -6.7 3.840 6.955
53_1 -9.1 0.000 0.000
53_2 -8.8 3.897 6.498
53_3 -8.6 1.253 2.051
53_4 -8.3 2.256 3.145
53_5 -8.3 3.891 7.407
53_6 -8.2 1.839 2.687
53_7 -7.9 3.231 5.913
53_8 -7.9 3.243 6.066
53_9 -7.6 3.419 6.002
19_1 -7.6 0.000 0.000
19_2 -7.4 3.427 5.730
19_3 -7.3 3.349 5.771
19_4 -7.1 3.791 6.092
19_5 -6.8 3.460 6.273
19_6 -6.8 2.473 4.769
19_7 -6.4 3.058 5.222
19_8 -6.3 3.555 6.168
19_9 -6.3 4.581 6.996
72_1 -8.3 0.000 0.000
72_2 -7.8 5.169 6.997
72_3 -7.8 4.472 6.497
72_4 -7.8 3.265 5.756
72_5 -7.5 4.338 6.968
72_6 -7.2 4.752 7.260
72_7 -7.1 4.833 6.462
72_8 -6.9 2.385 4.912
72_9 -6.9 5.233 7.887
20_1 -8.3 0.000 0.000
20_2 -8.0 1.627 2.100
20_3 -7.9 3.401 5.194
20_4 -7.6 2.065 5.009
20_5 -7.4 1.738 4.782
20_6 -7.4 3.643 6.067
20_7 -7.3 3.883 4.718
20_8 -7.3 2.210 4.922
20_9 -7.1 3.680 6.170
10_1 -8.0 0.000 0.000
10_2 -7.9 3.766 5.805
10_3 -7.5 1.843 4.841
10_4 -7.3 1.174 1.610
10_5 -7.3 1.978 4.859
10_6 -7.2 4.266 6.536
10_7 -7.0 2.999 5.576
10_8 -6.7 2.068 5.094
10_9 -6.7 3.488 5.576
70_1 -8.5 0.000 0.000
70_2 -8.3 3.391 4.946
70_3 -8.3 2.388 3.087
70_4 -8.0 2.140 3.084
70_5 -7.9 3.848 5.735
70_6 -7.8 4.167 6.281
70_7 -7.6 3.365 5.357
70_8 -7.6 3.476 5.189
70_9 -7.3 1.390 1.906
43_1 -8.0 0.000 0.000
43_2 -7.6 1.208 1.729
43_3 -7.5 4.197 6.583
43_4 -7.2 3.953 6.958
43_5 -7.2 3.888 5.875
43_6 -6.9 3.823 6.546
43_7 -6.9 4.021 6.867
43_8 -6.8 3.859 6.356
43_9 -6.8 2.939 3.931
21_1 -7.2 0.000 0.000
21_2 -7.0 2.236 4.755
21_3 -6.7 1.966 3.031
21_4 -6.6 2.382 5.414
21_5 -6.6 2.681 5.986
21_6 -6.5 2.317 4.977
21_7 -6.5 2.842 5.438
21_8 -6.4 2.524 4.096
21_9 -6.3 2.522 5.940
34_1 -8.2 0.000 0.000
34_2 -8.0 2.912 5.471
34_3 -8.0 4.196 6.431
34_4 -7.4 2.499 5.027
34_5 -7.4 4.272 6.908
34_6 -7.2 4.471 6.688
34_7 -7.1 2.950 5.260
34_8 -7.0 4.185 6.883
34_9 -6.9 1.967 4.404
42_1 -7.7 0.000 0.000
42_2 -7.7 3.360 4.866
42_3 -7.5 3.631 5.743
42_4 -7.2 3.511 4.932
42_5 -7.1 4.048 5.684
42_6 -7.1 4.314 6.820
42_7 -7.1 3.613 6.410
42_8 -6.8 4.346 6.733
42_9 -6.7 3.805 5.688
41_1 -8.8 0.000 0.000
41_2 -8.4 4.155 6.814
41_3 -7.8 3.004 5.765
41_4 -7.4 2.606 5.761
41_5 -7.4 2.096 4.962
41_6 -7.4 4.134 7.349
41_7 -7.3 4.147 7.270
41_8 -7.0 4.772 7.466
41_9 -6.8 4.889 7.182
16_1 -8.3 0.000 0.000
16_2 -8.1 1.646 2.110
16_3 -7.9 3.434 5.265
16_4 -7.8 1.351 1.558
16_5 -7.6 2.072 4.965
16_6 -7.4 1.656 4.828
16_7 -7.4 3.655 6.065
16_8 -7.4 1.806 2.350
16_9 -7.3 2.166 4.873
55_1 -7.9 0.000 0.000
55_2 -7.7 3.920 6.980
55_3 -7.7 3.779 6.689
55_4 -7.4 4.145 6.329
55_5 -7.3 4.160 6.816
55_6 -7.3 4.055 6.699
55_7 -7.0 2.846 3.927
55_8 -6.8 3.529 5.758
55_9 -6.8 4.276 7.362
5_1 -7.6 0.000 0.000
5_2 -7.4 3.427 5.763
5_3 -7.2 3.293 5.754
5_4 -7.2 1.303 1.955
5_5 -7.1 3.756 6.092
5_6 -6.9 3.488 6.320
5_7 -6.8 2.029 4.389
5_8 -6.8 3.838 6.010
5_9 -6.8 3.235 5.560
48_1 -8.7 0.000 0.000
48_2 -8.6 4.655 7.062
48_3 -7.8 3.075 5.760
48_4 -7.8 4.888 6.829
48_5 -7.5 4.217 7.311
48_6 -7.2 2.125 5.374
48_7 -7.1 2.272 5.029
48_8 -7.0 1.976 4.871
48_9 -6.8 4.974 8.006
76_1 -7.9 0.000 0.000
76_2 -7.8 3.819 6.778
76_3 -7.7 3.992 7.051
76_4 -7.4 4.227 6.745
76_5 -7.3 4.089 6.541
76_6 -7.2 1.370 2.014
76_7 -7.0 4.119 7.368
76_8 -6.8 4.114 7.288
76_9 -6.8 3.762 6.132
11_1 -7.9 0.000 0.000
11_2 -7.8 3.831 5.768
11_3 -7.4 1.925 4.891
11_4 -7.3 1.976 4.791
11_5 -7.0 5.001 7.453
11_6 -6.9 1.246 1.621
11_7 -6.7 2.333 5.185
11_8 -6.6 3.836 5.828
11_9 -6.5 3.995 5.536
40_1 -7.9 0.000 0.000
40_2 -7.7 4.227 6.623
40_3 -7.5 2.547 5.503
40_4 -7.4 3.911 6.306
40_5 -7.3 3.226 5.765
40_6 -6.9 4.028 6.536
40_7 -6.8 4.227 7.045
40_8 -6.7 4.835 7.104
40_9 -6.6 4.715 7.087
36_1 -8.1 0.000 0.000
36_2 -7.9 3.755 5.783
36_3 -7.5 1.856 4.895
36_4 -7.3 1.307 1.812
36_5 -7.3 1.941 4.873
36_6 -6.9 3.530 5.550
36_7 -6.9 3.583 6.130
36_8 -6.8 4.968 7.475
36_9 -6.8 1.873 2.645
49_1 -8.1 0.000 0.000
49_2 -7.9 3.752 5.782
49_3 -7.4 1.880 4.911
49_4 -7.1 3.299 6.015
49_5 -6.9 3.556 5.544
49_6 -6.8 4.953 7.467
49_7 -6.7 4.408 7.101
49_8 -6.4 4.082 6.781
49_9 -6.3 3.311 5.867
56_1 -8.3 0.000 0.000
56_2 -7.9 4.590 6.667
56_3 -7.9 3.096 5.651
56_4 -7.8 5.116 7.019
56_5 -7.7 2.848 5.608
56_6 -7.6 4.163 6.829
56_7 -7.3 1.728 4.588
56_8 -7.2 4.377 7.195
56_9 -7.2 4.610 7.499
65_1 -8.5 0.000 0.000
65_2 -8.3 3.426 4.969
65_3 -8.3 2.288 2.941
65_4 -7.9 4.215 6.420
65_5 -7.9 3.398 6.112
65_6 -7.8 1.998 4.680
65_7 -7.8 3.800 5.893
65_8 -7.5 1.495 2.286
65_9 -7.4 1.964 4.595
52_1 -8.0 0.000 0.000
52_2 -7.8 1.323 1.825
52_3 -7.5 1.226 1.783
52_4 -7.4 3.405 4.916
52_5 -7.4 4.028 6.956
52_6 -7.2 2.242 4.931
52_7 -7.2 3.846 5.782
52_8 -7.1 4.137 7.245
52_9 -7.0 4.256 6.831
81_1 -8.9 0.000 0.000
81_2 -8.7 3.777 6.422
81_3 -8.6 0.847 1.663
81_4 -8.5 3.836 7.408
81_5 -8.2 2.440 5.527
81_6 -8.1 3.017 5.821
81_7 -8.1 1.844 2.567
81_8 -7.9 4.412 6.503
81_9 -7.6 3.306 6.037
75_1 -8.4 0.000 0.000
75_2 -8.2 3.716 5.440
75_3 -8.0 1.910 4.652
75_4 -8.0 3.184 5.544
75_5 -7.9 4.217 6.338
75_6 -7.9 3.349 6.124
75_7 -7.7 3.931 6.503
75_8 -7.7 4.044 5.983
75_9 -7.6 3.380 5.353
27_1 -7.3 0.000 0.000
27_2 -7.2 2.125 4.762
27_3 -6.6 2.353 5.409
27_4 -6.6 2.312 4.838
27_5 -6.4 2.125 3.174
27_6 -6.4 2.255 4.319
27_7 -6.4 2.015 2.794
27_8 -6.3 2.535 5.428
27_9 -6.2 2.842 5.343
24_1 -7.6 0.000 0.000
24_2 -7.4 3.434 5.751
24_3 -7.3 3.426 5.869
24_4 -7.2 1.225 1.941
24_5 -7.0 3.997 6.360
24_6 -6.9 3.398 6.199
24_7 -6.8 2.084 4.409
24_8 -6.8 2.667 4.916
24_9 -6.7 3.859 6.974
54_1 -8.5 0.000 0.000
54_2 -8.3 3.410 4.986
54_3 -8.3 2.492 3.254
54_4 -8.0 1.675 2.244
54_5 -8.0 1.779 4.263
54_6 -7.9 4.059 6.194
54_7 -7.8 3.784 5.672
54_8 -7.8 3.329 5.348
54_9 -7.6 4.212 6.326
57_1 -8.2 0.000 0.000
57_2 -7.9 4.304 7.203
57_3 -7.5 4.587 7.359
57_4 -7.3 4.827 7.414
57_5 -7.1 3.964 6.059
57_6 -7.1 3.851 5.985
57_7 -6.9 3.288 5.299
57_8 -6.8 3.531 4.680
57_9 -6.8 2.791 4.098
23_1 -7.3 0.000 0.000
23_2 -7.2 2.123 4.727
23_3 -6.7 1.823 3.259
23_4 -6.5 2.518 6.019
23_5 -6.3 2.902 5.339
23_6 -6.3 2.626 5.433
23_7 -6.2 2.254 5.414
23_8 -6.1 2.477 4.252
23_9 -6.1 2.049 3.086
77_1 -8.0 0.000 0.000
77_2 -7.6 1.215 1.623
77_3 -7.3 4.071 7.054
77_4 -7.2 4.117 6.637
77_5 -7.1 4.326 6.979
77_6 -7.1 4.544 7.253
77_7 -7.0 3.805 5.421
77_8 -6.9 2.597 5.534
77_9 -6.8 1.838 2.612
51_1 -8.1 0.000 0.000
51_2 -7.9 3.770 5.793
51_3 -7.3 2.297 5.143
51_4 -7.2 4.254 6.566
51_5 -7.2 1.846 4.890
51_6 -6.8 3.435 6.080
51_7 -6.7 4.934 7.461
51_8 -6.7 3.775 5.860
51_9 -6.5 3.911 5.718
33_1 -7.9 0.000 0.000
33_2 -7.8 3.812 5.773
33_3 -7.5 1.937 4.846
33_4 -7.2 2.223 4.991
33_5 -7.1 1.416 2.018
33_6 -6.9 4.989 7.442
33_7 -6.9 1.670 2.433
33_8 -6.8 2.176 5.121
33_9 -6.7 4.020 5.651
79_1 -8.5 0.000 0.000
79_2 -8.5 3.360 4.842
79_3 -8.3 2.215 2.829
79_4 -8.1 3.123 5.869
79_5 -8.0 3.999 6.119
79_6 -8.0 3.325 5.342
79_7 -8.0 1.899 4.709
79_8 -7.9 1.264 1.929
79_9 -7.8 1.707 2.362
71_1 -8.0 0.000 0.000
71_2 -7.6 3.947 6.999
71_3 -7.5 0.568 1.575
71_4 -7.4 4.231 6.832
71_5 -7.2 4.041 7.448
71_6 -7.0 4.447 6.935
71_7 -6.9 3.568 5.853
71_8 -6.8 3.140 5.369
71_9 -6.8 3.245 5.278
39_1 -8.1 0.000 0.000
39_2 -7.7 4.278 7.147
39_3 -7.5 4.344 7.075
39_4 -7.4 4.654 7.286
39_5 -7.0 3.050 6.070
39_6 -7.0 4.603 7.478
39_7 -6.9 1.191 2.073
39_8 -6.8 4.379 7.237
39_9 -6.8 3.104 5.472
8_1 -7.2 0.000 0.000
8_2 -7.0 2.241 4.760
8_3 -6.7 2.368 5.408
8_4 -6.5 2.205 5.073
8_5 -6.4 2.425 5.694
8_6 -6.4 2.800 5.520
8_7 -6.3 1.686 2.273
8_8 -6.3 2.246 2.674
8_9 -6.2 2.423 3.849
7_1 -8.2 0.000 0.000
7_2 -8.0 1.448 2.022
7_3 -7.9 3.379 5.165
7_4 -7.6 2.056 5.013
7_5 -7.4 1.762 4.842
7_6 -7.3 3.842 4.671
7_7 -7.3 3.799 6.194
7_8 -7.2 3.073 5.715
7_9 -6.9 3.279 5.820
9_1 -8.1 0.000 0.000
9_2 -7.9 3.775 5.794
9_3 -7.5 1.857 4.811
9_4 -7.3 4.273 6.496
9_5 -7.1 1.948 4.897
9_6 -6.8 2.458 5.338
9_7 -6.5 4.963 7.451
9_8 -6.4 1.987 2.443
9_9 -6.3 4.164 6.872
29_1 -7.3 0.000 0.000
29_2 -7.2 2.111 4.708
29_3 -6.7 1.831 3.223
29_4 -6.7 2.581 6.020
29_5 -6.5 2.414 5.377
29_6 -6.4 2.383 5.714
29_7 -6.4 2.223 3.549
29_8 -6.3 2.503 5.881
29_9 -6.3 2.869 5.402
74_1 -9.1 0.000 0.000
74_2 -8.9 3.900 6.466
74_3 -8.9 1.336 2.093
74_4 -8.9 0.668 1.669
74_5 -8.4 3.752 7.196
74_6 -8.3 3.087 5.900
74_7 -8.2 2.489 5.833
74_8 -8.2 1.584 2.221
74_9 -7.8 3.417 6.022
62_1 -7.8 0.000 0.000
62_2 -7.3 4.348 6.782
62_3 -7.1 4.065 6.940
62_4 -6.9 4.180 7.325
62_5 -6.8 3.266 6.013
62_6 -6.7 3.708 5.872
62_7 -6.7 4.363 6.910
62_8 -6.6 4.253 7.243
62_9 -6.4 4.267 7.035
78_1 -9.1 0.000 0.000
78_2 -8.8 3.914 6.455
78_3 -8.3 2.435 5.808
78_4 -8.1 1.687 2.133
78_5 -8.1 2.376 3.393
78_6 -8.1 4.309 6.701
78_7 -7.8 3.320 6.019
78_8 -7.7 2.447 5.784
78_9 -7.6 2.664 5.001
60_1 -8.0 0.000 0.000
60_2 -7.6 1.261 1.785
60_3 -7.5 3.482 5.071
60_4 -7.5 4.022 7.026
60_5 -7.4 4.216 6.673
60_6 -7.3 4.425 6.992
60_7 -7.3 4.047 6.594
60_8 -6.8 2.714 5.572
60_9 -6.8 3.135 4.360
64_1 -9.0 0.000 0.000
64_2 -8.6 3.731 6.405
64_3 -8.3 3.864 7.399
64_4 -8.2 2.966 5.870
64_5 -8.2 4.167 6.575
64_6 -8.1 2.347 3.137
64_7 -8.1 2.404 5.768
64_8 -7.7 4.004 7.014
64_9 -7.7 1.771 2.603
31_1 -7.6 0.000 0.000
31_2 -7.3 3.427 5.763
31_3 -7.2 3.406 5.813
31_4 -7.1 1.291 1.924
31_5 -6.9 3.498 6.330
31_6 -6.7 2.120 4.446
31_7 -6.7 2.954 4.731
31_8 -6.7 3.278 5.693
31_9 -6.4 3.858 6.147
59_1 -8.5 0.000 0.000
59_2 -8.2 3.382 6.026
59_3 -7.9 2.628 5.282
59_4 -7.9 4.062 6.011
59_5 -7.7 4.352 6.695
59_6 -7.1 4.280 6.861
59_7 -6.9 3.506 6.199
59_8 -6.8 2.912 5.756
59_9 -6.6 3.758 6.045
18_1 -7.2 0.000 0.000
18_2 -7.2 2.095 4.674
18_3 -6.7 1.836 3.265
18_4 -6.7 2.318 5.735
18_5 -6.6 2.081 4.931
18_6 -6.6 2.282 5.316
18_7 -6.3 2.476 5.874
18_8 -6.2 2.192 4.970
18_9 -6.2 2.839 5.344
61_1 -7.6 0.000 0.000
61_2 -7.6 3.891 6.903
61_3 -7.5 4.135 6.535
61_4 -7.2 4.428 7.232
61_5 -7.1 3.189 4.615
61_6 -6.9 3.981 6.094
61_7 -6.8 3.871 5.873
61_8 -6.7 2.842 3.907
61_9 -6.7 2.968 4.114
22_1 -8.1 0.000 0.000
22_2 -7.9 3.776 5.796
22_3 -7.5 1.864 4.871
22_4 -7.3 3.347 6.028
22_5 -7.3 1.885 4.858
22_6 -7.2 4.239 6.536
22_7 -6.8 4.954 7.472
22_8 -6.6 3.740 5.852
22_9 -6.5 4.208 6.586
69_1 -9.1 0.000 0.000
69_2 -8.8 3.924 6.528
69_3 -8.5 2.580 5.866
69_4 -8.2 3.858 7.308
69_5 -8.1 3.051 5.827
69_6 -7.7 2.325 5.350
69_7 -7.7 3.446 6.123
69_8 -7.6 2.714 5.179
69_9 -7.4 3.026 5.503
6_1 -7.5 0.000 0.000
6_2 -7.3 2.809 5.395
6_3 -7.2 2.205 5.107
6_4 -7.2 1.876 4.926
6_5 -6.9 3.250 6.221
6_6 -6.9 2.873 7.085
6_7 -6.6 2.868 5.846
6_8 -6.4 2.235 5.483
6_9 -6.3 2.914 6.579
30_1 -8.1 0.000 0.000
30_2 -7.9 3.766 5.781
30_3 -7.6 1.350 1.800
30_4 -7.4 1.892 4.837
30_5 -6.8 2.012 4.831
30_6 -6.7 2.070 5.157
30_7 -6.7 3.756 5.808
30_8 -6.5 3.207 5.900
30_9 -6.4 3.726 5.118
32_1 -8.1 0.000 0.000
32_2 -7.9 3.766 5.786
32_3 -7.4 2.207 5.017
32_4 -7.3 4.277 6.486
32_5 -7.3 1.916 4.865
32_6 -6.8 4.965 7.462
32_7 -6.7 3.786 5.850
32_8 -6.6 2.094 5.178
32_9 -6.5 4.007 5.733
66_1 -8.0 0.000 0.000
66_2 -7.8 3.977 7.017
66_3 -7.7 3.779 6.701
66_4 -7.5 4.221 6.743
66_5 -7.3 3.935 6.024
66_6 -7.3 1.254 1.672
66_7 -7.2 4.502 7.279
66_8 -7.1 4.306 6.949
66_9 -6.8 2.776 5.971
44_1 -8.0 0.000 0.000
44_2 -7.6 3.946 6.989
44_3 -7.4 4.232 6.786
44_4 -7.4 1.370 2.012
44_5 -7.3 4.048 6.801
44_6 -7.1 3.867 5.912
44_7 -7.1 1.440 2.095
44_8 -7.0 4.527 7.321
44_9 -6.8 3.198 5.388
38_1 -7.9 0.000 0.000
38_2 -7.6 3.938 6.991
38_3 -7.6 3.840 6.761
38_4 -7.4 3.984 6.301
38_5 -7.3 4.326 7.137
38_6 -7.0 3.691 5.277
38_7 -6.9 3.867 6.099
38_8 -6.9 2.812 3.849
38_9 -6.8 3.016 4.390
25_1 -8.3 0.000 0.000
25_2 -7.9 1.590 2.022
25_3 -7.8 3.387 5.189
25_4 -7.6 2.050 4.986
25_5 -7.4 1.830 2.224
25_6 -7.4 1.764 4.817
25_7 -7.2 2.193 4.964
25_8 -7.2 3.836 4.683
25_9 -7.0 3.223 5.822
67_1 -8.1 0.000 0.000
67_2 -7.7 4.199 7.187
67_3 -7.6 4.357 6.998
67_4 -7.3 4.353 7.078
67_5 -7.3 4.625 7.205
67_6 -7.2 4.056 6.362
67_7 -7.1 4.810 7.488
67_8 -7.0 4.286 7.071
67_9 -6.8 3.368 5.036
12_1 -7.8 0.000 0.000
12_2 -7.5 3.584 5.805
12_3 -7.3 3.066 4.176
12_4 -7.3 2.272 3.600
12_5 -7.2 3.973 5.582
12_6 -7.2 2.402 4.746
12_7 -7.2 4.411 6.789
12_8 -6.9 3.238 4.557
12_9 -6.7 4.345 6.332
1_1 -8.1 0.000 0.000
1_2 -7.8 3.777 5.801
1_3 -7.5 1.858 4.877
1_4 -7.2 1.875 4.865
1_5 -7.2 1.714 2.174
1_6 -7.0 3.250 5.966
1_7 -7.0 2.986 5.581
1_8 -7.0 4.178 6.467
1_9 -6.7 5.020 7.506
13_1 -7.3 0.000 0.000
13_2 -7.2 2.105 4.727
13_3 -6.7 1.826 3.160
13_4 -6.4 2.277 4.216
13_5 -6.4 2.195 3.611
13_6 -6.3 2.376 5.730
13_7 -6.3 1.719 2.379
13_8 -6.3 2.862 5.383
13_9 -6.3 2.238 3.528
58_1 -8.9 0.000 0.000
58_2 -8.8 3.821 6.640
58_3 -8.6 1.592 2.118
58_4 -8.4 1.725 2.542
58_5 -8.4 2.308 3.498
58_6 -8.3 3.672 7.495
58_7 -8.2 3.387 6.078
58_8 -8.2 4.395 6.480
58_9 -8.1 1.665 2.111
35_1 -7.3 0.000 0.000
35_2 -7.2 2.116 4.719
35_3 -6.7 1.825 3.249
35_4 -6.6 2.306 5.743
35_5 -6.3 2.423 5.407
35_6 -6.3 2.328 5.657
35_7 -6.3 2.483 5.892
35_8 -6.3 2.036 3.048
35_9 -6.3 2.230 4.998
73_1 -8.6 0.000 0.000
73_2 -7.9 2.742 5.441
73_3 -7.8 4.622 6.890
73_4 -7.6 1.839 2.427
73_5 -7.5 2.028 4.951
73_6 -7.3 4.711 6.709
73_7 -7.1 4.209 7.157
73_8 -7.0 4.041 5.622
73_9 -6.9 3.332 5.715
15_1 -7.6 0.000 0.000
15_2 -7.3 2.839 5.492
15_3 -7.3 1.935 4.927
15_4 -7.2 2.146 5.057
15_5 -6.9 2.130 4.959
15_6 -6.8 2.886 7.111
15_7 -6.8 1.489 2.026
15_8 -6.7 3.203 5.342
15_9 -6.6 2.500 6.844
47_1 -8.5 0.000 0.000
47_2 -8.2 3.383 6.021
47_3 -7.9 2.682 5.316
47_4 -7.5 4.359 6.668
47_5 -7.2 3.601 5.649
47_6 -7.0 4.269 6.849
47_7 -7.0 1.616 2.068
47_8 -6.9 4.073 5.602
47_9 -6.7 3.249 6.052
80_1 -7.9 0.000 0.000
80_2 -7.7 3.997 7.015
80_3 -7.5 4.191 6.659
80_4 -7.3 3.307 4.909
80_5 -7.3 4.081 6.604
80_6 -7.2 4.117 7.220
80_7 -7.2 4.501 7.167
80_8 -7.1 3.796 5.385
80_9 -7.1 4.215 6.783
63_1 -8.2 0.000 0.000
63_2 -7.9 4.299 7.196
63_3 -7.5 4.404 6.944
63_4 -7.4 4.282 7.566
63_5 -7.4 1.008 1.731
63_6 -7.3 4.825 7.432
63_7 -7.3 4.542 7.283
63_8 -7.3 3.022 6.076
63_9 -7.0 4.461 7.527
68_1 -8.7 0.000 0.000
68_2 -8.4 0.828 1.296
68_3 -8.1 2.700 5.556
68_4 -8.0 4.316 6.821
68_5 -7.8 2.781 5.254
68_6 -7.6 5.030 7.251
68_7 -7.4 4.035 7.010
68_8 -7.2 3.651 5.859
68_9 -7.1 2.797 5.522
28_1 -8.1 0.000 0.000
28_2 -7.9 3.767 5.793
28_3 -7.5 1.858 4.860
28_4 -7.3 1.902 4.843
28_5 -7.1 2.359 5.174
28_6 -7.0 3.556 5.530
28_7 -6.8 5.011 7.527
28_8 -6.7 3.651 4.886
28_9 -6.5 4.177 6.718
