82_1 -8.0 0.000 0.000
82_2 -7.7 1.280 1.904
82_3 -7.5 2.479 4.945
82_4 -7.5 3.422 4.806
82_5 -7.4 3.842 5.758
82_6 -7.3 4.139 6.394
82_7 -7.3 4.042 7.043
82_8 -7.2 3.894 6.791
82_9 -7.1 4.391 6.773
50_1 -8.2 0.000 0.000
50_2 -7.7 3.978 6.024
50_3 -7.7 2.069 2.737
50_4 -7.6 2.144 4.680
50_5 -7.4 4.294 6.603
50_6 -7.0 2.139 4.883
50_7 -6.9 5.046 7.529
50_8 -6.8 2.226 4.208
50_9 -6.6 3.768 5.079
3_1 -7.9 0.000 0.000
3_2 -7.8 3.208 4.461
3_3 -7.8 2.686 4.866
3_4 -7.4 1.232 1.923
3_5 -7.4 4.055 6.971
3_6 -7.3 3.854 5.822
3_7 -7.3 4.011 6.248
3_8 -7.2 4.157 7.200
3_9 -7.0 3.502 5.680
37_1 -8.0 0.000 0.000
37_2 -7.8 1.306 1.888
37_3 -7.4 2.475 4.919
37_4 -7.4 3.349 4.671
37_5 -7.3 3.199 5.686
37_6 -7.3 3.846 5.755
37_7 -7.1 3.906 6.806
37_8 -7.1 4.037 6.985
37_9 -7.1 4.399 6.812
2_1 -8.3 0.000 0.000
2_2 -7.8 2.078 2.725
2_3 -7.7 4.012 6.048
2_4 -7.5 1.892 4.847
2_5 -7.3 2.131 4.965
2_6 -6.9 1.493 2.171
2_7 -6.8 3.830 5.911
2_8 -6.6 4.146 7.008
2_9 -6.6 3.739 6.317
45_1 -7.6 0.000 0.000
45_2 -7.1 4.227 7.347
45_3 -7.0 4.270 6.657
45_4 -7.0 3.455 6.038
45_5 -6.8 4.109 6.997
45_6 -6.7 1.116 1.787
45_7 -6.7 4.552 7.017
45_8 -6.6 3.612 4.862
45_9 -6.6 4.011 6.245
17_1 -7.1 0.000 0.000
17_2 -7.0 2.573 5.298
17_3 -6.6 2.499 5.078
17_4 -6.6 1.526 1.981
17_5 -6.6 2.830 6.224
17_6 -6.5 2.680 5.654
17_7 -6.4 3.197 5.704
17_8 -6.3 3.365 5.971
17_9 -6.2 2.769 3.548
4_1 -7.2 0.000 0.000
4_2 -7.1 2.078 4.858
4_3 -6.7 1.842 5.130
4_4 -6.6 2.557 6.140
4_5 -6.4 2.107 5.440
4_6 -6.4 1.880 4.615
4_7 -6.3 1.806 5.103
4_8 -6.3 2.399 5.959
4_9 -6.2 2.104 4.761
14_1 -7.4 0.000 0.000
14_2 -7.3 3.501 5.725
14_3 -7.0 3.814 6.188
14_4 -6.9 3.271 5.580
14_5 -6.9 2.585 4.852
14_6 -6.9 2.045 4.365
14_7 -6.9 3.138 5.525
14_8 -6.9 1.304 2.030
14_9 -6.8 2.703 5.021
46_1 -8.6 0.000 0.000
46_2 -8.4 0.259 1.227
46_3 -8.0 1.299 1.772
46_4 -7.9 2.651 4.811
46_5 -7.6 4.199 6.718
46_6 -7.6 2.955 5.609
46_7 -7.3 3.314 5.629
46_8 -7.1 4.309 7.189
46_9 -7.0 3.099 5.799
26_1 -7.2 0.000 0.000
26_2 -6.9 3.159 5.755
26_3 -6.7 3.373 6.526
26_4 -6.7 3.565 6.397
26_5 -6.7 3.181 6.097
26_6 -6.6 2.937 3.940
26_7 -6.6 2.602 5.042
26_8 -6.2 3.789 6.581
26_9 -6.2 3.706 6.732
53_1 -9.4 0.000 0.000
53_2 -9.0 1.226 2.012
53_3 -8.7 1.305 2.054
53_4 -8.5 2.344 5.651
53_5 -8.4 4.205 6.854
53_6 -8.2 2.129 5.094
53_7 -8.1 3.730 7.096
53_8 -7.9 1.947 4.525
53_9 -7.8 2.271 3.143
19_1 -7.4 0.000 0.000
19_2 -7.3 3.459 5.677
19_3 -7.0 3.817 6.193
19_4 -6.9 2.059 4.402
19_5 -6.9 2.564 4.833
19_6 -6.8 3.537 5.865
19_7 -6.8 3.013 5.424
19_8 -6.7 3.439 6.240
19_9 -6.6 3.302 6.045
72_1 -8.1 0.000 0.000
72_2 -7.7 3.087 5.393
72_3 -7.4 4.451 6.940
72_4 -7.2 1.079 1.685
72_5 -7.1 4.576 7.220
72_6 -6.5 4.570 7.291
72_7 -6.5 3.145 4.854
72_8 -6.4 3.732 6.767
72_9 -6.3 5.258 7.921
20_1 -8.0 0.000 0.000
20_2 -7.8 1.493 2.037
20_3 -7.8 3.525 5.460
20_4 -7.6 2.049 5.034
20_5 -7.5 1.458 1.830
20_6 -7.2 4.007 4.960
20_7 -7.0 3.585 5.809
20_8 -7.0 3.248 5.891
20_9 -7.0 2.352 5.174
10_1 -8.4 0.000 0.000
10_2 -7.9 3.888 5.941
10_3 -7.5 1.436 1.981
10_4 -7.5 2.003 4.805
10_5 -7.3 4.304 6.587
10_6 -7.1 3.972 6.011
10_7 -6.8 3.753 5.811
10_8 -6.6 5.089 7.590
10_9 -6.5 4.606 7.295
70_1 -8.3 0.000 0.000
70_2 -8.1 3.423 4.731
70_3 -7.8 1.978 4.146
70_4 -7.8 1.411 1.935
70_5 -7.7 2.175 3.077
70_6 -7.7 1.591 2.072
70_7 -7.5 3.551 5.482
70_8 -7.3 3.785 5.539
70_9 -7.3 3.444 5.210
43_1 -7.8 0.000 0.000
43_2 -7.3 4.160 7.186
43_3 -7.2 3.894 5.903
43_4 -7.1 4.168 6.503
43_5 -7.1 2.572 4.956
43_6 -7.1 3.903 6.851
43_7 -7.0 4.035 7.012
43_8 -7.0 1.147 1.989
43_9 -6.9 4.010 6.546
21_1 -7.2 0.000 0.000
21_2 -7.1 0.964 1.375
21_3 -7.0 2.541 5.332
21_4 -6.8 2.506 5.101
21_5 -6.6 1.235 1.878
21_6 -6.6 3.335 5.701
21_7 -6.5 2.680 3.459
21_8 -6.4 2.829 5.967
21_9 -6.4 2.642 5.619
34_1 -8.1 0.000 0.000
34_2 -7.8 0.691 1.341
34_3 -7.8 3.047 5.399
34_4 -7.5 4.412 6.581
34_5 -7.3 2.081 2.715
34_6 -7.1 3.804 6.228
34_7 -7.0 3.113 5.721
34_8 -6.9 4.208 6.862
34_9 -6.7 3.479 4.620
42_1 -8.2 0.000 0.000
42_2 -8.1 3.268 4.664
42_3 -8.0 2.423 4.895
42_4 -7.9 4.012 6.990
42_5 -7.8 3.792 5.832
42_6 -7.7 1.548 2.459
42_7 -7.6 4.162 7.343
42_8 -7.4 4.092 6.248
42_9 -7.3 2.457 5.456
41_1 -8.6 0.000 0.000
41_2 -8.1 4.362 7.082
41_3 -7.8 2.598 5.032
41_4 -7.5 1.104 1.477
41_5 -7.5 1.939 4.796
41_6 -7.4 2.473 5.543
41_7 -7.2 3.874 7.022
41_8 -7.0 3.859 7.006
41_9 -6.8 1.916 2.641
16_1 -8.1 0.000 0.000
16_2 -7.9 1.486 2.044
16_3 -7.8 3.529 5.448
16_4 -7.6 2.124 5.079
16_5 -7.2 3.866 6.243
16_6 -7.0 4.254 5.893
16_7 -7.0 3.364 4.846
16_8 -7.0 2.309 5.103
16_9 -6.9 3.561 5.739
55_1 -7.7 0.000 0.000
55_2 -7.6 0.463 1.125
55_3 -7.4 3.831 6.771
55_4 -7.3 4.140 6.581
55_5 -7.3 2.951 5.281
55_6 -7.3 3.964 7.078
55_7 -7.3 3.687 5.662
55_8 -6.9 4.109 7.203
55_9 -6.6 1.308 2.137
5_1 -7.4 0.000 0.000
5_2 -7.3 1.099 1.327
5_3 -7.3 3.512 5.738
5_4 -6.9 2.542 4.813
5_5 -6.9 2.034 4.406
5_6 -6.9 1.992 3.937
5_7 -6.8 1.861 2.702
5_8 -6.8 3.596 5.908
5_9 -6.3 2.754 4.937
48_1 -8.6 0.000 0.000
48_2 -8.1 4.394 7.029
48_3 -7.8 2.949 5.495
48_4 -7.3 2.205 5.281
48_5 -7.2 4.307 7.110
48_6 -6.7 3.226 5.692
48_7 -6.6 4.282 5.875
48_8 -6.6 4.329 7.798
48_9 -6.5 3.736 5.952
76_1 -7.9 0.000 0.000
76_2 -7.5 1.061 1.297
76_3 -7.5 3.838 6.786
76_4 -7.4 4.040 7.151
76_5 -7.4 4.093 6.327
76_6 -7.3 3.960 6.123
76_7 -7.2 4.205 6.810
76_8 -7.0 4.065 6.734
76_9 -6.9 4.154 7.384
11_1 -8.4 0.000 0.000
11_2 -7.9 4.017 5.929
11_3 -7.7 2.124 4.895
11_4 -7.4 2.000 4.911
11_5 -7.4 4.287 6.547
11_6 -7.3 3.579 6.207
11_7 -7.0 5.172 7.613
11_8 -6.8 4.056 6.149
11_9 -6.7 4.512 7.248
40_1 -8.9 0.000 0.000
40_2 -8.1 3.438 6.098
40_3 -8.0 2.593 5.208
40_4 -7.7 2.543 5.465
40_5 -7.3 3.867 6.276
40_6 -7.2 1.490 2.072
40_7 -7.2 2.996 5.810
40_8 -7.0 2.208 2.731
40_9 -7.0 4.175 6.796
36_1 -8.4 0.000 0.000
36_2 -7.9 3.882 5.946
36_3 -7.6 2.102 4.920
36_4 -7.5 1.978 4.776
36_5 -7.2 2.089 4.947
36_6 -7.0 3.615 6.231
36_7 -7.0 3.945 6.029
36_8 -6.8 3.617 5.685
36_9 -6.7 5.063 7.571
49_1 -8.4 0.000 0.000
49_2 -7.9 3.893 5.950
49_3 -7.7 2.083 4.949
49_4 -7.5 1.963 4.772
49_5 -7.3 1.542 2.264
49_6 -7.0 3.626 6.238
49_7 -6.8 3.938 6.350
49_8 -6.5 4.194 6.765
49_9 -6.5 2.650 4.413
56_1 -8.2 0.000 0.000
56_2 -8.2 0.867 1.498
56_3 -7.9 3.371 5.709
56_4 -7.6 4.799 6.822
56_5 -7.5 2.955 5.051
56_6 -7.4 3.358 5.126
56_7 -7.4 2.003 4.823
56_8 -7.4 4.529 7.029
56_9 -7.2 4.636 7.264
65_1 -8.5 0.000 0.000
65_2 -8.2 1.007 1.216
65_3 -8.1 1.772 2.320
65_4 -8.1 3.541 4.960
65_5 -7.9 1.906 4.165
65_6 -7.8 4.154 6.288
65_7 -7.6 3.553 6.258
65_8 -7.5 1.493 1.894
65_9 -7.5 1.943 4.681
52_1 -8.0 0.000 0.000
52_2 -7.7 1.267 1.882
52_3 -7.5 2.683 5.002
52_4 -7.4 3.291 4.689
52_5 -7.2 3.820 5.702
52_6 -7.2 4.032 6.987
52_7 -7.1 3.915 6.809
52_8 -7.1 4.373 6.781
52_9 -7.0 1.551 2.241
81_1 -9.4 0.000 0.000
81_2 -9.0 1.173 1.837
81_3 -8.7 1.405 2.078
81_4 -8.5 2.163 5.187
81_5 -8.5 4.233 6.900
81_6 -8.4 3.324 5.985
81_7 -8.3 3.715 7.126
81_8 -8.1 3.799 6.256
81_9 -7.9 2.403 4.868
75_1 -8.3 0.000 0.000
75_2 -7.9 3.533 4.815
75_3 -7.8 1.934 4.106
75_4 -7.7 2.063 2.616
75_5 -7.5 1.397 2.045
75_6 -7.4 1.979 2.451
75_7 -7.4 3.842 5.616
75_8 -7.4 4.298 6.411
75_9 -7.4 3.504 5.282
27_1 -7.2 0.000 0.000
27_2 -7.2 2.100 4.905
27_3 -6.6 2.431 5.615
27_4 -6.6 2.214 5.297
27_5 -6.5 2.266 2.838
27_6 -6.5 2.209 4.200
27_7 -6.4 1.907 3.253
27_8 -6.3 2.158 2.921
27_9 -6.3 2.096 5.033
24_1 -7.4 0.000 0.000
24_2 -7.2 3.478 5.789
24_3 -7.2 1.062 1.632
24_4 -6.9 2.082 4.426
24_5 -6.9 3.319 5.542
24_6 -6.9 2.518 4.834
24_7 -6.8 3.077 5.508
24_8 -6.8 3.487 5.846
24_9 -6.7 3.481 6.273
54_1 -8.3 0.000 0.000
54_2 -8.0 3.484 4.846
54_3 -7.8 1.926 4.128
54_4 -7.6 4.315 6.434
54_5 -7.5 3.045 5.880
54_6 -7.5 3.927 5.774
54_7 -7.3 1.896 4.735
54_8 -7.3 4.003 6.599
54_9 -7.2 3.542 5.493
57_1 -8.1 0.000 0.000
57_2 -7.6 3.109 5.710
57_3 -7.6 4.338 7.262
57_4 -7.3 4.439 7.197
57_5 -7.2 3.028 6.036
57_6 -7.1 3.642 5.638
57_7 -6.9 4.374 6.982
57_8 -6.8 4.574 7.371
57_9 -6.7 2.906 6.085
23_1 -7.2 0.000 0.000
23_2 -7.2 2.148 4.920
23_3 -6.8 2.304 5.767
23_4 -6.6 1.775 3.220
23_5 -6.6 2.253 4.961
23_6 -6.5 2.275 5.391
23_7 -6.5 2.704 4.744
23_8 -6.4 1.960 2.505
23_9 -6.3 2.754 5.425
77_1 -7.9 0.000 0.000
77_2 -7.6 1.273 1.916
77_3 -7.3 3.320 4.771
77_4 -7.2 2.611 4.952
77_5 -7.2 3.935 5.930
77_6 -7.2 3.291 5.762
77_7 -7.1 1.370 2.131
77_8 -7.1 4.089 7.048
77_9 -7.1 4.175 7.226
51_1 -8.4 0.000 0.000
51_2 -7.9 3.943 5.991
51_3 -7.5 1.802 4.948
51_4 -7.3 1.902 4.775
51_5 -7.0 4.329 6.666
51_6 -6.6 1.952 2.688
51_7 -6.6 2.854 5.818
51_8 -6.6 3.597 5.703
51_9 -6.5 1.433 1.984
33_1 -8.3 0.000 0.000
33_2 -7.7 4.044 6.068
33_3 -7.5 2.148 4.666
33_4 -7.4 1.900 4.839
33_5 -7.3 2.143 4.929
33_6 -7.0 3.511 6.160
33_7 -6.5 4.373 7.042
33_8 -6.5 3.897 6.093
33_9 -6.4 1.967 5.010
79_1 -8.5 0.000 0.000
79_2 -8.2 3.467 4.761
79_3 -7.9 2.153 2.866
79_4 -7.9 1.994 4.087
79_5 -7.6 4.117 5.731
79_6 -7.6 3.499 5.449
79_7 -7.5 3.795 5.505
79_8 -7.5 4.271 6.005
79_9 -7.5 3.397 6.120
71_1 -7.8 0.000 0.000
71_2 -7.4 3.847 6.764
71_3 -7.3 4.021 7.206
71_4 -7.3 3.987 7.105
71_5 -7.2 4.075 6.362
71_6 -7.1 2.961 5.287
71_7 -7.1 4.366 7.125
71_8 -7.1 4.053 6.363
71_9 -6.9 3.362 4.816
39_1 -8.1 0.000 0.000
39_2 -7.5 4.350 7.210
39_3 -7.4 4.219 7.508
39_4 -7.3 4.411 7.382
39_5 -7.3 4.323 6.992
39_6 -7.2 3.995 6.157
39_7 -7.0 3.494 5.616
39_8 -7.0 3.115 6.120
39_9 -6.9 1.158 1.696
8_1 -7.2 0.000 0.000
8_2 -7.0 2.544 5.308
8_3 -6.7 2.754 6.118
8_4 -6.6 3.121 4.988
8_5 -6.6 3.101 5.644
8_6 -6.5 2.771 3.561
8_7 -6.4 1.980 2.914
8_8 -6.3 2.774 5.708
8_9 -6.3 2.438 5.140
7_1 -8.1 0.000 0.000
7_2 -8.0 1.440 1.693
7_3 -7.9 1.619 2.152
7_4 -7.9 3.658 5.721
7_5 -7.7 2.155 5.124
7_6 -7.5 4.004 6.378
7_7 -7.2 4.308 6.073
7_8 -7.2 2.142 4.880
7_9 -7.0 4.048 5.241
9_1 -8.4 0.000 0.000
9_2 -7.9 3.898 5.953
9_3 -7.5 1.790 4.949
9_4 -7.4 1.965 4.757
9_5 -7.2 4.318 6.596
9_6 -7.0 3.611 6.228
9_7 -6.6 1.936 2.216
9_8 -6.5 5.238 7.813
9_9 -6.5 3.950 6.157
29_1 -7.2 0.000 0.000
29_2 -7.1 2.145 4.902
29_3 -6.6 2.254 5.623
29_4 -6.6 1.770 3.212
29_5 -6.5 2.096 2.781
29_6 -6.3 2.096 5.098
29_7 -6.3 2.088 4.113
29_8 -6.3 2.383 5.396
29_9 -6.3 2.719 4.754
74_1 -9.4 0.000 0.000
74_2 -8.6 2.088 5.093
74_3 -8.6 4.107 6.721
74_4 -8.5 1.936 2.468
74_5 -8.5 3.306 5.972
74_6 -8.2 3.754 7.170
74_7 -8.1 2.176 5.508
74_8 -8.1 4.281 6.844
74_9 -8.0 2.037 4.746
62_1 -7.6 0.000 0.000
62_2 -7.0 4.204 7.351
62_3 -7.0 3.514 6.048
62_4 -6.9 2.864 5.238
62_5 -6.9 4.466 7.117
62_6 -6.8 4.050 6.146
62_7 -6.8 4.140 6.275
62_8 -6.7 4.113 6.998
62_9 -6.4 2.777 5.695
78_1 -9.3 0.000 0.000
78_2 -9.0 1.132 1.845
78_3 -8.7 1.450 1.957
78_4 -8.4 2.343 5.703
78_5 -8.4 4.019 6.695
78_6 -8.3 2.087 5.183
78_7 -7.9 3.840 7.208
78_8 -7.8 2.004 4.783
78_9 -7.5 4.576 7.908
60_1 -7.8 0.000 0.000
60_2 -7.5 3.384 4.846
60_3 -7.5 3.779 6.057
60_4 -7.3 4.004 7.024
60_5 -7.2 4.162 6.597
60_6 -7.2 1.561 2.115
60_7 -7.2 1.601 2.146
60_8 -7.1 3.985 5.901
60_9 -7.0 3.824 5.924
64_1 -9.4 0.000 0.000
64_2 -8.5 2.196 5.230
64_3 -8.4 3.148 5.785
64_4 -8.4 2.412 5.733
64_5 -8.3 4.084 6.676
64_6 -8.2 3.735 7.176
64_7 -8.1 1.994 2.931
64_8 -7.9 3.849 6.504
64_9 -7.8 2.262 4.819
31_1 -7.4 0.000 0.000
31_2 -7.3 1.092 1.328
31_3 -7.3 3.474 5.691
31_4 -7.0 3.829 6.213
31_5 -6.8 2.589 4.922
31_6 -6.8 3.813 6.908
31_7 -6.7 3.413 5.871
31_8 -6.7 3.451 6.236
31_9 -6.6 2.781 4.122
59_1 -8.9 0.000 0.000
59_2 -8.0 2.593 5.244
59_3 -7.9 1.373 1.823
59_4 -7.7 2.566 5.463
59_5 -7.6 4.342 6.577
59_6 -7.4 3.410 6.074
59_7 -7.2 3.846 6.293
59_8 -7.2 3.901 6.261
59_9 -7.1 4.076 6.113
18_1 -7.2 0.000 0.000
18_2 -7.2 2.142 4.881
18_3 -6.6 1.775 3.235
18_4 -6.6 2.231 4.991
18_5 -6.6 2.239 5.367
18_6 -6.4 2.293 2.935
18_7 -6.3 2.314 5.758
18_8 -6.3 2.708 4.750
18_9 -6.2 2.385 5.417
61_1 -7.7 0.000 0.000
61_2 -7.3 4.113 6.485
61_3 -7.3 3.951 7.039
61_4 -7.3 4.047 6.305
61_5 -7.1 1.433 2.167
61_6 -7.1 4.231 6.884
61_7 -6.8 4.007 6.525
61_8 -6.7 1.453 2.034
61_9 -6.6 2.746 3.727
22_1 -8.5 0.000 0.000
22_2 -7.9 3.928 5.966
22_3 -7.8 2.068 2.936
22_4 -7.6 1.936 4.823
22_5 -7.6 2.095 4.998
22_6 -7.0 3.478 6.055
22_7 -7.0 4.177 6.492
22_8 -6.9 2.853 5.901
22_9 -6.8 3.744 5.789
69_1 -9.3 0.000 0.000
69_2 -8.7 1.514 2.426
69_3 -8.6 1.805 2.379
69_4 -8.6 2.367 5.650
69_5 -8.6 4.149 6.842
69_6 -8.5 2.221 5.214
69_7 -8.2 3.720 6.285
69_8 -8.1 3.736 7.025
69_9 -7.9 2.053 4.694
6_1 -7.7 0.000 0.000
6_2 -7.3 1.917 4.907
6_3 -7.3 2.801 5.764
6_4 -7.3 2.193 4.990
6_5 -6.9 2.094 4.912
6_6 -6.9 3.008 7.301
6_7 -6.8 2.945 6.220
6_8 -6.7 2.891 5.929
6_9 -6.6 2.656 6.617
30_1 -8.5 0.000 0.000
30_2 -8.0 3.881 5.958
30_3 -7.7 2.078 4.991
30_4 -7.6 1.996 4.859
30_5 -7.3 2.084 5.038
30_6 -7.0 3.759 5.780
30_7 -6.9 3.449 6.127
30_8 -6.6 3.880 6.331
30_9 -6.5 4.917 7.253
32_1 -8.5 0.000 0.000
32_2 -8.0 3.873 5.958
32_3 -7.6 2.080 4.975
32_4 -7.6 1.520 2.137
32_5 -7.6 2.018 4.854
32_6 -7.4 1.833 5.005
32_7 -7.2 4.357 6.533
32_8 -7.2 3.962 5.991
32_9 -6.9 2.053 4.909
66_1 -7.8 0.000 0.000
66_2 -7.4 3.987 7.074
66_3 -7.4 0.956 1.310
66_4 -7.4 2.906 5.266
66_5 -7.3 4.097 6.382
66_6 -7.2 3.970 6.198
66_7 -7.2 4.211 6.940
66_8 -6.8 4.224 7.104
66_9 -6.7 2.702 5.779
44_1 -7.9 0.000 0.000
44_2 -7.3 0.942 1.356
44_3 -7.2 3.960 7.053
44_4 -7.2 3.993 7.173
44_5 -7.2 4.176 6.743
44_6 -7.1 2.805 5.255
44_7 -7.0 4.066 6.334
44_8 -6.9 1.482 2.036
44_9 -6.6 3.029 4.207
38_1 -7.8 0.000 0.000
38_2 -7.5 3.799 6.728
38_3 -7.4 4.111 7.470
38_4 -7.3 3.949 7.087
38_5 -7.3 3.986 6.320
38_6 -7.3 3.049 5.320
38_7 -7.2 4.147 6.622
38_8 -7.0 1.289 1.654
38_9 -7.0 2.751 6.087
25_1 -8.0 0.000 0.000
25_2 -7.7 3.503 5.404
25_3 -7.7 1.474 2.017
25_4 -7.2 3.955 6.342
25_5 -7.2 4.190 5.231
25_6 -7.0 2.139 5.173
25_7 -7.0 3.456 4.771
25_8 -7.0 4.522 6.118
25_9 -7.0 1.766 4.844
67_1 -7.9 0.000 0.000
67_2 -7.7 3.109 5.702
67_3 -7.5 3.436 5.003
67_4 -7.4 3.895 6.320
67_5 -7.4 4.427 7.121
67_6 -7.3 4.228 7.130
67_7 -7.2 4.519 7.316
67_8 -7.2 3.177 6.360
67_9 -7.2 4.240 7.174
12_1 -7.7 0.000 0.000
12_2 -7.7 3.254 4.409
12_3 -7.5 1.848 4.651
12_4 -7.5 2.187 4.735
12_5 -7.3 3.613 5.820
12_6 -7.2 2.676 4.009
12_7 -6.9 3.626 5.561
12_8 -6.9 4.178 5.396
12_9 -6.7 1.512 2.111
1_1 -8.5 0.000 0.000
1_2 -8.0 3.894 5.975
1_3 -7.6 2.077 5.009
1_4 -7.6 1.960 4.808
1_5 -7.3 4.366 6.533
1_6 -6.9 3.566 5.698
1_7 -6.9 2.151 4.469
1_8 -6.8 5.099 7.606
1_9 -6.5 3.923 6.347
13_1 -7.2 0.000 0.000
13_2 -7.1 2.093 4.813
13_3 -6.6 2.527 6.067
13_4 -6.4 2.234 5.150
13_5 -6.4 1.858 4.547
13_6 -6.3 2.149 6.137
13_7 -6.2 2.114 4.772
13_8 -6.1 2.097 5.042
13_9 -6.0 2.535 6.222
58_1 -9.6 0.000 0.000
58_2 -9.1 1.697 2.311
58_3 -9.0 0.983 1.589
58_4 -8.9 1.673 2.371
58_5 -8.7 1.767 2.678
58_6 -8.6 2.217 5.720
58_7 -8.6 4.051 6.772
58_8 -8.6 2.026 4.797
58_9 -8.6 1.905 2.475
35_1 -7.2 0.000 0.000
35_2 -7.1 2.137 4.883
35_3 -6.6 2.221 4.977
35_4 -6.6 1.778 3.184
35_5 -6.6 2.245 5.290
35_6 -6.2 2.662 4.777
35_7 -6.2 2.344 3.889
35_8 -6.2 1.577 2.169
35_9 -6.2 2.509 5.426
73_1 -8.7 0.000 0.000
73_2 -7.9 2.451 4.954
73_3 -7.8 4.489 6.759
73_4 -7.7 1.487 2.054
73_5 -7.6 2.699 5.239
73_6 -7.3 1.536 2.187
73_7 -7.0 4.069 6.999
73_8 -6.9 1.611 2.029
73_9 -6.9 3.563 6.022
15_1 -7.7 0.000 0.000
15_2 -7.5 0.497 1.140
15_3 -7.3 2.801 5.722
15_4 -7.2 2.268 4.978
15_5 -7.1 2.111 5.013
15_6 -6.9 3.066 7.210
15_7 -6.8 1.913 4.885
15_8 -6.7 2.863 5.662
15_9 -6.7 2.739 5.996
47_1 -8.9 0.000 0.000
47_2 -8.1 3.411 6.052
47_3 -7.9 2.599 5.220
47_4 -7.8 4.082 6.167
47_5 -7.3 4.407 6.636
47_6 -7.3 4.170 6.717
47_7 -7.2 3.865 5.945
47_8 -7.1 3.926 6.250
47_9 -7.1 1.683 2.282
80_1 -7.8 0.000 0.000
80_2 -7.6 1.235 1.857
80_3 -7.5 3.314 4.892
80_4 -7.4 3.980 7.004
80_5 -7.3 4.120 6.477
80_6 -7.3 3.940 5.944
80_7 -7.2 3.274 5.882
80_8 -7.2 2.800 5.011
80_9 -6.9 2.710 5.611
63_1 -8.1 0.000 0.000
63_2 -7.6 4.358 7.256
63_3 -7.3 3.687 5.248
63_4 -7.3 4.438 7.217
63_5 -7.2 3.074 6.099
63_6 -7.2 4.389 7.282
63_7 -7.2 3.980 6.511
63_8 -7.1 3.947 6.147
63_9 -6.8 4.382 7.202
68_1 -8.6 0.000 0.000
68_2 -8.3 2.395 4.710
68_3 -8.1 2.704 5.394
68_4 -7.3 4.487 6.626
68_5 -7.1 4.109 6.902
68_6 -7.0 4.065 6.805
68_7 -6.6 4.909 7.795
68_8 -6.3 2.681 5.061
68_9 -6.1 3.242 4.127
28_1 -8.4 0.000 0.000
28_2 -7.9 3.934 5.984
28_3 -7.5 1.799 5.028
28_4 -7.5 1.999 4.778
28_5 -7.4 1.187 1.713
28_6 -7.0 1.582 2.099
28_7 -6.9 4.141 6.214
28_8 -6.7 3.678 5.957
28_9 -6.5 4.333 6.535
