82_1 -8.0 0.000 0.000
82_2 -7.6 2.394 4.940
82_3 -7.4 3.863 6.784
82_4 -7.3 4.153 6.723
82_5 -7.3 3.832 5.775
82_6 -7.2 4.183 7.231
82_7 -7.1 3.854 6.809
82_8 -7.0 2.712 5.078
82_9 -7.0 3.487 5.566
50_1 -8.6 0.000 0.000
50_2 -7.8 1.922 4.784
50_3 -7.4 4.358 6.692
50_4 -7.4 2.017 4.832
50_5 -7.3 3.835 5.159
50_6 -7.1 3.512 6.174
50_7 -6.8 4.177 6.613
50_8 -6.5 2.091 2.693
50_9 -6.4 3.890 6.436
3_1 -7.9 0.000 0.000
3_2 -7.8 2.316 4.961
3_3 -7.4 3.422 5.448
3_4 -7.4 3.671 6.613
3_5 -7.1 3.928 6.935
3_6 -6.8 4.295 5.987
3_7 -6.7 4.357 7.033
3_8 -6.7 2.998 5.268
3_9 -6.6 3.249 4.507
37_1 -8.0 0.000 0.000
37_2 -7.6 2.366 4.858
37_3 -7.3 3.914 6.819
37_4 -7.3 4.177 6.724
37_5 -7.1 3.939 5.924
37_6 -7.0 3.879 6.824
37_7 -7.0 2.267 5.507
37_8 -6.9 4.178 6.646
37_9 -6.8 2.914 5.939
2_1 -8.6 0.000 0.000
2_2 -7.6 3.950 6.000
2_3 -7.4 1.988 4.784
2_4 -7.3 4.485 6.721
2_5 -7.2 1.951 4.838
2_6 -7.0 3.939 5.283
2_7 -6.8 3.920 6.390
2_8 -6.6 3.356 5.470
2_9 -6.6 4.164 6.583
45_1 -7.8 0.000 0.000
45_2 -7.6 0.593 1.331
45_3 -7.3 3.685 5.655
45_4 -7.2 2.998 5.036
45_5 -7.1 4.152 7.055
45_6 -7.1 4.333 6.845
45_7 -7.0 4.214 7.106
45_8 -6.8 2.813 5.507
45_9 -6.6 4.042 6.843
17_1 -7.1 0.000 0.000
17_2 -6.8 1.927 5.187
17_3 -6.7 2.419 5.377
17_4 -6.6 2.398 6.076
17_5 -6.6 2.094 5.242
17_6 -6.5 2.266 4.755
17_7 -6.4 2.221 4.717
17_8 -6.4 2.337 6.086
17_9 -6.3 2.844 6.091
4_1 -7.3 0.000 0.000
4_2 -7.0 1.891 5.289
4_3 -6.7 1.796 5.273
4_4 -6.6 2.125 4.937
4_5 -6.6 2.308 5.966
4_6 -6.6 2.724 5.352
4_7 -6.6 2.080 5.315
4_8 -6.4 2.133 6.068
4_9 -6.4 2.476 6.200
14_1 -7.4 0.000 0.000
14_2 -7.0 2.357 4.939
14_3 -7.0 3.034 5.274
14_4 -6.9 3.272 5.963
14_5 -6.8 3.023 5.546
14_6 -6.7 3.702 6.474
14_7 -6.6 3.455 6.231
14_8 -6.6 2.986 5.797
14_9 -6.6 2.844 3.752
46_1 -8.1 0.000 0.000
46_2 -8.0 1.509 2.037
46_3 -7.6 3.708 6.420
46_4 -7.3 3.356 5.583
46_5 -7.2 3.944 7.049
46_6 -7.2 2.143 2.868
46_7 -7.0 1.822 2.612
46_8 -6.9 4.344 7.398
46_9 -6.7 4.524 7.455
26_1 -7.4 0.000 0.000
26_2 -7.1 0.783 1.415
26_3 -7.0 2.869 5.090
26_4 -7.0 3.284 5.971
26_5 -6.9 2.697 3.431
26_6 -6.8 1.040 1.452
26_7 -6.6 3.451 6.255
26_8 -6.6 3.649 6.382
26_9 -6.6 3.096 5.695
53_1 -9.1 0.000 0.000
53_2 -8.9 2.135 5.233
53_3 -8.4 3.302 6.025
53_4 -8.3 2.044 5.479
53_5 -8.3 3.703 6.146
53_6 -8.3 2.545 5.097
53_7 -8.2 3.774 7.152
53_8 -7.8 4.038 7.147
53_9 -7.7 1.071 2.020
19_1 -7.4 0.000 0.000
19_2 -7.0 2.353 4.932
19_3 -7.0 3.021 5.424
19_4 -6.9 3.023 5.544
19_5 -6.9 3.287 5.979
19_6 -6.8 3.047 5.872
19_7 -6.5 2.536 5.079
19_8 -6.5 3.917 6.507
19_9 -6.4 3.713 6.920
72_1 -8.3 0.000 0.000
72_2 -8.0 2.643 5.321
72_3 -7.4 2.199 5.034
72_4 -7.4 3.485 5.766
72_5 -7.3 3.843 6.522
72_6 -7.3 3.996 7.220
72_7 -7.2 2.440 4.523
72_8 -7.1 1.593 2.167
72_9 -6.9 4.374 7.946
20_1 -8.4 0.000 0.000
20_2 -8.3 1.452 2.043
20_3 -8.2 1.767 4.895
20_4 -8.0 1.067 1.251
20_5 -7.5 1.988 5.038
20_6 -7.4 3.803 6.149
20_7 -7.3 3.259 4.987
20_8 -7.1 2.146 5.156
20_9 -7.1 4.225 5.580
10_1 -8.7 0.000 0.000
10_2 -7.9 1.865 5.012
10_3 -7.6 3.825 5.912
10_4 -7.5 1.899 4.798
10_5 -7.5 4.241 6.550
10_6 -7.1 3.659 6.269
10_7 -7.0 3.857 5.107
10_8 -7.0 3.700 6.022
10_9 -6.9 4.214 7.194
70_1 -8.8 0.000 0.000
70_2 -8.1 3.470 4.801
70_3 -7.9 1.973 4.147
70_4 -7.8 3.515 5.188
70_5 -7.7 3.952 6.040
70_6 -7.6 3.264 6.081
70_7 -7.6 1.963 2.784
70_8 -7.5 4.410 6.568
70_9 -7.2 3.279 5.975
43_1 -8.3 0.000 0.000
43_2 -8.2 3.626 5.740
43_3 -8.1 4.056 6.562
43_4 -8.0 3.822 6.752
43_5 -8.0 2.326 4.979
43_6 -7.5 2.161 5.195
43_7 -7.5 2.665 4.880
43_8 -7.3 2.725 5.705
43_9 -7.3 4.497 7.082
21_1 -7.1 0.000 0.000
21_2 -6.8 1.920 5.192
21_3 -6.7 2.413 5.381
21_4 -6.6 2.085 5.239
21_5 -6.6 2.326 6.050
21_6 -6.6 2.484 5.900
21_7 -6.4 2.310 4.948
21_8 -6.4 2.690 6.182
21_9 -6.4 2.548 4.950
34_1 -8.0 0.000 0.000
34_2 -7.8 2.836 5.091
34_3 -7.7 0.999 1.609
34_4 -7.7 4.327 7.344
34_5 -7.4 1.924 4.382
34_6 -7.3 2.810 5.099
34_7 -7.3 2.691 4.434
34_8 -7.3 2.559 5.067
34_9 -7.2 4.227 6.881
42_1 -8.3 0.000 0.000
42_2 -8.2 2.167 5.083
42_3 -7.9 3.534 5.239
42_4 -7.9 3.649 5.198
42_5 -7.9 1.729 5.090
42_6 -7.8 3.930 6.031
42_7 -7.7 3.629 5.943
42_8 -7.5 3.685 6.540
42_9 -7.4 3.986 6.518
41_1 -8.5 0.000 0.000
41_2 -7.8 4.236 7.479
41_3 -7.5 1.522 2.383
41_4 -7.5 2.195 3.058
41_5 -7.5 2.779 4.508
41_6 -7.4 3.698 5.788
41_7 -7.1 4.253 7.527
41_8 -7.1 3.941 7.751
41_9 -6.9 3.342 5.759
16_1 -8.4 0.000 0.000
16_2 -8.2 1.476 2.060
16_3 -8.0 1.917 4.880
16_4 -7.6 1.986 4.969
16_5 -7.4 3.834 6.155
16_6 -7.2 2.095 4.851
16_7 -7.1 4.341 5.673
16_8 -7.1 3.693 4.555
16_9 -7.1 3.344 4.983
55_1 -8.0 0.000 0.000
55_2 -7.8 3.642 5.660
55_3 -7.6 3.974 7.161
55_4 -7.5 4.174 6.878
55_5 -7.5 3.972 7.016
55_6 -7.1 2.542 5.853
55_7 -7.1 4.079 6.242
55_8 -7.1 3.150 5.278
55_9 -6.9 4.393 6.990
5_1 -7.4 0.000 0.000
5_2 -7.0 3.025 5.434
5_3 -7.0 2.360 4.943
5_4 -6.9 3.123 5.553
5_5 -6.8 2.723 3.460
5_6 -6.8 3.122 5.730
5_7 -6.7 3.107 6.371
5_8 -6.6 2.963 4.628
5_9 -6.5 2.562 5.127
48_1 -8.5 0.000 0.000
48_2 -8.1 4.164 7.348
48_3 -7.8 1.512 1.972
48_4 -7.1 2.960 5.350
48_5 -7.1 2.418 3.230
48_6 -7.0 2.518 5.456
48_7 -6.9 3.374 5.640
48_8 -6.8 4.423 7.589
48_9 -6.7 4.063 7.338
76_1 -8.1 0.000 0.000
76_2 -7.7 3.674 5.749
76_3 -7.6 4.057 7.241
76_4 -7.6 4.155 6.813
76_5 -7.4 2.988 5.385
76_6 -7.0 4.081 6.768
76_7 -7.0 2.558 5.861
76_8 -7.0 4.605 7.269
76_9 -6.9 3.165 4.172
11_1 -8.7 0.000 0.000
11_2 -7.8 1.902 4.727
11_3 -7.7 2.073 2.662
11_4 -7.6 4.001 6.003
11_5 -7.3 4.377 6.730
11_6 -7.3 3.932 5.254
11_7 -7.2 3.694 6.305
11_8 -6.9 1.909 2.530
11_9 -6.8 3.962 6.481
40_1 -9.2 0.000 0.000
40_2 -8.2 2.571 5.201
40_3 -8.0 3.429 6.086
40_4 -7.5 3.671 5.887
40_5 -7.3 4.205 6.369
40_6 -7.2 3.972 5.270
40_7 -7.1 4.037 6.387
40_8 -7.1 2.703 5.382
40_9 -7.0 2.614 5.477
36_1 -8.8 0.000 0.000
36_2 -7.9 1.843 5.045
36_3 -7.5 4.200 6.487
36_4 -7.4 1.860 4.753
36_5 -7.3 3.774 5.867
36_6 -7.1 3.678 6.268
36_7 -7.0 3.773 5.790
36_8 -6.7 4.353 7.082
36_9 -6.7 3.871 5.975
49_1 -8.8 0.000 0.000
49_2 -7.9 2.082 2.921
49_3 -7.9 1.871 5.064
49_4 -7.4 3.851 5.922
49_5 -7.4 4.247 6.567
49_6 -7.1 3.633 5.692
49_7 -7.1 2.031 4.765
49_8 -6.8 3.948 6.358
49_9 -6.7 2.233 3.222
56_1 -8.1 0.000 0.000
56_2 -7.6 2.814 5.426
56_3 -7.5 2.807 4.122
56_4 -7.5 3.189 5.455
56_5 -7.3 1.901 4.924
56_6 -7.2 2.511 4.233
56_7 -7.0 2.232 3.568
56_8 -7.0 3.909 6.792
56_9 -6.9 2.320 5.369
65_1 -8.8 0.000 0.000
65_2 -8.4 1.651 2.031
65_3 -8.0 3.617 5.008
65_4 -8.0 1.954 4.167
65_5 -7.8 4.032 6.139
65_6 -7.8 3.541 5.174
65_7 -7.6 3.152 5.916
65_8 -7.3 3.828 5.847
65_9 -7.3 4.053 6.666
52_1 -8.0 0.000 0.000
52_2 -7.8 0.898 1.765
52_3 -7.3 3.913 6.819
52_4 -7.3 4.173 6.735
52_5 -7.1 3.719 5.746
52_6 -7.1 4.187 7.124
52_7 -7.1 3.868 6.840
52_8 -6.9 3.948 5.824
52_9 -6.8 2.738 5.110
81_1 -9.4 0.000 0.000
81_2 -9.4 1.600 5.491
81_3 -9.0 1.854 2.414
81_4 -8.9 3.176 6.116
81_5 -8.8 3.490 7.019
81_6 -8.7 3.865 6.406
81_7 -8.4 3.884 6.814
81_8 -8.3 2.154 4.539
81_9 -8.2 1.968 5.100
75_1 -8.6 0.000 0.000
75_2 -8.2 1.615 1.938
75_3 -7.9 1.955 4.093
75_4 -7.8 3.800 5.193
75_5 -7.7 3.485 5.242
75_6 -7.5 3.056 5.881
75_7 -7.1 4.244 6.853
75_8 -7.0 2.188 3.466
75_9 -7.0 4.636 7.128
27_1 -7.3 0.000 0.000
27_2 -6.8 1.911 5.195
27_3 -6.7 1.829 5.225
27_4 -6.6 2.134 4.925
27_5 -6.5 1.987 4.979
27_6 -6.4 2.109 4.439
27_7 -6.4 2.440 3.534
27_8 -6.3 1.925 5.092
27_9 -6.2 2.232 6.149
24_1 -7.4 0.000 0.000
24_2 -7.0 3.030 5.276
24_3 -7.0 2.341 4.938
24_4 -6.9 3.299 5.994
24_5 -6.8 3.064 5.905
24_6 -6.5 2.547 5.118
24_7 -6.5 3.918 6.522
24_8 -6.4 2.825 5.292
24_9 -6.4 3.738 6.737
54_1 -8.7 0.000 0.000
54_2 -8.2 1.830 2.366
54_3 -7.9 1.986 4.116
54_4 -7.9 3.783 5.203
54_5 -7.8 4.018 6.097
54_6 -7.7 3.547 5.180
54_7 -7.6 3.072 5.882
54_8 -7.4 1.282 2.004
54_9 -7.3 1.962 2.471
57_1 -8.1 0.000 0.000
57_2 -7.7 3.635 5.627
57_3 -7.6 4.293 7.039
57_4 -7.5 4.293 7.445
57_5 -7.5 3.131 5.717
57_6 -7.4 4.326 7.266
57_7 -7.4 3.070 6.279
57_8 -7.1 4.462 7.049
57_9 -7.1 3.202 5.627
23_1 -7.3 0.000 0.000
23_2 -6.8 2.058 5.264
23_3 -6.7 1.846 5.257
23_4 -6.6 2.292 5.192
23_5 -6.6 2.211 5.357
23_6 -6.6 2.306 5.939
23_7 -6.5 2.039 4.833
23_8 -6.4 2.145 6.098
23_9 -6.4 2.118 4.425
77_1 -8.3 0.000 0.000
77_2 -8.0 3.711 5.858
77_3 -8.0 4.022 7.011
77_4 -8.0 4.110 6.619
77_5 -7.9 3.868 6.756
77_6 -7.6 4.419 6.837
77_7 -7.6 3.942 6.881
77_8 -7.5 4.150 7.048
77_9 -7.3 3.300 4.482
51_1 -8.7 0.000 0.000
51_2 -7.8 1.877 4.959
51_3 -7.3 4.149 6.365
51_4 -7.1 1.923 4.731
51_5 -7.0 3.840 5.110
51_6 -6.9 3.689 6.045
51_7 -6.5 4.431 6.113
51_8 -6.4 4.916 7.205
51_9 -6.3 3.804 6.171
33_1 -8.7 0.000 0.000
33_2 -7.8 1.902 4.779
33_3 -7.5 3.958 5.978
33_4 -7.2 1.691 4.825
33_5 -7.1 3.716 6.300
33_6 -6.6 4.038 6.267
33_7 -6.6 1.806 2.252
33_8 -6.5 3.757 6.334
33_9 -6.4 4.110 5.894
79_1 -8.8 0.000 0.000
79_2 -8.2 1.736 2.218
79_3 -8.2 3.498 4.805
79_4 -7.9 1.993 4.166
79_5 -7.9 3.552 5.204
79_6 -7.7 1.257 1.945
79_7 -7.7 3.993 6.075
79_8 -7.6 1.680 4.452
79_9 -7.4 3.882 5.423
71_1 -8.0 0.000 0.000
71_2 -7.8 4.046 7.236
71_3 -7.5 3.635 5.706
71_4 -7.5 4.155 6.701
71_5 -7.4 3.093 5.337
71_6 -7.3 3.993 7.109
71_7 -7.0 2.621 5.972
71_8 -6.8 4.380 6.862
71_9 -6.8 2.690 4.879
39_1 -8.2 0.000 0.000
39_2 -7.7 3.507 5.582
39_3 -7.6 4.222 6.848
39_4 -7.4 4.317 7.339
39_5 -7.2 2.890 5.874
39_6 -6.9 4.398 6.679
39_7 -6.8 3.317 6.272
39_8 -6.8 1.533 2.149
39_9 -6.6 5.032 7.506
8_1 -7.1 0.000 0.000
8_2 -6.8 1.935 5.193
8_3 -6.7 2.412 5.374
8_4 -6.6 2.411 6.079
8_5 -6.6 2.082 5.255
8_6 -6.6 2.367 5.020
8_7 -6.5 2.223 4.747
8_8 -6.4 2.260 4.965
8_9 -6.4 2.309 5.237
7_1 -8.4 0.000 0.000
7_2 -8.3 1.599 2.035
7_3 -8.0 1.783 4.902
7_4 -7.8 2.022 5.033
7_5 -7.6 1.645 2.117
7_6 -7.5 3.246 5.057
7_7 -7.4 3.838 6.164
7_8 -7.2 2.935 5.803
7_9 -7.0 4.269 5.610
9_1 -8.8 0.000 0.000
9_2 -7.9 1.860 5.061
9_3 -7.6 1.833 4.763
9_4 -7.3 4.417 6.584
9_5 -7.3 3.777 5.951
9_6 -7.1 3.735 6.327
9_7 -7.0 3.669 5.955
9_8 -6.7 4.095 6.608
9_9 -6.7 4.161 6.607
29_1 -7.3 0.000 0.000
29_2 -7.0 1.898 5.290
29_3 -6.7 1.830 5.238
29_4 -6.7 2.200 5.368
29_5 -6.6 2.284 5.991
29_6 -6.5 2.112 6.051
29_7 -6.5 2.036 4.825
29_8 -6.4 2.024 4.930
29_9 -6.4 2.512 4.969
74_1 -9.0 0.000 0.000
74_2 -8.9 2.154 5.337
74_3 -8.9 1.243 1.639
74_4 -8.5 3.207 6.009
74_5 -8.5 1.243 2.090
74_6 -8.3 3.899 6.373
74_7 -8.3 3.867 7.179
74_8 -8.0 2.413 5.077
74_9 -7.5 2.334 3.280
62_1 -7.9 0.000 0.000
62_2 -7.2 4.287 6.754
62_3 -7.1 2.962 5.280
62_4 -7.1 3.086 5.097
62_5 -7.1 3.714 5.681
62_6 -7.0 4.187 7.073
62_7 -6.7 4.171 7.110
62_8 -6.5 2.686 5.576
62_9 -6.5 2.474 5.202
78_1 -9.1 0.000 0.000
78_2 -8.6 2.105 5.378
78_3 -8.3 3.294 6.020
78_4 -8.2 3.929 7.273
78_5 -8.0 2.455 5.155
78_6 -8.0 3.721 6.329
78_7 -7.8 3.895 6.376
78_8 -7.8 2.097 4.817
78_9 -7.4 4.100 7.252
60_1 -8.1 0.000 0.000
60_2 -7.9 4.145 6.688
60_3 -7.8 3.334 5.430
60_4 -7.7 3.791 5.626
60_5 -7.6 3.986 6.945
60_6 -7.5 1.264 1.994
60_7 -7.4 2.016 2.605
60_8 -7.2 4.153 6.694
60_9 -7.2 4.131 6.824
64_1 -9.2 0.000 0.000
64_2 -8.9 1.280 2.028
64_3 -8.9 2.112 5.237
64_4 -8.6 2.096 5.277
64_5 -8.4 2.511 5.024
64_6 -7.9 1.900 4.449
64_7 -7.9 2.140 4.835
64_8 -7.9 4.208 7.274
64_9 -7.8 1.247 2.284
31_1 -7.3 0.000 0.000
31_2 -7.0 3.034 5.276
31_3 -6.9 3.277 5.964
31_4 -6.8 3.104 5.567
31_5 -6.7 3.144 5.766
31_6 -6.6 3.689 6.441
31_7 -6.5 2.421 5.027
31_8 -6.4 3.884 6.514
31_9 -6.4 3.981 5.827
59_1 -9.1 0.000 0.000
59_2 -8.2 2.578 5.178
59_3 -8.1 0.620 1.118
59_4 -8.1 3.440 6.077
59_5 -8.0 2.556 5.258
59_6 -8.0 2.567 5.411
59_7 -7.4 4.201 6.706
59_8 -7.3 4.109 6.180
59_9 -7.2 3.963 6.372
18_1 -7.3 0.000 0.000
18_2 -7.0 1.877 5.213
18_3 -6.7 0.965 1.508
18_4 -6.7 1.795 5.269
18_5 -6.6 1.913 4.488
18_6 -6.6 2.284 5.969
18_7 -6.5 1.686 2.168
18_8 -6.5 2.313 5.320
18_9 -6.5 1.966 5.147
61_1 -7.9 0.000 0.000
61_2 -7.9 3.645 5.646
61_3 -7.6 3.951 7.136
61_4 -7.5 4.093 6.474
61_5 -7.4 1.202 1.562
61_6 -7.4 3.938 6.942
61_7 -7.3 4.020 7.104
61_8 -7.3 3.816 6.863
61_9 -6.9 2.804 3.804
22_1 -8.8 0.000 0.000
22_2 -7.9 1.875 5.025
22_3 -7.2 3.939 5.970
22_4 -7.1 3.743 6.297
22_5 -7.1 1.627 2.003
22_6 -7.0 3.627 5.723
22_7 -6.9 1.775 4.835
22_8 -6.6 3.857 6.416
22_9 -6.5 4.407 6.629
69_1 -9.0 0.000 0.000
69_2 -9.0 2.211 5.342
69_3 -8.7 2.198 5.363
69_4 -8.5 2.206 5.564
69_5 -8.4 3.277 6.013
69_6 -8.2 3.867 7.082
69_7 -8.2 3.921 6.358
69_8 -8.1 2.475 5.162
69_9 -8.1 1.917 4.315
6_1 -8.1 0.000 0.000
6_2 -7.5 1.863 4.970
6_3 -7.4 1.836 4.923
6_4 -7.3 2.049 2.601
6_5 -7.2 2.248 4.968
6_6 -6.9 2.944 6.173
6_7 -6.8 2.914 6.124
6_8 -6.8 3.384 7.501
6_9 -6.7 2.913 6.697
30_1 -8.8 0.000 0.000
30_2 -7.9 2.092 4.953
30_3 -7.6 3.840 5.929
30_4 -7.5 1.822 4.796
30_5 -7.4 4.447 6.703
30_6 -7.1 3.757 5.752
30_7 -7.0 4.107 6.624
30_8 -6.8 3.877 5.989
30_9 -6.7 3.954 6.569
32_1 -8.8 0.000 0.000
32_2 -7.9 1.872 5.070
32_3 -7.5 1.050 1.314
32_4 -7.4 4.187 6.474
32_5 -7.3 1.821 4.818
32_6 -6.9 3.759 5.944
32_7 -6.6 4.180 7.182
32_8 -6.4 3.058 5.687
32_9 -6.3 1.764 2.111
66_1 -8.1 0.000 0.000
66_2 -7.8 3.773 5.865
66_3 -7.6 4.006 7.197
66_4 -7.6 4.180 6.915
66_5 -7.2 3.213 5.407
66_6 -7.1 3.873 6.830
66_7 -7.1 1.368 2.266
66_8 -7.0 3.918 7.031
66_9 -6.9 2.687 4.882
44_1 -8.0 0.000 0.000
44_2 -7.4 4.157 6.767
44_3 -7.4 4.059 7.236
44_4 -7.2 3.116 5.352
44_5 -6.9 3.799 6.831
44_6 -6.8 4.417 6.915
44_7 -6.7 2.756 3.699
44_8 -6.6 4.070 6.733
44_9 -6.6 1.440 2.232
38_1 -8.0 0.000 0.000
38_2 -7.7 3.667 5.693
38_3 -7.6 3.952 7.140
38_4 -7.5 4.158 6.835
38_5 -7.4 3.948 6.998
38_6 -7.4 2.918 5.283
38_7 -7.2 3.828 6.907
38_8 -7.1 1.991 2.522
38_9 -6.9 2.655 4.714
25_1 -8.5 0.000 0.000
25_2 -8.2 1.512 2.048
25_3 -8.0 1.909 4.849
25_4 -7.7 1.932 5.077
25_5 -7.3 3.774 6.145
25_6 -7.2 3.732 4.551
25_7 -7.2 2.903 5.823
25_8 -7.0 2.393 5.263
25_9 -6.8 3.586 5.718
67_1 -8.1 0.000 0.000
67_2 -7.6 3.748 5.796
67_3 -7.6 2.951 5.551
67_4 -7.5 4.342 7.231
67_5 -7.3 2.776 5.948
67_6 -7.2 4.138 6.654
67_7 -7.1 4.384 6.882
67_8 -6.8 4.168 6.837
67_9 -6.8 1.831 2.465
12_1 -8.3 0.000 0.000
12_2 -8.2 2.271 4.891
12_3 -8.2 1.783 4.871
12_4 -8.0 3.897 6.205
12_5 -7.8 3.811 5.346
12_6 -7.7 4.218 6.033
12_7 -7.7 3.861 6.152
12_8 -7.7 3.782 6.656
12_9 -7.5 2.076 2.861
1_1 -8.8 0.000 0.000
1_2 -7.9 1.869 5.066
1_3 -7.6 1.883 4.789
1_4 -7.6 3.836 5.919
1_5 -7.4 4.399 6.654
1_6 -7.1 3.705 6.296
1_7 -7.0 3.648 5.747
1_8 -6.8 4.254 7.025
1_9 -6.8 3.912 6.336
13_1 -7.3 0.000 0.000
13_2 -7.0 1.892 5.215
13_3 -6.7 1.833 5.225
13_4 -6.7 2.017 4.693
13_5 -6.7 2.208 5.373
13_6 -6.6 2.308 6.009
13_7 -6.5 2.023 4.755
13_8 -6.5 1.560 2.050
13_9 -6.4 2.033 5.008
58_1 -9.3 0.000 0.000
58_2 -8.9 1.484 1.897
58_3 -8.7 2.280 5.652
58_4 -8.7 3.857 6.487
58_5 -8.5 1.989 4.576
58_6 -8.4 4.011 6.782
58_7 -8.4 3.640 6.422
58_8 -8.4 3.495 6.300
58_9 -8.4 3.786 7.212
35_1 -7.3 0.000 0.000
35_2 -7.0 1.949 5.280
35_3 -6.7 1.846 5.255
35_4 -6.6 1.904 4.469
35_5 -6.6 2.179 4.931
35_6 -6.4 1.999 4.939
35_7 -6.4 2.147 6.143
35_8 -6.3 2.302 4.899
35_9 -6.3 2.276 5.369
73_1 -8.4 0.000 0.000
73_2 -8.2 2.318 5.023
73_3 -7.7 4.534 6.817
73_4 -7.4 1.375 1.944
73_5 -7.3 2.016 4.937
73_6 -7.1 2.013 4.145
73_7 -7.1 2.373 4.063
73_8 -7.1 3.738 6.019
73_9 -7.1 4.437 7.156
15_1 -8.1 0.000 0.000
15_2 -7.8 1.937 4.891
15_3 -6.9 2.920 6.111
15_4 -6.9 2.751 6.616
15_5 -6.9 3.360 7.455
15_6 -6.9 1.759 2.273
15_7 -6.8 2.640 6.322
15_8 -6.6 2.014 4.863
15_9 -6.6 3.398 5.537
47_1 -9.2 0.000 0.000
47_2 -8.2 2.585 5.173
47_3 -8.1 2.557 5.417
47_4 -7.5 3.992 5.291
47_5 -7.5 3.664 5.860
47_6 -7.3 4.094 6.207
47_7 -6.8 2.110 2.827
47_8 -6.8 4.016 5.425
47_9 -6.8 1.201 2.062
80_1 -7.9 0.000 0.000
80_2 -7.9 3.665 5.697
80_3 -7.7 3.908 6.415
80_4 -7.7 0.794 1.444
80_5 -7.5 3.760 6.712
80_6 -7.4 3.795 6.798
80_7 -7.1 2.276 4.915
80_8 -7.1 3.272 4.420
80_9 -7.0 4.538 7.204
63_1 -8.1 0.000 0.000
63_2 -8.0 3.623 5.701
63_3 -7.7 0.949 1.553
63_4 -7.6 4.294 7.027
63_5 -7.6 4.261 7.163
63_6 -7.4 4.369 7.122
63_7 -7.4 2.868 5.848
63_8 -7.3 3.532 5.503
63_9 -7.2 4.324 6.964
68_1 -8.3 0.000 0.000
68_2 -8.2 2.334 4.875
68_3 -7.4 3.510 5.696
68_4 -7.3 2.323 5.139
68_5 -7.2 4.145 6.933
68_6 -7.2 4.601 6.692
68_7 -7.1 1.648 2.228
68_8 -6.9 4.006 5.665
68_9 -6.8 2.956 5.425
28_1 -8.8 0.000 0.000
28_2 -7.9 1.871 5.058
28_3 -7.6 3.845 5.943
28_4 -7.5 4.246 6.551
28_5 -7.3 1.850 4.801
28_6 -7.1 3.642 5.712
28_7 -7.0 4.035 6.514
28_8 -6.7 4.264 7.127
28_9 -6.6 3.925 6.305
