82_1 -8.1 0.000 0.000
82_2 -7.7 1.380 2.073
82_3 -7.6 3.944 6.833
82_4 -7.6 4.004 6.899
82_5 -7.6 1.993 5.120
82_6 -7.5 3.831 5.885
82_7 -7.4 3.679 5.395
82_8 -7.2 4.355 7.013
82_9 -7.2 4.156 7.406
50_1 -8.1 0.000 0.000
50_2 -7.9 3.845 5.908
50_3 -7.6 1.906 4.767
50_4 -7.3 2.159 4.671
50_5 -7.2 2.089 4.911
50_6 -7.0 3.369 5.982
50_7 -7.0 4.081 6.105
50_8 -6.8 2.623 3.509
50_9 -6.7 4.164 6.371
3_1 -8.0 0.000 0.000
3_2 -7.9 3.173 4.347
3_3 -7.6 3.005 5.373
3_4 -7.5 4.062 7.001
3_5 -7.4 3.717 5.596
3_6 -7.2 4.035 6.987
3_7 -7.0 2.033 4.789
3_8 -7.0 4.105 6.600
3_9 -7.0 3.822 5.951
37_1 -8.2 0.000 0.000
37_2 -7.9 3.159 4.451
37_3 -7.9 1.797 2.358
37_4 -7.7 3.938 6.818
37_5 -7.6 2.011 5.206
37_6 -7.5 1.139 1.853
37_7 -7.5 3.987 6.885
37_8 -7.5 3.855 5.902
37_9 -7.4 2.172 2.826
2_1 -8.1 0.000 0.000
2_2 -7.9 3.893 5.918
2_3 -7.6 1.905 4.745
2_4 -7.5 1.994 4.706
2_5 -7.3 1.573 2.088
2_6 -7.3 4.175 6.252
2_7 -7.2 2.086 4.931
2_8 -7.0 3.396 5.993
2_9 -6.8 3.469 6.074
45_1 -7.9 0.000 0.000
45_2 -7.6 4.356 7.634
45_3 -7.4 4.088 6.958
45_4 -7.3 2.985 5.027
45_5 -7.3 2.507 5.418
45_6 -7.2 1.166 1.826
45_7 -7.2 2.703 4.696
45_8 -7.1 4.527 7.152
45_9 -7.1 4.216 7.199
17_1 -7.1 0.000 0.000
17_2 -6.8 2.248 4.896
17_3 -6.8 2.023 3.187
17_4 -6.6 2.711 5.450
17_5 -6.5 2.322 4.986
17_6 -6.4 2.607 5.347
17_7 -6.4 2.558 5.913
17_8 -6.3 2.547 3.971
17_9 -6.3 2.475 5.609
4_1 -7.3 0.000 0.000
4_2 -6.8 2.077 4.925
4_3 -6.7 1.922 3.226
4_4 -6.6 2.455 5.404
4_5 -6.6 2.258 3.781
4_6 -6.5 2.169 4.941
4_7 -6.4 2.455 5.629
4_8 -6.4 2.633 6.019
4_9 -6.4 2.281 3.888
14_1 -7.1 0.000 0.000
14_2 -7.0 3.441 5.977
14_3 -6.9 1.320 1.976
14_4 -6.9 3.049 5.584
14_5 -6.8 3.592 6.426
14_6 -6.5 3.377 6.602
14_7 -6.3 3.239 6.075
14_8 -6.3 3.252 6.141
14_9 -6.3 3.966 6.884
46_1 -8.4 0.000 0.000
46_2 -8.1 2.478 4.678
46_3 -7.9 2.799 5.250
46_4 -7.7 4.666 6.993
46_5 -7.6 1.756 2.462
46_6 -7.6 4.354 6.113
46_7 -7.4 3.226 5.858
46_8 -7.3 4.922 7.232
46_9 -7.3 4.249 7.087
26_1 -7.1 0.000 0.000
26_2 -7.0 3.446 5.961
26_3 -6.9 1.267 1.874
26_4 -6.8 3.613 6.454
26_5 -6.8 3.308 6.534
26_6 -6.4 3.229 6.232
26_7 -6.4 3.403 6.101
26_8 -6.4 3.857 5.875
26_9 -6.3 3.196 5.938
53_1 -9.2 0.000 0.000
53_2 -9.2 2.263 5.172
53_3 -9.0 1.636 5.446
53_4 -8.8 2.371 5.296
53_5 -8.7 2.443 5.046
53_6 -8.7 4.418 7.109
53_7 -8.3 3.468 6.506
53_8 -8.3 1.748 2.325
53_9 -8.1 3.504 6.461
19_1 -7.1 0.000 0.000
19_2 -7.0 3.444 5.962
19_3 -6.8 3.612 6.432
19_4 -6.8 3.025 5.166
19_5 -6.8 3.287 6.518
19_6 -6.4 2.823 3.570
19_7 -6.4 2.506 4.452
19_8 -6.3 3.194 5.296
19_9 -6.3 3.077 5.060
72_1 -7.8 0.000 0.000
72_2 -7.8 2.665 5.065
72_3 -7.3 2.928 5.659
72_4 -7.3 4.586 6.638
72_5 -7.1 4.204 6.629
72_6 -6.9 4.912 7.162
72_7 -6.9 4.301 6.794
72_8 -6.8 4.278 5.886
72_9 -6.7 3.831 6.000
20_1 -7.9 0.000 0.000
20_2 -7.9 3.534 5.524
20_3 -7.5 4.343 6.334
20_4 -7.5 2.171 5.126
20_5 -7.3 3.471 5.734
20_6 -7.3 1.945 4.633
20_7 -7.2 3.483 6.321
20_8 -7.1 3.895 6.259
20_9 -7.0 1.753 2.382
10_1 -8.4 0.000 0.000
10_2 -8.3 3.911 6.021
10_3 -7.8 2.169 4.614
10_4 -7.7 2.027 4.713
10_5 -7.6 1.888 4.977
10_6 -7.1 3.551 6.189
10_7 -7.0 4.045 5.544
10_8 -7.0 1.447 2.077
10_9 -6.5 1.489 2.046
70_1 -8.1 0.000 0.000
70_2 -7.8 1.924 2.706
70_3 -7.7 3.673 5.063
70_4 -7.7 1.604 2.267
70_5 -7.7 3.896 5.941
70_6 -7.6 2.908 5.811
70_7 -7.6 3.902 5.555
70_8 -7.5 3.567 4.700
70_9 -7.4 4.215 6.318
43_1 -8.1 0.000 0.000
43_2 -8.0 3.155 4.620
43_3 -7.8 4.211 7.429
43_4 -7.7 4.128 6.610
43_5 -7.7 1.521 2.220
43_6 -7.6 3.927 6.907
43_7 -7.6 4.006 6.954
43_8 -7.5 2.049 5.177
43_9 -7.4 3.755 5.916
21_1 -7.0 0.000 0.000
21_2 -7.0 2.212 5.203
21_3 -6.8 2.239 4.877
21_4 -6.6 2.697 5.481
21_5 -6.4 2.596 5.970
21_6 -6.3 2.482 5.652
21_7 -6.2 2.568 5.404
21_8 -6.2 2.717 6.099
21_9 -6.1 2.698 6.056
34_1 -8.1 0.000 0.000
34_2 -7.8 2.899 5.352
34_3 -7.6 2.703 4.993
34_4 -7.2 1.350 2.004
34_5 -6.9 3.340 5.604
34_6 -6.9 1.706 2.406
34_7 -6.9 3.956 6.125
34_8 -6.9 2.432 3.210
34_9 -6.9 4.105 6.428
42_1 -8.3 0.000 0.000
42_2 -7.7 3.951 6.686
42_3 -7.7 2.237 4.864
42_4 -7.6 1.906 2.703
42_5 -7.6 2.009 2.671
42_6 -7.4 3.554 5.622
42_7 -7.3 4.133 6.203
42_8 -7.2 2.031 2.750
42_9 -7.2 1.486 2.211
41_1 -8.1 0.000 0.000
41_2 -8.1 4.254 7.502
41_3 -7.6 1.235 1.602
41_4 -7.3 2.614 4.871
41_5 -7.1 4.075 7.475
41_6 -7.0 2.330 3.721
41_7 -6.9 2.232 4.799
41_8 -6.7 3.204 5.240
41_9 -6.6 3.006 4.771
16_1 -8.0 0.000 0.000
16_2 -7.6 2.104 2.543
16_3 -7.5 3.799 6.052
16_4 -7.2 2.881 5.798
16_5 -7.1 1.825 4.876
16_6 -7.0 2.445 3.382
16_7 -6.8 3.457 5.693
16_8 -6.8 2.001 5.093
16_9 -6.7 3.886 6.369
55_1 -7.5 0.000 0.000
55_2 -7.4 3.394 6.161
55_3 -7.4 1.356 1.602
55_4 -7.4 3.829 6.868
55_5 -7.1 1.732 4.571
55_6 -7.1 3.139 5.194
55_7 -7.0 3.572 6.373
55_8 -6.9 4.114 6.675
55_9 -6.9 2.121 4.581
5_1 -7.1 0.000 0.000
5_2 -7.1 1.197 1.685
5_3 -7.0 3.451 5.989
5_4 -6.8 3.601 6.435
5_5 -6.8 3.305 6.540
5_6 -6.7 3.231 4.996
5_7 -6.5 3.234 6.016
5_8 -6.4 3.294 6.139
5_9 -6.4 4.321 6.466
48_1 -8.2 0.000 0.000
48_2 -7.8 4.384 7.552
48_3 -7.4 4.496 7.514
48_4 -7.1 4.482 7.979
48_5 -7.0 2.350 3.530
48_6 -7.0 2.693 4.921
48_7 -6.9 4.652 7.854
48_8 -6.8 2.582 3.794
48_9 -6.8 2.438 3.699
76_1 -7.3 0.000 0.000
76_2 -7.3 4.012 7.049
76_3 -6.9 1.651 2.173
76_4 -6.8 1.766 4.585
76_5 -6.8 1.868 4.899
76_6 -6.6 4.124 6.898
76_7 -6.3 2.299 4.926
76_8 -6.3 3.733 6.277
76_9 -6.3 4.214 6.864
11_1 -8.2 0.000 0.000
11_2 -7.9 3.907 5.920
11_3 -7.5 1.914 4.892
11_4 -7.3 1.969 4.677
11_5 -7.0 3.598 6.189
11_6 -7.0 4.095 5.363
11_7 -6.9 2.034 2.647
11_8 -6.7 1.420 1.935
11_9 -6.5 2.329 3.374
40_1 -9.0 0.000 0.000
40_2 -8.3 3.674 6.186
40_3 -8.2 1.786 2.581
40_4 -8.2 2.733 5.594
40_5 -8.2 2.629 5.029
40_6 -8.2 4.428 6.658
40_7 -7.5 4.287 6.558
40_8 -7.1 3.305 6.184
40_9 -6.7 4.512 6.810
36_1 -8.5 0.000 0.000
36_2 -8.2 3.948 6.046
36_3 -7.8 2.035 4.778
36_4 -7.8 1.844 4.982
36_5 -7.2 3.653 6.254
36_6 -7.1 4.167 5.463
36_7 -7.0 4.148 6.578
36_8 -6.8 2.347 4.564
36_9 -6.7 4.554 6.123
49_1 -8.6 0.000 0.000
49_2 -8.3 4.006 6.093
49_3 -7.8 1.829 4.803
49_4 -7.4 2.295 5.162
49_5 -7.4 4.289 6.604
49_6 -7.1 1.798 2.433
49_7 -7.0 4.137 5.593
49_8 -6.9 4.267 6.699
49_9 -6.9 2.425 5.320
56_1 -7.9 0.000 0.000
56_2 -7.8 2.824 5.225
56_3 -7.4 4.714 7.610
56_4 -7.3 1.685 2.708
56_5 -6.9 4.688 7.586
56_6 -6.9 4.490 7.331
56_7 -6.8 3.217 5.194
56_8 -6.6 2.638 5.381
56_9 -6.6 2.911 5.160
65_1 -8.2 0.000 0.000
65_2 -7.9 1.929 4.378
65_3 -7.8 1.667 2.353
65_4 -7.8 4.056 6.158
65_5 -7.8 3.085 5.950
65_6 -7.7 3.794 5.287
65_7 -7.7 3.986 5.744
65_8 -7.6 3.708 4.908
65_9 -7.5 4.261 6.203
52_1 -8.1 0.000 0.000
52_2 -7.9 3.290 4.759
52_3 -7.7 3.930 6.800
52_4 -7.7 1.154 1.543
52_5 -7.6 2.183 3.095
52_6 -7.5 1.991 5.198
52_7 -7.5 3.993 6.901
52_8 -7.5 1.102 1.782
52_9 -7.4 2.615 3.585
81_1 -9.3 0.000 0.000
81_2 -9.2 2.254 5.139
81_3 -8.9 1.652 5.446
81_4 -8.6 4.449 7.107
81_5 -8.6 0.924 1.620
81_6 -8.3 3.486 6.494
81_7 -8.1 2.269 5.783
81_8 -8.1 3.523 6.472
81_9 -7.9 3.827 6.947
75_1 -8.0 0.000 0.000
75_2 -7.7 1.905 4.334
75_3 -7.6 4.025 5.695
75_4 -7.6 3.970 6.003
75_5 -7.5 4.207 6.274
75_6 -7.5 2.225 2.961
75_7 -7.4 1.725 2.321
75_8 -7.4 3.865 5.170
75_9 -7.2 3.042 5.946
27_1 -7.3 0.000 0.000
27_2 -7.0 2.106 4.964
27_3 -6.7 1.955 3.436
27_4 -6.7 2.206 3.629
27_5 -6.6 2.451 5.417
27_6 -6.5 2.200 5.271
27_7 -6.4 1.794 2.464
27_8 -6.4 2.488 5.875
27_9 -6.3 2.650 5.368
24_1 -7.1 0.000 0.000
24_2 -7.0 3.434 5.961
24_3 -6.9 1.280 1.821
24_4 -6.7 3.308 6.544
24_5 -6.7 3.608 6.432
24_6 -6.4 4.287 6.419
24_7 -6.3 3.971 6.874
24_8 -6.3 4.215 7.648
24_9 -6.2 3.690 6.584
54_1 -8.0 0.000 0.000
54_2 -7.7 1.694 2.273
54_3 -7.7 1.909 2.632
54_4 -7.7 3.934 5.970
54_5 -7.6 3.646 5.061
54_6 -7.4 3.733 4.957
54_7 -7.3 3.875 5.589
54_8 -7.2 1.518 2.004
54_9 -7.2 2.390 3.720
57_1 -8.1 0.000 0.000
57_2 -8.1 4.329 7.232
57_3 -8.1 3.499 5.096
57_4 -7.7 3.085 5.907
57_5 -7.6 4.685 7.390
57_6 -7.5 2.556 4.733
57_7 -7.4 4.421 7.351
57_8 -7.4 4.445 7.148
57_9 -7.3 1.178 2.076
23_1 -7.3 0.000 0.000
23_2 -7.0 1.990 5.337
23_3 -7.0 2.097 4.949
23_4 -6.7 1.917 3.341
23_5 -6.6 2.412 5.343
23_6 -6.6 2.219 3.985
23_7 -6.4 2.635 5.981
23_8 -6.3 2.429 5.583
23_9 -6.3 2.982 5.484
77_1 -8.2 0.000 0.000
77_2 -7.8 3.279 4.626
77_3 -7.6 3.989 6.931
77_4 -7.5 2.053 5.231
77_5 -7.5 4.070 7.003
77_6 -7.4 4.203 6.686
77_7 -7.4 2.721 4.887
77_8 -7.2 3.882 6.702
77_9 -7.2 4.082 6.539
51_1 -8.5 0.000 0.000
51_2 -8.3 3.927 6.015
51_3 -8.1 0.966 1.395
51_4 -7.4 1.977 4.931
51_5 -7.4 4.307 6.602
51_6 -7.0 4.497 6.496
51_7 -7.0 4.070 5.428
51_8 -7.0 4.053 6.978
51_9 -6.9 1.930 2.625
33_1 -8.2 0.000 0.000
33_2 -7.9 3.902 5.908
33_3 -7.6 1.913 4.759
33_4 -7.5 1.995 4.776
33_5 -7.2 2.082 4.899
33_6 -7.1 1.754 2.343
33_7 -7.0 3.297 6.028
33_8 -6.9 3.577 6.139
33_9 -6.9 1.451 1.920
79_1 -8.1 0.000 0.000
79_2 -7.8 3.620 4.930
79_3 -7.8 1.937 2.830
79_4 -7.7 2.980 5.793
79_5 -7.7 3.855 5.871
79_6 -7.7 1.740 2.308
79_7 -7.6 3.631 4.760
79_8 -7.5 1.947 4.532
79_9 -7.4 3.848 5.431
71_1 -8.0 0.000 0.000
71_2 -7.8 3.899 6.985
71_3 -7.7 4.073 7.059
71_4 -7.6 0.761 1.618
71_5 -7.4 4.004 7.081
71_6 -7.3 4.343 7.016
71_7 -7.2 2.727 4.819
71_8 -7.1 4.438 7.338
71_9 -7.0 2.428 3.434
39_1 -8.3 0.000 0.000
39_2 -7.9 4.180 7.186
39_3 -7.9 4.272 7.193
39_4 -7.8 3.529 4.718
39_5 -7.7 4.349 6.925
39_6 -7.6 3.201 6.149
39_7 -7.5 4.696 7.297
39_8 -7.4 2.704 4.825
39_9 -7.4 3.114 5.939
8_1 -7.0 0.000 0.000
8_2 -7.0 2.238 5.288
8_3 -6.9 2.705 5.749
8_4 -6.8 2.607 5.713
8_5 -6.8 2.854 5.493
8_6 -6.6 2.416 3.041
8_7 -6.5 2.996 6.162
8_8 -6.5 2.462 5.350
8_9 -6.1 2.655 5.718
7_1 -8.0 0.000 0.000
7_2 -7.5 2.494 5.322
7_3 -7.5 2.077 2.580
7_4 -7.5 3.523 5.577
7_5 -7.4 2.866 5.791
7_6 -7.3 4.108 6.849
7_7 -7.2 4.067 6.198
7_8 -7.2 3.194 4.911
7_9 -7.1 2.445 3.486
9_1 -8.6 0.000 0.000
9_2 -8.3 4.018 6.096
9_3 -7.9 2.010 4.817
9_4 -7.8 1.828 4.855
9_5 -7.4 4.135 7.012
9_6 -7.3 1.714 2.430
9_7 -7.2 3.823 6.293
9_8 -7.0 4.115 5.587
9_9 -7.0 3.655 6.247
29_1 -7.3 0.000 0.000
29_2 -7.0 2.038 4.884
29_3 -6.7 2.212 3.663
29_4 -6.6 1.603 1.992
29_5 -6.6 2.421 5.371
29_6 -6.5 2.210 5.578
29_7 -6.5 1.896 3.124
29_8 -6.4 2.553 5.948
29_9 -6.4 2.402 3.271
74_1 -9.1 0.000 0.000
74_2 -9.1 2.161 5.168
74_3 -9.0 0.723 1.336
74_4 -8.6 4.403 7.050
74_5 -8.3 1.088 1.978
74_6 -8.3 3.498 6.598
74_7 -8.1 4.266 6.949
74_8 -8.0 1.259 2.060
74_9 -8.0 3.249 5.636
62_1 -7.9 0.000 0.000
62_2 -7.5 4.061 6.906
62_3 -7.4 2.507 5.454
62_4 -7.0 1.767 2.132
62_5 -7.0 2.630 3.271
62_6 -6.9 2.914 4.172
62_7 -6.9 4.304 6.771
62_8 -6.9 2.885 4.877
62_9 -6.9 4.692 7.292
78_1 -8.9 0.000 0.000
78_2 -8.8 2.208 5.163
78_3 -8.4 4.076 6.817
78_4 -8.1 1.994 5.356
78_5 -7.9 3.273 5.868
78_6 -7.7 3.912 7.124
78_7 -7.7 3.933 6.359
78_8 -7.5 4.349 6.578
78_9 -7.5 4.328 6.950
60_1 -8.2 0.000 0.000
60_2 -8.1 3.303 4.691
60_3 -7.9 1.235 1.793
60_4 -7.7 3.946 6.124
60_5 -7.7 4.084 7.046
60_6 -7.6 3.934 6.986
60_7 -7.5 4.058 6.525
60_8 -7.1 3.170 4.386
60_9 -7.0 4.088 6.773
64_1 -9.3 0.000 0.000
64_2 -9.2 2.225 5.169
64_3 -8.8 2.564 5.032
64_4 -8.7 1.693 5.340
64_5 -8.6 4.334 7.023
64_6 -8.3 2.332 5.313
64_7 -8.0 3.480 6.417
64_8 -8.0 1.536 2.267
64_9 -8.0 3.820 6.889
31_1 -7.1 0.000 0.000
31_2 -7.1 1.185 1.586
31_3 -7.0 3.450 5.988
31_4 -6.8 3.616 6.437
31_5 -6.7 3.368 6.573
31_6 -6.6 1.705 2.124
31_7 -6.4 2.506 4.440
31_8 -6.4 3.311 6.143
31_9 -6.4 4.288 6.456
59_1 -9.0 0.000 0.000
59_2 -8.3 3.643 6.164
59_3 -8.2 2.743 5.578
59_4 -8.0 1.692 2.544
59_5 -8.0 2.617 5.005
59_6 -7.6 4.256 6.557
59_7 -7.2 3.339 6.194
59_8 -7.1 4.173 6.573
59_9 -6.9 4.175 6.664
18_1 -7.3 0.000 0.000
18_2 -7.0 2.071 4.922
18_3 -6.6 2.418 5.356
18_4 -6.6 2.102 5.211
18_5 -6.4 2.776 6.220
18_6 -6.4 2.192 5.312
18_7 -6.4 2.634 5.367
18_8 -6.3 2.106 5.087
18_9 -6.3 2.385 5.647
61_1 -7.8 0.000 0.000
61_2 -7.7 3.848 6.874
61_3 -7.7 3.979 6.948
61_4 -7.5 1.601 2.181
61_5 -7.4 4.110 6.668
61_6 -7.3 1.234 1.994
61_7 -7.2 3.971 7.064
61_8 -7.1 3.643 4.867
61_9 -7.1 1.950 2.716
22_1 -8.5 0.000 0.000
22_2 -8.2 3.945 6.029
22_3 -7.9 2.010 4.781
22_4 -7.7 1.853 4.856
22_5 -7.5 2.242 5.084
22_6 -7.1 3.416 6.085
22_7 -7.0 4.017 5.390
22_8 -6.6 2.089 5.178
22_9 -6.6 4.233 7.181
69_1 -9.1 0.000 0.000
69_2 -9.1 1.489 5.398
69_3 -9.1 2.222 5.296
69_4 -8.7 2.359 5.005
69_5 -8.6 4.445 7.226
69_6 -8.5 1.325 2.118
69_7 -8.4 1.143 2.067
69_8 -8.1 1.519 2.333
69_9 -8.1 3.468 6.448
6_1 -7.7 0.000 0.000
6_2 -7.5 2.875 5.746
6_3 -7.3 2.813 6.855
6_4 -7.2 3.171 6.881
6_5 -7.1 1.835 4.907
6_6 -6.8 1.961 2.698
6_7 -6.8 2.140 4.936
6_8 -6.5 3.452 6.799
6_9 -6.5 3.130 6.240
30_1 -8.5 0.000 0.000
30_2 -8.3 3.971 6.059
30_3 -7.7 2.049 4.735
30_4 -7.7 1.870 4.953
30_5 -7.2 4.148 5.482
30_6 -7.1 3.720 6.224
30_7 -7.0 3.701 6.311
30_8 -7.0 2.099 2.987
30_9 -6.9 5.209 7.768
32_1 -8.5 0.000 0.000
32_2 -8.3 3.954 6.051
32_3 -7.8 1.852 4.845
32_4 -7.5 2.254 5.094
32_5 -7.3 4.226 6.519
32_6 -7.3 4.057 7.003
32_7 -7.2 2.252 4.582
32_8 -7.2 2.326 5.344
32_9 -7.1 2.027 4.718
66_1 -7.3 0.000 0.000
66_2 -7.3 4.039 6.969
66_3 -7.2 1.301 1.750
66_4 -7.1 3.805 6.623
66_5 -7.0 3.646 5.599
66_6 -6.8 3.027 5.029
66_7 -6.8 1.822 2.478
66_8 -6.7 1.832 2.663
66_9 -6.4 2.420 5.082
44_1 -8.0 0.000 0.000
44_2 -7.6 3.997 6.960
44_3 -7.5 1.245 1.726
44_4 -7.4 1.553 2.108
44_5 -7.3 3.479 4.936
44_6 -7.2 4.213 6.600
44_7 -7.1 4.099 6.641
44_8 -7.0 2.158 3.172
44_9 -7.0 4.237 7.263
38_1 -7.5 0.000 0.000
38_2 -7.5 3.364 6.135
38_3 -7.5 3.883 6.918
38_4 -7.4 1.354 1.727
38_5 -7.3 3.625 5.555
38_6 -7.2 3.519 6.524
38_7 -7.1 3.488 6.325
38_8 -6.9 4.171 6.924
38_9 -6.7 4.323 6.859
25_1 -8.0 0.000 0.000
25_2 -7.6 2.506 5.193
25_3 -7.6 2.106 2.559
25_4 -7.5 2.968 5.782
25_5 -7.5 3.167 5.097
25_6 -7.2 3.770 6.130
25_7 -7.1 1.994 5.079
25_8 -7.1 2.432 3.450
25_9 -7.0 4.018 6.443
67_1 -8.1 0.000 0.000
67_2 -7.9 3.388 4.968
67_3 -7.8 3.825 6.582
67_4 -7.7 2.142 3.256
67_5 -7.6 2.385 4.223
67_6 -7.5 3.759 5.438
67_7 -7.4 4.208 6.482
67_8 -7.3 4.236 6.123
67_9 -7.3 4.941 7.454
12_1 -7.8 0.000 0.000
12_2 -7.7 1.630 2.110
12_3 -7.7 2.447 3.355
12_4 -7.4 2.629 5.401
12_5 -7.4 3.755 6.539
12_6 -7.3 2.051 4.926
12_7 -7.1 3.942 6.140
12_8 -7.1 4.029 6.085
12_9 -7.1 4.277 7.247
1_1 -8.5 0.000 0.000
1_2 -8.3 3.947 6.044
1_3 -7.9 2.021 4.817
1_4 -7.8 1.847 4.843
1_5 -7.4 1.666 2.301
1_6 -7.3 4.086 6.927
1_7 -7.0 3.483 6.140
1_8 -6.8 2.409 5.394
1_9 -6.8 4.144 6.921
13_1 -7.3 0.000 0.000
13_2 -6.9 2.115 5.001
13_3 -6.8 1.961 3.403
13_4 -6.7 2.406 5.400
13_5 -6.7 2.222 3.646
13_6 -6.5 2.523 5.960
13_7 -6.4 1.945 2.680
13_8 -6.3 2.434 5.231
13_9 -6.3 2.957 5.514
58_1 -9.1 0.000 0.000
58_2 -8.8 1.267 1.945
58_3 -8.7 2.053 5.427
58_4 -8.6 4.111 6.809
58_5 -8.6 1.338 1.817
58_6 -8.5 1.544 2.102
58_7 -8.4 3.490 6.191
58_8 -8.2 3.970 6.590
58_9 -8.1 2.196 5.817
35_1 -7.3 0.000 0.000
35_2 -6.9 2.056 4.898
35_3 -6.6 2.303 3.898
35_4 -6.4 2.415 5.668
35_5 -6.4 2.105 5.328
35_6 -6.4 2.640 5.971
35_7 -6.4 2.854 3.918
35_8 -6.3 2.076 5.037
35_9 -6.3 2.074 3.544
73_1 -8.2 0.000 0.000
73_2 -8.1 1.578 2.156
73_3 -8.0 2.804 5.063
73_4 -7.8 4.595 6.849
73_5 -7.2 1.617 4.708
73_6 -7.2 4.137 5.828
73_7 -7.1 4.635 6.882
73_8 -7.0 4.207 7.193
73_9 -6.7 4.280 7.631
15_1 -7.7 0.000 0.000
15_2 -7.5 2.876 5.748
15_3 -7.3 1.690 2.257
15_4 -7.3 2.779 6.826
15_5 -7.3 1.990 4.775
15_6 -7.0 1.344 1.651
15_7 -6.7 2.315 5.212
15_8 -6.7 3.447 6.822
15_9 -6.5 2.810 4.236
47_1 -9.0 0.000 0.000
47_2 -8.3 0.822 1.495
47_3 -8.3 3.637 6.150
47_4 -8.1 2.760 5.617
47_5 -7.8 4.387 6.612
47_6 -7.7 3.804 6.299
47_7 -7.6 4.184 5.597
47_8 -7.6 2.265 2.855
47_9 -7.4 4.041 6.096
80_1 -8.0 0.000 0.000
80_2 -8.0 3.216 4.610
80_3 -7.7 2.679 3.787
80_4 -7.6 3.783 6.058
80_5 -7.6 4.843 7.300
80_6 -7.5 2.282 4.234
80_7 -7.4 3.597 5.313
80_8 -7.3 4.003 5.821
80_9 -7.3 2.877 4.343
63_1 -7.8 0.000 0.000
63_2 -7.7 4.331 7.267
63_3 -7.7 1.350 1.567
63_4 -7.4 1.765 2.799
63_5 -7.3 3.108 5.320
63_6 -7.2 4.069 6.726
63_7 -7.1 4.114 6.844
63_8 -6.9 1.789 2.972
63_9 -6.7 3.743 5.971
68_1 -8.6 0.000 0.000
68_2 -8.6 2.080 4.946
68_3 -8.6 2.510 5.059
68_4 -8.5 1.360 1.581
68_5 -8.1 4.608 7.503
68_6 -7.7 4.559 7.517
68_7 -7.4 3.808 6.287
68_8 -7.4 5.035 7.651
68_9 -7.4 4.613 7.552
28_1 -8.5 0.000 0.000
28_2 -8.3 3.968 6.062
28_3 -7.8 1.858 4.814
28_4 -7.8 2.047 4.736
28_5 -7.3 4.070 7.008
28_6 -7.1 3.551 6.209
28_7 -7.0 1.042 1.493
28_8 -6.8 4.593 6.662
28_9 -6.8 4.990 6.761
