82_1 -7.9 0.000 0.000
82_2 -7.8 3.296 4.688
82_3 -7.7 2.022 4.879
82_4 -7.4 3.722 6.517
82_5 -7.4 4.331 6.856
82_6 -7.2 4.048 6.422
82_7 -7.1 3.569 5.825
82_8 -7.0 2.144 3.236
82_9 -6.9 2.578 4.097
50_1 -8.3 0.000 0.000
50_2 -7.7 1.901 4.771
50_3 -7.7 2.130 4.807
50_4 -7.2 4.225 6.630
50_5 -7.1 1.895 4.815
50_6 -7.1 3.492 5.751
50_7 -6.6 4.448 7.067
50_8 -6.5 2.103 4.942
50_9 -6.5 3.756 6.079
3_1 -7.7 0.000 0.000
3_2 -7.5 2.113 4.686
3_3 -7.4 2.887 3.851
3_4 -7.1 4.343 6.738
3_5 -7.1 1.255 1.814
3_6 -7.0 3.630 5.964
3_7 -6.9 3.430 4.808
3_8 -6.7 3.879 5.687
3_9 -6.6 4.261 6.957
37_1 -8.1 0.000 0.000
37_2 -8.0 2.434 5.121
37_3 -7.9 1.977 4.970
37_4 -7.8 3.534 5.974
37_5 -7.7 3.567 5.266
37_6 -7.5 1.622 4.969
37_7 -7.5 2.813 5.449
37_8 -7.5 2.116 4.948
37_9 -7.3 2.183 3.654
2_1 -8.3 0.000 0.000
2_2 -7.7 1.902 4.746
2_3 -7.3 3.892 5.891
2_4 -7.3 2.366 5.003
2_5 -7.2 4.231 6.634
2_6 -7.1 1.879 4.831
2_7 -7.1 3.904 5.991
2_8 -7.0 1.567 2.146
2_9 -7.0 3.456 5.720
45_1 -7.7 0.000 0.000
45_2 -7.6 0.511 1.156
45_3 -7.1 4.052 6.464
45_4 -6.8 2.562 5.307
45_5 -6.8 4.040 6.856
45_6 -6.7 3.298 4.440
45_7 -6.7 4.181 6.611
45_8 -6.6 2.921 3.787
45_9 -6.5 1.593 2.262
17_1 -6.9 0.000 0.000
17_2 -6.7 2.396 5.416
17_3 -6.5 2.316 6.021
17_4 -6.4 1.925 5.168
17_5 -6.4 2.663 4.209
17_6 -6.3 2.623 5.576
17_7 -6.2 2.230 4.860
17_8 -6.2 2.114 4.470
17_9 -6.2 2.176 5.336
4_1 -7.0 0.000 0.000
4_2 -6.8 1.280 1.915
4_3 -6.7 2.199 5.433
4_4 -6.6 2.432 5.929
4_5 -6.6 2.449 3.407
4_6 -6.6 1.901 4.431
4_7 -6.5 1.975 5.133
4_8 -6.4 2.101 6.057
4_9 -6.3 2.243 5.168
14_1 -7.3 0.000 0.000
14_2 -7.0 3.111 5.490
14_3 -6.7 3.194 5.927
14_4 -6.6 3.138 5.626
14_5 -6.6 3.119 5.918
14_6 -6.4 2.160 2.667
14_7 -6.4 3.998 6.579
14_8 -6.3 2.413 3.102
14_9 -6.3 3.074 5.717
46_1 -8.1 0.000 0.000
46_2 -7.9 2.698 4.975
46_3 -7.8 2.729 5.647
46_4 -7.4 2.026 2.849
46_5 -7.3 3.181 5.891
46_6 -7.2 2.587 4.871
46_7 -7.2 1.908 2.532
46_8 -7.1 4.053 6.956
46_9 -7.0 2.336 4.918
26_1 -7.3 0.000 0.000
26_2 -7.0 3.106 5.495
26_3 -6.7 3.203 5.931
26_4 -6.5 3.097 5.920
26_5 -6.4 2.858 3.580
26_6 -6.4 2.761 5.248
26_7 -6.4 3.669 6.706
26_8 -6.3 1.559 2.089
26_9 -6.2 3.124 6.039
53_1 -8.7 0.000 0.000
53_2 -8.6 2.205 5.291
53_3 -8.3 1.377 2.135
53_4 -8.3 1.913 5.260
53_5 -8.2 2.222 5.425
53_6 -8.1 1.225 1.878
53_7 -8.0 2.838 5.304
53_8 -7.9 3.629 6.320
53_9 -7.8 2.621 5.760
19_1 -7.3 0.000 0.000
19_2 -7.0 3.106 5.486
19_3 -6.7 3.201 5.925
19_4 -6.6 2.878 3.731
19_5 -6.5 3.124 5.901
19_6 -6.5 3.934 6.531
19_7 -6.4 2.762 5.235
19_8 -6.3 2.866 5.248
19_9 -6.3 3.191 6.058
72_1 -8.8 0.000 0.000
72_2 -8.6 2.758 5.349
72_3 -8.5 1.220 1.731
72_4 -7.8 3.305 5.903
72_5 -7.7 2.455 3.436
72_6 -7.7 4.121 7.025
72_7 -7.7 2.602 5.136
72_8 -7.5 2.669 4.825
72_9 -7.4 2.495 5.576
20_1 -8.2 0.000 0.000
20_2 -7.9 1.490 1.959
20_3 -7.6 1.748 4.837
20_4 -7.6 3.421 5.272
20_5 -7.4 3.894 4.731
20_6 -7.4 2.126 5.073
20_7 -7.3 1.937 2.551
20_8 -7.1 3.772 6.214
20_9 -7.1 3.427 5.679
10_1 -8.1 0.000 0.000
10_2 -7.8 3.833 5.924
10_3 -7.7 1.814 4.890
10_4 -7.3 3.587 5.658
10_5 -7.1 2.420 5.041
10_6 -6.8 3.845 5.943
10_7 -6.8 3.476 6.137
10_8 -6.6 2.139 4.445
10_9 -6.5 4.360 7.103
70_1 -7.9 0.000 0.000
70_2 -7.9 1.528 1.889
70_3 -7.9 4.277 6.241
70_4 -7.8 2.714 3.549
70_5 -7.7 3.881 5.566
70_6 -7.7 2.874 5.206
70_7 -7.5 3.533 4.832
70_8 -7.4 3.295 4.326
70_9 -7.1 1.770 2.531
43_1 -7.9 0.000 0.000
43_2 -7.8 4.377 6.814
43_3 -7.7 3.222 4.697
43_4 -7.7 3.010 4.208
43_5 -7.7 3.931 5.413
43_6 -7.5 3.719 5.160
43_7 -7.5 3.848 6.512
43_8 -7.4 2.184 4.825
43_9 -7.1 4.445 7.132
21_1 -6.9 0.000 0.000
21_2 -6.7 2.384 5.433
21_3 -6.6 2.478 5.796
21_4 -6.6 2.626 5.941
21_5 -6.5 2.103 5.283
21_6 -6.4 2.127 4.619
21_7 -6.4 2.807 4.199
21_8 -6.4 2.336 5.434
21_9 -6.4 2.388 3.162
34_1 -8.0 0.000 0.000
34_2 -7.9 2.916 5.260
34_3 -7.2 3.612 5.876
34_4 -7.1 1.878 4.174
34_5 -6.9 4.230 6.821
34_6 -6.7 3.769 6.267
34_7 -6.5 2.721 4.955
34_8 -6.4 4.264 6.784
34_9 -6.4 4.024 6.770
42_1 -8.0 0.000 0.000
42_2 -7.7 2.760 3.966
42_3 -7.6 2.955 3.963
42_4 -7.5 2.012 4.823
42_5 -7.5 3.082 4.258
42_6 -7.3 3.485 4.970
42_7 -7.2 3.238 4.888
42_8 -7.2 3.592 5.736
42_9 -7.2 4.265 6.656
41_1 -7.7 0.000 0.000
41_2 -7.5 1.047 1.627
41_3 -7.5 2.280 3.125
41_4 -7.3 2.831 4.436
41_5 -7.1 2.254 4.390
41_6 -7.1 2.344 3.181
41_7 -7.0 3.904 7.714
41_8 -6.9 3.971 7.414
41_9 -6.5 4.205 7.244
16_1 -8.2 0.000 0.000
16_2 -7.9 1.699 2.214
16_3 -7.6 1.745 4.825
16_4 -7.4 2.096 5.069
16_5 -7.4 3.449 5.419
16_6 -7.1 4.143 5.892
16_7 -7.1 3.473 5.704
16_8 -7.1 1.763 2.213
16_9 -7.0 2.360 5.150
55_1 -7.4 0.000 0.000
55_2 -7.4 3.582 5.735
55_3 -7.3 3.683 5.992
55_4 -7.2 4.045 7.385
55_5 -7.1 4.256 6.617
55_6 -7.0 2.351 4.044
55_7 -6.9 4.035 6.412
55_8 -6.9 4.143 7.222
55_9 -6.9 4.013 6.420
5_1 -7.3 0.000 0.000
5_2 -7.0 3.116 5.497
5_3 -6.6 3.202 5.937
5_4 -6.5 3.116 5.931
5_5 -6.4 2.556 3.254
5_6 -6.3 2.797 5.271
5_7 -6.2 4.071 6.671
5_8 -6.2 3.103 5.429
5_9 -6.1 4.037 5.953
48_1 -8.6 0.000 0.000
48_2 -8.4 1.414 1.544
48_3 -8.2 1.403 1.848
48_4 -7.8 3.084 4.876
48_5 -7.6 2.650 4.184
48_6 -7.3 3.792 6.345
48_7 -7.3 2.251 3.735
48_8 -7.3 4.539 7.217
48_9 -7.2 4.766 7.989
76_1 -7.5 0.000 0.000
76_2 -7.3 2.886 4.143
76_3 -7.2 3.920 6.372
76_4 -7.1 3.726 6.719
76_5 -7.0 3.742 6.141
76_6 -6.7 3.198 4.464
76_7 -6.6 3.700 6.711
76_8 -6.6 2.010 5.130
76_9 -6.5 1.917 2.747
11_1 -8.3 0.000 0.000
11_2 -7.7 1.891 4.885
11_3 -7.3 1.832 4.835
11_4 -7.2 1.668 2.163
11_5 -7.0 3.463 5.756
11_6 -6.9 2.175 4.930
11_7 -6.8 2.075 4.962
11_8 -6.8 4.271 5.832
11_9 -6.4 3.612 6.178
40_1 -8.7 0.000 0.000
40_2 -7.9 2.624 5.179
40_3 -7.6 2.012 2.412
40_4 -7.5 1.420 2.106
40_5 -7.1 2.963 5.797
40_6 -7.0 2.675 4.989
40_7 -7.0 3.649 5.832
40_8 -6.5 3.979 6.257
40_9 -5.9 3.954 6.685
36_1 -8.3 0.000 0.000
36_2 -7.9 3.843 5.946
36_3 -7.8 1.804 4.944
36_4 -7.7 1.990 2.698
36_5 -7.3 2.412 5.169
36_6 -7.2 1.702 4.884
36_7 -7.0 2.156 4.428
36_8 -6.5 3.784 6.117
36_9 -6.5 2.368 5.143
49_1 -8.3 0.000 0.000
49_2 -7.8 1.804 4.942
49_3 -7.6 3.812 5.974
49_4 -7.3 1.873 4.911
49_5 -6.9 2.072 4.981
49_6 -6.9 3.852 5.993
49_7 -6.8 2.638 5.162
49_8 -6.8 3.627 6.277
49_9 -6.7 3.847 5.104
56_1 -7.9 0.000 0.000
56_2 -7.9 1.362 1.892
56_3 -7.6 2.779 5.399
56_4 -7.5 1.085 1.470
56_5 -7.4 1.691 2.232
56_6 -7.0 1.936 4.981
56_7 -7.0 1.946 2.639
56_8 -6.9 4.243 7.727
56_9 -6.8 3.855 6.746
65_1 -8.0 0.000 0.000
65_2 -7.9 1.884 2.383
65_3 -7.9 4.329 6.345
65_4 -7.8 2.728 3.514
65_5 -7.7 2.662 4.416
65_6 -7.6 2.864 5.165
65_7 -7.5 3.592 4.884
65_8 -7.3 3.074 5.754
65_9 -7.2 3.159 4.429
52_1 -8.0 0.000 0.000
52_2 -8.0 2.356 5.103
52_3 -7.9 2.013 4.804
52_4 -7.8 3.498 5.905
52_5 -7.7 3.529 5.268
52_6 -7.7 2.094 5.080
52_7 -7.6 3.576 5.290
52_8 -7.4 1.956 4.990
52_9 -7.4 1.794 4.759
81_1 -8.6 0.000 0.000
81_2 -8.6 2.184 5.270
81_3 -8.4 2.516 5.635
81_4 -8.1 2.467 4.812
81_5 -7.9 1.276 2.150
81_6 -7.9 3.199 6.296
81_7 -7.8 4.004 7.987
81_8 -7.7 3.687 7.518
81_9 -7.3 2.762 5.148
75_1 -7.9 0.000 0.000
75_2 -7.9 4.298 6.309
75_3 -7.9 1.597 1.991
75_4 -7.7 3.201 4.194
75_5 -7.7 2.638 4.428
75_6 -7.6 2.894 5.207
75_7 -7.3 3.210 4.487
75_8 -7.3 2.388 4.738
75_9 -7.1 1.750 2.358
27_1 -7.1 0.000 0.000
27_2 -6.8 2.205 5.420
27_3 -6.6 2.480 5.928
27_4 -6.6 2.362 3.542
27_5 -6.6 2.449 5.964
27_6 -6.5 2.015 5.158
27_7 -6.4 1.923 4.698
27_8 -6.4 2.087 6.101
27_9 -6.4 1.964 4.684
24_1 -7.3 0.000 0.000
24_2 -7.0 3.107 5.491
24_3 -6.5 1.462 1.829
24_4 -6.5 3.997 6.557
24_5 -6.4 2.965 5.203
24_6 -6.2 2.493 3.235
24_7 -6.1 2.914 5.440
24_8 -6.0 3.683 6.478
24_9 -5.9 2.451 5.078
54_1 -7.9 0.000 0.000
54_2 -7.9 4.262 6.267
54_3 -7.8 1.573 1.918
54_4 -7.8 2.635 4.475
54_5 -7.7 3.090 4.078
54_6 -7.6 3.857 5.592
54_7 -7.3 3.188 4.487
54_8 -7.3 3.645 4.889
54_9 -7.1 2.664 4.543
57_1 -7.8 0.000 0.000
57_2 -7.7 3.545 5.795
57_3 -7.5 4.265 7.192
57_4 -7.5 4.080 6.808
57_5 -7.4 4.130 6.570
57_6 -7.3 4.127 7.212
57_7 -7.3 4.044 6.438
57_8 -7.2 3.951 6.080
57_9 -7.1 4.063 6.700
23_1 -7.0 0.000 0.000
23_2 -6.7 2.201 5.416
23_3 -6.7 2.359 3.331
23_4 -6.5 1.833 5.272
23_5 -6.5 2.426 6.000
23_6 -6.5 1.984 5.142
23_7 -6.4 2.130 5.435
23_8 -6.3 2.128 5.087
23_9 -6.3 2.112 3.219
77_1 -7.5 0.000 0.000
77_2 -7.4 1.368 1.730
77_3 -7.3 2.228 4.966
77_4 -7.2 2.938 4.017
77_5 -7.2 3.522 5.744
77_6 -7.2 3.928 6.290
77_7 -7.1 3.514 5.810
77_8 -7.0 3.408 6.326
77_9 -6.8 2.013 4.662
51_1 -8.4 0.000 0.000
51_2 -7.8 1.828 4.867
51_3 -7.8 0.942 1.282
51_4 -7.4 1.914 4.861
51_5 -7.0 2.077 5.054
51_6 -6.6 2.028 4.933
51_7 -6.4 2.021 4.649
51_8 -6.4 1.873 2.345
51_9 -5.9 3.633 6.215
33_1 -8.3 0.000 0.000
33_2 -7.7 1.914 4.804
33_3 -7.4 3.829 5.933
33_4 -7.3 1.771 4.819
33_5 -7.3 4.238 6.648
33_6 -7.0 3.941 5.959
33_7 -7.0 3.603 6.279
33_8 -6.8 1.568 2.083
33_9 -6.7 3.161 5.705
79_1 -8.0 0.000 0.000
79_2 -8.0 1.821 2.341
79_3 -7.9 2.896 3.716
79_4 -7.8 2.645 4.429
79_5 -7.7 3.825 5.598
79_6 -7.6 3.626 4.964
79_7 -7.4 1.763 4.528
79_8 -7.3 4.318 6.640
79_9 -7.2 3.373 4.740
71_1 -7.9 0.000 0.000
71_2 -7.7 3.624 5.800
71_3 -7.6 4.131 6.696
71_4 -7.5 3.108 5.200
71_5 -7.4 3.110 4.552
71_6 -7.3 3.802 6.842
71_7 -7.1 3.943 6.798
71_8 -7.1 2.974 5.909
71_9 -7.0 2.575 5.281
39_1 -7.8 0.000 0.000
39_2 -7.8 3.868 6.443
39_3 -7.6 4.103 6.956
39_4 -7.6 3.466 5.502
39_5 -7.5 4.013 6.635
39_6 -7.2 1.178 1.795
39_7 -7.2 2.817 5.485
39_8 -7.1 4.039 6.420
39_9 -6.9 2.747 4.126
8_1 -6.9 0.000 0.000
8_2 -6.7 2.543 5.882
8_3 -6.6 1.930 5.137
8_4 -6.5 2.609 5.927
8_5 -6.5 2.898 5.156
8_6 -6.5 2.320 6.018
8_7 -6.5 2.310 5.373
8_8 -6.4 2.106 4.541
8_9 -6.4 2.335 5.385
7_1 -8.1 0.000 0.000
7_2 -8.0 1.763 2.182
7_3 -7.8 1.760 4.846
7_4 -7.5 2.154 5.061
7_5 -7.4 3.478 5.430
7_6 -7.2 3.948 4.821
7_7 -7.1 3.293 5.526
7_8 -7.0 2.397 5.091
7_9 -6.7 4.205 5.159
9_1 -8.3 0.000 0.000
9_2 -7.9 3.859 5.954
9_3 -7.8 1.797 4.933
9_4 -7.5 2.114 4.949
9_5 -7.4 3.565 5.686
9_6 -6.9 3.518 6.182
9_7 -6.9 4.371 5.907
9_8 -6.8 3.847 5.886
9_9 -6.7 1.945 4.937
29_1 -7.0 0.000 0.000
29_2 -6.7 2.206 5.420
29_3 -6.7 2.405 3.435
29_4 -6.5 1.992 5.225
29_5 -6.5 1.864 4.392
29_6 -6.4 2.509 5.940
29_7 -6.4 2.362 5.843
29_8 -6.4 2.089 6.058
29_9 -6.3 2.150 4.925
74_1 -8.8 0.000 0.000
74_2 -8.7 2.147 5.269
74_3 -8.1 2.028 5.545
74_4 -8.0 3.744 6.288
74_5 -8.0 2.469 5.050
74_6 -7.9 3.723 7.096
74_7 -7.9 4.174 7.288
74_8 -7.7 1.929 4.833
74_9 -7.7 3.989 7.137
62_1 -7.7 0.000 0.000
62_2 -7.0 3.697 5.003
62_3 -7.0 3.128 5.225
62_4 -6.9 4.164 7.043
62_5 -6.8 2.948 5.273
62_6 -6.8 1.047 1.918
62_7 -6.7 4.007 6.864
62_8 -6.5 2.520 5.313
62_9 -6.5 4.203 6.634
78_1 -8.6 0.000 0.000
78_2 -8.5 2.165 5.249
78_3 -8.3 2.045 5.343
78_4 -7.9 3.702 6.347
78_5 -7.7 3.796 6.855
78_6 -7.7 1.927 4.376
78_7 -7.7 2.518 4.724
78_8 -7.6 2.415 5.152
78_9 -7.5 2.407 5.260
60_1 -8.0 0.000 0.000
60_2 -7.8 3.213 4.423
60_3 -7.6 3.420 5.202
60_4 -7.5 4.455 6.784
60_5 -7.4 3.498 5.019
60_6 -7.4 4.421 6.735
60_7 -7.2 2.145 4.839
60_8 -7.2 3.721 6.021
60_9 -7.2 4.015 6.644
64_1 -8.7 0.000 0.000
64_2 -8.7 2.181 5.264
64_3 -8.2 2.023 2.772
64_4 -8.2 2.021 5.346
64_5 -8.0 3.711 6.257
64_6 -7.9 2.609 5.725
64_7 -7.9 3.724 7.087
64_8 -7.8 2.509 5.107
64_9 -7.8 1.920 4.384
31_1 -7.3 0.000 0.000
31_2 -7.0 3.113 5.471
31_3 -6.7 1.694 2.143
31_4 -6.6 3.308 6.194
31_5 -6.6 2.935 3.891
31_6 -6.5 3.115 5.899
31_7 -6.5 1.328 1.683
31_8 -6.4 3.933 6.524
31_9 -6.3 2.435 3.855
59_1 -8.6 0.000 0.000
59_2 -7.8 2.644 5.302
59_3 -7.8 2.609 5.406
59_4 -7.4 2.631 5.496
59_5 -7.3 4.138 6.512
59_6 -7.0 4.276 5.710
59_7 -7.0 4.007 6.000
59_8 -6.8 3.874 5.963
59_9 -6.4 4.169 6.043
18_1 -7.1 0.000 0.000
18_2 -6.7 2.212 5.416
18_3 -6.6 2.386 3.392
18_4 -6.6 2.442 5.951
18_5 -6.6 1.479 2.038
18_6 -6.6 1.855 4.451
18_7 -6.6 2.397 5.818
18_8 -6.5 1.972 5.139
18_9 -6.4 2.209 5.402
61_1 -7.6 0.000 0.000
61_2 -7.4 3.570 5.668
61_3 -7.3 4.067 7.358
61_4 -7.2 4.249 6.595
61_5 -7.1 4.296 6.643
61_6 -7.0 4.093 7.255
61_7 -6.9 4.009 6.388
61_8 -6.7 3.783 6.274
61_9 -6.6 2.614 3.852
22_1 -8.3 0.000 0.000
22_2 -7.7 1.894 4.845
22_3 -7.5 1.818 2.251
22_4 -7.4 1.893 4.842
22_5 -7.4 3.555 5.700
22_6 -6.7 2.042 5.049
22_7 -6.7 4.412 5.985
22_8 -6.7 4.005 6.614
22_9 -6.6 1.725 2.293
69_1 -8.9 0.000 0.000
69_2 -8.8 1.346 1.735
69_3 -8.7 2.312 5.382
69_4 -8.5 1.803 5.530
69_5 -8.3 2.651 5.720
69_6 -8.2 2.279 3.611
69_7 -8.0 2.573 3.955
69_8 -8.0 3.352 6.339
69_9 -7.9 3.825 7.677
6_1 -7.8 0.000 0.000
6_2 -7.5 2.234 5.019
6_3 -7.4 1.841 4.979
6_4 -7.4 2.773 5.624
6_5 -7.2 2.394 2.993
6_6 -7.1 1.427 2.058
6_7 -7.0 2.246 5.024
6_8 -6.9 3.395 5.664
6_9 -6.7 2.547 6.827
30_1 -8.4 0.000 0.000
30_2 -7.8 1.805 4.906
30_3 -7.8 3.819 5.920
30_4 -7.4 2.092 4.916
30_5 -7.3 3.566 5.691
30_6 -7.0 4.227 6.610
30_7 -7.0 1.788 2.445
30_8 -6.9 3.736 5.792
30_9 -6.6 3.827 6.403
32_1 -8.4 0.000 0.000
32_2 -7.6 3.820 6.015
32_3 -7.4 3.653 5.676
32_4 -7.3 1.930 4.883
32_5 -6.9 1.271 1.881
32_6 -6.8 4.396 5.896
32_7 -6.7 3.819 5.876
32_8 -6.7 2.255 5.004
32_9 -6.6 2.083 4.789
66_1 -7.6 0.000 0.000
66_2 -7.5 3.679 5.944
66_3 -7.3 2.888 4.129
66_4 -7.2 3.503 6.477
66_5 -7.1 2.144 5.080
66_6 -7.0 3.757 6.137
66_7 -7.0 3.618 6.529
66_8 -6.8 2.481 3.554
66_9 -6.8 2.654 5.055
44_1 -7.7 0.000 0.000
44_2 -7.5 3.650 5.743
44_3 -7.4 0.962 1.565
44_4 -7.4 4.024 7.183
44_5 -7.4 4.128 6.607
44_6 -7.4 3.248 4.585
44_7 -7.2 4.009 6.702
44_8 -7.0 3.819 6.853
44_9 -7.0 2.792 5.307
38_1 -7.4 0.000 0.000
38_2 -7.4 3.641 5.794
38_3 -7.2 4.050 7.374
38_4 -7.1 4.202 6.480
38_5 -7.1 4.289 6.790
38_6 -7.0 4.145 7.248
38_7 -7.0 3.940 6.314
38_8 -7.0 4.221 7.120
38_9 -6.8 4.041 6.407
25_1 -8.2 0.000 0.000
25_2 -7.6 1.729 4.817
25_3 -7.5 2.091 5.032
25_4 -7.4 3.460 5.438
25_5 -7.2 3.120 5.726
25_6 -7.1 4.146 5.881
25_7 -7.1 3.399 5.617
25_8 -7.0 2.497 5.127
25_9 -7.0 4.037 6.059
67_1 -7.9 0.000 0.000
67_2 -7.8 4.220 7.013
67_3 -7.7 4.295 7.199
67_4 -7.6 3.726 5.933
67_5 -7.5 4.253 6.663
67_6 -7.4 3.853 6.070
67_7 -7.3 4.098 7.124
67_8 -7.0 4.006 6.586
67_9 -7.0 4.233 6.491
12_1 -7.7 0.000 0.000
12_2 -7.5 2.007 4.746
12_3 -7.5 2.614 3.556
12_4 -7.3 2.884 3.682
12_5 -7.1 3.608 5.820
12_6 -7.0 4.342 6.676
12_7 -6.9 3.494 4.953
12_8 -6.8 2.591 4.243
12_9 -6.7 4.057 6.420
1_1 -8.4 0.000 0.000
1_2 -7.8 3.829 5.939
1_3 -7.8 1.808 4.947
1_4 -7.4 1.880 4.874
1_5 -7.3 2.276 5.021
1_6 -6.9 3.831 5.962
1_7 -6.8 1.990 4.649
1_8 -6.6 3.612 6.290
1_9 -6.6 3.946 5.417
13_1 -7.0 0.000 0.000
13_2 -6.6 2.218 5.397
13_3 -6.6 1.949 4.583
13_4 -6.6 2.511 5.967
13_5 -6.5 2.474 5.988
13_6 -6.3 2.080 4.904
13_7 -6.3 2.105 6.132
13_8 -6.3 2.224 5.194
13_9 -6.3 2.531 5.554
58_1 -8.8 0.000 0.000
58_2 -8.6 2.244 5.680
58_3 -8.6 1.515 2.056
58_4 -8.4 1.715 2.344
58_5 -8.2 3.524 6.376
58_6 -7.9 2.315 5.311
58_7 -7.8 4.101 7.182
58_8 -7.7 3.638 6.250
58_9 -7.6 2.264 5.321
35_1 -7.1 0.000 0.000
35_2 -6.8 1.951 4.630
35_3 -6.6 2.458 5.911
35_4 -6.6 2.445 5.956
35_5 -6.5 1.975 5.140
35_6 -6.5 2.083 5.366
35_7 -6.5 1.880 5.279
35_8 -6.5 2.387 3.309
35_9 -6.3 2.227 5.107
73_1 -8.0 0.000 0.000
73_2 -7.9 1.719 2.183
73_3 -7.8 2.567 5.261
73_4 -7.3 2.413 5.131
73_5 -6.9 4.118 7.026
73_6 -6.8 2.973 5.509
73_7 -6.8 3.873 6.724
73_8 -6.5 2.661 5.508
73_9 -6.1 2.304 3.112
15_1 -7.8 0.000 0.000
15_2 -7.7 1.590 1.782
15_3 -7.6 1.125 1.535
15_4 -7.5 2.776 5.564
15_5 -7.4 2.347 5.053
15_6 -7.3 1.854 4.962
15_7 -7.1 2.123 5.094
15_8 -6.8 2.772 6.600
15_9 -6.7 2.948 6.728
47_1 -8.6 0.000 0.000
47_2 -8.6 0.113 1.057
47_3 -7.8 2.657 5.299
47_4 -7.8 3.697 5.782
47_5 -7.3 2.611 5.548
47_6 -7.1 1.336 1.892
47_7 -7.0 3.981 5.977
47_8 -6.9 4.167 5.684
47_9 -6.9 3.025 5.806
80_1 -7.9 0.000 0.000
80_2 -7.8 2.959 4.045
80_3 -7.6 4.397 6.729
80_4 -7.5 3.398 5.129
80_5 -7.4 3.463 5.017
80_6 -7.3 3.683 6.020
80_7 -7.1 1.983 3.001
80_8 -7.0 3.700 5.629
80_9 -7.0 3.608 6.510
63_1 -7.7 0.000 0.000
63_2 -7.5 4.078 6.767
63_3 -7.4 4.113 6.485
63_4 -7.3 2.564 5.407
63_5 -7.3 3.499 5.588
63_6 -7.2 4.221 6.608
63_7 -7.1 2.628 5.460
63_8 -6.8 4.104 6.815
63_9 -6.6 1.155 1.997
68_1 -8.8 0.000 0.000
68_2 -8.6 0.796 1.697
68_3 -8.6 2.618 5.031
68_4 -8.2 2.301 4.869
68_5 -7.8 1.807 2.642
68_6 -7.6 3.989 6.848
68_7 -7.4 3.501 5.742
68_8 -7.3 4.130 7.008
68_9 -7.2 4.131 6.813
28_1 -8.3 0.000 0.000
28_2 -7.9 3.828 5.937
28_3 -7.7 1.898 4.876
28_4 -7.4 1.893 4.851
28_5 -7.3 2.442 5.173
28_6 -7.0 1.810 2.218
28_7 -6.9 3.738 5.833
28_8 -6.9 4.199 6.994
28_9 -6.8 2.086 5.004
