82_1 -8.0 0.000 0.000
82_2 -7.4 1.406 2.055
82_3 -7.4 3.365 4.718
82_4 -7.3 3.088 5.622
82_5 -7.2 3.835 5.757
82_6 -7.2 4.036 7.058
82_7 -7.1 2.290 4.824
82_8 -7.0 4.066 6.246
82_9 -6.9 4.380 6.757
50_1 -8.1 0.000 0.000
50_2 -7.6 3.957 5.933
50_3 -7.5 2.209 4.994
50_4 -7.4 2.093 2.837
50_5 -7.1 2.441 4.930
50_6 -7.0 2.155 4.910
50_7 -6.7 2.360 5.050
50_8 -6.6 3.807 5.919
50_9 -6.6 2.265 4.497
3_1 -7.7 0.000 0.000
3_2 -7.5 3.091 5.488
3_3 -7.4 3.320 4.860
3_4 -7.3 1.085 1.805
3_5 -6.9 4.016 7.017
3_6 -6.9 3.880 6.182
3_7 -6.8 2.371 4.686
3_8 -6.6 3.845 6.429
3_9 -6.6 3.319 4.385
37_1 -8.0 0.000 0.000
37_2 -7.4 3.414 4.871
37_3 -7.3 3.111 5.640
37_4 -7.3 1.444 2.229
37_5 -7.0 2.342 4.759
37_6 -7.0 4.261 6.590
37_7 -6.9 4.044 6.288
37_8 -6.9 3.850 5.813
37_9 -6.8 4.579 7.203
2_1 -8.1 0.000 0.000
2_2 -7.7 3.991 5.930
2_3 -7.5 2.232 5.049
2_4 -7.1 2.118 4.843
2_5 -7.0 4.119 6.340
2_6 -7.0 3.290 5.919
2_7 -6.9 2.236 4.390
2_8 -6.8 2.360 5.046
2_9 -6.6 3.872 6.010
45_1 -7.5 0.000 0.000
45_2 -6.9 4.076 6.914
45_3 -6.8 3.505 5.969
45_4 -6.7 4.042 6.473
45_5 -6.7 2.867 4.886
45_6 -6.6 4.349 6.792
45_7 -6.4 3.676 4.856
45_8 -6.4 3.886 6.002
45_9 -6.4 3.672 5.868
17_1 -7.1 0.000 0.000
17_2 -6.7 2.563 5.243
17_3 -6.6 2.449 3.512
17_4 -6.6 2.723 6.064
17_5 -6.4 1.886 2.905
17_6 -6.4 2.476 5.089
17_7 -6.3 2.305 5.252
17_8 -6.3 3.190 5.688
17_9 -6.2 2.944 5.931
4_1 -7.1 0.000 0.000
4_2 -6.8 2.136 4.724
4_3 -6.4 2.076 3.120
4_4 -6.4 1.987 3.660
4_5 -6.3 2.058 5.116
4_6 -6.3 2.676 4.639
4_7 -6.2 2.070 4.241
4_8 -6.2 2.542 5.883
4_9 -6.1 2.214 3.138
14_1 -7.1 0.000 0.000
14_2 -7.0 3.276 5.676
14_3 -6.6 3.110 3.709
14_4 -6.5 3.047 5.454
14_5 -6.4 2.488 3.255
14_6 -6.4 3.232 5.851
14_7 -6.4 3.123 5.862
14_8 -6.2 2.768 4.638
14_9 -6.1 2.540 3.684
46_1 -8.5 0.000 0.000
46_2 -8.3 2.893 5.179
46_3 -7.9 2.784 4.830
46_4 -7.5 3.076 5.359
46_5 -7.5 1.267 2.044
46_6 -7.4 2.823 5.602
46_7 -7.4 1.289 1.888
46_8 -7.3 2.284 4.790
46_9 -7.0 1.847 4.798
26_1 -7.1 0.000 0.000
26_2 -7.0 3.261 5.679
26_3 -6.4 2.610 5.050
26_4 -6.4 3.211 6.185
26_5 -6.4 1.804 2.124
26_6 -6.3 3.067 5.909
26_7 -6.3 3.082 5.637
26_8 -6.3 3.238 5.781
26_9 -6.2 3.847 6.538
53_1 -9.0 0.000 0.000
53_2 -8.6 1.058 1.683
53_3 -8.5 1.272 2.062
53_4 -8.4 2.354 5.553
53_5 -8.4 1.726 2.301
53_6 -8.3 2.274 5.230
53_7 -8.1 3.316 5.965
53_8 -7.9 2.500 4.997
53_9 -7.7 3.715 6.908
19_1 -6.9 0.000 0.000
19_2 -6.9 3.417 5.727
19_3 -6.5 1.294 1.836
19_4 -6.4 2.015 4.574
19_5 -6.3 2.697 5.140
19_6 -6.3 3.538 6.392
19_7 -6.2 2.993 3.913
19_8 -6.0 3.129 5.775
19_9 -5.8 3.507 6.268
72_1 -7.9 0.000 0.000
72_2 -7.7 2.638 5.012
72_3 -7.6 1.120 1.411
72_4 -7.4 2.996 5.328
72_5 -7.2 2.599 5.383
72_6 -7.1 4.105 6.465
72_7 -6.9 4.344 6.749
72_8 -6.8 3.516 5.785
72_9 -6.5 1.738 4.715
20_1 -8.1 0.000 0.000
20_2 -7.6 3.558 5.448
20_3 -7.3 1.705 4.854
20_4 -7.3 2.105 2.980
20_5 -7.3 4.041 4.945
20_6 -7.2 2.113 5.108
20_7 -7.0 3.708 6.074
20_8 -7.0 1.903 2.337
20_9 -6.9 3.669 6.497
10_1 -8.2 0.000 0.000
10_2 -7.7 3.918 5.924
10_3 -7.5 2.198 5.056
10_4 -7.4 1.843 5.003
10_5 -7.0 2.109 4.962
10_6 -6.8 3.492 6.090
10_7 -6.5 4.192 6.632
10_8 -6.3 3.845 6.031
10_9 -6.3 4.185 6.716
70_1 -7.8 0.000 0.000
70_2 -7.8 1.531 1.920
70_3 -7.8 3.425 4.629
70_4 -7.6 1.997 3.993
70_5 -7.5 3.464 4.986
70_6 -7.5 4.043 6.092
70_7 -7.4 3.513 5.344
70_8 -7.4 3.966 5.835
70_9 -7.4 2.992 5.922
43_1 -7.9 0.000 0.000
43_2 -7.2 3.213 5.676
43_3 -7.1 4.211 6.594
43_4 -6.9 1.064 1.714
43_5 -6.8 3.875 6.148
43_6 -6.7 3.715 6.717
43_7 -6.7 3.098 4.252
43_8 -6.7 4.009 7.029
43_9 -6.6 2.673 4.802
21_1 -7.2 0.000 0.000
21_2 -6.7 2.567 5.285
21_3 -6.5 2.603 5.339
21_4 -6.3 3.027 5.605
21_5 -6.2 2.832 5.970
21_6 -6.2 2.549 5.244
21_7 -6.1 2.357 3.531
21_8 -6.1 2.730 4.800
21_9 -6.1 2.898 6.164
34_1 -7.9 0.000 0.000
34_2 -7.8 3.019 5.463
34_3 -7.5 2.710 5.012
34_4 -7.3 1.832 4.230
34_5 -7.3 4.166 6.583
34_6 -7.1 3.021 5.435
34_7 -6.8 4.349 6.857
34_8 -6.7 2.815 5.386
34_9 -6.7 3.448 4.657
42_1 -7.6 0.000 0.000
42_2 -7.5 3.361 4.835
42_3 -7.4 3.178 5.542
42_4 -7.3 3.863 5.814
42_5 -7.3 1.263 1.814
42_6 -7.1 3.854 6.887
42_7 -7.0 2.290 4.785
42_8 -6.9 4.184 6.518
42_9 -6.8 3.601 5.903
41_1 -8.5 0.000 0.000
41_2 -7.6 2.538 5.033
41_3 -7.4 1.426 1.771
41_4 -7.2 1.929 4.744
41_5 -6.9 1.596 2.309
41_6 -6.8 4.153 6.830
41_7 -6.7 2.640 5.309
41_8 -6.7 3.667 6.009
41_9 -6.3 4.346 7.241
16_1 -8.1 0.000 0.000
16_2 -7.7 3.542 5.429
16_3 -7.3 1.840 4.851
16_4 -7.3 4.057 4.979
16_5 -7.2 1.524 2.174
16_6 -7.2 2.254 3.147
16_7 -7.2 2.065 5.027
16_8 -7.1 1.919 4.821
16_9 -7.1 3.704 6.083
55_1 -7.6 0.000 0.000
55_2 -7.2 3.969 7.027
55_3 -7.1 3.703 6.619
55_4 -7.0 2.828 4.929
55_5 -6.9 3.169 4.684
55_6 -6.8 4.222 6.491
55_7 -6.8 3.676 5.719
55_8 -6.7 2.921 4.018
55_9 -6.6 2.651 5.082
5_1 -7.0 0.000 0.000
5_2 -7.0 3.245 5.661
5_3 -6.6 3.057 3.625
5_4 -6.4 3.206 6.242
5_5 -6.4 2.620 5.044
5_6 -6.3 1.701 2.205
5_7 -6.1 2.548 3.487
5_8 -6.0 2.985 5.156
5_9 -6.0 3.669 6.010
48_1 -8.3 0.000 0.000
48_2 -8.3 2.899 5.333
48_3 -7.7 2.874 5.556
48_4 -7.3 2.200 5.094
48_5 -7.3 2.387 4.810
48_6 -6.8 1.727 5.025
48_7 -6.7 1.455 2.000
48_8 -6.6 3.724 6.019
48_9 -6.6 4.263 7.417
76_1 -7.8 0.000 0.000
76_2 -7.3 4.032 7.133
76_3 -7.3 3.779 6.774
76_4 -7.2 3.344 6.015
76_5 -7.0 3.243 4.653
76_6 -7.0 3.926 6.214
76_7 -6.9 4.266 6.528
76_8 -6.9 2.956 3.986
76_9 -6.8 3.816 5.903
11_1 -8.1 0.000 0.000
11_2 -7.5 2.242 4.993
11_3 -7.1 1.787 2.279
11_4 -6.9 3.493 6.113
11_5 -6.9 2.264 5.402
11_6 -6.7 3.834 5.088
11_7 -6.7 4.012 5.865
11_8 -6.6 2.031 4.856
11_9 -6.4 3.684 6.117
40_1 -8.5 0.000 0.000
40_2 -7.9 2.586 5.448
40_3 -7.8 2.651 5.328
40_4 -7.1 1.202 1.930
40_5 -7.1 3.999 6.239
40_6 -7.0 3.397 6.023
40_7 -6.9 1.985 2.686
40_8 -6.8 3.949 6.313
40_9 -6.6 2.712 5.656
36_1 -8.2 0.000 0.000
36_2 -7.7 3.907 5.929
36_3 -7.4 2.199 5.116
36_4 -7.3 1.043 1.594
36_5 -7.2 1.868 4.797
36_6 -6.8 3.270 5.937
36_7 -6.6 3.672 5.742
36_8 -6.6 1.874 2.491
36_9 -6.4 3.889 5.268
49_1 -8.2 0.000 0.000
49_2 -7.7 3.905 5.942
49_3 -7.4 2.269 5.225
49_4 -7.1 1.700 2.270
49_5 -7.0 2.113 5.052
49_6 -6.7 1.842 2.495
49_7 -6.6 3.680 5.748
49_8 -6.4 3.997 5.709
49_9 -6.1 2.001 4.888
56_1 -8.5 0.000 0.000
56_2 -8.4 2.949 5.205
56_3 -8.1 1.548 1.784
56_4 -8.1 2.649 5.180
56_5 -7.7 3.161 5.563
56_6 -7.4 1.540 2.308
56_7 -7.3 1.657 2.133
56_8 -6.9 4.237 6.969
56_9 -6.9 3.531 5.915
65_1 -7.9 0.000 0.000
65_2 -7.9 3.599 4.874
65_3 -7.6 2.265 3.092
65_4 -7.6 1.933 4.020
65_5 -7.6 3.566 5.133
65_6 -7.5 1.951 4.682
65_7 -7.5 1.600 2.201
65_8 -7.5 3.094 5.966
65_9 -7.4 3.525 5.344
52_1 -8.0 0.000 0.000
52_2 -7.8 0.383 1.384
52_3 -7.4 3.326 4.759
52_4 -7.3 3.080 5.612
52_5 -7.3 1.427 2.244
52_6 -7.2 2.290 4.782
52_7 -7.2 3.837 5.770
52_8 -7.1 1.403 2.060
52_9 -7.0 4.384 6.804
81_1 -9.0 0.000 0.000
81_2 -8.6 1.333 2.124
81_3 -8.6 2.405 5.614
81_4 -8.5 1.063 1.696
81_5 -8.5 2.259 5.143
81_6 -8.5 3.348 6.009
81_7 -8.3 1.615 2.180
81_8 -8.0 3.469 6.186
81_9 -8.0 3.747 7.005
75_1 -7.8 0.000 0.000
75_2 -7.6 4.049 5.840
75_3 -7.6 1.954 4.083
75_4 -7.4 3.634 5.502
75_5 -7.3 1.677 2.154
75_6 -7.2 1.963 4.639
75_7 -7.1 3.549 5.325
75_8 -7.0 1.673 2.305
75_9 -7.0 3.821 5.869
27_1 -7.0 0.000 0.000
27_2 -6.8 2.152 4.760
27_3 -6.4 1.963 3.537
27_4 -6.4 2.021 2.979
27_5 -6.4 2.341 5.719
27_6 -6.3 2.733 4.784
27_7 -6.3 2.127 5.240
27_8 -6.2 2.167 4.743
27_9 -6.2 2.698 5.618
24_1 -7.0 0.000 0.000
24_2 -7.0 3.271 5.675
24_3 -6.7 3.025 5.556
24_4 -6.5 3.149 5.081
24_5 -6.4 3.226 6.186
24_6 -6.4 2.636 5.078
24_7 -6.3 3.372 6.459
24_8 -6.3 4.125 6.764
24_9 -6.0 3.678 6.680
54_1 -7.8 0.000 0.000
54_2 -7.8 1.531 1.910
54_3 -7.8 3.517 4.807
54_4 -7.6 1.975 3.988
54_5 -7.6 4.046 5.981
54_6 -7.3 3.045 5.919
54_7 -7.3 4.009 5.724
54_8 -7.1 3.742 5.762
54_9 -7.0 3.537 5.203
57_1 -7.7 0.000 0.000
57_2 -7.7 4.349 7.311
57_3 -7.5 3.374 5.995
57_4 -7.5 3.419 4.933
57_5 -7.2 4.373 6.993
57_6 -7.1 4.355 6.950
57_7 -7.1 2.821 4.066
57_8 -7.0 1.522 2.086
57_9 -7.0 3.845 5.912
23_1 -7.0 0.000 0.000
23_2 -6.8 2.155 4.731
23_3 -6.6 2.592 6.028
23_4 -6.3 1.667 2.346
23_5 -6.3 2.082 5.150
23_6 -6.3 2.052 5.392
23_7 -6.2 2.304 3.348
23_8 -6.2 2.094 4.279
23_9 -6.2 2.362 3.929
77_1 -8.0 0.000 0.000
77_2 -7.3 3.247 5.656
77_3 -7.2 1.272 1.843
77_4 -7.2 3.337 4.845
77_5 -7.2 3.934 5.936
77_6 -7.0 4.258 6.654
77_7 -7.0 1.420 2.086
77_8 -6.8 2.455 4.851
77_9 -6.7 3.106 4.312
51_1 -8.2 0.000 0.000
51_2 -7.7 3.911 5.908
51_3 -7.4 2.204 5.021
51_4 -7.1 1.909 4.749
51_5 -6.7 2.191 3.115
51_6 -6.6 2.160 4.463
51_7 -6.5 3.603 5.200
51_8 -6.5 3.935 5.269
51_9 -6.2 3.817 6.075
33_1 -8.1 0.000 0.000
33_2 -7.7 3.970 5.912
33_3 -7.5 2.248 5.024
33_4 -7.0 2.097 4.991
33_5 -6.9 2.222 4.772
33_6 -6.8 4.234 6.687
33_7 -6.7 4.851 7.434
33_8 -6.6 4.051 6.437
33_9 -6.4 3.772 6.205
79_1 -7.9 0.000 0.000
79_2 -7.8 1.513 1.785
79_3 -7.8 3.051 3.918
79_4 -7.7 2.601 4.310
79_5 -7.5 3.964 5.473
79_6 -7.5 3.202 4.203
79_7 -7.4 1.698 4.462
79_8 -7.4 1.977 4.584
79_9 -7.2 3.548 4.932
71_1 -7.7 0.000 0.000
71_2 -7.1 3.982 7.040
71_3 -6.9 4.234 6.643
71_4 -6.8 3.934 7.040
71_5 -6.8 3.739 6.740
71_6 -6.7 3.157 4.635
71_7 -6.5 3.329 5.598
71_8 -6.5 2.953 4.106
71_9 -6.3 3.968 6.397
39_1 -7.7 0.000 0.000
39_2 -7.7 4.386 7.267
39_3 -7.6 4.399 7.083
39_4 -7.5 3.404 4.882
39_5 -7.4 4.204 7.134
39_6 -7.4 3.341 6.115
39_7 -7.3 4.107 6.644
39_8 -7.2 4.580 6.973
39_9 -7.1 3.699 5.988
8_1 -7.2 0.000 0.000
8_2 -6.7 2.553 5.204
8_3 -6.7 2.742 6.066
8_4 -6.4 1.921 3.095
8_5 -6.4 2.512 5.109
8_6 -6.4 2.497 5.425
8_7 -6.3 3.035 5.547
8_8 -6.2 2.661 5.821
8_9 -6.1 2.385 4.781
7_1 -8.1 0.000 0.000
7_2 -7.7 3.576 5.441
7_3 -7.3 4.029 4.933
7_4 -7.3 1.659 4.778
7_5 -7.3 2.143 5.118
7_6 -7.2 1.517 2.167
7_7 -7.2 1.664 2.103
7_8 -7.1 3.714 6.096
7_9 -7.0 3.866 6.215
9_1 -8.2 0.000 0.000
9_2 -7.7 3.913 5.924
9_3 -7.5 2.189 5.089
9_4 -7.2 0.704 1.163
9_5 -7.2 1.906 4.729
9_6 -6.9 1.847 2.497
9_7 -6.7 3.661 5.770
9_8 -6.6 1.666 2.174
9_9 -6.4 3.966 6.429
29_1 -7.0 0.000 0.000
29_2 -6.8 2.152 4.692
29_3 -6.7 2.342 5.804
29_4 -6.4 2.011 2.922
29_5 -6.2 3.330 6.178
29_6 -6.1 2.237 5.394
29_7 -6.1 2.068 2.964
29_8 -6.1 1.939 3.162
29_9 -6.0 2.607 5.523
74_1 -9.1 0.000 0.000
74_2 -8.6 1.309 1.968
74_3 -8.6 2.211 5.166
74_4 -8.6 3.319 5.991
74_5 -8.5 2.361 5.596
74_6 -8.4 1.824 2.532
74_7 -8.4 1.187 2.232
74_8 -8.0 2.452 4.892
74_9 -8.0 3.537 6.221
62_1 -7.6 0.000 0.000
62_2 -6.8 4.032 6.886
62_3 -6.8 3.417 5.978
62_4 -6.7 1.425 2.044
62_5 -6.7 4.435 6.875
62_6 -6.4 3.980 6.408
62_7 -6.3 4.331 6.917
62_8 -6.2 3.950 6.660
62_9 -6.1 2.993 4.428
78_1 -9.0 0.000 0.000
78_2 -8.5 0.980 1.361
78_3 -8.4 2.280 5.507
78_4 -8.4 1.516 1.737
78_5 -8.3 2.248 5.107
78_6 -7.8 3.761 6.783
78_7 -7.8 2.030 2.864
78_8 -7.5 1.860 4.511
78_9 -7.4 2.653 5.389
60_1 -7.4 0.000 0.000
60_2 -7.4 3.238 4.580
60_3 -7.2 0.950 1.474
60_4 -7.1 3.800 5.794
60_5 -7.1 3.018 5.728
60_6 -7.0 3.832 6.814
60_7 -7.0 4.018 6.421
60_8 -7.0 3.631 6.197
60_9 -6.6 2.988 4.109
64_1 -9.1 0.000 0.000
64_2 -8.7 1.237 2.143
64_3 -8.6 1.300 2.134
64_4 -8.6 1.055 1.522
64_5 -8.5 2.369 5.568
64_6 -8.5 3.340 5.999
64_7 -7.8 3.506 6.136
64_8 -7.7 3.779 6.194
64_9 -7.3 2.623 4.722
31_1 -7.0 0.000 0.000
31_2 -7.0 3.265 5.658
31_3 -6.6 1.960 4.525
31_4 -6.5 2.652 4.983
31_5 -6.4 2.479 5.045
31_6 -6.3 2.799 5.165
31_7 -6.2 3.494 6.146
31_8 -6.2 3.531 5.685
31_9 -6.0 2.853 4.096
59_1 -8.5 0.000 0.000
59_2 -7.8 2.691 5.255
59_3 -7.2 3.982 5.915
59_4 -7.1 4.243 6.386
59_5 -6.9 1.932 2.675
59_6 -6.8 3.969 6.273
59_7 -6.5 4.341 6.674
59_8 -6.4 3.982 6.128
59_9 -6.3 2.576 5.466
18_1 -7.0 0.000 0.000
18_2 -6.8 2.142 4.706
18_3 -6.6 2.287 5.724
18_4 -6.4 2.041 3.070
18_5 -6.4 1.984 3.649
18_6 -6.2 2.541 5.881
18_7 -6.1 2.143 4.861
18_8 -6.0 2.259 4.707
18_9 -6.0 2.279 2.984
61_1 -7.6 0.000 0.000
61_2 -7.1 3.952 6.996
61_3 -6.9 2.708 4.822
61_4 -6.9 3.260 5.817
61_5 -6.9 3.650 6.571
61_6 -6.9 2.670 5.105
61_7 -6.9 2.948 3.926
61_8 -6.7 3.534 5.708
61_9 -6.6 3.980 6.646
22_1 -8.2 0.000 0.000
22_2 -7.5 3.929 6.033
22_3 -7.5 2.203 5.134
22_4 -7.0 2.117 4.913
22_5 -7.0 1.700 2.276
22_6 -6.7 3.682 5.754
22_7 -6.5 2.078 4.930
22_8 -6.2 3.857 6.106
22_9 -6.0 4.096 5.514
69_1 -8.9 0.000 0.000
69_2 -8.6 1.341 2.318
69_3 -8.5 0.972 1.591
69_4 -8.5 2.421 5.622
69_5 -8.5 1.767 2.397
69_6 -8.5 2.193 5.078
69_7 -8.3 3.321 6.034
69_8 -7.9 3.732 6.904
69_9 -7.5 2.753 5.555
6_1 -7.5 0.000 0.000
6_2 -7.4 2.952 5.636
6_3 -7.2 1.874 4.961
6_4 -7.0 2.244 4.941
6_5 -6.9 1.719 2.227
6_6 -6.8 2.089 5.009
6_7 -6.5 3.248 6.739
6_8 -6.5 3.384 5.887
6_9 -6.4 3.226 5.498
30_1 -8.2 0.000 0.000
30_2 -7.6 3.949 6.016
30_3 -7.5 2.188 5.074
30_4 -7.1 1.904 4.714
30_5 -7.0 2.092 4.990
30_6 -7.0 1.685 2.265
30_7 -6.5 3.738 5.734
30_8 -6.5 3.582 6.245
30_9 -6.5 2.288 4.959
32_1 -8.2 0.000 0.000
32_2 -7.7 3.912 5.923
32_3 -7.5 2.184 5.092
32_4 -7.2 1.664 2.251
32_5 -7.1 1.877 4.787
32_6 -7.0 2.123 5.047
32_7 -7.0 4.152 6.104
32_8 -6.9 4.188 6.299
32_9 -6.8 1.409 1.882
66_1 -7.8 0.000 0.000
66_2 -7.2 3.998 7.044
66_3 -7.1 3.699 6.603
66_4 -7.1 3.365 5.997
66_5 -7.0 1.029 1.754
66_6 -7.0 2.763 5.216
66_7 -6.8 2.977 4.039
66_8 -6.8 4.232 6.406
66_9 -6.5 4.087 6.672
44_1 -7.8 0.000 0.000
44_2 -7.1 3.976 7.017
44_3 -6.9 3.052 5.142
44_4 -6.7 3.680 5.748
44_5 -6.7 2.555 5.165
44_6 -6.6 2.924 4.048
44_7 -6.6 1.252 2.035
44_8 -6.6 2.938 4.112
44_9 -6.5 3.139 5.362
38_1 -7.7 0.000 0.000
38_2 -7.2 3.963 7.012
38_3 -7.1 3.653 6.555
38_4 -6.9 3.846 5.947
38_5 -6.9 2.954 3.941
38_6 -6.9 3.345 5.973
38_7 -6.7 3.856 6.069
38_8 -6.5 2.646 4.923
38_9 -6.5 3.058 6.127
25_1 -8.1 0.000 0.000
25_2 -7.6 3.550 5.464
25_3 -7.3 1.980 2.498
25_4 -7.3 1.832 4.804
25_5 -7.1 3.703 6.083
25_6 -7.0 3.587 4.913
25_7 -7.0 3.640 5.922
25_8 -7.0 2.279 5.200
25_9 -7.0 3.959 4.876
67_1 -7.7 0.000 0.000
67_2 -7.5 4.305 7.223
67_3 -7.4 3.360 5.021
67_4 -7.3 2.921 5.458
67_5 -7.2 4.339 6.945
67_6 -7.2 4.067 6.965
67_7 -6.8 4.224 6.963
67_8 -6.8 4.309 6.731
67_9 -6.7 1.530 2.155
12_1 -8.0 0.000 0.000
12_2 -7.8 3.362 4.638
12_3 -7.7 3.279 5.671
12_4 -7.7 2.423 4.736
12_5 -7.6 3.601 5.602
12_6 -7.4 3.888 6.837
12_7 -7.2 4.139 6.358
12_8 -6.9 3.527 6.082
12_9 -6.8 4.356 6.383
1_1 -8.2 0.000 0.000
1_2 -7.7 3.917 5.925
1_3 -7.5 2.191 5.114
1_4 -7.3 1.827 4.898
1_5 -7.2 1.895 4.747
1_6 -6.9 2.101 4.889
1_7 -6.8 3.358 5.980
1_8 -6.4 3.812 5.962
1_9 -6.4 3.903 6.355
13_1 -7.0 0.000 0.000
13_2 -6.8 2.160 4.698
13_3 -6.6 2.581 6.051
13_4 -6.6 2.335 5.761
13_5 -6.4 1.970 3.612
13_6 -6.4 2.027 3.076
13_7 -6.3 2.356 3.672
13_8 -6.2 3.428 6.232
13_9 -6.2 2.259 3.163
58_1 -9.3 0.000 0.000
58_2 -8.8 2.238 5.654
58_3 -8.6 1.949 2.588
58_4 -8.5 1.469 2.092
58_5 -8.3 3.503 6.057
58_6 -8.2 2.051 5.030
58_7 -8.1 3.722 6.387
58_8 -8.1 3.724 7.151
58_9 -8.0 3.635 6.446
35_1 -7.1 0.000 0.000
35_2 -6.9 2.311 5.062
35_3 -6.7 2.398 5.780
35_4 -6.5 1.796 3.258
35_5 -6.5 2.222 3.393
35_6 -6.3 2.258 3.131
35_7 -6.3 2.344 5.267
35_8 -6.2 2.349 5.050
35_9 -6.2 2.265 4.629
73_1 -8.3 0.000 0.000
73_2 -8.3 2.586 4.996
73_3 -8.2 0.137 1.059
73_4 -7.8 2.791 5.208
73_5 -7.6 1.619 2.232
73_6 -6.8 1.509 2.197
73_7 -6.8 1.735 4.565
73_8 -6.7 3.941 5.403
73_9 -6.6 2.078 2.852
15_1 -7.5 0.000 0.000
15_2 -7.4 2.908 5.619
15_3 -7.2 1.867 4.943
15_4 -7.0 2.326 4.965
15_5 -6.5 3.036 6.729
15_6 -6.5 2.245 5.005
15_7 -6.5 2.720 5.818
15_8 -6.3 3.124 6.109
15_9 -6.3 3.767 5.636
47_1 -8.5 0.000 0.000
47_2 -7.7 2.699 5.268
47_3 -7.6 3.394 6.016
47_4 -7.6 2.634 5.518
47_5 -7.2 3.561 6.074
47_6 -7.2 4.222 6.423
47_7 -7.1 3.954 6.346
47_8 -7.0 3.961 5.285
47_9 -7.0 4.024 5.957
80_1 -7.9 0.000 0.000
80_2 -7.5 3.288 4.847
80_3 -7.3 3.988 7.045
80_4 -7.3 3.788 6.116
80_5 -6.8 3.984 6.497
80_6 -6.8 3.770 5.596
80_7 -6.6 4.114 6.756
80_8 -6.6 3.241 5.496
80_9 -6.5 2.617 3.738
63_1 -7.5 0.000 0.000
63_2 -7.5 4.370 7.340
63_3 -7.3 3.592 6.007
63_4 -7.3 3.891 5.354
63_5 -7.1 1.942 2.777
63_6 -7.0 3.912 6.406
63_7 -7.0 3.942 6.353
63_8 -6.8 3.764 5.497
63_9 -6.8 1.861 2.554
68_1 -8.4 0.000 0.000
68_2 -8.3 2.529 4.747
68_3 -8.0 2.639 5.588
68_4 -7.8 1.478 2.196
68_5 -7.6 1.093 1.777
68_6 -7.4 1.632 2.333
68_7 -7.3 1.803 4.497
68_8 -7.2 1.407 2.072
68_9 -7.0 2.197 4.960
28_1 -8.2 0.000 0.000
28_2 -7.8 3.906 5.923
28_3 -7.2 1.015 1.595
28_4 -7.1 1.865 4.746
28_5 -6.9 4.106 6.035
28_6 -6.9 4.168 6.310
28_7 -6.8 3.566 6.153
28_8 -6.6 3.748 5.732
28_9 -6.5 4.352 7.026
