82_1 -8.1 0.000 0.000
82_2 -7.8 2.325 5.210
82_3 -7.8 1.410 2.380
82_4 -7.7 3.946 5.939
82_5 -7.6 4.151 6.634
82_6 -7.5 3.284 6.083
82_7 -7.2 3.929 6.867
82_8 -7.2 2.489 5.627
82_9 -7.1 2.672 5.407
50_1 -8.4 0.000 0.000
50_2 -7.8 1.980 5.118
50_3 -7.6 1.635 2.194
50_4 -7.3 2.015 4.867
50_5 -7.3 1.821 4.809
50_6 -6.9 1.721 2.363
50_7 -6.7 4.093 5.969
50_8 -6.7 1.946 5.059
50_9 -6.2 3.968 5.942
3_1 -7.7 0.000 0.000
3_2 -7.6 1.928 4.677
3_3 -7.5 1.877 4.607
3_4 -7.4 2.899 3.937
3_5 -7.0 3.657 5.471
3_6 -7.0 2.805 3.767
3_7 -7.0 3.695 6.025
3_8 -7.0 2.364 4.025
3_9 -6.9 1.688 2.190
37_1 -7.9 0.000 0.000
37_2 -7.7 2.027 4.964
37_3 -7.6 3.651 5.606
37_4 -7.5 4.056 6.515
37_5 -7.3 3.850 6.690
37_6 -7.3 4.195 6.596
37_7 -7.2 4.011 6.494
37_8 -7.2 3.686 6.659
37_9 -7.2 3.557 6.559
2_1 -8.5 0.000 0.000
2_2 -7.8 3.973 5.964
2_3 -7.7 1.450 1.826
2_4 -7.7 1.952 5.101
2_5 -7.3 1.331 1.660
2_6 -7.2 2.217 4.987
2_7 -7.1 1.938 4.775
2_8 -6.9 2.226 4.869
2_9 -6.9 3.616 5.772
45_1 -7.6 0.000 0.000
45_2 -7.5 0.463 1.177
45_3 -7.0 3.069 5.212
45_4 -6.9 3.599 5.754
45_5 -6.9 3.671 6.171
45_6 -6.9 4.229 6.574
45_7 -6.8 4.087 6.889
45_8 -6.7 2.656 5.450
45_9 -6.6 4.142 6.707
17_1 -6.9 0.000 0.000
17_2 -6.7 2.398 5.404
17_3 -6.6 2.531 5.778
17_4 -6.5 2.297 6.026
17_5 -6.5 2.102 5.268
17_6 -6.5 1.891 5.225
17_7 -6.4 2.151 4.537
17_8 -6.4 2.796 5.936
17_9 -6.1 2.057 4.371
4_1 -7.1 0.000 0.000
4_2 -6.7 2.236 5.165
4_3 -6.5 2.139 5.404
4_4 -6.5 1.897 4.597
4_5 -6.5 1.936 5.118
4_6 -6.5 1.826 5.220
4_7 -6.5 2.411 5.978
4_8 -6.4 2.089 6.104
4_9 -6.4 2.136 4.724
14_1 -7.3 0.000 0.000
14_2 -7.3 3.141 5.463
14_3 -6.6 2.948 3.940
14_4 -6.6 3.160 5.912
14_5 -6.6 3.172 5.931
14_6 -6.5 2.717 5.195
14_7 -6.5 3.009 5.382
14_8 -6.4 2.987 5.186
14_9 -6.2 1.936 2.202
46_1 -8.7 0.000 0.000
46_2 -8.6 0.538 1.027
46_3 -7.8 2.779 5.540
46_4 -7.8 1.436 1.884
46_5 -7.3 4.235 7.128
46_6 -7.0 3.509 5.837
46_7 -6.8 4.037 6.731
46_8 -6.5 4.636 6.913
46_9 -6.4 3.919 7.022
26_1 -7.3 0.000 0.000
26_2 -7.2 3.130 5.469
26_3 -6.8 3.325 6.385
26_4 -6.6 2.857 3.645
26_5 -6.6 3.092 5.881
26_6 -6.4 1.108 1.698
26_7 -6.3 3.209 5.421
26_8 -6.3 3.964 6.551
26_9 -6.3 3.065 5.228
53_1 -9.3 0.000 0.000
53_2 -8.9 1.068 1.558
53_3 -8.7 1.358 1.932
53_4 -8.4 2.270 5.289
53_5 -8.2 3.678 7.048
53_6 -8.1 1.625 2.198
53_7 -7.5 1.572 2.277
53_8 -7.0 3.606 6.524
53_9 -6.8 2.566 3.310
19_1 -7.3 0.000 0.000
19_2 -7.2 3.126 5.461
19_3 -7.0 3.185 5.233
19_4 -6.6 3.134 5.622
19_5 -6.5 3.016 6.004
19_6 -6.5 2.452 5.017
19_7 -6.4 2.294 4.784
19_8 -6.3 1.796 2.315
19_9 -6.3 3.717 6.459
72_1 -8.1 0.000 0.000
72_2 -7.7 2.670 5.354
72_3 -7.3 4.115 6.634
72_4 -7.0 4.293 6.959
72_5 -6.8 3.706 5.974
72_6 -6.5 4.361 7.542
72_7 -6.3 1.844 2.454
72_8 -6.1 3.982 6.907
72_9 -6.1 3.840 6.371
20_1 -8.2 0.000 0.000
20_2 -8.0 1.622 2.158
20_3 -7.8 1.694 4.867
20_4 -7.6 2.023 5.097
20_5 -7.3 3.550 5.495
20_6 -7.1 3.824 6.232
20_7 -7.1 3.701 6.195
20_8 -7.0 1.989 4.857
20_9 -7.0 2.186 5.031
10_1 -8.4 0.000 0.000
10_2 -7.7 3.846 5.911
10_3 -7.7 1.888 5.060
10_4 -7.3 1.896 4.815
10_5 -7.0 3.625 6.197
10_6 -6.4 3.616 5.305
10_7 -6.3 3.549 5.688
10_8 -6.2 2.841 3.878
10_9 -6.1 4.433 6.633
70_1 -8.4 0.000 0.000
70_2 -8.1 3.450 4.825
70_3 -8.0 2.159 3.004
70_4 -7.9 1.962 4.072
70_5 -7.7 3.916 5.749
70_6 -7.6 3.655 5.132
70_7 -7.5 4.197 6.226
70_8 -7.4 2.048 3.785
70_9 -7.3 1.935 4.562
43_1 -7.8 0.000 0.000
43_2 -7.8 3.513 4.918
43_3 -7.7 3.209 4.693
43_4 -7.5 3.010 4.271
43_5 -7.4 1.963 4.640
43_6 -7.4 2.318 4.860
43_7 -7.2 3.718 6.179
43_8 -7.2 1.932 3.190
43_9 -7.2 4.178 6.510
21_1 -6.9 0.000 0.000
21_2 -6.7 2.392 5.393
21_3 -6.7 2.251 4.800
21_4 -6.6 2.479 5.711
21_5 -6.6 2.303 6.024
21_6 -6.5 1.228 1.428
21_7 -6.4 2.126 4.486
21_8 -6.2 2.705 5.942
21_9 -6.2 2.175 4.349
34_1 -8.1 0.000 0.000
34_2 -7.8 3.060 5.291
34_3 -7.1 2.881 4.705
34_4 -7.0 3.089 5.680
34_5 -6.9 1.752 2.385
34_6 -6.7 2.151 3.031
34_7 -6.5 3.659 6.075
34_8 -6.5 4.306 6.793
34_9 -6.3 2.766 3.768
42_1 -7.7 0.000 0.000
42_2 -7.5 3.063 4.252
42_3 -7.4 2.226 4.950
42_4 -7.2 2.555 3.960
42_5 -7.2 1.757 4.721
42_6 -7.2 3.490 5.657
42_7 -7.1 3.683 6.410
42_8 -7.1 4.257 6.677
42_9 -7.0 3.864 6.391
41_1 -8.6 0.000 0.000
41_2 -8.1 2.731 5.276
41_3 -7.9 2.447 5.340
41_4 -7.4 1.989 4.841
41_5 -7.2 2.190 5.070
41_6 -7.2 4.012 7.607
41_7 -7.1 1.612 2.550
41_8 -7.0 3.560 5.804
41_9 -6.8 3.733 6.339
16_1 -8.1 0.000 0.000
16_2 -8.0 1.667 2.177
16_3 -7.7 1.855 4.810
16_4 -7.6 2.071 5.074
16_5 -7.3 3.621 5.537
16_6 -7.2 3.818 6.216
16_7 -7.2 4.184 5.823
16_8 -7.1 4.013 4.938
16_9 -7.1 2.861 3.838
55_1 -7.8 0.000 0.000
55_2 -7.7 3.662 6.637
55_3 -7.4 4.108 6.645
55_4 -7.3 2.601 5.157
55_5 -7.3 3.715 5.814
55_6 -7.3 3.776 6.814
55_7 -7.2 4.041 7.010
55_8 -7.2 1.228 1.769
55_9 -7.1 3.069 4.475
5_1 -7.3 0.000 0.000
5_2 -7.3 3.152 5.486
5_3 -6.7 1.066 1.469
5_4 -6.6 3.161 5.950
5_5 -6.6 3.140 5.919
5_6 -6.5 2.733 5.208
5_7 -6.5 2.943 4.623
5_8 -6.5 3.047 5.623
5_9 -6.5 1.574 2.122
48_1 -8.6 0.000 0.000
48_2 -8.1 2.809 5.549
48_3 -7.2 2.424 5.365
48_4 -7.0 2.605 4.955
48_5 -6.9 1.740 2.306
48_6 -6.9 4.006 6.902
48_7 -6.8 3.917 6.607
48_8 -6.5 3.645 5.962
48_9 -6.0 3.837 5.143
76_1 -7.9 0.000 0.000
76_2 -7.7 1.067 1.391
76_3 -7.5 4.171 6.850
76_4 -7.4 3.392 6.170
76_5 -7.4 3.961 6.106
76_6 -7.4 4.001 7.056
76_7 -7.0 2.875 6.035
76_8 -6.9 3.934 6.978
76_9 -6.9 2.476 5.730
11_1 -8.5 0.000 0.000
11_2 -7.7 1.946 5.065
11_3 -7.7 1.334 1.579
11_4 -7.6 3.981 5.900
11_5 -7.3 2.005 4.862
11_6 -7.2 1.711 4.842
11_7 -6.8 2.144 4.562
11_8 -6.6 3.718 5.246
11_9 -6.4 3.398 6.004
40_1 -8.8 0.000 0.000
40_2 -8.0 2.570 5.401
40_3 -7.8 3.442 6.100
40_4 -7.3 3.888 6.299
40_5 -7.0 2.452 3.232
40_6 -6.9 4.111 6.568
40_7 -6.4 0.982 1.481
40_8 -6.0 4.190 6.764
36_1 -8.4 0.000 0.000
36_2 -7.7 3.848 5.901
36_3 -7.7 1.868 5.104
36_4 -7.5 1.077 1.496
36_5 -7.4 1.941 4.779
36_6 -7.3 3.603 5.674
36_7 -7.0 3.990 6.482
36_8 -7.0 3.501 6.135
36_9 -6.7 2.088 4.909
49_1 -8.4 0.000 0.000
49_2 -7.8 3.865 5.923
49_3 -7.7 1.858 5.099
49_4 -7.4 1.973 4.810
49_5 -7.3 3.585 5.630
49_6 -7.1 3.563 6.161
49_7 -6.6 2.023 4.912
49_8 -6.4 2.459 4.317
49_9 -6.3 4.438 6.846
56_1 -8.0 0.000 0.000
56_2 -7.9 2.749 5.292
56_3 -7.4 4.152 6.641
56_4 -7.4 2.066 4.158
56_5 -7.4 1.873 4.683
56_6 -7.0 3.960 6.088
56_7 -7.0 2.591 5.260
56_8 -6.8 2.558 4.336
56_9 -6.7 1.886 2.447
65_1 -8.5 0.000 0.000
65_2 -8.1 1.898 2.384
65_3 -8.0 3.496 4.847
65_4 -7.9 1.907 4.177
65_5 -7.7 3.123 5.916
65_6 -7.6 3.865 5.694
65_7 -7.5 1.946 4.601
65_8 -7.4 4.208 6.246
65_9 -7.1 3.593 5.979
52_1 -7.9 0.000 0.000
52_2 -7.8 1.995 4.956
52_3 -7.5 3.629 5.577
52_4 -7.4 3.743 6.630
52_5 -7.2 2.699 5.194
52_6 -7.2 3.552 6.480
52_7 -7.2 4.023 6.492
52_8 -7.0 2.236 5.480
52_9 -6.9 3.708 6.660
81_1 -9.4 0.000 0.000
81_2 -9.0 1.232 2.133
81_3 -8.8 2.143 5.179
81_4 -8.4 3.739 7.092
81_5 -8.1 2.627 5.100
81_6 -8.1 3.830 6.280
81_7 -8.0 2.200 5.491
81_8 -7.8 4.189 7.316
81_9 -7.7 1.731 2.510
75_1 -8.3 0.000 0.000
75_2 -7.8 1.916 4.071
75_3 -7.8 3.852 5.286
75_4 -7.8 1.988 2.554
75_5 -7.6 3.817 5.627
75_6 -7.5 2.909 5.508
75_7 -7.5 1.631 2.194
75_8 -7.4 3.101 5.973
75_9 -7.3 1.808 4.358
27_1 -7.1 0.000 0.000
27_2 -7.0 0.870 1.391
27_3 -6.7 1.863 5.143
27_4 -6.7 2.207 5.401
27_5 -6.7 2.242 5.149
27_6 -6.6 1.825 5.246
27_7 -6.5 1.916 4.504
27_8 -6.5 2.398 5.780
27_9 -6.4 2.078 6.107
24_1 -7.3 0.000 0.000
24_2 -7.3 3.138 5.476
24_3 -6.9 0.878 1.603
24_4 -6.6 3.436 5.594
24_5 -6.6 3.471 5.711
24_6 -6.6 1.458 1.984
24_7 -6.5 2.819 5.432
24_8 -6.5 3.591 6.536
24_9 -6.5 3.488 5.698
54_1 -8.4 0.000 0.000
54_2 -8.1 0.393 1.442
54_3 -8.1 3.492 5.123
54_4 -8.0 3.467 4.811
54_5 -7.9 2.118 2.950
54_6 -7.9 1.929 4.098
54_7 -7.6 2.940 5.487
54_8 -7.5 4.195 6.224
54_9 -7.5 1.926 4.643
57_1 -8.1 0.000 0.000
57_2 -7.7 4.252 7.079
57_3 -7.6 1.487 2.100
57_4 -7.6 0.965 1.535
57_5 -7.4 3.163 5.362
57_6 -7.4 4.297 6.832
57_7 -7.4 3.163 6.141
57_8 -7.3 4.282 6.773
57_9 -7.2 2.937 5.829
23_1 -7.1 0.000 0.000
23_2 -6.7 2.199 5.404
23_3 -6.7 2.235 5.166
23_4 -6.6 1.859 5.279
23_5 -6.6 1.935 4.569
23_6 -6.5 2.527 6.097
23_7 -6.5 2.239 3.595
23_8 -6.4 2.088 6.077
23_9 -6.4 2.142 4.739
77_1 -7.8 0.000 0.000
77_2 -7.7 0.927 1.596
77_3 -7.5 3.183 4.429
77_4 -7.5 3.859 6.747
77_5 -7.4 3.892 6.447
77_6 -7.1 3.845 6.713
77_7 -7.0 1.643 2.405
77_8 -7.0 4.061 6.447
77_9 -7.0 2.912 3.975
51_1 -8.4 0.000 0.000
51_2 -7.8 3.863 5.936
51_3 -7.7 1.868 5.093
51_4 -7.4 1.888 4.818
51_5 -7.3 4.215 6.379
51_6 -7.0 3.605 5.708
51_7 -6.9 3.477 6.092
51_8 -6.6 4.451 7.111
51_9 -6.5 4.339 7.084
33_1 -8.4 0.000 0.000
33_2 -7.7 3.955 5.916
33_3 -7.7 1.954 5.088
33_4 -7.5 1.459 1.920
33_5 -7.4 1.909 4.769
33_6 -7.3 2.024 4.898
33_7 -7.1 1.963 2.762
33_8 -6.6 2.376 4.707
33_9 -6.6 2.168 5.026
79_1 -8.5 0.000 0.000
79_2 -8.1 3.465 4.745
79_3 -7.9 1.974 4.086
79_4 -7.9 2.070 2.707
79_5 -7.7 2.081 4.482
79_6 -7.7 3.151 5.875
79_7 -7.6 2.151 3.112
79_8 -7.6 3.925 5.698
79_9 -7.4 4.249 6.236
71_1 -7.7 0.000 0.000
71_2 -7.4 3.980 7.155
71_3 -7.2 3.777 6.720
71_4 -7.1 4.191 6.762
71_5 -6.9 3.714 6.085
71_6 -6.9 3.834 6.896
71_7 -6.9 3.113 5.207
71_8 -6.8 3.062 5.266
71_9 -6.8 3.964 7.081
39_1 -7.9 0.000 0.000
39_2 -7.5 4.209 6.922
39_3 -7.4 0.820 1.553
39_4 -7.4 3.500 5.629
39_5 -7.2 4.209 7.042
39_6 -7.2 3.027 5.881
39_7 -6.9 4.282 6.930
39_8 -6.7 4.608 7.384
39_9 -6.7 2.516 5.027
8_1 -6.9 0.000 0.000
8_2 -6.7 2.397 5.413
8_3 -6.6 2.565 5.800
8_4 -6.6 2.228 4.717
8_5 -6.5 2.099 5.265
8_6 -6.4 2.401 6.153
8_7 -6.4 1.894 5.157
8_8 -6.3 2.115 4.493
8_9 -6.3 2.611 5.458
7_1 -8.1 0.000 0.000
7_2 -7.9 1.461 1.930
7_3 -7.8 1.722 4.866
7_4 -7.6 2.064 5.058
7_5 -7.3 3.477 5.430
7_6 -7.3 3.485 5.737
7_7 -7.2 3.815 6.222
7_8 -7.2 1.802 4.849
7_9 -7.2 1.531 1.948
9_1 -8.4 0.000 0.000
9_2 -7.7 1.837 5.066
9_3 -7.3 3.580 5.640
9_4 -7.0 1.881 2.332
9_5 -7.0 4.039 6.565
9_6 -6.9 1.882 4.866
9_7 -6.9 3.707 6.288
9_8 -6.6 1.327 2.088
9_9 -6.6 1.859 2.286
29_1 -7.1 0.000 0.000
29_2 -6.8 1.877 5.224
29_3 -6.7 2.215 5.406
29_4 -6.6 2.510 6.065
29_5 -6.6 1.216 1.484
29_6 -6.5 2.407 5.807
29_7 -6.5 1.913 4.510
29_8 -6.5 2.493 5.761
29_9 -6.4 2.638 5.953
74_1 -9.4 0.000 0.000
74_2 -8.9 1.182 2.173
74_3 -8.8 2.125 5.202
74_4 -8.7 1.414 2.054
74_5 -8.4 3.304 5.985
74_6 -8.3 4.142 7.355
74_7 -8.2 3.724 7.069
74_8 -8.2 1.897 4.585
74_9 -8.0 2.229 5.336
62_1 -7.7 0.000 0.000
62_2 -7.2 4.312 6.764
62_3 -7.0 3.562 6.125
62_4 -6.9 4.191 7.088
62_5 -6.8 4.130 6.287
62_6 -6.6 3.625 5.501
62_7 -6.6 2.814 5.815
62_8 -6.5 3.363 5.587
62_9 -6.5 2.754 5.056
78_1 -9.2 0.000 0.000
78_2 -8.9 1.156 1.701
78_3 -8.7 1.376 2.098
78_4 -8.5 2.288 5.621
78_5 -8.2 2.203 5.305
78_6 -8.0 1.288 2.146
78_7 -7.5 2.191 5.248
78_8 -7.1 4.131 7.258
78_9 -7.0 2.335 3.292
60_1 -7.7 0.000 0.000
60_2 -7.6 3.733 5.858
60_3 -7.4 4.340 6.755
60_4 -7.3 4.082 6.517
60_5 -7.2 4.185 6.427
60_6 -7.2 1.789 2.614
60_7 -7.2 4.027 6.413
60_8 -7.0 4.245 6.640
60_9 -7.0 4.092 6.679
64_1 -9.4 0.000 0.000
64_2 -9.1 1.110 1.852
64_3 -8.8 1.473 2.126
64_4 -8.7 2.181 5.258
64_5 -8.2 2.299 5.675
64_6 -8.1 3.470 6.167
64_7 -8.1 3.839 7.088
64_8 -8.0 2.316 3.136
64_9 -7.9 2.428 5.043
31_1 -7.3 0.000 0.000
31_2 -7.3 3.135 5.455
31_3 -6.8 2.718 5.215
31_4 -6.7 2.007 4.489
31_5 -6.7 3.433 5.637
31_6 -6.6 2.563 4.801
31_7 -6.6 2.878 5.485
31_8 -6.5 3.385 6.006
31_9 -6.3 3.331 5.608
59_1 -8.9 0.000 0.000
59_2 -8.0 2.558 5.449
59_3 -7.7 3.624 5.748
59_4 -7.5 4.307 6.525
59_5 -7.4 3.412 6.077
59_6 -7.3 3.882 6.299
59_7 -7.2 3.900 6.270
59_8 -7.1 4.097 6.085
59_9 -6.8 1.930 2.586
18_1 -7.0 0.000 0.000
18_2 -6.8 1.883 5.215
18_3 -6.6 2.211 5.398
18_4 -6.6 1.968 4.583
18_5 -6.6 1.858 5.296
18_6 -6.5 1.988 4.678
18_7 -6.5 2.427 5.807
18_8 -6.4 2.143 4.755
18_9 -6.4 2.075 6.053
61_1 -7.9 0.000 0.000
61_2 -7.6 4.073 6.517
61_3 -7.6 3.994 7.144
61_4 -7.5 3.039 4.454
61_5 -7.5 2.717 5.266
61_6 -7.3 3.375 5.579
61_7 -7.3 3.395 6.088
61_8 -7.2 1.250 1.849
61_9 -7.1 2.908 4.998
22_1 -8.4 0.000 0.000
22_2 -7.6 1.872 5.099
22_3 -7.4 1.889 4.779
22_4 -7.2 3.598 5.666
22_5 -7.2 3.895 5.921
22_6 -6.9 3.772 5.847
22_7 -6.3 3.970 6.417
22_8 -6.3 3.377 6.018
22_9 -6.2 4.754 7.161
69_1 -9.2 0.000 0.000
69_2 -8.7 1.191 1.987
69_3 -8.7 1.412 2.176
69_4 -8.6 2.254 5.337
69_5 -8.1 3.730 7.036
69_6 -8.1 3.314 6.019
69_7 -8.0 3.715 6.323
69_8 -7.9 4.173 7.317
69_9 -7.9 3.578 6.234
6_1 -7.7 0.000 0.000
6_2 -7.5 1.903 4.961
6_3 -7.4 2.761 5.524
6_4 -6.9 2.338 4.985
6_5 -6.8 2.262 4.808
6_6 -6.7 2.658 6.001
6_7 -6.7 2.971 6.311
6_8 -6.6 2.708 5.614
6_9 -6.4 3.342 7.487
30_1 -8.4 0.000 0.000
30_2 -7.7 3.874 5.949
30_3 -7.6 1.855 5.097
30_4 -7.5 1.929 4.807
30_5 -7.0 3.636 5.631
30_6 -6.6 1.373 1.791
30_7 -6.4 3.641 6.200
30_8 -6.2 4.351 6.567
30_9 -6.0 4.188 6.670
32_1 -8.4 0.000 0.000
32_2 -7.7 3.868 5.939
32_3 -7.6 1.865 5.101
32_4 -7.4 1.906 4.826
32_5 -7.2 4.174 6.441
32_6 -7.0 2.077 4.869
32_7 -6.8 4.497 7.033
32_8 -6.3 3.628 5.311
32_9 -6.1 2.374 3.089
66_1 -7.9 0.000 0.000
66_2 -7.7 3.780 6.739
66_3 -7.4 4.208 6.912
66_4 -7.4 3.598 5.672
66_5 -7.3 4.078 7.174
66_6 -7.2 3.832 6.864
66_7 -7.1 3.907 6.026
66_8 -7.0 4.037 6.687
66_9 -7.0 3.013 4.245
44_1 -7.8 0.000 0.000
44_2 -7.3 3.953 7.113
44_3 -7.3 1.036 1.450
44_4 -7.2 4.139 6.688
44_5 -7.0 3.082 5.179
44_6 -6.7 3.907 5.909
44_7 -6.7 2.531 5.794
44_8 -6.7 4.040 6.698
44_9 -6.6 2.684 5.588
38_1 -7.6 0.000 0.000
38_2 -7.3 3.733 6.657
38_3 -7.2 4.020 7.111
38_4 -7.2 4.135 6.598
38_5 -7.1 3.834 5.991
38_6 -7.0 3.820 6.885
38_7 -7.0 1.185 1.653
38_8 -6.8 3.186 5.562
38_9 -6.7 3.660 5.253
25_1 -8.1 0.000 0.000
25_2 -7.9 1.653 2.160
25_3 -7.8 1.722 4.844
25_4 -7.6 2.022 5.096
25_5 -7.5 1.539 1.948
25_6 -7.3 1.721 4.861
25_7 -7.3 3.598 5.524
25_8 -7.2 3.806 6.199
25_9 -7.1 4.082 5.741
67_1 -8.0 0.000 0.000
67_2 -7.8 3.519 5.272
67_3 -7.8 2.773 5.516
67_4 -7.6 1.628 2.439
67_5 -7.6 4.382 7.252
67_6 -7.3 4.355 6.558
67_7 -7.3 2.964 5.897
67_8 -7.2 2.909 5.976
67_9 -7.1 4.193 7.083
12_1 -7.6 0.000 0.000
12_2 -7.5 2.102 4.709
12_3 -7.5 1.903 4.675
12_4 -7.3 2.977 3.960
12_5 -7.3 4.391 6.741
12_6 -7.2 3.545 6.243
12_7 -7.2 2.804 4.153
12_8 -7.1 3.662 5.906
12_9 -7.0 4.307 6.619
1_1 -8.5 0.000 0.000
1_2 -7.8 3.879 5.976
1_3 -7.7 1.877 5.111
1_4 -7.4 3.535 5.633
1_5 -7.3 1.901 4.861
1_6 -7.1 3.653 6.241
1_7 -6.7 2.087 4.937
1_8 -6.6 1.567 2.159
1_9 -6.4 4.310 5.912
13_1 -7.1 0.000 0.000
13_2 -6.6 1.869 5.152
13_3 -6.5 1.867 5.284
13_4 -6.5 1.912 4.505
13_5 -6.5 2.498 5.991
13_6 -6.4 2.081 6.061
13_7 -6.3 2.692 5.935
13_8 -6.3 2.428 6.066
13_9 -6.1 1.794 5.181
58_1 -9.5 0.000 0.000
58_2 -8.9 1.574 2.380
58_3 -8.9 1.541 2.307
58_4 -8.7 2.245 5.653
58_5 -8.5 4.104 7.213
58_6 -8.4 3.758 6.416
58_7 -8.4 2.021 4.788
58_8 -8.4 3.654 7.190
58_9 -8.2 2.412 5.360
35_1 -7.1 0.000 0.000
35_2 -6.6 2.207 5.396
35_3 -6.6 1.849 5.274
35_4 -6.6 1.865 5.207
35_5 -6.6 2.532 6.093
35_6 -6.5 1.913 4.525
35_7 -6.5 2.714 5.943
35_8 -6.4 2.078 6.057
35_9 -6.3 2.189 5.382
73_1 -8.7 0.000 0.000
73_2 -7.8 1.628 2.180
73_3 -7.8 2.726 5.353
73_4 -7.2 1.958 4.905
73_5 -7.0 3.980 5.450
73_6 -7.0 4.156 7.133
73_7 -6.9 3.409 5.860
73_8 -6.7 1.764 2.422
73_9 -6.2 4.088 5.639
15_1 -7.7 0.000 0.000
15_2 -7.4 1.901 4.960
15_3 -7.4 2.762 5.546
15_4 -7.3 2.162 4.925
15_5 -7.2 2.149 5.063
15_6 -6.6 2.248 5.298
15_7 -6.5 2.985 6.696
15_8 -6.3 3.020 6.458
15_9 -6.2 2.940 6.303
47_1 -8.9 0.000 0.000
47_2 -7.9 2.576 5.417
47_3 -7.6 3.665 5.769
47_4 -7.5 4.277 6.458
47_5 -7.4 3.387 6.034
47_6 -7.3 3.885 6.243
47_7 -7.2 0.905 1.827
47_8 -7.2 4.020 6.025
47_9 -7.1 3.898 6.037
80_1 -7.7 0.000 0.000
80_2 -7.6 3.123 4.378
80_3 -7.5 3.470 5.254
80_4 -7.4 3.589 6.389
80_5 -7.3 2.710 4.166
80_6 -7.2 2.072 4.889
80_7 -7.1 3.527 5.246
80_8 -7.1 1.976 3.387
80_9 -7.0 3.447 6.269
63_1 -8.1 0.000 0.000
63_2 -8.0 0.750 1.279
63_3 -7.7 4.234 7.041
63_4 -7.7 3.379 4.865
63_5 -7.6 4.262 7.237
63_6 -7.5 0.918 1.342
63_7 -7.5 2.756 5.655
63_8 -7.5 2.972 5.876
63_9 -7.2 4.227 7.405
68_1 -8.6 0.000 0.000
68_2 -8.2 2.359 4.875
68_3 -8.0 2.650 5.167
68_4 -7.2 4.103 6.845
68_5 -7.2 3.922 6.047
68_6 -7.1 4.111 7.326
68_7 -7.0 2.604 5.674
68_8 -7.0 2.327 4.717
68_9 -6.8 4.232 7.499
28_1 -8.4 0.000 0.000
28_2 -7.7 3.874 5.926
28_3 -7.7 1.868 5.097
28_4 -7.0 3.727 6.278
28_5 -6.9 3.806 5.917
28_6 -6.8 1.508 2.087
28_7 -6.5 4.318 7.025
28_8 -6.5 1.854 4.720
28_9 -6.4 4.263 5.943
