82_1 -7.7 0.000 0.000
82_2 -7.6 1.374 2.008
82_3 -7.3 4.015 7.196
82_4 -7.2 2.666 5.082
82_5 -7.2 3.043 5.747
82_6 -7.2 3.811 5.897
82_7 -7.2 3.967 6.881
82_8 -6.9 2.299 5.553
82_9 -6.8 2.464 5.813
50_1 -8.0 0.000 0.000
50_2 -7.7 1.639 2.074
50_3 -7.3 3.628 5.791
50_4 -7.2 2.370 4.865
50_5 -7.1 2.068 4.788
50_6 -6.7 3.082 3.967
50_7 -6.7 4.349 7.249
50_8 -6.6 4.997 7.121
50_9 -6.6 3.852 6.382
3_1 -7.7 0.000 0.000
3_2 -7.4 3.037 4.225
3_3 -7.3 1.871 4.577
3_4 -7.3 3.629 5.856
3_5 -7.1 3.650 6.005
3_6 -7.0 4.357 6.815
3_7 -6.9 3.398 5.020
3_8 -6.9 2.312 4.719
3_9 -6.8 3.513 6.094
37_1 -7.7 0.000 0.000
37_2 -7.5 1.208 1.785
37_3 -7.4 4.046 7.170
37_4 -7.3 3.097 5.693
37_5 -7.3 3.975 6.919
37_6 -7.2 4.330 6.809
37_7 -7.2 4.192 6.443
37_8 -7.0 4.202 6.991
37_9 -6.9 4.035 7.337
2_1 -8.0 0.000 0.000
2_2 -7.7 1.610 2.042
2_3 -7.3 3.610 5.754
2_4 -7.3 4.099 5.835
2_5 -7.2 2.070 4.762
2_6 -7.1 4.971 7.070
2_7 -6.8 4.544 6.897
2_8 -6.8 3.324 5.611
2_9 -6.7 3.800 4.769
45_1 -7.5 0.000 0.000
45_2 -7.1 0.982 1.363
45_3 -7.1 4.220 7.397
45_4 -7.0 4.353 6.808
45_5 -7.0 4.250 7.194
45_6 -6.9 4.147 7.044
45_7 -6.8 3.205 6.256
45_8 -6.8 4.029 6.511
45_9 -6.6 4.511 6.962
17_1 -6.9 0.000 0.000
17_2 -6.8 2.479 5.090
17_3 -6.7 3.316 5.653
17_4 -6.7 2.550 5.343
17_5 -6.6 1.759 2.490
17_6 -6.5 2.959 5.661
17_7 -6.3 3.031 4.072
17_8 -6.3 2.609 5.931
17_9 -6.2 2.803 5.508
4_1 -6.9 0.000 0.000
4_2 -6.9 2.087 4.926
4_3 -6.6 2.085 5.148
4_4 -6.6 2.124 4.992
4_5 -6.6 1.774 2.857
4_6 -6.4 2.572 5.411
4_7 -6.4 2.599 5.456
4_8 -6.4 2.764 5.490
4_9 -6.3 2.520 3.482
14_1 -7.2 0.000 0.000
14_2 -6.9 3.653 6.615
14_3 -6.9 3.593 6.449
14_4 -6.9 1.364 1.778
14_5 -6.7 3.228 6.401
14_6 -6.7 3.828 6.041
14_7 -6.6 2.914 5.280
14_8 -6.5 2.362 4.576
14_9 -6.5 2.943 4.436
46_1 -8.7 0.000 0.000
46_2 -7.9 4.694 6.709
46_3 -7.8 4.174 7.031
46_4 -7.5 3.553 4.866
46_5 -7.4 4.231 5.792
46_6 -7.4 3.049 4.856
46_7 -7.3 1.445 2.160
46_8 -7.3 3.529 6.127
46_9 -7.2 3.531 6.149
26_1 -7.5 0.000 0.000
26_2 -7.2 3.665 6.528
26_3 -7.0 3.616 6.373
26_4 -7.0 1.402 1.813
26_5 -6.8 2.253 4.539
26_6 -6.7 2.741 3.965
26_7 -6.6 2.848 5.296
26_8 -6.6 3.897 6.212
26_9 -6.6 3.676 6.207
53_1 -8.8 0.000 0.000
53_2 -8.7 1.279 1.966
53_3 -8.6 3.872 6.351
53_4 -8.2 2.710 3.965
53_5 -8.2 3.001 5.625
53_6 -8.0 3.893 7.442
53_7 -7.9 3.060 5.602
53_8 -7.7 1.844 2.298
53_9 -7.7 2.418 5.819
19_1 -7.4 0.000 0.000
19_2 -7.1 3.738 6.588
19_3 -7.0 3.633 6.363
19_4 -7.0 1.446 1.908
19_5 -6.9 3.704 6.028
19_6 -6.9 1.482 2.103
19_7 -6.8 2.242 4.492
19_8 -6.6 2.611 3.743
19_9 -6.6 3.714 6.231
72_1 -7.9 0.000 0.000
72_2 -7.4 4.617 6.596
72_3 -7.3 4.390 6.967
72_4 -7.3 4.437 6.407
72_5 -7.2 4.228 5.741
72_6 -7.2 3.573 6.129
72_7 -6.9 3.900 6.738
72_8 -6.8 4.890 6.961
72_9 -6.7 3.431 5.865
20_1 -7.9 0.000 0.000
20_2 -7.8 1.725 2.196
20_3 -7.6 3.554 5.517
20_4 -7.4 2.241 5.054
20_5 -7.3 3.342 5.595
20_6 -7.2 3.394 4.048
20_7 -7.2 1.654 4.800
20_8 -7.1 2.745 5.372
20_9 -7.0 3.200 4.838
10_1 -7.9 0.000 0.000
10_2 -7.8 1.645 2.090
10_3 -7.7 2.088 2.651
10_4 -7.6 3.924 5.909
10_5 -7.4 2.100 4.870
10_6 -7.2 3.653 5.818
10_7 -7.0 4.383 6.082
10_8 -6.8 4.130 6.195
10_9 -6.8 3.042 4.208
70_1 -7.9 0.000 0.000
70_2 -7.7 2.066 2.634
70_3 -7.7 2.928 5.778
70_4 -7.5 1.928 4.615
70_5 -7.5 3.264 4.550
70_6 -7.4 4.344 6.431
70_7 -7.2 2.574 3.270
70_8 -7.2 2.514 4.884
70_9 -6.9 3.587 4.693
43_1 -7.8 0.000 0.000
43_2 -7.5 1.245 1.705
43_3 -7.4 3.405 5.044
43_4 -7.4 4.295 6.745
43_5 -7.3 4.096 7.238
43_6 -7.2 3.972 6.962
43_7 -7.1 3.070 5.734
43_8 -7.1 4.231 6.772
43_9 -7.1 3.078 6.237
21_1 -6.9 0.000 0.000
21_2 -6.8 2.466 5.083
21_3 -6.7 3.314 5.715
21_4 -6.7 2.547 5.333
21_5 -6.6 1.861 2.793
21_6 -6.5 2.947 5.580
21_7 -6.3 2.392 5.207
21_8 -6.3 1.417 1.724
21_9 -6.3 2.662 5.578
34_1 -8.2 0.000 0.000
34_2 -7.8 1.440 1.779
34_3 -7.7 4.478 6.573
34_4 -7.7 4.841 7.163
34_5 -7.4 3.967 6.206
34_6 -7.4 4.490 7.052
34_7 -7.1 2.059 2.785
34_8 -7.1 2.853 5.131
34_9 -6.9 3.191 4.116
42_1 -7.8 0.000 0.000
42_2 -7.5 3.120 4.315
42_3 -7.5 1.773 4.657
42_4 -7.5 3.633 5.687
42_5 -7.3 3.418 5.118
42_6 -7.1 4.163 6.608
42_7 -7.0 4.329 6.814
42_8 -7.0 3.958 6.393
42_9 -7.0 3.504 4.940
41_1 -8.1 0.000 0.000
41_2 -7.9 4.247 6.539
41_3 -7.8 3.182 5.292
41_4 -7.6 2.132 5.185
41_5 -7.6 4.257 6.420
41_6 -7.6 3.988 5.499
41_7 -7.5 3.428 6.387
41_8 -7.5 4.201 7.442
41_9 -7.4 1.753 2.179
16_1 -7.9 0.000 0.000
16_2 -7.8 1.759 2.232
16_3 -7.7 3.549 5.481
16_4 -7.4 2.206 5.067
16_5 -7.3 3.543 5.826
16_6 -7.2 3.331 3.997
16_7 -7.2 2.057 4.850
16_8 -7.2 3.347 5.733
16_9 -7.1 3.223 5.594
55_1 -7.4 0.000 0.000
55_2 -7.4 3.890 7.062
55_3 -7.3 3.509 6.470
55_4 -7.2 2.654 5.827
55_5 -7.2 3.877 6.150
55_6 -7.1 2.733 5.839
55_7 -7.0 3.862 6.440
55_8 -7.0 3.705 6.686
55_9 -6.9 3.961 6.337
5_1 -7.1 0.000 0.000
5_2 -6.9 3.664 6.628
5_3 -6.9 3.585 6.450
5_4 -6.9 1.352 1.775
5_5 -6.7 1.407 1.939
5_6 -6.7 2.299 4.583
5_7 -6.6 2.213 3.992
5_8 -6.5 2.909 5.313
5_9 -6.4 2.690 3.818
48_1 -8.2 0.000 0.000
48_2 -7.9 4.457 6.697
48_3 -7.6 4.398 7.314
48_4 -7.3 4.506 6.101
48_5 -7.2 3.297 5.914
48_6 -7.1 4.558 7.486
48_7 -7.0 3.733 6.455
48_8 -7.0 2.342 5.553
48_9 -6.9 5.343 8.296
76_1 -7.3 0.000 0.000
76_2 -7.2 3.594 6.545
76_3 -7.1 3.606 5.821
76_4 -7.0 2.641 5.596
76_5 -6.9 2.330 4.976
76_6 -6.9 3.665 5.824
76_7 -6.8 2.720 5.751
76_8 -6.8 3.998 6.243
76_9 -6.8 3.689 6.575
11_1 -8.1 0.000 0.000
11_2 -7.7 2.070 2.681
11_3 -7.7 1.678 2.102
11_4 -7.5 2.436 3.203
11_5 -7.4 3.650 5.789
11_6 -7.3 2.366 4.821
11_7 -7.3 3.993 5.921
11_8 -7.0 2.031 4.810
11_9 -6.9 4.641 6.828
40_1 -8.0 0.000 0.000
40_2 -7.8 3.647 6.164
40_3 -7.6 2.748 5.203
40_4 -7.5 1.693 2.246
40_5 -7.3 3.691 5.729
40_6 -7.1 4.173 6.335
40_7 -7.1 2.390 2.985
40_8 -6.9 4.270 7.154
40_9 -6.9 3.595 4.798
36_1 -7.9 0.000 0.000
36_2 -7.8 1.659 2.242
36_3 -7.7 3.926 5.906
36_4 -7.4 4.058 5.881
36_5 -7.3 2.137 4.877
36_6 -7.2 3.632 5.887
36_7 -7.1 3.562 5.904
36_8 -6.9 3.783 6.287
36_9 -6.8 4.700 6.872
49_1 -8.0 0.000 0.000
49_2 -7.8 1.636 2.187
49_3 -7.7 3.958 5.947
49_4 -7.4 2.080 4.932
49_5 -7.2 3.656 5.910
49_6 -7.0 3.009 4.095
49_7 -6.9 3.842 6.398
49_8 -6.7 4.678 7.062
49_9 -6.6 2.053 3.661
56_1 -7.8 0.000 0.000
56_2 -7.4 4.352 6.986
56_3 -7.4 4.257 6.324
56_4 -7.3 4.268 5.711
56_5 -7.3 3.617 6.165
56_6 -7.0 2.180 3.288
56_7 -6.9 2.906 4.742
56_8 -6.8 3.227 5.447
56_9 -6.8 2.082 4.768
65_1 -7.9 0.000 0.000
65_2 -7.8 1.249 1.737
65_3 -7.8 2.721 3.590
65_4 -7.7 2.241 2.873
65_5 -7.7 2.916 5.709
65_6 -7.6 1.353 1.669
65_7 -7.6 3.259 4.543
65_8 -7.5 3.569 4.691
65_9 -7.5 4.610 6.342
52_1 -7.7 0.000 0.000
52_2 -7.5 1.123 1.689
52_3 -7.3 4.009 7.172
52_4 -7.2 4.306 6.732
52_5 -7.2 3.038 5.712
52_6 -7.2 3.989 6.957
52_7 -7.0 4.250 6.868
52_8 -6.9 2.405 5.008
52_9 -6.8 4.031 6.392
81_1 -8.8 0.000 0.000
81_2 -8.6 3.875 6.334
81_3 -8.5 1.452 2.172
81_4 -8.3 3.843 7.421
81_5 -8.0 3.131 5.771
81_6 -8.0 2.065 4.733
81_7 -7.8 2.732 3.907
81_8 -7.8 2.006 5.134
81_9 -7.7 4.565 8.060
75_1 -7.8 0.000 0.000
75_2 -7.7 2.144 2.720
75_3 -7.6 3.100 4.083
75_4 -7.6 2.195 4.815
75_5 -7.6 3.273 4.572
75_6 -7.6 3.094 5.884
75_7 -7.5 4.615 6.378
75_8 -7.5 4.095 5.805
75_9 -7.3 4.572 6.619
27_1 -7.0 0.000 0.000
27_2 -6.9 2.136 4.929
27_3 -6.7 2.109 5.229
27_4 -6.7 1.711 2.160
27_5 -6.7 2.271 5.046
27_6 -6.5 1.908 2.882
27_7 -6.5 2.357 3.758
27_8 -6.3 2.469 5.885
27_9 -6.3 2.326 3.112
24_1 -7.4 0.000 0.000
24_2 -7.0 3.736 6.592
24_3 -7.0 3.616 6.367
24_4 -7.0 1.435 1.900
24_5 -6.9 3.330 6.410
24_6 -6.8 2.263 4.531
24_7 -6.8 3.582 5.933
24_8 -6.7 2.827 5.224
24_9 -6.6 2.598 3.721
54_1 -7.8 0.000 0.000
54_2 -7.7 2.208 2.769
54_3 -7.7 2.925 5.718
54_4 -7.5 3.291 4.602
54_5 -7.5 3.354 4.470
54_6 -7.5 4.535 6.323
54_7 -7.5 4.472 6.586
54_8 -7.3 4.535 6.602
54_9 -7.2 2.183 4.751
57_1 -7.7 0.000 0.000
57_2 -7.7 4.357 7.199
57_3 -7.5 3.507 6.693
57_4 -7.5 3.234 5.764
57_5 -7.4 3.351 5.889
57_6 -7.3 3.485 5.753
57_7 -7.3 4.417 7.300
57_8 -7.2 4.357 7.518
57_9 -7.1 4.351 7.475
23_1 -6.8 0.000 0.000
23_2 -6.7 2.088 4.816
23_3 -6.6 2.432 6.052
23_4 -6.5 2.157 5.453
23_5 -6.4 1.839 5.267
23_6 -6.4 2.087 2.971
23_7 -6.4 1.841 5.155
23_8 -6.3 2.207 6.081
23_9 -6.3 2.449 4.963
77_1 -7.5 0.000 0.000
77_2 -7.4 3.611 6.473
77_3 -7.2 3.483 6.462
77_4 -7.1 3.777 5.850
77_5 -6.9 3.672 6.570
77_6 -6.8 3.873 6.297
77_7 -6.7 3.478 5.981
77_8 -6.7 4.566 7.153
77_9 -6.6 3.745 6.609
51_1 -8.0 0.000 0.000
51_2 -7.9 1.577 2.032
51_3 -7.7 3.956 5.917
51_4 -7.5 4.080 5.971
51_5 -7.4 2.075 4.879
51_6 -7.2 3.585 5.819
51_7 -7.0 2.785 3.801
51_8 -7.0 3.239 5.481
51_9 -6.8 3.820 6.382
33_1 -8.1 0.000 0.000
33_2 -7.7 1.667 2.184
33_3 -7.4 3.643 5.775
33_4 -7.3 3.995 5.911
33_5 -7.3 2.362 4.842
33_6 -7.1 4.847 7.002
33_7 -6.8 4.421 7.316
33_8 -6.6 4.021 6.192
33_9 -6.5 4.291 6.380
79_1 -7.9 0.000 0.000
79_2 -7.8 2.471 3.328
79_3 -7.8 1.277 1.985
79_4 -7.8 2.245 2.861
79_5 -7.6 2.830 5.634
79_6 -7.6 4.457 6.552
79_7 -7.5 3.919 5.697
79_8 -7.5 3.407 4.672
79_9 -7.4 3.714 4.921
71_1 -7.7 0.000 0.000
71_2 -7.3 3.944 7.048
71_3 -7.3 1.168 1.709
71_4 -7.2 3.020 6.306
71_5 -7.2 4.066 7.454
71_6 -7.2 4.231 6.656
71_7 -7.1 3.973 7.225
71_8 -7.0 4.047 6.798
71_9 -6.9 4.376 7.125
39_1 -7.9 0.000 0.000
39_2 -7.7 4.336 7.080
39_3 -7.6 4.352 7.202
39_4 -7.5 4.425 7.187
39_5 -7.3 4.373 7.444
39_6 -7.2 4.136 6.508
39_7 -7.2 4.672 7.454
39_8 -7.1 3.609 5.887
39_9 -7.0 4.425 7.199
8_1 -6.9 0.000 0.000
8_2 -6.8 2.484 5.116
8_3 -6.8 3.347 5.704
8_4 -6.7 2.570 5.365
8_5 -6.7 2.402 5.185
8_6 -6.4 2.918 3.923
8_7 -6.3 2.564 5.878
8_8 -6.3 2.502 5.506
8_9 -6.1 2.843 5.444
7_1 -8.0 0.000 0.000
7_2 -7.9 1.724 2.200
7_3 -7.7 3.578 5.540
7_4 -7.5 3.179 4.950
7_5 -7.4 2.196 5.036
7_6 -7.3 3.376 4.023
7_7 -7.3 1.683 4.750
7_8 -7.2 3.658 5.945
7_9 -7.0 2.781 3.723
9_1 -8.0 0.000 0.000
9_2 -7.9 1.642 2.195
9_3 -7.7 3.940 5.934
9_4 -7.5 2.117 4.870
9_5 -7.2 3.616 5.842
9_6 -7.1 2.586 3.780
9_7 -7.0 4.604 6.313
9_8 -7.0 3.051 4.258
9_9 -6.9 3.838 6.397
29_1 -7.0 0.000 0.000
29_2 -6.9 2.120 4.932
29_3 -6.8 2.252 5.068
29_4 -6.6 1.710 2.491
29_5 -6.5 2.715 5.398
29_6 -6.4 2.377 5.320
29_7 -6.4 2.313 5.412
29_8 -6.3 2.815 5.431
29_9 -6.3 2.503 3.498
74_1 -8.9 0.000 0.000
74_2 -8.6 3.743 6.234
74_3 -8.5 1.489 2.181
74_4 -8.3 3.827 7.351
74_5 -8.3 2.987 5.587
74_6 -8.1 2.062 4.741
74_7 -8.1 2.730 4.046
74_8 -8.0 1.671 2.136
74_9 -7.9 3.467 5.916
62_1 -7.6 0.000 0.000
62_2 -7.0 4.269 7.286
62_3 -7.0 3.258 6.033
62_4 -6.9 4.393 6.824
62_5 -6.9 4.101 7.015
62_6 -6.6 3.406 5.536
62_7 -6.5 4.445 7.294
62_8 -6.4 4.036 6.822
62_9 -6.4 1.212 1.818
78_1 -8.8 0.000 0.000
78_2 -8.4 3.717 6.265
78_3 -8.3 2.730 5.204
78_4 -8.0 3.938 7.493
78_5 -8.0 4.210 6.416
78_6 -7.9 2.167 5.337
78_7 -7.9 1.291 1.957
78_8 -7.8 2.847 4.132
78_9 -7.6 3.007 5.591
60_1 -8.0 0.000 0.000
60_2 -7.6 1.260 1.803
60_3 -7.6 3.528 4.986
60_4 -7.4 4.087 7.218
60_5 -7.4 3.996 7.017
60_6 -7.3 4.221 6.664
60_7 -7.0 4.367 7.050
60_8 -7.0 4.421 7.025
60_9 -7.0 2.496 5.681
64_1 -8.9 0.000 0.000
64_2 -8.7 1.322 1.943
64_3 -8.6 3.897 6.386
64_4 -8.3 3.856 7.391
64_5 -8.3 2.722 3.939
64_6 -8.2 1.674 2.151
64_7 -8.1 2.016 4.693
64_8 -8.0 1.628 2.126
64_9 -7.9 4.428 6.579
31_1 -7.4 0.000 0.000
31_2 -7.0 3.754 6.602
31_3 -7.0 1.463 1.938
31_4 -7.0 3.714 6.357
31_5 -6.9 3.762 6.033
31_6 -6.8 2.254 4.491
31_7 -6.6 3.601 6.011
31_8 -6.6 2.422 4.854
31_9 -6.6 2.631 3.858
59_1 -8.0 0.000 0.000
59_2 -7.8 3.609 6.160
59_3 -7.6 2.758 5.230
59_4 -7.3 4.520 6.891
59_5 -7.3 3.696 5.751
59_6 -6.9 4.166 6.580
59_7 -6.9 4.175 6.309
59_8 -6.8 4.177 6.593
59_9 -6.8 3.826 5.260
18_1 -6.9 0.000 0.000
18_2 -6.9 2.105 4.925
18_3 -6.8 2.228 5.076
18_4 -6.5 2.672 4.764
18_5 -6.5 2.340 3.687
18_6 -6.4 2.324 5.323
18_7 -6.4 2.505 5.357
18_8 -6.3 2.421 5.677
18_9 -6.3 2.050 5.102
61_1 -7.3 0.000 0.000
61_2 -7.3 3.872 6.201
61_3 -7.2 3.454 6.353
61_4 -7.2 2.605 5.772
61_5 -7.1 2.793 5.680
61_6 -6.9 3.625 5.748
61_7 -6.6 3.224 5.297
61_8 -6.5 1.891 5.134
61_9 -6.4 2.013 4.926
22_1 -8.0 0.000 0.000
22_2 -7.8 1.637 2.180
22_3 -7.7 2.080 2.639
22_4 -7.7 3.929 5.931
22_5 -7.5 2.555 3.580
22_6 -7.4 2.084 4.871
22_7 -7.3 3.604 5.867
22_8 -7.0 4.154 6.215
22_9 -6.9 3.838 6.391
69_1 -8.8 0.000 0.000
69_2 -8.6 3.866 6.320
69_3 -8.5 1.186 2.022
69_4 -8.2 2.701 4.007
69_5 -8.1 2.449 5.939
69_6 -8.0 1.694 2.260
69_7 -8.0 4.490 6.599
69_8 -8.0 2.009 4.673
69_9 -7.9 3.830 7.334
6_1 -7.6 0.000 0.000
6_2 -7.5 1.716 2.074
6_3 -7.4 2.089 5.027
6_4 -7.0 3.086 5.800
6_5 -7.0 2.775 7.190
6_6 -6.9 2.799 7.061
6_7 -6.9 2.975 6.622
6_8 -6.7 3.228 4.510
6_9 -6.6 4.152 6.722
30_1 -7.9 0.000 0.000
30_2 -7.8 1.678 2.118
30_3 -7.7 3.926 5.922
30_4 -7.4 2.469 3.583
30_5 -7.4 2.108 4.907
30_6 -7.2 3.688 5.938
30_7 -7.0 4.201 6.287
30_8 -6.9 3.334 5.643
30_9 -6.9 4.175 7.236
32_1 -7.9 0.000 0.000
32_2 -7.9 1.660 2.114
32_3 -7.7 3.938 5.915
32_4 -7.4 2.091 4.880
32_5 -7.2 3.658 5.934
32_6 -7.2 4.610 6.326
32_7 -7.0 5.011 7.140
32_8 -6.9 3.303 5.637
32_9 -6.7 4.324 7.222
66_1 -7.3 0.000 0.000
66_2 -7.3 3.544 6.484
66_3 -7.1 3.472 5.564
66_4 -7.1 2.560 5.606
66_5 -7.0 3.978 6.364
66_6 -7.0 3.799 6.770
66_7 -6.6 3.924 6.702
66_8 -6.6 3.557 6.408
66_9 -6.6 3.585 5.695
44_1 -7.7 0.000 0.000
44_2 -7.4 1.206 1.541
44_3 -7.3 3.937 7.029
44_4 -7.2 2.893 5.381
44_5 -7.1 3.053 6.321
44_6 -7.1 4.144 7.363
44_7 -7.0 4.278 6.920
44_8 -6.9 4.198 6.597
44_9 -6.7 4.121 7.447
38_1 -7.5 0.000 0.000
38_2 -7.4 4.099 7.472
38_3 -7.4 2.892 5.345
38_4 -7.3 3.949 6.391
38_5 -7.3 3.077 6.374
38_6 -7.2 3.855 6.972
38_7 -7.2 4.263 6.660
38_8 -7.1 4.116 7.346
38_9 -6.9 4.190 6.810
25_1 -8.0 0.000 0.000
25_2 -7.8 1.692 2.223
25_3 -7.6 3.546 5.476
25_4 -7.4 2.202 5.033
25_5 -7.3 3.940 5.673
25_6 -7.3 3.374 4.058
25_7 -7.2 3.300 5.632
25_8 -7.0 3.219 6.437
25_9 -7.0 4.126 5.703
67_1 -7.9 0.000 0.000
67_2 -7.9 3.826 5.147
67_3 -7.7 2.136 3.480
67_4 -7.7 3.358 5.919
67_5 -7.7 1.798 3.682
67_6 -7.6 2.112 5.111
67_7 -7.5 3.569 5.289
67_8 -7.5 1.992 4.681
67_9 -7.4 4.106 6.118
12_1 -7.9 0.000 0.000
12_2 -7.5 1.979 4.660
12_3 -7.4 3.555 5.745
12_4 -7.2 1.913 4.527
12_5 -7.1 2.815 3.739
12_6 -7.1 2.267 3.600
12_7 -7.0 3.582 5.948
12_8 -6.9 4.111 6.410
12_9 -6.9 2.951 4.861
1_1 -7.9 0.000 0.000
1_2 -7.8 1.664 2.096
1_3 -7.7 3.929 5.909
1_4 -7.5 2.204 3.020
1_5 -7.4 2.103 4.883
1_6 -7.0 3.545 5.843
1_7 -6.7 4.731 6.315
1_8 -6.7 3.911 6.409
1_9 -6.6 4.224 6.648
13_1 -7.0 0.000 0.000
13_2 -6.9 2.133 4.909
13_3 -6.7 2.267 5.066
13_4 -6.7 2.443 4.788
13_5 -6.7 1.582 2.031
13_6 -6.6 2.107 4.910
13_7 -6.5 2.252 5.348
13_8 -6.4 2.723 5.418
13_9 -6.4 2.201 5.678
58_1 -8.9 0.000 0.000
58_2 -8.5 3.701 6.329
58_3 -8.3 2.027 2.444
58_4 -8.3 2.789 4.106
58_5 -8.1 4.637 8.263
58_6 -8.1 2.558 6.161
58_7 -8.1 3.393 6.084
58_8 -7.8 2.001 5.165
58_9 -7.7 4.028 6.274
35_1 -6.8 0.000 0.000
35_2 -6.8 2.059 4.957
35_3 -6.7 2.264 5.462
35_4 -6.6 2.387 6.031
35_5 -6.4 2.213 6.063
35_6 -6.4 2.109 3.006
35_7 -6.4 1.829 5.150
35_8 -6.3 2.447 6.059
35_9 -6.3 2.397 5.543
73_1 -8.4 0.000 0.000
73_2 -8.0 4.639 6.525
73_3 -7.8 4.155 6.322
73_4 -7.6 3.498 5.928
73_5 -7.3 4.214 6.995
73_6 -7.3 2.842 4.812
73_7 -7.1 3.350 4.499
73_8 -6.7 2.850 5.559
73_9 -6.7 4.431 7.386
15_1 -7.6 0.000 0.000
15_2 -7.5 1.730 2.066
15_3 -7.4 2.089 5.030
15_4 -7.2 3.164 5.729
15_5 -6.9 2.835 7.150
15_6 -6.9 3.122 5.632
15_7 -6.8 2.957 6.553
15_8 -6.8 2.468 7.080
15_9 -6.7 3.265 5.582
47_1 -8.0 0.000 0.000
47_2 -8.0 1.278 1.453
47_3 -7.8 3.637 6.128
47_4 -7.5 2.777 5.358
47_5 -7.4 1.671 2.228
47_6 -7.3 3.683 5.657
47_7 -7.1 4.151 6.549
47_8 -7.1 4.151 6.291
47_9 -7.0 3.507 4.677
80_1 -7.6 0.000 0.000
80_2 -7.3 3.458 6.496
80_3 -7.2 3.903 6.063
80_4 -7.1 3.433 5.269
80_5 -7.0 3.782 6.242
80_6 -6.9 3.575 6.088
80_7 -6.8 4.134 6.524
80_8 -6.7 3.412 5.568
80_9 -6.4 3.801 6.457
63_1 -7.6 0.000 0.000
63_2 -7.6 4.366 7.211
63_3 -7.6 3.408 5.770
63_4 -7.5 0.831 1.300
63_5 -7.3 1.649 2.234
63_6 -7.1 4.008 6.653
63_7 -6.9 3.330 5.873
63_8 -6.8 2.100 3.185
63_9 -6.8 4.179 6.592
68_1 -7.9 0.000 0.000
68_2 -7.9 4.003 6.402
68_3 -7.8 1.358 2.088
68_4 -7.7 3.100 6.321
68_5 -7.6 1.802 2.575
68_6 -7.5 3.289 6.359
68_7 -7.2 4.085 5.843
68_8 -7.2 4.265 7.262
68_9 -7.2 2.820 5.172
28_1 -7.9 0.000 0.000
28_2 -7.8 1.666 2.225
28_3 -7.6 3.896 5.860
28_4 -7.4 2.104 4.878
28_5 -7.1 3.652 5.885
28_6 -7.0 4.218 5.863
28_7 -6.9 2.183 2.969
28_8 -6.8 4.577 6.716
28_9 -6.8 2.432 3.217
