82_1 -8.0 0.000 0.000
82_2 -7.9 1.361 2.150
82_3 -7.6 2.123 4.800
82_4 -7.4 3.614 5.903
82_5 -7.3 3.084 4.557
82_6 -7.3 3.379 6.212
82_7 -7.3 3.917 6.150
82_8 -7.1 3.389 5.013
82_9 -7.1 3.283 6.259
50_1 -8.4 0.000 0.000
50_2 -7.8 3.927 5.944
50_3 -7.7 1.855 4.791
50_4 -7.5 1.835 4.803
50_5 -7.1 4.227 6.444
50_6 -7.1 1.970 2.343
50_7 -7.0 3.314 6.005
50_8 -6.7 4.269 5.883
50_9 -6.5 2.509 4.207
3_1 -7.8 0.000 0.000
3_2 -7.8 1.462 2.274
3_3 -7.7 3.030 4.079
3_4 -7.6 2.467 4.865
3_5 -7.5 2.290 2.955
3_6 -7.3 4.070 6.949
3_7 -7.3 3.901 5.638
3_8 -7.3 4.179 6.771
3_9 -7.3 3.930 6.962
37_1 -8.0 0.000 0.000
37_2 -7.9 1.374 2.413
37_3 -7.5 2.165 4.747
37_4 -7.4 3.607 5.898
37_5 -7.3 3.403 6.217
37_6 -7.1 3.276 6.258
37_7 -7.0 2.002 4.957
37_8 -6.9 3.611 6.443
37_9 -6.9 3.688 6.137
2_1 -8.4 0.000 0.000
2_2 -7.9 3.950 5.942
2_3 -7.7 1.845 4.905
2_4 -7.5 1.832 2.135
2_5 -7.4 1.766 4.849
2_6 -7.0 1.918 2.256
2_7 -6.9 3.638 6.218
2_8 -6.8 3.907 5.934
2_9 -6.5 4.067 6.695
45_1 -7.7 0.000 0.000
45_2 -7.1 4.334 6.913
45_3 -7.0 3.627 5.579
45_4 -7.0 4.121 6.992
45_5 -6.7 4.142 6.597
45_6 -6.7 4.094 6.975
45_7 -6.4 4.421 7.336
45_8 -6.3 4.524 7.504
45_9 -6.2 4.516 6.177
17_1 -7.1 0.000 0.000
17_2 -7.1 2.501 5.200
17_3 -6.7 2.462 5.047
17_4 -6.6 2.741 5.929
17_5 -6.6 3.902 6.567
17_6 -6.6 2.577 5.547
17_7 -6.5 3.123 5.553
17_8 -6.3 2.860 4.908
17_9 -6.3 2.519 5.570
4_1 -7.2 0.000 0.000
4_2 -7.1 2.052 4.820
4_3 -6.8 1.852 5.153
4_4 -6.5 2.474 3.502
4_5 -6.5 2.203 5.387
4_6 -6.4 2.796 5.266
4_7 -6.4 1.887 5.215
4_8 -6.3 1.944 5.004
4_9 -6.3 2.774 4.465
14_1 -7.3 0.000 0.000
14_2 -7.1 0.900 1.399
14_3 -7.0 3.180 5.627
14_4 -6.9 2.545 5.167
14_5 -6.8 3.103 3.945
14_6 -6.7 3.184 6.106
14_7 -6.7 3.104 5.771
14_8 -6.6 3.600 6.346
14_9 -6.6 2.940 5.001
46_1 -8.3 0.000 0.000
46_2 -8.2 1.504 1.973
46_3 -8.1 2.018 5.075
46_4 -8.1 2.935 5.468
46_5 -7.7 4.250 7.142
46_6 -7.7 1.825 2.540
46_7 -7.6 1.560 1.896
46_8 -7.5 2.314 5.133
46_9 -7.4 4.341 7.666
26_1 -7.3 0.000 0.000
26_2 -6.9 3.166 5.638
26_3 -6.9 1.736 2.068
26_4 -6.8 3.120 5.779
26_5 -6.7 3.194 6.077
26_6 -6.6 3.617 6.374
26_7 -6.5 3.431 6.611
26_8 -6.4 2.506 3.028
26_9 -6.4 3.975 5.889
53_1 -9.3 0.000 0.000
53_2 -9.1 1.578 5.393
53_3 -8.8 1.628 5.331
53_4 -8.7 1.765 2.514
53_5 -8.5 4.038 6.968
53_6 -8.4 3.573 7.018
53_7 -8.4 1.777 4.907
53_8 -8.2 4.097 6.981
53_9 -7.7 4.434 6.787
19_1 -7.3 0.000 0.000
19_2 -7.0 3.181 5.627
19_3 -6.9 2.538 5.168
19_4 -6.8 3.104 3.947
19_5 -6.8 3.122 5.761
19_6 -6.7 3.186 6.068
19_7 -6.7 3.612 6.369
19_8 -6.6 3.387 6.394
19_9 -6.6 1.701 2.191
72_1 -8.1 0.000 0.000
72_2 -7.8 2.135 2.888
72_3 -7.7 2.602 5.298
72_4 -7.6 1.514 1.932
72_5 -7.4 4.190 7.621
72_6 -7.1 3.897 6.483
72_7 -6.8 3.508 5.946
72_8 -6.8 1.932 4.794
72_9 -6.8 2.558 5.146
20_1 -8.3 0.000 0.000
20_2 -8.0 1.553 2.079
20_3 -7.8 1.717 4.842
20_4 -7.8 3.467 5.397
20_5 -7.6 2.042 5.034
20_6 -7.5 1.311 1.635
20_7 -7.4 3.789 6.130
20_8 -7.3 1.402 1.687
20_9 -7.2 2.021 5.036
10_1 -8.5 0.000 0.000
10_2 -7.8 1.789 4.920
10_3 -7.8 2.086 4.937
10_4 -7.7 1.830 4.796
10_5 -7.6 3.853 5.954
10_6 -7.1 2.136 4.473
10_7 -6.9 2.421 5.019
10_8 -6.8 1.908 2.201
10_9 -6.7 1.675 2.229
70_1 -8.3 0.000 0.000
70_2 -8.1 1.336 1.579
70_3 -8.0 0.227 1.281
70_4 -7.9 3.494 4.702
70_5 -7.7 2.136 3.944
70_6 -7.6 3.952 6.022
70_7 -7.5 1.786 2.575
70_8 -7.5 4.326 6.470
70_9 -7.3 2.245 3.260
43_1 -7.8 0.000 0.000
43_2 -7.8 1.411 1.935
43_3 -7.4 3.955 6.288
43_4 -7.4 3.615 5.737
43_5 -7.2 3.463 6.298
43_6 -7.1 3.633 6.155
43_7 -7.0 2.691 5.420
43_8 -6.9 2.404 3.323
43_9 -6.7 3.158 5.987
21_1 -7.0 0.000 0.000
21_2 -7.0 2.516 5.190
21_3 -6.6 2.391 5.406
21_4 -6.4 2.311 6.066
21_5 -6.4 2.089 5.257
21_6 -6.3 1.935 5.263
21_7 -6.3 2.344 4.809
21_8 -6.2 2.297 5.019
21_9 -6.2 2.402 6.197
34_1 -8.0 0.000 0.000
34_2 -7.9 3.079 5.413
34_3 -7.5 4.310 7.291
34_4 -7.4 1.860 2.554
34_5 -7.3 2.595 4.407
34_6 -7.2 4.257 6.373
34_7 -7.2 3.691 6.141
34_8 -7.1 1.980 2.482
34_9 -6.7 3.370 5.833
42_1 -8.3 0.000 0.000
42_2 -8.2 1.114 1.638
42_3 -8.0 2.001 5.075
42_4 -7.6 3.796 5.764
42_5 -7.6 2.146 4.850
42_6 -7.6 4.004 6.779
42_7 -7.6 4.100 6.747
42_8 -7.5 4.136 6.438
42_9 -7.4 4.072 6.948
41_1 -8.3 0.000 0.000
41_2 -8.0 0.790 1.394
41_3 -7.8 4.084 7.277
41_4 -7.6 2.699 5.205
41_5 -7.6 2.456 3.445
41_6 -7.4 3.909 6.018
41_7 -6.9 3.532 5.955
41_8 -6.5 3.806 5.095
41_9 -6.1 2.447 5.359
16_1 -8.3 0.000 0.000
16_2 -8.1 1.534 1.992
16_3 -7.9 1.726 4.803
16_4 -7.8 3.480 5.427
16_5 -7.5 1.983 5.065
16_6 -7.3 3.788 6.168
16_7 -7.2 3.827 6.098
16_8 -7.1 2.020 5.034
16_9 -7.0 4.308 6.185
55_1 -7.7 0.000 0.000
55_2 -7.6 3.609 5.664
55_3 -7.5 0.497 1.296
55_4 -7.5 1.339 1.786
55_5 -7.4 4.144 6.747
55_6 -7.3 3.949 6.999
55_7 -7.2 4.025 7.182
55_8 -6.9 3.106 5.297
55_9 -6.7 4.103 6.694
5_1 -7.3 0.000 0.000
5_2 -6.9 2.558 5.197
5_3 -6.9 3.173 5.487
5_4 -6.8 3.375 6.528
5_5 -6.8 3.110 3.944
5_6 -6.7 3.601 6.687
5_7 -6.6 3.091 6.141
5_8 -6.6 2.929 4.915
5_9 -6.5 1.736 2.140
48_1 -8.4 0.000 0.000
48_2 -8.0 4.282 7.380
48_3 -7.6 4.243 8.080
48_4 -7.5 1.652 2.329
48_5 -7.2 2.451 4.418
48_6 -6.6 4.945 8.064
48_7 -6.6 3.719 5.263
48_8 -6.5 3.763 6.053
48_9 -6.4 2.093 2.846
76_1 -7.9 0.000 0.000
76_2 -7.7 0.957 1.446
76_3 -7.6 3.657 5.533
76_4 -7.5 4.209 6.868
76_5 -7.3 4.111 7.252
76_6 -7.2 2.579 5.732
76_7 -7.1 4.079 6.910
76_8 -6.9 3.950 5.777
76_9 -6.9 3.139 4.259
11_1 -8.5 0.000 0.000
11_2 -7.9 3.977 5.949
11_3 -7.7 1.853 4.810
11_4 -7.4 1.839 4.782
11_5 -7.0 3.529 6.227
11_6 -6.9 3.924 6.007
11_7 -6.8 4.321 5.863
11_8 -6.6 4.199 6.021
11_9 -6.5 4.017 6.497
40_1 -8.8 0.000 0.000
40_2 -7.9 2.615 5.404
40_3 -7.7 2.589 5.450
40_4 -7.6 4.095 6.132
40_5 -7.4 3.948 6.340
40_6 -7.3 1.766 2.327
40_7 -7.2 3.741 6.091
40_8 -7.1 4.175 6.529
40_9 -7.0 2.940 5.933
36_1 -8.5 0.000 0.000
36_2 -7.8 3.858 5.980
36_3 -7.8 1.790 4.913
36_4 -7.0 1.375 1.687
36_5 -6.9 3.449 6.112
36_6 -6.8 3.805 6.225
36_7 -6.8 2.260 5.324
36_8 -6.8 3.900 6.535
36_9 -6.6 1.903 2.356
49_1 -8.5 0.000 0.000
49_2 -7.9 3.872 5.996
49_3 -7.8 1.790 4.946
49_4 -7.5 1.904 4.850
49_5 -7.5 1.960 2.660
49_6 -7.4 4.367 6.531
49_7 -7.1 1.762 2.283
49_8 -7.0 2.338 5.381
49_9 -6.9 3.496 6.169
56_1 -8.1 0.000 0.000
56_2 -7.8 1.877 2.595
56_3 -7.7 2.550 5.130
56_4 -7.6 1.390 2.111
56_5 -7.1 3.421 5.783
56_6 -7.1 3.867 6.444
56_7 -7.1 1.180 1.882
56_8 -7.0 2.158 3.785
56_9 -6.9 1.651 2.225
65_1 -8.3 0.000 0.000
65_2 -8.0 1.714 2.234
65_3 -7.9 3.556 4.851
65_4 -7.7 2.024 4.130
65_5 -7.6 4.028 6.124
65_6 -7.4 1.761 4.488
65_7 -7.2 3.617 5.536
65_8 -7.1 1.873 4.199
65_9 -6.9 4.226 6.264
52_1 -8.0 0.000 0.000
52_2 -7.9 1.363 2.135
52_3 -7.5 2.274 4.792
52_4 -7.4 3.623 5.919
52_5 -7.3 3.396 6.211
52_6 -7.1 3.731 6.012
52_7 -7.1 3.249 6.253
52_8 -7.0 4.592 7.246
52_9 -7.0 1.994 4.934
81_1 -9.3 0.000 0.000
81_2 -9.2 1.539 5.430
81_3 -9.0 1.199 1.570
81_4 -8.8 1.449 5.411
81_5 -8.5 3.873 6.521
81_6 -8.5 3.576 7.006
81_7 -8.3 2.092 4.237
81_8 -8.1 2.092 5.517
81_9 -8.0 1.942 4.995
75_1 -8.2 0.000 0.000
75_2 -7.9 0.265 1.551
75_3 -7.8 1.489 1.865
75_4 -7.7 3.800 5.124
75_5 -7.7 1.775 2.589
75_6 -7.5 2.051 4.133
75_7 -7.4 4.009 6.082
75_8 -7.3 3.601 5.345
75_9 -7.3 3.986 5.450
27_1 -7.2 0.000 0.000
27_2 -7.2 2.057 4.828
27_3 -6.9 1.986 4.547
27_4 -6.6 1.939 5.260
27_5 -6.5 1.825 5.243
27_6 -6.4 2.585 3.653
27_7 -6.4 2.116 5.348
27_8 -6.3 2.441 6.062
27_9 -6.3 2.014 5.117
24_1 -7.3 0.000 0.000
24_2 -7.0 3.177 5.630
24_3 -6.8 2.525 5.149
24_4 -6.8 3.337 6.428
24_5 -6.8 3.125 5.763
24_6 -6.8 3.094 3.949
24_7 -6.6 1.505 1.636
24_8 -6.6 3.573 6.291
24_9 -6.5 3.330 6.695
54_1 -8.2 0.000 0.000
54_2 -8.2 0.930 1.571
54_3 -7.8 3.538 4.830
54_4 -7.8 1.614 2.171
54_5 -7.6 2.028 4.114
54_6 -7.4 4.348 6.479
54_7 -7.4 3.029 5.847
54_8 -7.4 1.891 2.798
54_9 -7.3 2.018 4.503
57_1 -8.0 0.000 0.000
57_2 -7.7 3.605 5.570
57_3 -7.6 4.306 6.987
57_4 -7.6 4.330 7.238
57_5 -7.3 4.371 7.238
57_6 -7.3 2.713 5.749
57_7 -7.2 2.965 5.541
57_8 -7.0 4.383 6.846
57_9 -7.0 1.489 2.057
23_1 -7.2 0.000 0.000
23_2 -7.1 2.037 4.820
23_3 -6.6 1.900 5.196
23_4 -6.5 1.857 5.248
23_5 -6.5 1.902 5.200
23_6 -6.4 1.226 1.695
23_7 -6.3 1.926 4.544
23_8 -6.3 2.047 5.316
23_9 -6.3 2.098 6.106
77_1 -8.0 0.000 0.000
77_2 -8.0 1.439 2.031
77_3 -7.5 3.726 6.060
77_4 -7.4 3.836 6.137
77_5 -7.4 1.303 2.055
77_6 -7.3 3.642 6.205
77_7 -7.1 2.061 4.967
77_8 -7.1 2.414 3.363
77_9 -7.0 2.979 4.318
51_1 -8.5 0.000 0.000
51_2 -8.3 0.366 1.277
51_3 -7.9 3.875 5.973
51_4 -7.8 1.783 4.921
51_5 -7.8 1.819 4.794
51_6 -7.5 4.367 6.624
51_7 -7.2 2.323 5.366
51_8 -6.9 3.729 5.908
51_9 -6.8 1.554 2.049
33_1 -8.4 0.000 0.000
33_2 -7.8 3.947 5.954
33_3 -7.8 1.828 4.775
33_4 -7.3 4.335 6.455
33_5 -7.0 3.278 5.978
33_6 -6.9 2.160 5.160
33_7 -6.8 1.206 1.640
33_8 -6.7 3.887 6.572
33_9 -6.6 2.038 2.467
79_1 -8.3 0.000 0.000
79_2 -7.9 1.423 2.072
79_3 -7.9 3.740 5.090
79_4 -7.7 2.063 4.064
79_5 -7.6 3.115 5.842
79_6 -7.6 4.376 6.527
79_7 -7.5 3.583 5.515
79_8 -7.5 3.637 5.320
79_9 -7.4 2.028 4.206
71_1 -7.8 0.000 0.000
71_2 -7.4 4.045 7.242
71_3 -7.3 4.198 6.789
71_4 -7.3 3.640 5.690
71_5 -7.1 3.968 7.041
71_6 -6.7 4.460 7.247
71_7 -6.7 4.038 6.653
71_8 -6.7 4.103 7.329
71_9 -6.7 3.955 6.832
39_1 -8.0 0.000 0.000
39_2 -7.7 4.212 6.785
39_3 -7.5 4.230 7.121
39_4 -7.3 3.106 6.089
39_5 -7.1 3.407 5.327
39_6 -7.1 1.458 2.099
39_7 -6.8 4.246 6.817
39_8 -6.7 4.376 6.701
39_9 -6.7 2.656 3.933
8_1 -7.0 0.000 0.000
8_2 -7.0 2.518 5.233
8_3 -6.5 2.312 6.105
8_4 -6.4 3.020 5.306
8_5 -6.4 2.079 5.285
8_6 -6.4 1.961 5.214
8_7 -6.2 2.246 5.250
8_8 -6.2 2.499 4.847
8_9 -6.2 2.367 5.272
7_1 -8.3 0.000 0.000
7_2 -8.1 1.609 2.050
7_3 -7.8 1.848 4.861
7_4 -7.8 3.480 5.430
7_5 -7.5 2.070 5.054
7_6 -7.3 1.630 2.053
7_7 -7.0 3.448 5.626
7_8 -7.0 3.747 5.864
7_9 -6.9 4.374 5.937
9_1 -8.5 0.000 0.000
9_2 -7.9 3.866 5.986
9_3 -7.8 1.782 4.928
9_4 -7.8 1.826 4.849
9_5 -7.1 4.357 6.494
9_6 -7.0 1.546 2.079
9_7 -6.9 3.544 6.201
9_8 -6.6 4.002 6.519
9_9 -6.6 4.354 7.064
29_1 -7.2 0.000 0.000
29_2 -7.2 2.071 4.817
29_3 -6.6 1.953 5.270
29_4 -6.4 1.921 4.530
29_5 -6.4 2.229 5.060
29_6 -6.3 2.434 6.059
29_7 -6.1 2.131 5.465
29_8 -6.1 2.211 5.347
29_9 -6.0 2.172 5.223
74_1 -9.3 0.000 0.000
74_2 -9.3 1.496 5.387
74_3 -9.2 1.272 1.992
74_4 -9.0 1.457 5.397
74_5 -8.8 1.844 2.448
74_6 -8.7 3.310 6.250
74_7 -8.7 3.909 6.465
74_8 -8.5 3.507 7.013
74_9 -8.3 4.069 7.033
62_1 -7.7 0.000 0.000
62_2 -7.2 1.273 1.731
62_3 -7.0 4.204 7.131
62_4 -7.0 1.080 1.936
62_5 -7.0 4.284 6.790
62_6 -6.8 3.052 5.094
62_7 -6.8 4.058 6.920
62_8 -6.7 2.555 5.209
62_9 -6.6 2.427 5.210
78_1 -9.3 0.000 0.000
78_2 -9.2 1.168 1.762
78_3 -9.0 1.609 5.402
78_4 -8.9 1.497 5.387
78_5 -8.7 3.998 6.869
78_6 -8.5 1.895 4.962
78_7 -8.2 1.846 5.641
78_8 -8.2 3.592 7.017
78_9 -8.1 3.690 6.303
60_1 -7.8 0.000 0.000
60_2 -7.8 1.310 1.954
60_3 -7.4 3.626 5.454
60_4 -7.4 4.166 6.659
60_5 -7.2 1.409 2.106
60_6 -7.2 2.286 5.340
60_7 -7.1 4.022 7.055
60_8 -7.1 3.076 5.335
60_9 -6.8 4.475 7.043
64_1 -9.0 0.000 0.000
64_2 -8.9 1.566 5.345
64_3 -8.9 2.173 5.260
64_4 -8.6 1.839 5.550
64_5 -8.5 1.297 1.901
64_6 -8.2 3.606 6.932
64_7 -8.2 3.829 6.879
64_8 -8.2 3.257 6.377
64_9 -8.1 2.306 3.778
31_1 -7.3 0.000 0.000
31_2 -6.8 3.306 6.432
31_3 -6.8 3.068 3.827
31_4 -6.7 3.129 5.783
31_5 -6.7 3.182 6.074
31_6 -6.5 3.256 6.008
31_7 -6.5 3.617 6.432
31_8 -6.5 1.763 2.209
31_9 -6.4 3.949 6.644
59_1 -8.8 0.000 0.000
59_2 -7.9 2.618 5.379
59_3 -7.8 3.439 6.068
59_4 -7.6 2.573 5.525
59_5 -7.3 3.741 5.895
59_6 -7.2 4.081 6.611
59_7 -7.1 4.119 6.161
59_8 -7.1 2.129 2.731
59_9 -6.7 2.755 5.639
18_1 -7.2 0.000 0.000
18_2 -7.1 2.026 4.805
18_3 -6.6 1.895 5.157
18_4 -6.5 1.828 5.284
18_5 -6.4 2.102 4.969
18_6 -6.3 2.426 5.996
18_7 -6.3 2.099 6.100
18_8 -6.3 2.374 4.130
18_9 -6.2 2.753 5.136
61_1 -7.6 0.000 0.000
61_2 -7.6 3.590 5.585
61_3 -7.4 3.861 6.210
61_4 -7.3 4.227 6.574
61_5 -7.3 3.962 7.324
61_6 -7.2 3.933 6.091
61_7 -7.0 4.196 7.204
61_8 -6.7 4.080 6.938
61_9 -6.7 4.217 6.568
22_1 -8.5 0.000 0.000
22_2 -7.8 3.869 5.975
22_3 -7.8 1.785 4.901
22_4 -7.7 1.832 4.840
22_5 -7.1 4.249 6.500
22_6 -7.0 1.630 2.071
22_7 -6.9 3.435 6.089
22_8 -6.7 3.995 6.264
22_9 -6.5 3.951 6.386
69_1 -9.2 0.000 0.000
69_2 -9.1 1.613 5.429
69_3 -8.8 1.313 1.780
69_4 -8.5 3.848 7.736
69_5 -8.4 2.194 5.173
69_6 -8.4 3.836 6.882
69_7 -8.3 3.403 6.605
69_8 -8.3 2.527 5.413
69_9 -8.2 3.398 6.398
6_1 -8.0 0.000 0.000
6_2 -7.5 1.907 4.869
6_3 -7.4 1.821 4.932
6_4 -7.3 1.718 2.010
6_5 -7.3 2.777 5.520
6_6 -7.0 3.068 6.220
6_7 -6.8 2.553 6.908
6_8 -6.8 2.338 5.041
6_9 -6.7 3.191 6.765
30_1 -8.5 0.000 0.000
30_2 -7.8 3.868 5.986
30_3 -7.8 2.034 4.937
30_4 -7.8 1.772 4.906
30_5 -7.7 1.827 4.795
30_6 -6.8 3.517 6.168
30_7 -6.7 2.624 5.645
30_8 -6.5 2.156 4.908
30_9 -6.5 3.874 6.019
32_1 -8.5 0.000 0.000
32_2 -7.9 0.732 1.408
32_3 -7.9 3.876 5.991
32_4 -7.7 1.812 4.844
32_5 -7.4 1.915 4.832
32_6 -7.3 4.402 6.564
32_7 -7.0 3.771 5.824
32_8 -6.6 3.921 6.385
32_9 -6.6 4.370 6.143
66_1 -7.8 0.000 0.000
66_2 -7.7 3.577 5.630
66_3 -7.4 4.171 6.793
66_4 -7.3 4.040 7.051
66_5 -7.3 4.005 6.368
66_6 -7.2 2.768 5.179
66_7 -7.1 3.585 5.429
66_8 -7.0 4.099 6.875
66_9 -7.0 4.190 6.814
44_1 -7.8 0.000 0.000
44_2 -7.5 3.596 5.622
44_3 -7.3 4.137 6.700
44_4 -7.3 3.975 7.115
44_5 -7.2 3.932 7.069
44_6 -7.0 2.694 5.667
44_7 -6.9 1.404 2.139
44_8 -6.9 4.050 6.709
44_9 -6.8 4.410 6.835
38_1 -7.7 0.000 0.000
38_2 -7.6 3.627 5.644
38_3 -7.4 4.171 6.896
38_4 -7.4 3.955 7.086
38_5 -7.2 1.388 1.909
38_6 -7.0 4.041 6.802
38_7 -6.9 2.385 3.191
38_8 -6.9 3.833 6.911
38_9 -6.9 1.139 1.873
25_1 -8.3 0.000 0.000
25_2 -8.1 1.665 2.101
25_3 -7.8 3.470 5.410
25_4 -7.8 1.744 4.876
25_5 -7.6 2.051 5.024
25_6 -7.4 3.820 6.202
25_7 -7.0 3.244 5.682
25_8 -7.0 4.524 5.950
25_9 -7.0 3.448 5.587
67_1 -7.9 0.000 0.000
67_2 -7.5 1.448 2.116
67_3 -7.5 4.321 7.264
67_4 -7.4 4.305 6.943
67_5 -7.4 3.644 5.491
67_6 -7.3 2.999 6.065
67_7 -7.2 3.888 6.017
67_8 -7.1 4.346 6.607
67_9 -6.9 1.975 2.455
12_1 -7.8 0.000 0.000
12_2 -7.8 2.294 2.855
12_3 -7.6 1.860 4.913
12_4 -7.3 3.831 6.415
12_5 -7.2 4.144 6.395
12_6 -7.1 2.355 3.161
12_7 -7.0 3.724 5.765
12_8 -6.9 2.124 4.060
12_9 -6.9 4.349 6.274
1_1 -8.5 0.000 0.000
1_2 -7.9 3.865 5.984
1_3 -7.8 1.771 4.938
1_4 -7.7 2.028 4.985
1_5 -7.0 3.689 5.831
1_6 -7.0 4.055 6.109
1_7 -6.9 3.489 6.136
1_8 -6.7 1.748 4.862
1_9 -6.5 3.987 6.466
13_1 -7.2 0.000 0.000
13_2 -7.1 2.109 4.777
13_3 -6.7 1.893 5.159
13_4 -6.4 2.592 3.638
13_5 -6.3 2.010 3.296
13_6 -6.3 2.295 6.094
13_7 -6.3 2.099 6.113
13_8 -6.2 2.158 5.115
13_9 -6.2 2.233 5.165
58_1 -9.3 0.000 0.000
58_2 -9.2 1.218 1.906
58_3 -9.0 1.806 5.775
58_4 -9.0 3.858 6.614
58_5 -8.8 1.932 5.234
58_6 -8.6 3.508 7.266
58_7 -8.4 2.531 6.205
58_8 -8.4 3.557 7.089
58_9 -7.9 2.589 5.740
35_1 -7.2 0.000 0.000
35_2 -7.2 2.070 4.793
35_3 -6.6 1.870 5.124
35_4 -6.5 2.200 5.371
35_5 -6.5 1.812 5.263
35_6 -6.4 2.789 5.194
35_7 -6.4 1.303 1.718
35_8 -6.3 2.431 6.004
35_9 -6.3 2.240 5.086
73_1 -8.3 0.000 0.000
73_2 -8.2 2.155 4.908
73_3 -8.2 1.349 1.701
73_4 -7.9 1.869 4.781
73_5 -7.5 4.538 6.866
73_6 -7.2 4.156 7.185
73_7 -7.1 3.605 5.881
73_8 -7.1 4.364 7.417
73_9 -7.0 4.281 6.291
15_1 -8.0 0.000 0.000
15_2 -7.5 1.897 4.870
15_3 -7.4 1.796 4.991
15_4 -7.1 2.816 5.630
15_5 -7.0 2.191 5.039
15_6 -6.8 2.951 6.129
15_7 -6.6 3.068 7.373
15_8 -6.6 2.773 5.992
15_9 -6.4 2.744 5.764
47_1 -8.8 0.000 0.000
47_2 -8.8 0.111 1.181
47_3 -7.9 2.628 5.414
47_4 -7.8 3.434 6.063
47_5 -7.7 2.595 5.460
47_6 -7.5 4.054 6.148
47_7 -7.4 3.937 6.319
47_8 -7.1 4.060 6.606
47_9 -7.1 3.973 6.444
80_1 -7.8 0.000 0.000
80_2 -7.7 1.290 1.877
80_3 -7.5 3.772 6.055
80_4 -7.3 3.666 5.819
80_5 -7.2 3.361 6.431
80_6 -7.1 3.622 6.173
80_7 -7.1 2.080 4.961
80_8 -7.0 3.617 5.732
80_9 -6.7 4.232 6.473
63_1 -8.0 0.000 0.000
63_2 -7.6 4.311 7.206
63_3 -7.6 4.272 6.884
63_4 -7.6 1.441 2.165
63_5 -7.6 3.532 5.584
63_6 -7.4 1.037 1.956
63_7 -7.4 2.710 5.740
63_8 -7.3 2.904 5.568
63_9 -7.3 4.391 7.376
68_1 -8.6 0.000 0.000
68_2 -8.5 1.536 2.154
68_3 -8.5 1.787 4.762
68_4 -8.0 2.507 4.918
68_5 -7.9 2.203 4.117
68_6 -7.8 4.310 7.253
68_7 -7.8 2.287 4.850
68_8 -7.8 2.406 4.087
68_9 -7.5 4.047 6.918
28_1 -8.5 0.000 0.000
28_2 -7.8 3.885 5.998
28_3 -7.7 1.803 4.879
28_4 -7.4 4.357 6.494
28_5 -7.0 2.165 4.511
28_6 -6.9 3.493 6.184
28_7 -6.9 3.750 5.964
28_8 -6.8 4.064 6.154
28_9 -6.8 3.894 6.522
