82_1 -8.1 0.000 0.000
82_2 -7.8 3.463 5.019
82_3 -7.7 1.409 1.974
82_4 -7.7 3.608 5.614
82_5 -7.4 3.900 5.983
82_6 -7.3 4.480 7.565
82_7 -7.2 3.984 6.894
82_8 -7.2 2.238 3.176
82_9 -7.1 4.009 6.937
50_1 -8.1 0.000 0.000
50_2 -7.7 3.832 5.853
50_3 -7.4 4.001 5.921
50_4 -7.1 3.203 5.927
50_5 -7.1 4.171 6.331
50_6 -7.0 1.916 4.964
50_7 -6.9 2.198 4.963
50_8 -6.8 3.983 6.984
50_9 -6.5 3.872 5.928
3_1 -7.9 0.000 0.000
3_2 -7.7 3.450 4.937
3_3 -7.3 3.750 5.741
3_4 -7.3 3.246 5.653
3_5 -7.3 4.017 7.037
3_6 -7.2 1.468 2.340
3_7 -7.2 4.031 7.047
3_8 -7.0 2.297 4.843
3_9 -7.0 2.991 4.229
37_1 -8.1 0.000 0.000
37_2 -7.7 3.393 4.674
37_3 -7.6 1.339 1.721
37_4 -7.5 3.883 5.951
37_5 -7.4 1.552 2.369
37_6 -7.3 3.556 5.545
37_7 -7.3 4.052 7.052
37_8 -7.2 4.211 6.735
37_9 -7.1 4.087 6.986
2_1 -8.1 0.000 0.000
2_2 -7.6 3.854 5.861
2_3 -7.1 1.916 5.022
2_4 -7.1 3.269 5.996
2_5 -7.1 2.051 4.944
2_6 -6.6 4.313 6.683
2_7 -6.4 2.244 4.240
2_8 -6.3 3.968 6.974
2_9 -6.2 1.491 1.993
45_1 -7.8 0.000 0.000
45_2 -7.4 0.833 1.124
45_3 -7.4 4.360 7.442
45_4 -7.3 4.328 7.631
45_5 -7.3 4.164 7.109
45_6 -7.3 3.601 4.950
45_7 -7.2 4.365 6.839
45_8 -7.1 4.282 6.775
45_9 -6.9 3.206 6.161
17_1 -6.8 0.000 0.000
17_2 -6.5 2.223 4.714
17_3 -6.5 2.106 3.218
17_4 -6.4 2.285 3.756
17_5 -6.3 2.362 5.417
17_6 -6.3 2.254 4.930
17_7 -6.3 2.780 5.571
17_8 -6.1 1.471 2.020
17_9 -6.0 2.870 5.402
4_1 -6.9 0.000 0.000
4_2 -6.6 2.014 4.739
4_3 -6.5 2.259 5.435
4_4 -6.4 2.022 5.163
4_5 -6.3 1.883 3.188
4_6 -6.3 2.268 4.410
4_7 -6.1 1.791 2.390
4_8 -6.0 2.395 4.144
4_9 -6.0 1.902 2.567
14_1 -6.9 0.000 0.000
14_2 -6.8 1.351 1.997
14_3 -6.8 3.587 6.260
14_4 -6.5 3.140 5.850
14_5 -6.4 1.181 1.680
14_6 -6.4 3.233 3.882
14_7 -6.4 1.613 2.079
14_8 -6.3 3.749 6.835
14_9 -6.1 3.250 6.240
46_1 -8.4 0.000 0.000
46_2 -8.3 2.811 5.351
46_3 -8.1 2.758 4.998
46_4 -7.6 4.765 6.918
46_5 -7.2 3.359 5.611
46_6 -7.1 4.254 7.154
46_7 -7.1 4.997 6.996
46_8 -7.0 4.362 5.990
46_9 -7.0 4.206 5.797
26_1 -7.0 0.000 0.000
26_2 -7.0 2.478 4.789
26_3 -6.7 3.081 6.118
26_4 -6.6 3.443 6.439
26_5 -6.6 2.404 5.192
26_6 -6.5 3.408 6.563
26_7 -6.5 3.717 6.728
26_8 -6.4 3.434 6.551
26_9 -6.2 3.663 6.822
53_1 -9.0 0.000 0.000
53_2 -8.7 2.286 5.425
53_3 -8.4 1.692 2.572
53_4 -8.3 1.923 2.486
53_5 -8.2 3.177 5.930
53_6 -8.0 4.142 6.707
53_7 -7.6 1.930 4.943
53_8 -7.5 3.344 5.882
53_9 -7.2 3.995 6.187
19_1 -6.9 0.000 0.000
19_2 -6.9 2.477 4.784
19_3 -6.8 2.502 5.074
19_4 -6.8 3.631 6.307
19_5 -6.6 3.277 6.325
19_6 -6.4 3.395 6.604
19_7 -6.4 3.708 6.719
19_8 -6.3 3.394 6.552
19_9 -6.2 3.646 6.823
72_1 -8.6 0.000 0.000
72_2 -8.3 2.840 5.291
72_3 -7.6 2.321 3.133
72_4 -7.6 3.049 5.412
72_5 -7.6 2.348 4.955
72_6 -7.5 1.428 1.733
72_7 -7.2 5.043 7.965
72_8 -7.1 2.506 4.514
72_9 -7.1 3.981 6.842
20_1 -7.7 0.000 0.000
20_2 -7.6 3.551 5.530
20_3 -7.5 4.281 6.287
20_4 -7.4 1.921 4.650
20_5 -7.3 2.102 2.809
20_6 -7.1 3.646 6.120
20_7 -7.1 2.254 5.205
20_8 -7.1 3.501 5.499
20_9 -6.7 4.289 6.026
10_1 -8.3 0.000 0.000
10_2 -7.8 3.812 5.895
10_3 -7.2 1.843 4.985
10_4 -7.1 3.212 5.977
10_5 -7.0 2.408 4.867
10_6 -6.9 3.959 6.901
10_7 -6.8 4.300 6.754
10_8 -6.6 3.791 5.113
10_9 -6.5 4.217 6.770
70_1 -8.0 0.000 0.000
70_2 -7.7 3.090 5.966
70_3 -7.4 3.460 4.844
70_4 -7.3 4.021 5.931
70_5 -7.3 1.918 4.533
70_6 -7.3 3.638 4.965
70_7 -7.2 4.160 5.598
70_8 -7.2 3.081 5.527
70_9 -7.0 3.576 5.377
43_1 -8.0 0.000 0.000
43_2 -7.7 3.527 4.878
43_3 -7.7 4.134 6.665
43_4 -7.6 1.397 2.270
43_5 -7.5 4.007 7.053
43_6 -7.5 1.409 2.135
43_7 -7.4 4.093 6.977
43_8 -7.3 3.568 5.373
43_9 -7.2 4.244 6.704
21_1 -6.8 0.000 0.000
21_2 -6.5 2.231 4.702
21_3 -6.4 2.115 3.261
21_4 -6.3 2.298 3.754
21_5 -6.3 2.804 5.534
21_6 -6.3 2.472 4.412
21_7 -6.2 2.213 2.714
21_8 -6.2 2.117 5.124
21_9 -6.0 2.467 5.875
34_1 -7.9 0.000 0.000
34_2 -7.7 2.903 5.407
34_3 -7.3 4.025 6.210
34_4 -7.0 1.589 2.303
34_5 -6.7 4.386 6.665
34_6 -6.7 4.469 6.447
34_7 -6.6 1.352 1.600
34_8 -6.6 3.882 6.067
34_9 -6.5 3.480 5.849
42_1 -8.2 0.000 0.000
42_2 -8.0 3.468 4.812
42_3 -8.0 1.332 1.765
42_4 -7.7 4.055 6.951
42_5 -7.6 3.734 5.628
42_6 -7.5 3.793 5.943
42_7 -7.5 2.954 5.644
42_8 -7.4 3.788 5.674
42_9 -7.3 4.071 6.578
41_1 -8.4 0.000 0.000
41_2 -8.2 2.651 5.221
41_3 -7.6 4.188 6.995
41_4 -7.6 3.788 6.063
41_5 -7.4 4.429 7.001
41_6 -7.2 4.003 7.355
41_7 -7.1 4.079 7.039
41_8 -7.1 4.477 6.633
41_9 -6.9 3.405 6.128
16_1 -7.6 0.000 0.000
16_2 -7.5 3.552 5.484
16_3 -7.4 4.288 6.254
16_4 -7.4 1.873 4.586
16_5 -7.2 1.933 2.529
16_6 -7.0 2.166 5.169
16_7 -7.0 3.654 6.095
16_8 -7.0 4.051 6.051
16_9 -6.7 3.020 3.923
55_1 -7.7 0.000 0.000
55_2 -7.7 4.192 7.634
55_3 -7.6 4.028 7.155
55_4 -7.4 3.025 6.213
55_5 -7.2 1.514 2.426
55_6 -7.0 2.945 6.087
55_7 -7.0 4.099 6.665
55_8 -6.9 3.087 3.969
55_9 -6.9 1.894 2.709
5_1 -6.9 0.000 0.000
5_2 -6.9 2.484 4.792
5_3 -6.8 1.338 1.984
5_4 -6.8 3.526 6.417
5_5 -6.6 3.320 6.462
5_6 -6.4 3.777 6.047
5_7 -6.4 3.361 6.667
5_8 -6.4 3.139 5.851
5_9 -6.3 3.870 6.968
48_1 -8.8 0.000 0.000
48_2 -8.3 2.701 5.441
48_3 -8.1 4.863 7.901
48_4 -7.8 3.214 5.814
48_5 -7.7 2.011 5.193
48_6 -7.6 2.467 5.662
48_7 -7.5 2.010 2.687
48_8 -7.4 4.134 7.335
48_9 -7.3 4.662 7.283
76_1 -7.1 0.000 0.000
76_2 -7.1 3.309 4.798
76_3 -6.9 3.586 5.944
76_4 -6.7 2.749 4.239
76_5 -6.6 3.450 4.948
76_6 -6.3 2.169 3.784
76_7 -6.3 4.001 6.193
76_8 -6.3 4.126 6.757
76_9 -6.3 2.201 3.559
11_1 -8.1 0.000 0.000
11_2 -7.6 3.877 5.846
11_3 -7.2 3.143 5.861
11_4 -7.0 4.206 6.334
11_5 -6.7 4.991 7.353
11_6 -6.6 4.495 6.657
11_7 -6.5 2.126 3.006
11_8 -6.5 4.612 6.545
11_9 -6.4 1.608 2.248
40_1 -8.5 0.000 0.000
40_2 -7.8 3.436 6.004
40_3 -7.5 2.520 5.489
40_4 -7.5 4.260 6.496
40_5 -7.2 1.800 2.414
40_6 -7.1 2.662 5.052
40_7 -6.9 3.966 6.274
40_8 -6.9 3.904 5.928
40_9 -6.7 4.055 6.403
36_1 -8.3 0.000 0.000
36_2 -7.8 3.816 5.885
36_3 -7.1 2.103 4.946
36_4 -7.1 1.885 5.045
36_5 -7.0 4.101 6.323
36_6 -6.9 3.962 6.887
36_7 -6.6 4.316 6.755
36_8 -6.4 3.706 5.707
36_9 -6.3 4.182 6.297
49_1 -8.3 0.000 0.000
49_2 -7.8 3.824 5.906
49_3 -7.2 3.295 6.024
49_4 -7.1 4.170 6.293
49_5 -7.0 3.966 6.962
49_6 -6.9 2.330 5.375
49_7 -6.9 1.858 5.020
49_8 -6.9 2.088 4.964
49_9 -6.9 4.814 7.153
56_1 -8.6 0.000 0.000
56_2 -8.4 2.837 5.297
56_3 -7.4 3.252 5.755
56_4 -7.4 3.689 6.423
56_5 -7.3 1.807 5.000
56_6 -7.3 3.708 6.144
56_7 -7.3 4.851 7.823
56_8 -7.2 4.193 6.947
56_9 -7.1 4.959 7.792
65_1 -8.3 0.000 0.000
65_2 -7.8 3.089 5.900
65_3 -7.6 3.764 5.530
65_4 -7.5 4.050 5.970
65_5 -7.5 3.577 5.050
65_6 -7.3 3.584 4.881
65_7 -7.3 4.251 5.768
65_8 -7.2 1.156 1.884
65_9 -7.2 2.079 2.671
52_1 -8.1 0.000 0.000
52_2 -7.6 3.327 4.749
52_3 -7.4 3.850 5.900
52_4 -7.4 0.918 1.607
52_5 -7.3 2.296 5.622
52_6 -7.1 2.073 2.999
52_7 -7.1 3.958 6.905
52_8 -7.0 2.057 5.168
52_9 -7.0 4.208 7.086
81_1 -9.1 0.000 0.000
81_2 -9.1 2.328 5.292
81_3 -8.6 0.861 1.568
81_4 -8.5 2.528 5.066
81_5 -8.5 1.609 5.461
81_6 -8.3 3.448 6.750
81_7 -8.2 2.592 5.334
81_8 -8.0 1.183 1.646
81_9 -8.0 4.352 7.132
75_1 -8.1 0.000 0.000
75_2 -7.8 2.980 5.863
75_3 -7.5 3.965 5.863
75_4 -7.5 3.603 4.908
75_5 -7.4 3.703 5.452
75_6 -7.2 3.103 5.585
75_7 -7.0 3.917 5.802
75_8 -6.8 3.555 6.273
75_9 -6.8 3.962 6.371
27_1 -7.0 0.000 0.000
27_2 -6.8 2.044 4.711
27_3 -6.4 2.038 5.154
27_4 -6.4 2.189 5.360
27_5 -6.3 1.837 2.965
27_6 -6.2 2.198 4.980
27_7 -6.0 2.428 4.145
27_8 -6.0 2.646 5.740
27_9 -6.0 2.969 5.403
24_1 -6.9 0.000 0.000
24_2 -6.9 0.777 1.187
24_3 -6.6 3.347 6.017
24_4 -6.6 2.482 4.779
24_5 -6.6 3.316 6.445
24_6 -6.4 3.280 6.551
24_7 -6.3 1.158 1.657
24_8 -6.3 3.746 6.822
24_9 -6.2 3.307 6.069
54_1 -8.3 0.000 0.000
54_2 -7.8 3.172 6.018
54_3 -7.6 3.693 5.462
54_4 -7.5 3.507 4.971
54_5 -7.4 2.157 3.034
54_6 -7.4 3.687 5.042
54_7 -7.3 2.004 4.001
54_8 -7.2 1.894 4.744
54_9 -7.2 4.099 6.198
57_1 -8.0 0.000 0.000
57_2 -7.9 4.364 7.336
57_3 -7.4 4.546 7.380
57_4 -7.3 3.928 6.318
57_5 -7.3 4.704 7.327
57_6 -7.3 4.406 6.988
57_7 -7.3 4.274 6.574
57_8 -7.2 3.036 5.764
57_9 -7.2 4.403 7.436
23_1 -7.0 0.000 0.000
23_2 -6.8 2.032 5.336
23_3 -6.7 2.013 4.640
23_4 -6.4 1.912 3.411
23_5 -6.4 2.228 4.551
23_6 -6.3 2.058 5.203
23_7 -6.3 2.194 5.192
23_8 -6.1 2.158 5.306
23_9 -6.1 2.635 5.796
77_1 -8.1 0.000 0.000
77_2 -7.6 1.350 2.170
77_3 -7.4 4.198 6.706
77_4 -7.3 0.916 1.508
77_5 -7.3 3.447 5.464
77_6 -7.1 4.113 7.066
77_7 -7.0 4.077 6.571
77_8 -7.0 2.107 5.172
77_9 -7.0 3.325 5.488
51_1 -8.3 0.000 0.000
51_2 -7.8 3.812 5.895
51_3 -7.1 3.220 5.971
51_4 -7.0 1.885 5.033
51_5 -7.0 2.147 5.196
51_6 -6.9 4.324 6.569
51_7 -6.8 2.312 4.912
51_8 -6.7 1.487 2.167
51_9 -6.6 3.818 5.159
33_1 -8.1 0.000 0.000
33_2 -7.7 3.848 5.844
33_3 -7.2 1.917 4.985
33_4 -7.1 2.051 4.925
33_5 -7.1 3.273 5.978
33_6 -6.9 2.375 4.872
33_7 -6.8 1.720 2.393
33_8 -6.8 4.837 7.128
33_9 -6.7 3.939 6.972
79_1 -8.1 0.000 0.000
79_2 -7.8 2.986 5.820
79_3 -7.5 2.060 2.989
79_4 -7.5 3.720 5.333
79_5 -7.5 3.536 4.937
79_6 -7.4 3.437 4.589
79_7 -7.2 3.106 5.422
79_8 -7.2 3.655 6.173
79_9 -7.0 4.030 6.503
71_1 -8.0 0.000 0.000
71_2 -7.4 4.101 7.096
71_3 -7.4 4.230 6.836
71_4 -7.3 3.173 6.243
71_5 -7.3 4.078 6.421
71_6 -7.2 4.164 6.779
71_7 -7.2 4.246 7.445
71_8 -7.1 4.307 7.003
71_9 -6.8 2.231 3.075
39_1 -8.1 0.000 0.000
39_2 -7.6 4.271 7.149
39_3 -7.3 4.389 6.911
39_4 -7.3 3.346 6.336
39_5 -7.2 3.610 5.679
39_6 -7.2 4.651 7.286
39_7 -7.1 4.625 7.353
39_8 -7.1 4.619 7.707
39_9 -7.1 4.249 6.545
8_1 -6.8 0.000 0.000
8_2 -6.5 2.204 4.726
8_3 -6.4 2.081 3.147
8_4 -6.3 2.772 5.545
8_5 -6.3 2.152 5.117
8_6 -6.3 2.207 5.296
8_7 -6.2 2.342 5.294
8_8 -6.1 2.190 4.968
8_9 -6.1 2.510 5.266
7_1 -7.6 0.000 0.000
7_2 -7.6 3.514 5.437
7_3 -7.5 2.013 2.453
7_4 -7.5 3.765 5.964
7_5 -7.4 1.649 2.244
7_6 -7.1 2.901 5.690
7_7 -7.0 4.275 7.090
7_8 -6.9 2.890 4.438
7_9 -6.9 1.780 2.262
9_1 -8.3 0.000 0.000
9_2 -7.8 3.824 5.879
9_3 -7.1 2.076 4.942
9_4 -7.1 1.811 5.012
9_5 -7.0 3.332 6.020
9_6 -6.7 4.035 6.762
9_7 -6.6 3.795 5.111
9_8 -6.6 3.853 5.876
9_9 -6.6 4.047 6.341
29_1 -7.0 0.000 0.000
29_2 -6.7 2.016 4.745
29_3 -6.5 1.880 3.190
29_4 -6.4 1.886 2.475
29_5 -6.4 2.042 5.155
29_6 -6.3 2.199 5.390
29_7 -6.3 3.397 5.977
29_8 -6.1 2.196 5.058
29_9 -6.1 2.485 4.000
74_1 -9.1 0.000 0.000
74_2 -9.0 2.255 5.277
74_3 -8.4 3.275 5.944
74_4 -8.2 1.921 2.624
74_5 -8.2 2.453 4.951
74_6 -8.1 4.210 6.810
74_7 -8.1 1.518 2.263
74_8 -8.1 1.316 2.090
74_9 -8.1 3.849 7.237
62_1 -7.9 0.000 0.000
62_2 -7.3 4.222 7.257
62_3 -7.2 4.422 7.494
62_4 -7.1 4.087 6.941
62_5 -7.1 4.405 6.943
62_6 -7.0 3.187 6.137
62_7 -6.8 4.570 6.787
62_8 -6.8 4.311 6.590
62_9 -6.7 2.541 5.407
78_1 -9.1 0.000 0.000
78_2 -9.1 2.140 5.318
78_3 -8.8 2.010 5.210
78_4 -8.7 1.874 2.484
78_5 -8.4 3.201 5.862
78_6 -8.2 4.224 6.836
78_7 -8.0 1.953 2.954
78_8 -7.7 2.674 3.741
78_9 -7.7 2.110 5.236
60_1 -8.3 0.000 0.000
60_2 -8.0 3.301 5.198
60_3 -7.8 4.244 7.347
60_4 -7.7 1.010 1.390
60_5 -7.5 4.118 7.083
60_6 -7.3 3.623 5.624
60_7 -7.3 4.049 6.507
60_8 -7.3 4.316 6.958
60_9 -7.2 4.603 6.441
64_1 -9.1 0.000 0.000
64_2 -8.9 2.272 5.279
64_3 -8.5 1.456 2.162
64_4 -8.3 3.244 5.971
64_5 -8.3 1.962 2.634
64_6 -8.2 2.495 5.069
64_7 -8.1 4.173 6.790
64_8 -7.7 3.363 5.836
64_9 -7.3 2.666 6.002
31_1 -6.9 0.000 0.000
31_2 -6.8 1.338 1.982
31_3 -6.7 3.625 6.225
31_4 -6.4 3.032 5.793
31_5 -6.4 3.775 6.882
31_6 -6.2 2.488 4.868
31_7 -6.1 1.488 1.832
31_8 -6.1 3.474 6.263
31_9 -6.0 2.228 4.997
59_1 -8.5 0.000 0.000
59_2 -7.9 3.412 5.985
59_3 -7.5 2.576 5.529
59_4 -7.5 4.345 6.524
59_5 -7.4 3.935 5.892
59_6 -7.2 3.424 5.964
59_7 -7.0 1.590 2.298
59_8 -7.0 4.016 6.333
59_9 -6.9 4.116 6.339
18_1 -7.0 0.000 0.000
18_2 -6.8 2.048 4.702
18_3 -6.2 1.810 2.241
18_4 -6.2 2.116 4.945
18_5 -6.2 1.363 1.873
18_6 -6.1 1.929 2.992
18_7 -6.1 1.885 2.528
18_8 -6.0 2.604 5.429
18_9 -6.0 2.426 4.860
61_1 -7.8 0.000 0.000
61_2 -7.7 4.181 7.574
61_3 -7.5 4.035 7.135
61_4 -7.4 2.956 6.141
61_5 -7.3 1.421 2.052
61_6 -7.1 4.118 6.674
61_7 -6.9 3.135 4.048
61_8 -6.9 2.219 5.339
61_9 -6.8 2.890 3.917
22_1 -8.3 0.000 0.000
22_2 -7.8 3.810 5.861
22_3 -7.2 3.293 6.014
22_4 -7.1 2.103 4.944
22_5 -6.9 1.884 4.955
22_6 -6.7 3.265 5.822
22_7 -6.4 3.689 5.715
22_8 -6.2 4.238 6.485
22_9 -6.0 4.390 6.160
69_1 -9.5 0.000 0.000
69_2 -9.3 2.367 5.430
69_3 -9.0 0.813 1.464
69_4 -8.9 2.368 5.152
69_5 -8.8 1.574 5.464
69_6 -8.7 3.602 7.026
69_7 -8.5 4.560 7.326
69_8 -8.3 3.201 6.368
69_9 -7.8 4.961 7.612
6_1 -7.7 0.000 0.000
6_2 -7.3 2.792 5.456
6_3 -7.1 0.823 1.433
6_4 -6.8 2.710 5.773
6_5 -6.7 2.570 6.837
6_6 -6.6 1.780 2.567
6_7 -6.6 2.112 4.870
6_8 -6.3 3.135 7.066
6_9 -6.3 3.322 4.730
30_1 -8.3 0.000 0.000
30_2 -7.8 3.786 5.838
30_3 -7.2 3.309 6.029
30_4 -7.1 2.074 4.899
30_5 -7.0 3.964 6.941
30_6 -6.7 2.149 5.234
30_7 -6.6 2.180 3.133
30_8 -6.6 4.943 7.355
30_9 -6.5 4.207 6.650
32_1 -8.3 0.000 0.000
32_2 -7.8 3.812 5.871
32_3 -7.2 3.202 5.961
32_4 -7.1 4.150 6.263
32_5 -7.1 2.096 4.949
32_6 -7.0 1.894 4.976
32_7 -6.5 4.210 6.784
32_8 -6.5 4.155 6.536
32_9 -6.5 1.896 2.744
66_1 -7.9 0.000 0.000
66_2 -7.6 4.075 7.171
66_3 -7.6 3.132 4.513
66_4 -7.4 3.053 6.176
66_5 -7.3 3.961 6.276
66_6 -7.2 3.672 5.732
66_7 -7.2 4.240 6.624
66_8 -7.0 4.109 6.703
66_9 -7.0 4.297 7.347
44_1 -8.0 0.000 0.000
44_2 -7.5 3.484 5.026
44_3 -7.5 4.234 7.392
44_4 -7.4 4.115 7.231
44_5 -7.3 3.610 5.760
44_6 -7.3 4.059 6.503
44_7 -7.3 3.099 6.321
44_8 -7.2 4.426 7.320
44_9 -7.1 4.228 6.463
38_1 -7.8 0.000 0.000
38_2 -7.7 3.453 4.959
38_3 -7.6 4.078 7.058
38_4 -7.3 4.177 6.735
38_5 -7.2 4.433 7.134
38_6 -7.2 1.119 1.636
38_7 -7.1 1.487 2.310
38_8 -7.0 4.333 7.208
38_9 -7.0 4.126 6.761
25_1 -7.6 0.000 0.000
25_2 -7.5 3.604 5.573
25_3 -7.4 2.632 5.523
25_4 -7.3 3.803 6.017
25_5 -7.3 1.990 2.445
25_6 -7.3 1.371 1.920
25_7 -7.1 1.547 2.029
25_8 -7.1 2.919 5.726
25_9 -7.0 4.084 6.278
67_1 -7.8 0.000 0.000
67_2 -7.8 3.628 5.449
67_3 -7.7 1.859 3.679
67_4 -7.5 3.675 5.047
67_5 -7.5 3.328 5.874
67_6 -7.4 3.979 5.433
67_7 -7.4 4.280 6.771
67_8 -7.4 4.376 6.839
67_9 -7.3 4.128 6.058
12_1 -7.9 0.000 0.000
12_2 -7.8 3.591 4.817
12_3 -7.8 3.970 7.170
12_4 -7.5 3.015 4.498
12_5 -7.4 3.969 6.979
12_6 -7.4 3.874 5.932
12_7 -7.3 3.055 5.632
12_8 -7.3 2.275 2.967
12_9 -7.3 3.861 5.771
1_1 -8.3 0.000 0.000
1_2 -7.8 3.817 5.891
1_3 -7.2 4.053 6.096
1_4 -7.1 2.075 4.903
1_5 -7.0 1.630 2.191
1_6 -7.0 4.017 6.209
1_7 -6.9 2.135 5.246
1_8 -6.6 3.804 5.142
1_9 -6.5 3.796 5.849
13_1 -6.9 0.000 0.000
13_2 -6.7 2.091 4.711
13_3 -6.5 2.179 5.334
13_4 -6.4 1.938 3.314
13_5 -6.2 2.820 6.174
13_6 -6.1 1.890 2.644
13_7 -6.0 2.748 5.814
13_8 -6.0 3.226 5.739
13_9 -6.0 1.323 1.883
58_1 -9.2 0.000 0.000
58_2 -9.1 0.624 1.366
58_3 -9.0 2.058 5.464
58_4 -8.6 1.307 1.981
58_5 -8.5 1.830 2.571
58_6 -8.5 1.424 1.734
58_7 -8.4 3.294 6.052
58_8 -8.2 4.021 7.418
58_9 -8.2 3.980 6.590
35_1 -7.0 0.000 0.000
35_2 -6.7 2.013 4.716
35_3 -6.4 1.908 3.271
35_4 -6.3 2.036 5.154
35_5 -6.3 2.224 4.461
35_6 -6.1 2.142 5.220
35_7 -6.1 2.135 3.468
35_8 -6.0 2.545 5.447
35_9 -5.9 1.934 2.740
73_1 -8.7 0.000 0.000
73_2 -8.5 2.527 5.055
73_3 -8.3 1.638 4.975
73_4 -7.7 1.894 2.850
73_5 -7.7 4.727 7.612
73_6 -7.3 4.717 7.662
73_7 -7.3 3.404 6.027
73_8 -7.2 1.883 2.640
73_9 -7.1 4.678 7.481
15_1 -7.7 0.000 0.000
15_2 -7.4 2.880 5.676
15_3 -6.9 3.186 6.682
15_4 -6.9 2.742 6.846
15_5 -6.8 1.981 4.905
15_6 -6.6 2.706 5.749
15_7 -6.6 2.349 5.371
15_8 -6.4 3.709 6.429
15_9 -6.4 2.933 5.773
47_1 -8.5 0.000 0.000
47_2 -7.9 3.367 5.943
47_3 -7.5 2.582 5.546
47_4 -7.5 4.348 6.527
47_5 -7.3 1.931 2.467
47_6 -7.0 3.926 5.236
47_7 -6.7 3.996 6.437
47_8 -6.6 4.643 6.866
47_9 -6.3 3.763 6.329
80_1 -8.1 0.000 0.000
80_2 -8.1 3.305 5.172
80_3 -7.7 4.099 7.075
80_4 -7.7 1.384 2.293
80_5 -7.6 4.136 6.694
80_6 -7.4 4.140 7.086
80_7 -7.3 4.311 6.767
80_8 -7.3 4.060 6.540
80_9 -7.2 2.415 5.576
63_1 -7.8 0.000 0.000
63_2 -7.8 3.491 5.462
63_3 -7.7 3.776 6.253
63_4 -7.4 1.973 3.525
63_5 -7.2 2.199 3.046
63_6 -7.2 3.999 5.081
63_7 -7.1 4.303 5.521
63_8 -7.1 4.122 5.862
63_9 -7.1 3.563 4.945
68_1 -8.7 0.000 0.000
68_2 -8.3 2.596 4.996
68_3 -8.3 1.469 1.999
68_4 -8.0 2.276 4.975
68_5 -7.6 1.943 4.617
68_6 -7.3 3.744 6.067
68_7 -7.2 4.572 7.427
68_8 -7.2 4.407 7.290
68_9 -7.2 3.832 6.634
28_1 -8.3 0.000 0.000
28_2 -7.8 3.805 5.878
28_3 -7.3 1.300 1.695
28_4 -7.2 3.294 6.032
28_5 -7.0 2.104 4.924
28_6 -7.0 1.860 4.996
28_7 -7.0 4.092 6.306
28_8 -7.0 1.525 2.140
28_9 -7.0 3.963 6.955
