#################################################################
# If you used AutoDock Vina in your work, please cite:          #
#                                                               #
# O. Trott, A. J. Olson,                                        #
# AutoDock Vina: improving the speed and accuracy of docking    #
# with a new scoring function, efficient optimization and       #
# multithreading, Journal of Computational Chemistry 31 (2010)  #
# 455-461                                                       #
#                                                               #
# DOI 10.1002/jcc.21334                                         #
#                                                               #
# Please see http://vina.scripps.edu for more information.      #
#################################################################

Reading input ... done.
Setting up the scoring function ... done.
Analyzing the binding site ... done.
Using random seed: -1713496482
Performing search ... done.
Refining results ... done.

mode |   affinity | dist from best mode
     | (kcal/mol) | rmsd l.b.| rmsd u.b.
-----+------------+----------+----------
   1         -7.4      0.000      0.000
   2         -7.1      3.430      4.724
   3         -6.8      2.141      3.630
   4         -6.8      4.346      6.768
   5         -6.8      2.166      4.671
   6         -6.6      2.744      4.679
   7         -6.5      2.200      3.531
   8         -6.4      3.667      6.245
   9         -6.3      2.778      4.247
Writing output ... done.
