1	1	-8.1	0	0
1	2	-7.8	2.442	7.847
1	3	-7.7	3.486	5.101
1	4	-7.7	4.404	5.706
1	5	-7.6	4.034	5.952
1	6	-7.6	3.086	7.274
1	7	-7.5	4.23	6.175
1	8	-7.4	3.852	5.445
1	9	-7.2	4.786	7.229
2	1	-8.6	0	0
2	2	-8.3	3.868	7.429
2	3	-8.3	3.816	5.391
2	4	-8.2	3.678	7.284
2	5	-8	3.517	7.964
2	6	-8	3.761	7.372
2	7	-8	4.897	7.785
2	8	-8	4.081	5.626
2	9	-7.9	3.59	7.551
3	1	-8.4	0	0
3	2	-8	3.525	5.484
3	3	-8	3.231	7.334
3	4	-7.8	3.498	4.544
3	5	-7.7	3.32	5.781
3	6	-7.7	3.241	7.259
3	7	-7.5	4.028	7.317
3	8	-7.4	3.176	7.838
3	9	-7.3	3.158	7.529
4	1	-8.1	0	0
4	2	-7.9	1.855	2.828
4	3	-7.7	3.982	6.579
4	4	-7.7	2.99	5.041
4	5	-7.7	3.157	7.167
4	6	-7.7	4.193	6.246
4	7	-7.7	3.478	5.702
4	8	-7.4	2.177	3.148
4	9	-7.4	3.715	5.512
5	1	-8.1	0	0
5	2	-8.1	3.946	5.783
5	3	-8.1	2.212	4.398
5	4	-7.9	1.896	4.137
5	5	-7.9	3.155	7.692
5	6	-7.8	2.404	7.372
5	7	-7.5	4.018	6.731
5	8	-7.4	3.898	6.537
5	9	-7.3	2.626	7.03
6	1	-7.5	0	0
6	2	-7.4	2.164	7.431
6	3	-7.3	1.298	3.835
6	4	-7.2	2.205	3.024
6	5	-7.2	3.538	6.819
6	6	-7.2	2.364	3.094
6	7	-7	2.179	4.258
6	8	-6.9	4.373	6.378
6	9	-6.6	2.307	3.677
7	1	-8.4	0	0
7	2	-8.4	4.377	8.013
7	3	-8.2	3.132	6.866
7	4	-8	3.084	7.19
7	5	-7.9	3.026	6.959
7	6	-7.3	3.265	7.657
7	7	-7.2	4.04	5.786
7	8	-7	3.839	7.933
7	9	-7	3.512	7.229
8	1	-8.2	0	0
8	2	-7.8	3.35	7.495
8	3	-7.7	3.663	5.176
8	4	-7.7	3.479	7.618
8	5	-7.7	1.587	1.865
8	6	-7.6	2.495	8.088
8	7	-7.6	3.543	5.122
8	8	-7.5	2.543	8.078
8	9	-7.5	3.678	5.183
9	1	-8.7	0	0
9	2	-8.4	1.572	2.183
9	3	-8.2	0.949	1.18
9	4	-8.2	2.458	8.185
9	5	-8	3.527	6.912
9	6	-8	1.811	4.138
9	7	-8	2.451	4.518
9	8	-7.9	2.282	2.476
9	9	-7.8	1.977	2.535
10	1	-8.5	0	0
10	2	-8.5	3.39	7.429
10	3	-8.4	3.501	7.161
10	4	-8.1	3.627	5.05
10	5	-8	3.681	7.29
10	6	-7.9	1.75	2.296
10	7	-7.7	3.428	7.906
10	8	-7.7	3.354	7.427
10	9	-7.6	2.884	4.183
11	1	-8.5	0	0
11	2	-8.4	1.812	2.428
11	3	-8.4	2.513	8.359
11	4	-8.3	3.934	8.19
11	5	-8.3	2.982	7.7
11	6	-8.3	3.094	7.204
11	7	-7.9	3.453	7.669
11	8	-7.8	2.931	7.701
11	9	-7.7	3.282	7.892
12	1	-8.5	0	0
12	2	-8.4	1.339	4.159
12	3	-8.3	3.231	7.959
12	4	-8	3.451	7.375
12	5	-8	1.974	4.764
12	6	-8	3.314	6.898
12	7	-7.9	3.25	6.889
12	8	-7.5	3.803	7.54
12	9	-7.3	3.524	6.882
13	1	-7.9	0	0
13	2	-7.8	2.844	8.815
13	3	-7.6	2.186	2.714
13	4	-7.5	3.206	9.213
13	5	-7.5	1.772	2.343
13	6	-7.4	3.225	8.939
13	7	-7.3	2.957	8.759
13	8	-7.3	2.009	2.628
13	9	-7.2	3.672	6.004
14	1	-8.2	0	0
14	2	-8.1	2.701	7.82
14	3	-7.8	1.885	2.407
14	4	-7.7	2.694	8.377
14	5	-7.7	2.784	7.893
14	6	-7.4	3.519	6.415
14	7	-7.3	3.084	7.111
14	8	-7.3	3.119	8.308
14	9	-7.2	2.835	5.957
15	1	-8.2	0	0
15	2	-8	2.773	8.704
15	3	-7.6	1.886	2.439
15	4	-7.6	2.815	8.577
15	5	-7.4	2.83	9.201
15	6	-7.3	3.136	6.072
15	7	-7.2	2.539	8.46
15	8	-7.2	3.281	8.926
15	9	-7	3.01	6.035
16	1	-8.2	0	0
16	2	-8.1	2.76	7.809
16	3	-7.7	2.833	8.411
16	4	-7.6	1.903	2.336
16	5	-7.5	2.64	7.684
16	6	-7.5	2.807	8.294
16	7	-7.3	3.528	6.467
16	8	-7.3	2.898	8.44
16	9	-7.3	2.844	8.308
17	1	-8.3	0	0
17	2	-8.1	2.011	2.592
17	3	-8.1	4.495	7.525
17	4	-7.8	2.982	4.598
17	5	-7.7	4.072	7.413
17	6	-7.6	4.475	6.506
17	7	-7.6	4.018	6.467
17	8	-7.4	3.98	6.658
17	9	-7.2	3.997	7.308
18	1	-8.5	0	0
18	2	-8.3	1.847	3.985
18	3	-8.2	3.869	7.488
18	4	-8.1	3.512	7.296
18	5	-7.9	3.963	6.882
18	6	-7.8	3.786	7.837
18	7	-7.7	3.677	6.691
18	8	-7.4	3.483	7.014
18	9	-7.4	3.923	7.879
19	1	-8.3	0	0
19	2	-8.2	4.27	7.786
19	3	-8	3.818	5.24
19	4	-7.9	5.097	7.373
19	5	-7.9	3.508	8.438
19	6	-7.9	2.192	2.557
19	7	-7.7	3.683	8.087
19	8	-7.6	4.28	5.92
19	9	-7.6	3.67	5.121
20	1	-7.8	0	0
20	2	-7.5	2.832	5.98
20	3	-7.3	2.767	9.056
20	4	-6.8	3.603	9.794
20	5	-6.6	2.696	9.37
20	6	-5.7	3.001	9.624
20	7	-5.6	2.688	9.436
21	1	-8.2	0	0
21	2	-7.6	3.511	8.806
21	3	-7.4	2.656	9.061
21	4	-7.3	2.316	2.928
21	5	-7.1	2.161	9.005
21	6	-7.1	3.291	9.761
21	7	-6.9	3.083	9.346
21	8	-6.7	3.16	9.084
21	9	-6.6	3.229	9.039
22	1	-8.1	0	0
22	2	-7.6	3.219	8.898
22	3	-7.4	2.675	8.739
22	4	-7.3	2.795	8.76
22	5	-7.3	3.067	9.085
22	6	-7.1	3.061	8.948
22	7	-6.7	3.329	8.998
22	8	-6.7	2.948	8.77
22	9	-6.6	3.113	9.237
23	1	-8.2	0	0
23	2	-8.2	3.598	6.775
23	3	-8	2.937	6.776
23	4	-7.9	2.926	7.179
23	5	-7.7	1.82	6.038
23	6	-7.6	3.016	8.796
23	7	-7.6	2.644	8.677
23	8	-7.6	2.875	6.98
23	9	-7.6	2.064	6.574
24	1	-8.2	0	0
24	2	-8.1	1.543	4.641
24	3	-8	3.708	7.049
24	4	-7.7	3.141	8.611
24	5	-7.7	2.869	8.054
24	6	-7.7	2.952	8.035
24	7	-7.6	1.571	2.108
24	8	-7.6	2.647	7.842
24	9	-7.2	3.222	7.956
25	1	-8.2	0	0
25	2	-8.2	2.718	7.744
25	3	-8.1	2.857	7.713
25	4	-7.9	2.653	6.457
25	5	-7.8	2.694	7.594
25	6	-7.7	2.472	6.464
25	7	-7.7	2.667	7.745
25	8	-7.6	2.878	7.585
25	9	-7.4	1.656	2.105
26	1	-8.3	0	0
26	2	-7.9	2.676	7.771
26	3	-7.8	3.013	6.582
26	4	-7.7	2.935	7.786
26	5	-7.7	3.113	7.891
26	6	-7.6	2.641	6.69
26	7	-7.6	1.796	2.618
26	8	-7.5	3.305	7.753
26	9	-7.5	3.065	7.795
27	1	-8.2	0	0
27	2	-8.2	2.972	8.625
27	3	-8.1	3.012	6.661
27	4	-8	3.462	8.439
27	5	-8	2.127	6.271
27	6	-8	2.586	8.089
27	7	-7.5	3.047	8.148
27	8	-7.5	2.884	7.727
27	9	-7.5	2.743	6.262
28	1	-8.6	0	0
28	2	-8.4	2.811	6.299
28	3	-8.3	2.93	6.665
28	4	-8.3	2.743	8.083
28	5	-8.2	3.227	8.476
28	6	-8.2	3.108	7.781
28	7	-8.2	2.682	8.462
28	8	-8	3.222	8.318
28	9	-8	2.815	7.988
29	1	-7.8	0	0
29	2	-7.8	3.147	7.872
29	3	-7.7	2.982	7.496
29	4	-7.5	1.865	5.545
29	5	-7.5	2.729	6.684
29	6	-7.5	1.963	2.668
29	7	-7.4	2.629	7.129
29	8	-7.4	2.949	7.028
29	9	-7.3	3.317	8.195
30	1	-7.9	0	0
30	2	-7.7	2.84	6.992
30	3	-7.6	1.979	2.517
30	4	-7.6	3.01	7.492
30	5	-7.5	3.132	7.308
30	6	-7.4	1.821	5.211
30	7	-7.2	3.327	8.166
30	8	-7.2	2.876	7.696
30	9	-7.1	2.846	8.043
31	1	-8	0	0
31	2	-8	2.735	7.954
31	3	-7.9	3.6	6.067
31	4	-7.8	3.571	7.778
31	5	-7.7	3.209	7.98
31	6	-7.5	2.295	5.157
31	7	-7.4	2.973	8.211
31	8	-7.4	1.92	2.469
31	9	-7.4	3.568	6.4
32	1	-9.5	0	0
32	2	-8.8	3.011	8.086
32	3	-8.6	2.684	7.532
32	4	-8.6	1.56	2.015
32	5	-8.6	1.732	6.555
32	6	-8.3	2.638	7.811
32	7	-8.2	2.894	8.347
32	8	-8.2	3.187	8.678
32	9	-7.9	2.602	7.883
33	1	-8.4	0	0
33	2	-8.2	3.817	6.02
33	3	-7.9	4.45	6.324
33	4	-7.8	4.103	6.375
33	5	-7.7	3.489	4.564
33	6	-7.7	3.347	8.377
33	7	-7.7	3.931	8.09
33	8	-7.7	4.439	7.727
33	9	-7.6	3.254	7.994
34	1	-8	0	0
34	2	-8	3.556	7.665
34	3	-7.8	2.845	6.421
34	4	-7.8	1.856	2.63
34	5	-7.8	3.593	7.705
34	6	-7.7	3.573	7.956
34	7	-7.7	1.781	5.215
34	8	-7.6	1.304	1.931
34	9	-7.6	3.022	7.747
35	1	-8.1	0	0
35	2	-7.9	3.752	5.784
35	3	-7.9	4.308	6.106
35	4	-7.7	3.526	4.568
35	5	-7.7	3.268	7.549
35	6	-7.6	4.533	7.595
35	7	-7.5	4.038	5.949
35	8	-7.5	3.562	7.726
35	9	-7.4	3.362	8.201
36	1	-8.3	0	0
36	2	-8.1	4.767	6.466
36	3	-8.1	3.607	5.72
36	4	-7.8	1.521	2.208
36	5	-7.8	3.653	4.94
36	6	-7.8	3.29	7.526
36	7	-7.6	3.937	5.776
36	8	-7.6	3.746	7.792
36	9	-7.5	4.653	7.241
37	1	-8.3	0	0
37	2	-8.2	4.662	6.435
37	3	-8.1	3.599	5.653
37	4	-7.9	4.413	6.436
37	5	-7.8	3.281	7.528
37	6	-7.8	3.86	4.902
37	7	-7.8	3.882	5.667
37	8	-7.7	1.653	2.539
37	9	-7.5	4.633	7.235
38	1	-8.2	0	0
38	2	-8.2	4.794	6.256
38	3	-8	3.621	6.163
38	4	-7.8	3.385	7.858
38	5	-7.7	3.152	8.309
38	6	-7.7	3.174	7.635
38	7	-7.7	3.636	7.95
38	8	-7.6	4.21	7.757
38	9	-7.5	3.786	8.51
39	1	-8.7	0	0
39	2	-8.3	3.665	5.311
39	3	-8.1	1.566	2.255
39	4	-8	3.81	5.437
39	5	-7.9	3.891	5.054
39	6	-7.9	4.279	6.146
39	7	-7.8	3.626	5.397
39	8	-7.8	3.157	7.627
39	9	-7.7	4.59	7.197
40	1	-8.5	0	0
40	2	-8.2	2.214	4.351
40	3	-8.2	2.595	6.418
40	4	-7.6	3.471	6.502
40	5	-7.4	4.169	6.904
40	6	-7.3	3.773	6.372
40	7	-7.2	3.59	7.27
40	8	-7.2	3.596	7.318
40	9	-6.9	3.593	6.799
41	1	-8.1	0	0
41	2	-8	3.291	6.88
41	3	-7.8	2.941	4.878
41	4	-7.8	2.548	4.532
41	5	-7.6	2.516	4.512
41	6	-7.4	2.577	3.416
41	7	-7.4	3.356	6.502
41	8	-7.3	3.051	4.894
41	9	-7.2	3.086	6.384
42	1	-8.1	0	0
42	2	-8.1	2.35	6.427
42	3	-8.1	3.236	6.871
42	4	-8	2.227	4.091
42	5	-7.9	3.113	6.491
42	6	-7.8	2.474	4.464
42	7	-7.7	2.864	4.842
42	8	-7.6	3.449	7.467
42	9	-7.5	3.352	6.469
43	1	-8.5	0	0
43	2	-8.2	4.159	5.694
43	3	-8	3.884	7.53
43	4	-7.9	3.695	4.991
43	5	-7.7	4.128	7.758
43	6	-7.7	5.119	7.33
43	7	-7.7	3.627	8.103
43	8	-7.6	2.763	3.457
43	9	-7.5	4.467	5.928
44	1	-8.4	0	0
44	2	-8.1	1.512	2.076
44	3	-8	1.651	4.726
44	4	-7.8	3.14	6.392
44	5	-7.8	2.534	5.244
44	6	-7.8	2.79	6.359
44	7	-7.7	3.48	6.723
44	8	-7.7	3.317	6.805
44	9	-7.7	2.561	6.617
45	1	-8	0	0
45	2	-7.8	4.129	6.568
45	3	-7.8	3.223	6.795
45	4	-7.8	1.364	4.393
45	5	-7.8	2.751	6.77
45	6	-7.6	2.379	4.978
45	7	-7.6	1.607	2.303
45	8	-7.5	3.31	6.658
45	9	-7.5	3.349	6.798
46	1	-9.5	0	0
46	2	-9.1	1.287	5.605
46	3	-8.8	2.083	5.971
46	4	-8.8	1.472	2.137
46	5	-8.6	2.668	6.454
46	6	-8.5	2.662	7.78
46	7	-8.2	1.986	5.633
46	8	-8.1	2.425	6.814
46	9	-8.1	2.715	7.169
47	1	-8.4	0	0
47	2	-8.2	1.116	4.381
47	3	-8.1	1.578	2.13
47	4	-8.1	3.235	6.85
47	5	-8.1	3.274	7.481
47	6	-8	2.067	4.938
47	7	-7.8	3.13	6.424
47	8	-7.8	3.386	6.723
47	9	-7.7	3.071	6.857
48	1	-8.4	0	0
48	2	-8.3	1.887	2.189
48	3	-8.3	1.959	3.92
48	4	-8.1	3.179	6.642
48	5	-7.8	1.243	1.537
48	6	-7.5	3.1	6.951
48	7	-7.4	3.513	7.146
48	8	-7.4	3.193	6.801
48	9	-7.3	3.664	7.202
49	1	-8.4	0	0
49	2	-8.2	2.351	2.921
49	3	-8.2	1.884	3.789
49	4	-8.1	3.258	6.618
49	5	-8	2.721	4.297
49	6	-7.5	3.139	6.798
49	7	-7.3	3.585	7.127
49	8	-7.1	3.644	7.223
49	9	-7	3.629	5.761
50	1	-8.2	0	0
50	2	-8.2	3.699	6.788
50	3	-8.1	3.362	7.268
50	4	-8.1	3.323	7.326
50	5	-8	3.355	3.768
50	6	-8	3.412	4.834
50	7	-7.9	3.215	7.187
50	8	-7.9	3.57	7.003
50	9	-7.8	1.782	2.374
51	1	-8.6	0	0
51	2	-8.6	3.246	7.556
51	3	-8.5	2.867	3.523
51	4	-8.5	2.977	3.916
51	5	-8.2	2.769	7.62
51	6	-8.2	2.986	4.162
51	7	-8.1	4.153	5.103
51	8	-8.1	3.429	4.269
51	9	-8.1	3.336	5.138
52	1	-8.4	0	0
52	2	-8.3	2.918	5.01
52	3	-8.1	3.016	6.998
52	4	-8	3.715	4.9
52	5	-7.9	3.676	7.153
52	6	-7.9	2.809	5.166
52	7	-7.9	2.995	7.891
52	8	-7.9	3.211	7.076
52	9	-7.8	3.884	5.808
53	1	-8.4	0	0
53	2	-8.4	2.754	4.994
53	3	-8.2	3.93	4.963
53	4	-8.2	2.941	7.011
53	5	-8.1	2.839	7.925
53	6	-8.1	2.045	2.82
53	7	-8	2.643	7.828
53	8	-8	3.901	5.881
53	9	-8	2.804	5.252
54	1	-8.7	0	0
54	2	-8.4	3.142	7.403
54	3	-8.4	3.862	4.676
54	4	-8.4	3.373	5.045
54	5	-8.3	2.122	2.917
54	6	-8.2	1.515	2.198
54	7	-8.1	3.384	7.533
54	8	-8	3.479	5.122
54	9	-7.9	3.876	5.668
55	1	-8.9	0	0
55	2	-8.7	3.524	7.192
55	3	-8.7	2.038	2.531
55	4	-8.5	3.327	4.293
55	5	-8.5	3.652	7.286
55	6	-8.4	3.098	4.607
55	7	-8.4	4.396	7.185
55	8	-8.2	3.099	8.139
55	9	-8.2	2.518	3.679
56	1	-8.7	0	0
56	2	-8.7	3.583	7.209
56	3	-8.6	3.645	7.463
56	4	-8.6	3.373	6.705
56	5	-8.3	3.368	6.76
56	6	-8.2	2.788	7.002
56	7	-8.2	3.067	6.78
56	8	-8.1	1.794	4.523
56	9	-8.1	3.51	7.821
57	1	-8.9	0	0
57	2	-8.9	3.627	7.394
57	3	-8.9	2.045	2.533
57	4	-8.7	2.663	8.201
57	5	-8.7	3.686	4.781
57	6	-8.6	3.232	4.816
57	7	-8.6	3.696	7.404
57	8	-8.6	3.26	5.242
57	9	-8.5	1.497	2.175
58	1	-9.4	0	0
58	2	-9.3	3.721	7.764
58	3	-9.3	4.008	7.524
58	4	-9	1.619	2.201
58	5	-9	3.994	7.872
58	6	-8.9	2.278	4.573
58	7	-8.9	2.672	5.761
58	8	-8.7	2.6	4.643
58	9	-8.7	3.376	6.327
59	1	-10.1	0	0
59	2	-10	1.753	2.447
59	3	-9.7	2.26	2.958
59	4	-9.6	3.629	7.566
59	5	-9.3	4.142	8
59	6	-9.3	4.255	7.987
59	7	-9.2	3.021	5.504
59	8	-9.2	3.821	6.88
59	9	-9.1	3.516	7.644
60	1	-8.9	0	0
60	2	-8.8	2.889	7.371
60	3	-8.6	3.305	6.137
60	4	-8.6	2.448	6.009
60	5	-8.5	3.303	6.25
60	6	-8.4	2.736	6.291
60	7	-8.4	2.635	6.101
60	8	-8.3	2.548	5.942
60	9	-8.3	3.136	7.303
61	1	-9	0	0
61	2	-8.8	2.782	5.689
61	3	-8.7	3.207	7.316
61	4	-8.6	2.252	2.631
61	5	-8.6	1.535	2.208
61	6	-8.6	2.612	7.569
61	7	-8.4	3.041	6.239
61	8	-8.3	2.878	5.826
61	9	-8.3	3.191	8.278
62	1	-9.3	0	0
62	2	-9.1	1.545	2.094
62	3	-9	1.797	2.056
62	4	-9	2.701	5.422
62	5	-8.9	2.995	6.422
62	6	-8.9	2.857	5.93
62	7	-8.9	3.883	7.795
62	8	-8.8	3.084	7.601
62	9	-8.8	2.656	3.106
63	1	-8.8	0	0
63	2	-8.7	3.286	6.471
63	3	-8.6	1.481	2.027
63	4	-8.5	2.96	6.697
63	5	-8.5	3.693	7.181
63	6	-8.4	3.221	6.746
63	7	-8.4	2.473	5.566
63	8	-8.2	2.535	6.708
63	9	-8.2	3.558	7.286
64	1	-8.8	0	0
64	2	-8.7	1.446	2.015
64	3	-8.7	3.212	6.501
64	4	-8.6	3.664	7.289
64	5	-8.6	3.547	7.732
64	6	-8.5	3.19	6.697
64	7	-8.4	3.5	6.306
64	8	-8.4	2.286	5.097
64	9	-8.2	3.02	6.598
65	1	-8.7	0	0
65	2	-8.6	2.924	7.39
65	3	-8.6	2.131	2.741
65	4	-8.4	2.081	2.96
65	5	-8.4	2.239	4.942
65	6	-8.3	3.42	7.55
65	7	-8.3	3.106	6.236
65	8	-8.2	1.95	4.02
65	9	-8.2	2.57	3.674
66	1	-8.9	0	0
66	2	-8.9	2.474	7.16
66	3	-8.8	2.007	5.645
66	4	-8.7	1.538	2.049
66	5	-8.7	2.948	7.538
66	6	-8.6	1.794	5.428
66	7	-8.5	3.519	7.337
66	8	-8.5	1.617	5.13
66	9	-8.4	2.678	7.449
67	1	-8.9	0	0
67	2	-8.9	3.369	4.422
67	3	-8.8	3.551	7.217
67	4	-8.7	2.028	2.618
67	5	-8.7	3.661	7.27
67	6	-8.6	2.747	8.113
67	7	-8.5	3.118	4.719
67	8	-8.3	3.145	5.188
67	9	-8.2	3.262	5.102
68	1	-9.1	0	0
68	2	-9	4.371	5.812
68	3	-8.8	2.982	4.634
68	4	-8.5	3.841	7.803
68	5	-8.5	2.686	4.22
68	6	-8.4	4.321	5.679
68	7	-8.4	2.382	2.936
68	8	-8.4	3.908	7.705
68	9	-8.3	3.982	6.966
69	1	-8.5	0	0
69	2	-8.1	1.507	2.185
69	3	-8.1	4.099	5.213
69	4	-8.1	3.832	5.219
69	5	-8	3.799	7.214
69	6	-7.9	4.092	5.621
69	7	-7.9	3.03	3.585
69	8	-7.7	4.18	5.621
69	9	-7.7	4.264	7.438
70	1	-9.1	0	0
70	2	-8.9	1	1.377
70	3	-8.6	4.126	5.754
70	4	-8.6	1.509	2.192
70	5	-8.5	4.836	6.961
70	6	-8.4	3.671	7.74
70	7	-8.3	4.312	5.805
70	8	-8.3	3.902	5.642
70	9	-8.3	4.721	7.051
71	1	-8.1	0	0
71	2	-8	2.578	7.757
71	3	-7.8	2.806	6.896
71	4	-7.8	3.869	7.979
71	5	-7.7	1.979	4.085
71	6	-7.5	2.279	7.854
71	7	-7.5	2.645	7.731
71	8	-7.5	1.589	2.028
71	9	-7.5	3.538	6.881
72	1	-8.4	0	0
72	2	-8.2	2.693	7.696
72	3	-8.1	3.034	4.92
72	4	-8	2.15	3.056
72	5	-7.9	3.952	5.835
72	6	-7.8	1.632	2.329
72	7	-7.8	2.873	6.817
72	8	-7.8	3.047	5.16
72	9	-7.8	3.591	5.659
73	1	-7.8	0	0
73	2	-7.6	2.57	5.159
73	3	-7.5	3.031	4.337
73	4	-7.4	2.961	7.097
73	5	-7.3	2.86	6.968
73	6	-7.3	2.436	7.755
73	7	-7.2	1.979	2.575
73	8	-7.2	2.499	5.293
73	9	-7.2	3.048	5.186
74	1	-8.3	0	0
74	2	-8.2	3.302	5.298
74	3	-8.2	3.516	5.588
74	4	-8	3.912	5.876
74	5	-8	2.074	2.717
74	6	-8	2.46	7.002
74	7	-7.9	1.561	2.267
74	8	-7.9	2.661	7.612
74	9	-7.8	2.031	2.374
75	1	-7.8	0	0
75	2	-7.5	4.126	5.095
75	3	-7.5	2.634	7.657
75	4	-7.4	3.3	5.061
75	5	-7.4	1.573	2.284
75	6	-7.3	2.084	2.887
75	7	-7.2	2.933	6.91
75	8	-7.1	3.311	4.329
75	9	-7	3.542	5.273
76	1	-8.8	0	0
76	2	-8.7	2.453	3.65
76	3	-8.4	3.133	7.443
76	4	-8.3	2.775	3.3
76	5	-8.3	3.877	6.805
76	6	-8.2	3.594	7.718
76	7	-8.2	3.145	7.542
76	8	-8.1	3.513	5.964
76	9	-8	2.778	4.83
77	1	-8	0	0
77	2	-8	2.196	3.263
77	3	-7.9	2.962	4.986
77	4	-7.6	4.052	5.203
77	5	-7.5	3.065	5.29
77	6	-7.5	2.914	7.661
77	7	-7.4	1.897	2.115
77	8	-7.4	3.663	5.379
77	9	-7.4	2.98	5.164
78	1	-7.9	0	0
78	2	-7.6	2.541	7.657
78	3	-7.4	2.197	3.049
78	4	-7.3	4.003	5.618
78	5	-7.3	3.122	4.831
78	6	-7.3	1.589	2.284
78	7	-7.2	2.855	6.89
78	8	-7.2	3.328	5.256
78	9	-7.1	2.517	7.689
79	1	-8	0	0
79	2	-7.7	2.088	2.846
79	3	-7.6	3.224	4.942
79	4	-7.4	2.66	7.485
79	5	-7.4	3.516	5.3
79	6	-7.2	1.614	2.32
79	7	-7.2	2.874	6.953
79	8	-7	3.039	7.021
79	9	-7	3.656	5.454
80	1	-8	0	0
80	2	-7.9	3.705	5.295
80	3	-7.7	4.979	7.569
80	4	-7.6	3.828	5.426
80	5	-7.6	4.012	5.325
80	6	-7.3	2.074	2.806
80	7	-7.3	2.557	7.414
80	8	-7.3	4.913	7.443
80	9	-7.3	2.235	2.867
81	1	-8	0	0
81	2	-8	2.774	3.332
81	3	-7.8	3.162	7.437
81	4	-7.8	2.613	7.503
81	5	-7.6	3.347	7.507
81	6	-7.5	3.695	4.349
81	7	-7.5	4.123	6.864
81	8	-7.4	2.945	3.764
81	9	-7.4	2.027	2.23
82	1	-8.1	0	0
82	2	-7.9	2.276	3.03
82	3	-7.8	3.388	5.041
82	4	-7.8	4.558	5.489
82	5	-7.6	1.53	2.227
82	6	-7.6	3.071	7.428
82	7	-7.5	2.617	8.044
82	8	-7.3	4.445	6.2
82	9	-7.3	4.108	5.788
83	1	-8	0	0
83	2	-7.6	3.498	5.1
83	3	-7.6	2.241	2.806
83	4	-7.6	4.543	5.605
83	5	-7.4	2.404	7.835
83	6	-7.4	2.938	7.267
83	7	-7.4	1.744	2.542
83	8	-7.3	3.767	5.314
83	9	-7.3	4.045	5.668
84	1	-8.5	0	0
84	2	-8.4	2.516	7.824
84	3	-8.3	2.057	2.776
84	4	-8.2	3.426	4.496
84	5	-8.1	1.566	2.272
84	6	-7.9	3.12	6.979
84	7	-7.8	2.934	5.137
84	8	-7.7	2.467	4.383
84	9	-7.7	3.813	7.36
85	1	-8.4	0	0
85	2	-8.4	3.161	6.94
85	3	-8.3	2.714	7.827
85	4	-8.3	2.245	2.971
85	5	-8.2	3.384	4.461
85	6	-8	1.563	2.267
85	7	-7.9	3.039	5.088
85	8	-7.7	3.647	7.394
85	9	-7.6	3.411	7.193
86	1	-8	0	0
86	2	-8	2.282	3.145
86	3	-7.7	2.831	3.474
86	4	-7.7	2.883	7.489
86	5	-7.7	3.601	7.667
86	6	-7.5	3.595	4.308
86	7	-7.5	4.131	6.938
86	8	-7.5	3.494	5.82
86	9	-7.4	3.223	7.723
87	1	-8.1	0	0
87	2	-7.8	3.55	5.307
87	3	-7.6	2.178	2.883
87	4	-7.5	3.86	5.477
87	5	-7.4	2.649	7.712
87	6	-7.3	3.069	7.436
87	7	-7.2	1.589	2.305
87	8	-7.1	3.845	5.639
87	9	-7.1	4.245	6.217
88	1	-7.7	0	0
88	2	-7.5	2.548	7.595
88	3	-7.5	3.094	4.137
88	4	-7.3	2.482	4.932
88	5	-7.3	2.835	6.908
88	6	-7.2	1.563	2.267
88	7	-7.1	1.766	2.013
88	8	-7.1	2.787	7.729
88	9	-7	3.638	4.782
89	1	-7.7	0	0
89	2	-7.6	2.528	7.65
89	3	-7.5	3.934	4.778
89	4	-7.5	2.228	3.18
89	5	-7.5	2.905	4.905
89	6	-7.4	2.748	6.872
89	7	-7.2	3.046	5.199
89	8	-7.2	1.899	2.626
89	9	-7.1	2.686	7.709
90	1	-8.4	0	0
90	2	-8.2	2.863	4.486
90	3	-8.2	3.206	6.808
90	4	-8.1	4.031	7.349
90	5	-8.1	2.992	4.688
90	6	-8	3.221	6.91
90	7	-7.9	2.188	2.813
90	8	-7.8	2.741	3.374
90	9	-7.7	2.685	4.427
91	1	-9	0	0
91	2	-8.6	3.671	7.393
91	3	-8.6	4.266	7.921
91	4	-8.5	3.729	5.447
91	5	-8.5	3.995	8.164
91	6	-8.4	5.376	8.587
91	7	-8.4	3.635	7.136
91	8	-8	4.373	7.702
91	9	-8	2.112	2.806
92	1	-8.6	0	0
92	2	-8.5	3.858	7.884
92	3	-8.5	3.657	7.282
92	4	-8.3	3.827	6.963
92	5	-8.2	2.346	2.637
92	6	-8.2	2.809	4.345
92	7	-8.1	1.665	1.901
92	8	-8	4.506	7.843
92	9	-7.9	3.997	7.582
93	1	-8.6	0	0
93	2	-8.5	3.337	4.789
93	3	-8.3	3.259	7.364
93	4	-8.3	3.403	7.39
93	5	-8.2	2.857	8.25
93	6	-8.1	3.385	5.129
93	7	-8	3.952	5.701
93	8	-8	4.554	7.782
93	9	-7.9	4.589	7.375
94	1	-9.1	0	0
94	2	-8.8	1.41	4.439
94	3	-8.7	2.596	7.879
94	4	-8.6	3.803	8.046
94	5	-8.6	4.014	7.55
94	6	-8.5	4.057	7.685
94	7	-8.4	2.966	7.573
94	8	-8.3	3.368	7.356
94	9	-8.2	1.561	2.159
95	1	-8.4	0	0
95	2	-8.3	3.321	5.114
95	3	-8.3	2.632	7.832
95	4	-8.2	2.65	7.778
95	5	-8.1	3.191	7.064
95	6	-8	2.016	2.567
95	7	-7.9	3.777	4.626
95	8	-7.8	2.091	2.646
95	9	-7.8	1.95	2.358
96	1	-8.5	0	0
96	2	-8.4	1.744	2.187
96	3	-8.3	2.507	7.901
96	4	-8.3	2.827	7.602
96	5	-8.2	1.422	4.228
96	6	-8.2	1.684	1.952
96	7	-8.2	3.067	7.037
96	8	-8	3.894	7.604
96	9	-7.9	4.516	7.901
97	1	-8.6	0	0
97	2	-8.5	3.713	4.855
97	3	-8.4	3.402	7.604
97	4	-8.2	3.588	7.873
97	5	-8.2	4.001	5.064
97	6	-8.2	2.881	4.415
97	7	-8.2	2.49	3.11
97	8	-8.1	3.359	4.636
97	9	-8	2.616	4.307
98	1	-8.3	0	0
98	2	-8.2	2.459	7.722
98	3	-8.2	3.357	7.03
98	4	-8.2	3.544	7.53
98	5	-8.1	2.615	7.069
98	6	-8	2.744	7.684
98	7	-7.8	3.182	7.033
98	8	-7.8	2.089	4.264
98	9	-7.7	2.511	7.728
99	1	-8	0	0
99	2	-7.9	2.454	7.593
99	3	-7.7	3.913	7.974
99	4	-7.6	2.391	8.024
99	5	-7.6	1.572	1.972
99	6	-7.5	3.109	6.915
99	7	-7.5	3.609	7.453
99	8	-7.5	1.523	1.851
99	9	-7.4	2.348	7.746
100	1	-8	0	0
100	2	-7.7	4.063	5.098
100	3	-7.7	3.408	5.037
100	4	-7.6	1.595	2.315
100	5	-7.5	2.399	7.645
100	6	-7.5	2.972	7.072
100	7	-7.4	3.463	5.406
100	8	-7.3	1.03	3.52
100	9	-7.3	3.168	7.167
101	1	-8.2	0	0
101	2	-7.8	2.424	7.84
101	3	-7.7	4.205	5.493
101	4	-7.6	3.441	4.962
101	5	-7.6	2.493	7.804
101	6	-7.6	3.103	7.414
101	7	-7.6	2.086	2.753
101	8	-7.4	3.917	5.502
101	9	-7.3	3.399	7.655
102	1	-8.4	0	0
102	2	-8.2	3.226	7.081
102	3	-8.1	2.566	7.791
102	4	-7.9	3.339	7.132
102	5	-7.9	1.571	2.277
102	6	-7.8	1.909	2.628
102	7	-7.8	4.345	7.275
102	8	-7.7	2.101	2.377
102	9	-7.6	3.248	6.792
103	1	-8.3	0	0
103	2	-8	3.047	7.155
103	3	-7.8	2.582	7.695
103	4	-7.8	3.317	5.103
103	5	-7.7	4.356	7.31
103	6	-7.7	1.997	2.57
103	7	-7.6	3.248	7.178
103	8	-7.6	3.495	5.288
103	9	-7.5	2.637	7.803
104	1	-8.1	0	0
104	2	-7.9	3.525	5.178
104	3	-7.8	4.024	5.298
104	4	-7.8	2.811	7.396
104	5	-7.6	3.78	5.555
104	6	-7.6	3.968	5.613
104	7	-7.6	2.39	7.531
104	8	-7.5	4.258	5.95
104	9	-7.5	2.288	7.577
105	1	-7.6	0	0
105	2	-7.6	2.546	8.024
105	3	-7.6	3.526	4.814
105	4	-7.6	3.275	7.056
105	5	-7.5	2.72	8.177
105	6	-7.5	2.934	4.934
105	7	-7.5	1.979	3.129
105	8	-7.3	3.306	4.657
105	9	-7.3	3.475	7.158
106	1	-7.9	0	0
106	2	-7.8	2.466	7.641
106	3	-7.5	1.463	1.755
106	4	-7.5	3.099	6.767
106	5	-7.5	1.624	4.049
106	6	-7.5	1.791	2.249
106	7	-7.3	2.29	8.04
106	8	-7.2	3.574	6.783
106	9	-7.2	3.072	7.474
107	1	-8.3	0	0
107	2	-8.3	1.441	4.428
107	3	-8.2	4.164	8.154
107	4	-8.2	2.81	8.117
107	5	-8.2	1.896	2.706
107	6	-8.1	2.587	2.933
107	7	-8.1	1.976	4.886
107	8	-8.1	3.139	7.846
107	9	-8	2.1	2.386
108	1	-8.4	0	0
108	2	-8.2	2.996	7.262
108	3	-8	2.551	7.813
108	4	-8	3.612	5.36
108	5	-7.9	3.128	7.309
108	6	-7.9	2.156	3.083
108	7	-7.7	2.565	7.796
108	8	-7.7	3.792	5.256
108	9	-7.6	3.265	4.992
109	1	-8.2	0	0
109	2	-7.9	3.636	5.205
109	3	-7.9	4.197	5.495
109	4	-7.7	2.815	7.398
109	5	-7.7	2.11	2.724
109	6	-7.6	2.289	7.599
109	7	-7.5	3.943	5.558
109	8	-7.4	2.488	7.563
109	9	-7.4	3.974	5.898
110	1	-8.2	0	0
110	2	-7.9	3.824	4.776
110	3	-7.9	3.564	5.247
110	4	-7.9	4.786	7.402
110	5	-7.7	4.678	7.53
110	6	-7.7	1.648	2.39
110	7	-7.6	3.762	5.416
110	8	-7.5	0.765	2.691
110	9	-7.5	2.579	7.124
111	1	-8.4	0	0
111	2	-8	1.652	2.385
111	3	-8	0.714	2.464
111	4	-8	4.38	7.266
111	5	-8	4.678	7.371
111	6	-7.9	3.708	4.522
111	7	-7.8	2.424	3.219
111	8	-7.7	4.021	5.771
111	9	-7.6	2.411	7.157
112	1	-8.3	0	0
112	2	-8.1	1.034	2.063
112	3	-8.1	1.967	2.891
112	4	-8	1.648	1.955
112	5	-7.9	4.577	7.137
112	6	-7.7	4.588	7.296
112	7	-7.6	2.293	7.145
112	8	-7.5	3.009	6.775
112	9	-7.4	2.016	7.161
113	1	-8.1	0	0
113	2	-8.1	4.064	4.927
113	3	-7.9	2.055	2.841
113	4	-7.9	2.568	8.036
113	5	-7.9	4.416	6.313
113	6	-7.8	3.324	7.34
113	7	-7.8	3.387	5.117
113	8	-7.7	3.583	5.082
113	9	-7.7	1.68	2.493
114	1	-7.7	0	0
114	2	-7.7	4.02	7.602
114	3	-7.6	1.793	2.103
114	4	-7.6	2.196	7.941
114	5	-7.6	2.892	7.149
114	6	-7.5	1.289	3.555
114	7	-7.4	3.572	7.251
114	8	-7.4	3.211	7.227
114	9	-7.3	1.602	2.197
115	1	-7.7	0	0
115	2	-7.7	3.37	5.756
115	3	-7.6	3.448	6.853
115	4	-7.6	3.411	6.969
115	5	-7.5	3.149	3.862
115	6	-7.4	2.135	2.681
115	7	-7.2	3.049	7.342
115	8	-7.2	3.303	7.069
115	9	-7.2	3.222	6.932
116	1	-8.6	0	0
116	2	-8.3	3.867	7.423
116	3	-8.3	3.876	5.455
116	4	-8.2	3.675	7.274
116	5	-8	3.613	7.902
116	6	-8	3.623	5.267
116	7	-7.9	3.598	7.537
116	8	-7.9	3.832	7.396
116	9	-7.9	3.069	4.247
117	1	-8.6	0	0
117	2	-8.3	3.886	7.425
117	3	-8.3	3.864	5.453
117	4	-8.2	3.673	7.278
117	5	-8	4.028	5.583
117	6	-8	4.912	7.795
117	7	-8	3.589	7.536
117	8	-7.9	3.5	4.599
117	9	-7.9	3.744	7.362
118	1	-8.4	0	0
118	2	-8	3.344	4.379
118	3	-7.9	3.233	7.334
118	4	-7.9	1.538	2.232
118	5	-7.9	3.453	5.44
118	6	-7.9	4.37	6.011
118	7	-7.7	3.323	5.782
118	8	-7.7	3.231	7.258
118	9	-7.7	3.976	5.864
119	1	-8.4	0	0
119	2	-8	3.344	4.391
119	3	-8	3.227	7.331
119	4	-8	3.495	5.483
119	5	-7.9	4.362	6.052
119	6	-7.7	3.341	5.78
119	7	-7.7	4.034	5.9
119	8	-7.7	3.249	7.265
119	9	-7.5	4.035	7.324
120	1	-8.2	0	0
120	2	-8.1	3.24	8.194
120	3	-8.1	2.547	7.681
120	4	-7.9	2.715	6.413
120	5	-7.9	2.636	6.492
120	6	-7.9	2.324	5.642
120	7	-7.9	2.851	7.683
120	8	-7.8	2.738	8.268
120	9	-7.7	2.653	6.852
121	1	-8.2	0	0
121	2	-8.1	2.539	7.628
121	3	-7.9	3.074	6.851
121	4	-7.9	2.96	6.016
121	5	-7.8	3.061	8.416
121	6	-7.8	2.343	2.896
121	7	-7.8	1.759	2.265
121	8	-7.8	2.998	7.834
121	9	-7.6	2.74	6.585
122	1	-8.3	0	0
122	2	-7.9	2.682	7.704
122	3	-7.8	1.106	1.426
122	4	-7.8	2.969	6.575
122	5	-7.7	2.957	7.807
122	6	-7.6	2.394	2.858
122	7	-7.5	1.788	2.542
122	8	-7.5	2.089	5.64
122	9	-7.4	2.49	6.501
123	1	-8.3	0	0
123	2	-7.9	2.711	7.712
123	3	-7.8	3.099	7.696
123	4	-7.8	3.055	6.559
123	5	-7.6	2.509	7.346
123	6	-7.6	2.244	5.789
123	7	-7.6	2.539	7.542
123	8	-7.5	3.032	8.417
123	9	-7.5	2.599	6.424
124	1	-8.3	0	0
124	2	-8.2	2.742	8.168
124	3	-8.1	2.996	6.679
124	4	-8.1	2.096	6.343
124	5	-7.7	3.027	7.831
124	6	-7.6	2.882	8.417
124	7	-7.4	2.851	7.966
124	8	-7.3	2.327	7.667
124	9	-7.3	2.832	7.981
125	1	-8.3	0	0
125	2	-8.1	3.005	6.686
125	3	-8.1	2.729	8.147
125	4	-8.1	2.1	6.35
125	5	-7.7	2.989	7.911
125	6	-7.7	2.907	7.693
125	7	-7.6	2.374	7.82
125	8	-7.6	2.921	7.737
125	9	-7.4	2.618	5.698
126	1	-8.6	0	0
126	2	-8.4	2.163	6.343
126	3	-8.4	2.684	6.215
126	4	-8.4	2.495	7.938
126	5	-8.3	2.911	6.635
126	6	-8.2	3.043	7.695
126	7	-7.9	2.579	7.886
126	8	-7.7	2.738	7.635
126	9	-7.6	2.909	7.91
127	1	-8.6	0	0
127	2	-8.4	2.109	6.356
127	3	-8.3	2.914	6.666
127	4	-8.3	2.73	8.078
127	5	-8.2	3.3	8.373
127	6	-8.2	3.142	7.796
127	7	-7.9	3.206	8.262
127	8	-7.9	2.823	8.269
127	9	-7.7	2.804	7.609
128	1	-7.9	0	0
128	2	-7.8	3.146	8.271
128	3	-7.8	2.779	6.495
128	4	-7.7	2.532	7.828
128	5	-7.6	2.113	6.418
128	6	-7.5	3	7.656
128	7	-7.3	2.52	7.756
128	8	-7.2	2.373	5.44
128	9	-7.2	3.131	6.467
129	1	-7.9	0	0
129	2	-7.8	3.15	8.281
129	3	-7.8	2.768	6.481
129	4	-7.7	2.543	7.841
129	5	-7.6	2.281	6.482
129	6	-7.4	2.758	8.136
129	7	-7.4	2.675	7.848
129	8	-7.3	2.976	7.622
129	9	-7.2	2.295	5.448
130	1	-8.4	0	0
130	2	-8.1	4.504	6.215
130	3	-8	3.617	5.481
130	4	-7.8	4.406	6.208
130	5	-7.7	3.353	7.469
130	6	-7.7	3.478	4.745
130	7	-7.5	3.947	5.678
130	8	-7.4	4.709	7.316
130	9	-7.4	3.196	8.183
131	1	-8.4	0	0
131	2	-8.2	4.682	6.442
131	3	-8.1	3.616	5.646
131	4	-7.9	4.418	6.401
131	5	-7.9	3.872	4.954
131	6	-7.9	1.552	2.229
131	7	-7.8	3.303	7.542
131	8	-7.5	4.648	7.249
131	9	-7.4	2.721	3.419
132	1	-8.8	0	0
132	2	-8.3	3.692	5.346
132	3	-8.2	1.557	2.249
132	4	-8.1	3.877	5.494
132	5	-8	3.646	4.73
132	6	-7.9	4.274	6.182
132	7	-7.8	3.118	7.664
132	8	-7.8	4.594	7.177
132	9	-7.7	3.132	7.713
133	1	-8.6	0	0
133	2	-8.3	3.682	5.446
133	3	-8.1	3.782	4.771
133	4	-8.1	3.842	5.533
133	5	-7.8	3.069	7.681
133	6	-7.8	4.509	7.098
133	7	-7.6	3.128	7.778
133	8	-7.6	3.308	8.223
133	9	-7.6	3.539	8.357
134	1	-8.1	0	0
134	2	-8.1	2.384	6.47
134	3	-8.1	3.281	6.901
134	4	-8	2.238	4.107
134	5	-7.8	2.644	4.579
134	6	-7.6	2.269	6.556
134	7	-7.6	2.627	3.52
134	8	-7.5	3.45	7.479
134	9	-7.4	3.341	6.438
135	1	-8.2	0	0
135	2	-8.1	3.765	7.297
135	3	-8	3.736	6.794
135	4	-7.8	2.586	4.704
135	5	-7.7	2.791	4.733
135	6	-7.6	3.366	6.257
135	7	-7.5	2.563	3.473
135	8	-7.4	2.327	2.99
135	9	-7.3	2.822	4.647
136	1	-8.5	0	0
136	2	-8.1	4.124	5.64
136	3	-8	3.874	7.584
136	4	-8	1.533	2.223
136	5	-8	3.673	5.075
136	6	-7.8	4.094	7.817
136	7	-7.8	3.529	8.165
136	8	-7.6	2.002	2.48
136	9	-7.4	3.585	5.026
137	1	-8.5	0	0
137	2	-8.3	0.762	1.308
137	3	-8.2	4.148	5.702
137	4	-8.1	1.551	2.241
137	5	-8	3.877	7.561
137	6	-8	3.91	5.023
137	7	-7.9	4.728	6.491
137	8	-7.9	4.239	5.536
137	9	-7.7	3.903	7.735
138	1	-8.1	0	0
138	2	-8.1	3.555	4.9
138	3	-8	4.161	6.942
138	4	-8	3.189	5.116
138	5	-7.9	4.721	8.155
138	6	-7.9	4.141	5.29
138	7	-7.9	3.256	4.518
138	8	-7.8	4.101	6.537
138	9	-7.7	2.616	3.011
139	1	-8.2	0	0
139	2	-8.1	3.698	6.789
139	3	-8.1	3.381	7.275
139	4	-8.1	3.365	3.841
139	5	-8.1	3.433	4.834
139	6	-8	1.762	3.919
139	7	-8	3.263	7.465
139	8	-7.9	2.323	4.442
139	9	-7.9	3.228	7.185
140	1	-8.7	0	0
140	2	-8.4	3.153	7.422
140	3	-8.4	3.405	5.087
140	4	-8.3	3.767	4.619
140	5	-8.3	2.149	2.376
140	6	-8.2	1.524	2.218
140	7	-8.1	3.424	5.44
140	8	-8	3.43	7.566
140	9	-8	3.592	5.276
141	1	-8.7	0	0
141	2	-8.4	3.137	7.403
141	3	-8.4	3.364	5.036
141	4	-8.3	2.122	2.914
141	5	-8.2	3.501	4.499
141	6	-8	3.392	5.385
141	7	-8	3.951	5.785
141	8	-8	3.412	7.561
141	9	-7.9	4.712	7.688
142	1	-9.2	0	0
142	2	-8.8	2.937	4.465
142	3	-8.6	3.922	7.835
142	4	-8.5	3.974	7.742
142	5	-8.5	2.582	4.072
142	6	-8.4	4.008	6.849
142	7	-8.4	2.335	2.803
142	8	-8.3	1.508	1.665
142	9	-8.1	3.185	4.693
143	1	-9.2	0	0
143	2	-9	4.467	5.829
143	3	-8.8	2.937	4.471
143	4	-8.6	3.917	7.847
143	5	-8.5	2.586	4.084
143	6	-8.5	3.971	7.752
143	7	-8.4	2.278	2.733
143	8	-8.4	4.019	6.862
143	9	-8.4	2.934	3.683
144	1	-8.4	0	0
144	2	-8.3	3.32	5.128
144	3	-8.3	2.631	7.842
144	4	-8.3	2.654	7.785
144	5	-8.1	3.195	7.069
144	6	-8	3.745	4.9
144	7	-7.9	3.498	5.27
144	8	-7.6	3.336	5.095
144	9	-7.4	3.528	7.804
145	1	-8.4	0	0
145	2	-8.3	2.655	7.775
145	3	-8.3	2.631	7.837
145	4	-8.2	3.657	4.743
145	5	-8.1	3.199	7.068
145	6	-8	3.509	5.28
145	7	-7.9	2.038	2.467
145	8	-7.9	3.214	4.955
145	9	-7.9	3.983	5.94
146	1	-8.5	0	0
146	2	-8.3	2.809	7.59
146	3	-8.2	1.425	4.234
146	4	-8.1	3.057	7.036
146	5	-8	3.891	7.633
146	6	-7.7	2.169	4.735
146	7	-7.5	3.675	7.533
146	8	-7.5	2.955	7.446
146	9	-7.3	2.654	7.146
147	1	-8.4	0	0
147	2	-8.4	1.745	2.18
147	3	-8.2	1.616	2.218
147	4	-8.2	2.869	7.948
147	5	-8.1	2.391	4.834
147	6	-7.7	2.473	4.693
147	7	-7.7	1.984	4.515
147	8	-7.5	1.478	1.608
147	9	-7.4	3.033	7.419
148	1	-8.2	0	0
148	2	-7.9	2.586	8.036
148	3	-7.9	2.125	2.955
148	4	-7.8	3.335	7.336
148	5	-7.6	2.495	8.099
148	6	-7.6	3.642	4.974
148	7	-7.5	4.168	6.193
148	8	-7.4	3.398	7.644
148	9	-7.4	3.315	4.972
149	1	-8.2	0	0
149	2	-8.1	3.953	4.758
149	3	-7.9	2.658	8.008
149	4	-7.9	2.068	2.817
149	5	-7.8	3.381	7.28
149	6	-7.8	3.319	4.873
149	7	-7.6	3.518	4.948
149	8	-7.5	3.646	7.453
149	9	-7.4	4.706	7.207
150	1	-8.2	0	0
150	2	-8	2.58	7.81
150	3	-7.9	3.374	4.354
150	4	-7.9	3.232	7.148
150	5	-7.9	2.227	3.162
150	6	-7.7	2.675	4.804
150	7	-7.6	2.134	2.411
150	8	-7.6	3.431	7.199
150	9	-7.6	2.688	8.013
151	1	-8.6	0	0
151	2	-8.3	3.86	7.425
151	3	-8.3	3.858	5.436
151	4	-8.2	3.675	7.282
151	5	-8.2	4.005	5.824
151	6	-8	3.513	7.963
151	7	-8	3.138	4.315
151	8	-8	4.919	7.79
151	9	-7.9	3.818	7.407
152	1	-8.2	0	0
152	2	-8	2.592	7.822
152	3	-7.9	3.252	7.159
152	4	-7.9	3.25	4.245
152	5	-7.6	3.081	7.059
152	6	-7.5	4.059	7.195
152	7	-7.3	2.573	3.778
152	8	-7.1	3.346	4.128
152	9	-7.1	2.701	8.033
153	1	-8.2	0	0
153	2	-8	2.612	8.028
153	3	-7.9	3.464	5.22
153	4	-7.8	3.361	7.33
153	5	-7.7	2.146	2.969
153	6	-7.7	1.569	2.278
153	7	-7.6	2.722	8.236
153	8	-7.5	3.627	7.53
153	9	-7.5	3.745	5.308
154	1	-8.6	0	0
154	2	-8.3	3.859	7.421
154	3	-8.3	3.824	5.401
154	4	-8.2	3.663	7.272
154	5	-8.1	3.833	5.647
154	6	-8	3.494	7.964
154	7	-8	3.276	4.34
154	8	-7.9	3.957	5.509
154	9	-7.9	3.597	7.539
155	1	-8.3	0	0
155	2	-8	2.587	7.824
155	3	-8	3.372	4.386
155	4	-7.9	3.257	7.156
155	5	-7.9	2.212	3.124
155	6	-7.8	2.657	7.905
155	7	-7.7	2.948	4.837
155	8	-7.6	2.965	5.241
155	9	-7.5	4.111	7.354
156	1	-8.2	0	0
156	2	-8	2.579	7.816
156	3	-8	3.388	4.405
156	4	-8	3.171	7.123
156	5	-7.9	2.208	3.254
156	6	-7.7	4.34	8.005
156	7	-7.7	4.142	5.849
156	8	-7.6	2.689	7.909
156	9	-7.6	2.91	4.974
157	1	-8.2	0	0
157	2	-8	2.584	7.806
157	3	-8	3.535	4.525
157	4	-8	3.178	7.118
157	5	-7.9	2.227	3.165
157	6	-7.8	2.662	7.9
157	7	-7.7	3.254	4.9
157	8	-7.5	3.876	4.991
157	9	-7.5	2.685	3.994
158	1	-8.6	0	0
158	2	-8.3	3.869	7.42
158	3	-8.2	3.847	5.432
158	4	-8.2	3.679	7.277
158	5	-8	3.515	7.962
158	6	-8	3.283	4.402
158	7	-8	3.602	7.542
158	8	-7.9	4.011	5.778
158	9	-7.9	3.832	7.407
159	1	-8.2	0	0
159	2	-8	3.18	7.13
159	3	-8	2.592	7.816
159	4	-7.9	3.469	4.424
159	5	-7.9	2.242	3.315
159	6	-7.6	2.902	5.192
159	7	-7.6	3.262	7.162
159	8	-7.5	2.673	8.018
159	9	-7.5	4.112	7.348
160	1	-8.2	0	0
160	2	-8.1	2.585	7.812
160	3	-8	3.178	7.13
160	4	-7.9	3.376	4.376
160	5	-7.9	2.225	3.166
160	6	-7.8	3.073	4.902
160	7	-7.6	2.881	5.185
160	8	-7.6	3.221	7.152
160	9	-7.5	2.81	8.06
161	1	-8.6	0	0
161	2	-8.3	3.865	7.419
161	3	-8.3	3.818	5.396
161	4	-8.2	3.675	7.275
161	5	-8	3.519	7.962
161	6	-7.9	3.209	4.285
161	7	-7.9	4.901	7.765
161	8	-7.9	3.595	7.538
161	9	-7.9	3.823	7.405
162	1	-8.6	0	0
162	2	-8.3	3.822	5.401
162	3	-8.2	3.672	7.279
162	4	-8.2	3.655	7.296
162	5	-8.2	4.07	5.811
162	6	-8.1	3.522	7.958
162	7	-8	3.253	4.334
162	8	-8	4.026	5.587
162	9	-8	4.909	7.792
163	1	-8.6	0	0
163	2	-8.3	3.864	7.423
163	3	-8.3	3.823	5.405
163	4	-8.2	3.673	7.277
163	5	-8.1	4.033	5.823
163	6	-8	3.199	4.35
163	7	-8	3.516	7.96
163	8	-8	3.776	7.373
163	9	-8	4.906	7.79
164	1	-8.6	0	0
164	2	-8.3	3.852	7.412
164	3	-8.3	3.83	5.414
164	4	-8.2	3.674	7.273
164	5	-8	3.49	7.967
164	6	-7.9	4.884	7.792
164	7	-7.8	3.124	4.312
164	8	-7.8	3.192	4.172
164	9	-7.8	3.642	7.586
165	1	-8.2	0	0
165	2	-8.1	4.105	4.959
165	3	-7.9	2.073	2.828
165	4	-7.9	2.623	8.046
165	5	-7.8	4.428	6.258
165	6	-7.8	3.258	7.491
165	7	-7.7	4.454	6.262
165	8	-7.7	3.666	5.174
165	9	-7.6	2.649	8.126
166	1	-8.2	0	0
166	2	-7.9	2.574	8.034
166	3	-7.9	2.068	2.863
166	4	-7.9	3.4	5.117
166	5	-7.8	3.367	7.371
166	6	-7.6	3.507	7.516
166	7	-7.4	3.808	5.365
166	8	-7.4	4.702	7.164
166	9	-7.3	3.679	5.38
167	1	-8.2	0	0
167	2	-8	2.589	7.811
167	3	-8	3.183	7.13
167	4	-7.8	1.836	2.414
167	5	-7.8	2.641	7.889
167	6	-7.6	2.864	4.95
167	7	-7.6	2.732	8.136
167	8	-7.5	1.89	2.136
167	9	-7.5	4.117	7.34
168	1	-8.1	0	0
168	2	-8.1	4.113	4.972
168	3	-7.9	2.065	2.825
168	4	-7.9	2.636	8.038
168	5	-7.8	3.467	5.163
168	6	-7.8	3.38	7.348
168	7	-7.7	1.627	2.336
168	8	-7.6	2.524	8.127
168	9	-7.5	3.614	7.602
169	1	-8.2	0	0
169	2	-7.9	2.089	2.851
169	3	-7.9	4.272	5.704
169	4	-7.9	3.461	4.981
169	5	-7.8	2.657	8.053
169	6	-7.8	3.396	7.334
169	7	-7.7	1.611	2.313
169	8	-7.7	3.624	5.131
169	9	-7.6	2.651	8.129
170	1	-8.2	0	0
170	2	-8.1	4.086	4.935
170	3	-7.9	2.088	2.872
170	4	-7.9	3.433	4.943
170	5	-7.9	4.176	5.604
170	6	-7.8	3.371	7.331
170	7	-7.8	2.626	8.084
170	8	-7.7	4.453	6.269
170	9	-7.7	4.155	5.842
171	1	-8.1	0	0
171	2	-7.9	2.604	8.029
171	3	-7.9	3.429	5.154
171	4	-7.8	2.094	2.923
171	5	-7.8	3.216	7.506
171	6	-7.7	3.929	5.293
171	7	-7.7	1.595	2.292
171	8	-7.6	3.565	5.056
171	9	-7.5	2.398	2.952
172	1	-8.2	0	0
172	2	-8.1	4.068	4.909
172	3	-7.9	2.07	2.842
172	4	-7.9	2.447	8.104
172	5	-7.9	3.458	4.979
172	6	-7.8	3.373	7.319
172	7	-7.7	4.421	6.235
172	8	-7.7	4.13	5.842
172	9	-7.7	3.572	5.075
173	1	-8.2	0	0
173	2	-8.1	4.112	4.986
173	3	-7.9	2.059	2.845
173	4	-7.9	2.575	8.034
173	5	-7.9	3.429	4.978
173	6	-7.8	3.344	7.365
173	7	-7.7	4.434	6.338
173	8	-7.7	4.084	5.872
173	9	-7.7	2.606	8.116
174	1	-8.1	0	0
174	2	-8	3.022	3.886
174	3	-7.9	3.069	4.244
174	4	-7.9	4.141	7.857
174	5	-7.9	2.924	4.132
174	6	-7.8	3.884	6.838
174	7	-7.7	2.562	3.303
174	8	-7.7	3.659	4.409
174	9	-7.7	4.421	7.905
175	1	-8.2	0	0
175	2	-8	3.466	4.48
175	3	-8	2.574	7.808
175	4	-7.9	3.244	7.148
175	5	-7.9	2.233	3.225
175	6	-7.6	2.906	4.971
175	7	-7.6	3.221	7.143
175	8	-7.5	3.044	5.184
175	9	-7.5	4.112	7.336
176	1	-8.2	0	0
176	2	-8	2.597	7.805
176	3	-8	3.184	7.129
176	4	-7.9	2.195	3.114
176	5	-7.8	3.584	4.582
176	6	-7.6	2.908	4.964
176	7	-7.6	2.245	2.54
176	8	-7.6	3.171	7.119
176	9	-7.5	2.814	8.06
177	1	-8.2	0	0
177	2	-8	2.595	7.817
177	3	-8	3.447	4.439
177	4	-7.9	3.231	7.145
177	5	-7.8	1.949	2.546
177	6	-7.7	3.235	4.906
177	7	-7.6	1.598	2.306
177	8	-7.6	3.203	7.132
177	9	-7.6	4.314	7.974
178	1	-8.2	0	0
178	2	-8	2.584	7.81
178	3	-8	3.5	4.487
178	4	-8	3.18	7.126
178	5	-7.9	2.218	3.168
178	6	-7.7	2.96	4.826
178	7	-7.6	3.371	7.176
178	8	-7.5	2.808	8.052
178	9	-7.5	2.588	4.148
179	1	-8.2	0	0
179	2	-8	2.577	7.812
179	3	-7.9	3.189	7.124
179	4	-7.8	4.105	5.091
179	5	-7.7	1.962	2.507
179	6	-7.6	2.278	2.576
179	7	-7.6	2.895	4.807
179	8	-7.6	1.606	2.305
179	9	-7.6	3.355	7.221
180	1	-8.2	0	0
180	2	-8	2.586	7.827
180	3	-7.9	3.611	4.574
180	4	-7.9	3.251	7.161
180	5	-7.8	1.564	2.274
180	6	-7.8	2.957	4.86
180	7	-7.7	1.956	2.522
180	8	-7.7	4.338	8.009
180	9	-7.6	3.43	4.323
181	1	-8.2	0	0
181	2	-8	3.684	4.604
181	3	-8	3.183	7.131
181	4	-7.9	2.62	7.728
181	5	-7.8	3.156	4.95
181	6	-7.8	1.959	2.576
181	7	-7.6	2.967	5.247
181	8	-7.5	3.225	7.236
181	9	-7.4	3.94	4.679
182	1	-8.6	0	0
182	2	-8.3	3.676	5.454
182	3	-8.1	3.833	4.872
182	4	-7.9	3.97	5.653
182	5	-7.9	3.816	5.474
182	6	-7.9	3.054	7.721
182	7	-7.8	2.991	8.155
182	8	-7.7	3.039	7.758
182	9	-7.7	4.485	7.078
183	1	-8.7	0	0
183	2	-8.3	3.674	5.386
183	3	-8.1	3.725	4.71
183	4	-7.9	4.294	6.236
183	5	-7.8	3.949	5.663
183	6	-7.7	4.539	7.153
183	7	-7.7	3.981	5.976
183	8	-7.7	3.223	8.206
183	9	-7.6	1.625	3.925
184	1	-8.6	0	0
184	2	-8.3	3.677	5.419
184	3	-8.1	3.867	5.546
184	4	-8.1	3.852	4.939
184	5	-8	1.651	2.453
184	6	-7.8	3.079	7.683
184	7	-7.8	3.174	8.229
184	8	-7.8	3.655	5.719
184	9	-7.7	3.06	7.718
185	1	-8.7	0	0
185	2	-8.2	3.604	5.451
185	3	-8.1	1.676	2.488
185	4	-8.1	3.846	5.522
185	5	-7.9	4.053	5.991
185	6	-7.8	3.958	5.7
185	7	-7.8	3.157	7.575
185	8	-7.8	4.124	6.111
185	9	-7.7	4.517	7.106
186	1	-8.6	0	0
186	2	-8.3	3.678	5.437
186	3	-8.2	1.557	2.247
186	4	-8.1	3.801	4.837
186	5	-8.1	3.882	5.564
186	6	-7.9	4.291	6.319
186	7	-7.8	4.505	7.091
186	8	-7.7	3.039	7.736
186	9	-7.7	3.126	8.091
187	1	-8.6	0	0
187	2	-8.3	3.683	5.422
187	3	-8.1	3.782	4.797
187	4	-8.1	3.896	5.569
187	5	-7.9	3.539	5.475
187	6	-7.8	3.201	7.557
187	7	-7.8	4.524	7.107
187	8	-7.7	3.132	8.101
187	9	-7.7	4.164	6.126
188	1	-8.6	0	0
188	2	-8.3	3.657	5.413
188	3	-8.1	3.751	4.769
188	4	-8.1	4.43	6.344
188	5	-8.1	3.857	5.552
188	6	-7.9	4.257	6.258
188	7	-7.8	3.681	5.762
188	8	-7.8	3.163	7.528
188	9	-7.7	4.533	7.146
189	1	-8.6	0	0
189	2	-8.3	3.653	5.395
189	3	-8	3.815	4.903
189	4	-7.9	4.265	6.247
189	5	-7.7	3.976	5.718
189	6	-7.7	3.206	7.488
189	7	-7.7	3.18	8.196
189	8	-7.7	4.498	7.102
189	9	-7.6	3.062	7.666
190	1	-8.6	0	0
190	2	-8.3	3.676	5.408
190	3	-8.2	3.614	5.459
190	4	-8.1	3.729	4.858
190	5	-8	3.832	5.498
190	6	-7.8	3.218	7.529
190	7	-7.8	3.196	8.209
190	8	-7.7	4.535	7.136
190	9	-7.6	3.967	5.806
191	1	-8.6	0	0
191	2	-8.2	3.655	5.387
191	3	-8.2	1.542	2.226
191	4	-8.1	3.657	4.699
191	5	-8	3.822	5.52
191	6	-7.8	3.207	7.495
191	7	-7.7	4.522	7.144
191	8	-7.7	3.077	7.679
191	9	-7.6	3.567	4.949
192	1	-8.6	0	0
192	2	-8.3	3.661	5.414
192	3	-8.2	3.619	5.513
192	4	-8.1	1.649	2.425
192	5	-8.1	3.699	4.733
192	6	-8.1	3.837	5.539
192	7	-7.8	3.182	7.49
192	8	-7.8	4.488	7.117
192	9	-7.6	1.646	3.975
193	1	-8.6	0	0
193	2	-8.3	3.667	5.437
193	3	-8.1	1.637	2.429
193	4	-8.1	3.752	4.786
193	5	-8.1	3.879	5.576
193	6	-8	3.859	5.424
193	7	-7.8	4.497	7.093
193	8	-7.7	3.096	7.44
193	9	-7.7	3.184	8.073
194	1	-8.6	0	0
194	2	-8.3	3.659	5.377
194	3	-8	3.842	5.519
194	4	-7.9	3.692	4.999
194	5	-7.8	3.208	7.494
194	6	-7.7	4.044	5.783
194	7	-7.7	3.071	7.676
194	8	-7.7	3.118	8.069
194	9	-7.7	3.927	5.858
195	1	-8.3	0	0
195	2	-8.1	1.031	3.845
195	3	-8.1	1.7	2.225
195	4	-8	2.95	4.462
195	5	-7.9	1.865	4.447
195	6	-7.8	2.941	7.295
195	7	-7.8	3.669	5.409
195	8	-7.7	3.957	7.284
195	9	-7.7	3.306	7.986
196	1	-8.7	0	0
196	2	-8.2	3.669	5.398
196	3	-8.1	4.405	6.308
196	4	-8	3.797	5.485
196	5	-8	3.669	4.839
196	6	-7.8	3.184	7.51
196	7	-7.7	4.536	7.126
196	8	-7.7	3.587	5.549
196	9	-7.7	3.165	8.093
197	1	-8.6	0	0
197	2	-8.3	3.86	7.423
197	3	-8.3	3.824	5.414
197	4	-8.2	3.673	7.279
197	5	-8.1	4.038	5.835
197	6	-8.1	3.513	7.964
197	7	-7.9	3.265	4.397
197	8	-7.9	4.882	7.78
197	9	-7.9	3.597	7.555
198	1	-8.6	0	0
198	2	-8.3	3.87	7.42
198	3	-8.3	3.822	5.398
198	4	-8.2	3.678	7.279
198	5	-8.1	3.974	5.821
198	6	-8	3.557	7.915
198	7	-8	4.9	7.792
198	8	-7.9	4.093	5.139
198	9	-7.8	3.731	8.17
199	1	-8.6	0	0
199	2	-8.3	3.818	5.392
199	3	-8.3	3.863	7.417
199	4	-8.2	3.668	7.274
199	5	-8	3.627	5.276
199	6	-8	3.765	7.364
199	7	-8	4.894	7.782
199	8	-8	3.6	7.542
199	9	-7.7	1.963	3.373
200	1	-8.6	0	0
200	2	-8.3	3.832	5.413
200	3	-8.3	3.874	7.421
200	4	-8.2	3.672	7.278
200	5	-8.2	3.897	5.763
200	6	-8	3.302	4.366
200	7	-8	3.76	7.369
200	8	-8	4.009	5.586
200	9	-7.9	4.006	5.762
201	1	-8.6	0	0
201	2	-8.3	3.858	5.441
201	3	-8.3	3.838	7.407
201	4	-8.2	3.671	7.271
201	5	-8	3.499	7.964
201	6	-8	3.608	5.249
201	7	-8	3.225	4.352
201	8	-7.9	3.596	7.538
201	9	-7.8	1.521	2.178
202	1	-8.6	0	0
202	2	-8.3	3.846	5.448
202	3	-8.2	3.826	7.386
202	4	-8.1	3.678	7.258
202	5	-8	3.186	4.36
202	6	-7.9	4.045	5.567
202	7	-7.9	3.49	7.945
202	8	-7.9	4.874	7.797
202	9	-7.8	3.171	4.3
203	1	-8.6	0	0
203	2	-8.3	3.87	7.423
203	3	-8.3	3.827	5.407
203	4	-8.2	3.682	7.281
203	5	-8.2	3.902	5.772
203	6	-8.1	3.535	7.953
203	7	-8	3.125	4.311
203	8	-8	4.914	7.792
203	9	-7.9	4.025	5.56
204	1	-8.6	0	0
204	2	-8.3	3.866	7.423
204	3	-8.3	3.847	5.429
204	4	-8.3	4.625	7.955
204	5	-8.2	3.669	7.275
204	6	-8.2	3.989	5.825
204	7	-8	3.52	7.954
204	8	-8	3.6	7.543
204	9	-7.9	3.194	4.319
205	1	-8.6	0	0
205	2	-8.3	3.876	7.427
205	3	-8.3	3.854	5.426
205	4	-8.2	3.69	7.284
205	5	-8.2	4.078	5.813
205	6	-8	3.503	7.963
205	7	-8	3.257	4.34
205	8	-7.9	3.793	7.362
205	9	-7.9	4.892	7.81
206	1	-8.6	0	0
206	2	-8.3	3.865	7.425
206	3	-8.3	3.835	5.418
206	4	-8.2	3.675	7.282
206	5	-8	3.503	7.963
206	6	-8	3.184	4.354
206	7	-8	3.586	5.231
206	8	-7.9	4.895	7.788
206	9	-7.8	2.568	3.523
207	1	-8.6	0	0
207	2	-8.3	3.867	7.422
207	3	-8.2	3.854	5.427
207	4	-8.2	3.678	7.279
207	5	-8	3.522	7.961
207	6	-8	3.597	7.54
207	7	-7.9	4.89	7.775
207	8	-7.7	4.003	5.747
207	9	-7.6	3.168	4.857
208	1	-8.6	0	0
208	2	-8.3	3.857	7.414
208	3	-8.3	3.853	5.441
208	4	-8.2	3.669	7.275
208	5	-8.1	3.956	5.802
208	6	-8	4.036	5.598
208	7	-8	3.126	4.313
208	8	-7.9	3.514	7.96
208	9	-7.9	3.602	7.543
209	1	-8.6	0	0
209	2	-8.3	3.88	7.433
209	3	-8.3	3.837	5.418
209	4	-8.2	3.677	7.282
209	5	-8.2	3.865	5.73
209	6	-8	3.582	7.904
209	7	-8	3.799	5.444
209	8	-8	3.6	5.239
209	9	-8	3.305	4.419
210	1	-8.6	0	0
210	2	-8.3	3.827	5.411
210	3	-8.2	3.669	7.277
210	4	-8.2	4.024	5.834
210	5	-8.2	3.608	7.237
210	6	-8	3.495	7.962
210	7	-8	4.9	7.774
210	8	-8	3.21	4.342
210	9	-7.9	3.658	4.31
211	1	-8.6	0	0
211	2	-8.3	3.87	7.426
211	3	-8.3	3.822	5.398
211	4	-8.2	3.679	7.283
211	5	-8.2	4.016	5.81
211	6	-8	3.52	7.962
211	7	-8	3.268	4.326
211	8	-8	4.907	7.792
211	9	-7.9	4.097	5.612
212	1	-8.6	0	0
212	2	-8.3	3.843	5.439
212	3	-8.3	3.839	7.391
212	4	-8.2	3.875	5.761
212	5	-8.1	3.666	7.254
212	6	-8	3.616	5.3
212	7	-7.9	4.865	7.774
212	8	-7.9	3.521	7.939
212	9	-7.9	3.856	7.409
213	1	-8.6	0	0
213	2	-8.3	3.85	5.438
213	3	-8.2	3.609	7.235
213	4	-8.2	3.665	7.266
213	5	-8.2	3.876	5.737
213	6	-8	3.252	4.33
213	7	-7.9	3.913	7.463
213	8	-7.8	3.972	5.73
213	9	-7.8	3.651	7.588
214	1	-8.6	0	0
214	2	-8.3	3.873	7.42
214	3	-8.2	3.877	5.466
214	4	-8.2	3.681	7.279
214	5	-8	3.554	7.937
214	6	-8	3.257	4.335
214	7	-7.9	3.595	7.537
214	8	-7.9	3.733	8.193
214	9	-7.9	3.886	7.461
215	1	-8.6	0	0
215	2	-8.3	3.856	7.421
215	3	-8.3	3.823	5.407
215	4	-8.2	3.674	7.281
215	5	-8	3.552	7.939
215	6	-8	3.984	5.541
215	7	-8	4.916	7.803
215	8	-8	3.594	7.538
215	9	-8	3.809	7.393
216	1	-8.6	0	0
216	2	-8.3	3.87	7.424
216	3	-8.3	3.824	5.401
216	4	-8.2	3.675	7.282
216	5	-8.2	4.029	5.843
216	6	-8	3.55	7.938
216	7	-8	3.797	7.401
216	8	-7.9	3.601	7.547
216	9	-7.9	3.229	4.309
217	1	-8.6	0	0
217	2	-8.3	3.864	7.421
217	3	-8.3	3.815	5.396
217	4	-8.2	3.679	7.277
217	5	-8.2	3.893	5.771
217	6	-8	3.106	4.287
217	7	-8	3.502	7.957
217	8	-8	4.91	7.788
217	9	-7.9	3.611	7.545
218	1	-8.6	0	0
218	2	-8.3	3.831	5.416
218	3	-8.3	3.859	7.416
218	4	-8.2	3.992	5.832
218	5	-8.2	3.683	7.279
218	6	-8	3.522	7.955
218	7	-8	3.243	4.331
218	8	-7.9	4.88	7.785
218	9	-7.9	3.728	8.188
