#################################################################
# If you used AutoDock Vina in your work, please cite:          #
#                                                               #
# O. Trott, A. J. Olson,                                        #
# AutoDock Vina: improving the speed and accuracy of docking    #
# with a new scoring function, efficient optimization and       #
# multithreading, Journal of Computational Chemistry 31 (2010)  #
# 455-461                                                       #
#                                                               #
# DOI 10.1002/jcc.21334                                         #
#                                                               #
# Please see http://vina.scripps.edu for more information.      #
#################################################################

Reading input ... done.
Setting up the scoring function ... done.
Analyzing the binding site ... done.
Using random seed: -562949079
Performing search ... done.
Refining results ... done.

mode |   affinity | dist from best mode
     | (kcal/mol) | rmsd l.b.| rmsd u.b.
-----+------------+----------+----------
   1         -8.6      0.000      0.000
   2         -8.3      3.864      7.421
   3         -8.3      3.815      5.396
   4         -8.2      3.679      7.277
   5         -8.2      3.893      5.771
   6         -8.0      3.106      4.287
   7         -8.0      3.502      7.957
   8         -8.0      4.910      7.788
   9         -7.9      3.611      7.545
Writing output ... done.
