#################################################################
# If you used AutoDock Vina in your work, please cite:          #
#                                                               #
# O. Trott, A. J. Olson,                                        #
# AutoDock Vina: improving the speed and accuracy of docking    #
# with a new scoring function, efficient optimization and       #
# multithreading, Journal of Computational Chemistry 31 (2010)  #
# 455-461                                                       #
#                                                               #
# DOI 10.1002/jcc.21334                                         #
#                                                               #
# Please see http://vina.scripps.edu for more information.      #
#################################################################

Reading input ... done.
Setting up the scoring function ... done.
Analyzing the binding site ... done.
Using random seed: 1675711256
Performing search ... done.
Refining results ... done.

mode |   affinity | dist from best mode
     | (kcal/mol) | rmsd l.b.| rmsd u.b.
-----+------------+----------+----------
   1         -8.8      0.000      0.000
   2         -8.7      3.286      6.471
   3         -8.6      1.481      2.027
   4         -8.5      2.960      6.697
   5         -8.5      3.693      7.181
   6         -8.4      3.221      6.746
   7         -8.4      2.473      5.566
   8         -8.2      2.535      6.708
   9         -8.2      3.558      7.286
Writing output ... done.
