#################################################################
# If you used AutoDock Vina in your work, please cite:          #
#                                                               #
# O. Trott, A. J. Olson,                                        #
# AutoDock Vina: improving the speed and accuracy of docking    #
# with a new scoring function, efficient optimization and       #
# multithreading, Journal of Computational Chemistry 31 (2010)  #
# 455-461                                                       #
#                                                               #
# DOI 10.1002/jcc.21334                                         #
#                                                               #
# Please see http://vina.scripps.edu for more information.      #
#################################################################

Reading input ... done.
Setting up the scoring function ... done.
Analyzing the binding site ... done.
Using random seed: -1505456741
Performing search ... done.
Refining results ... done.

mode |   affinity | dist from best mode
     | (kcal/mol) | rmsd l.b.| rmsd u.b.
-----+------------+----------+----------
   1         -9.3      0.000      0.000
   2         -9.1      1.545      2.094
   3         -9.0      1.797      2.056
   4         -9.0      2.701      5.422
   5         -8.9      2.995      6.422
   6         -8.9      2.857      5.930
   7         -8.9      3.883      7.795
   8         -8.8      3.084      7.601
   9         -8.8      2.656      3.106
Writing output ... done.
