#################################################################
# If you used AutoDock Vina in your work, please cite:          #
#                                                               #
# O. Trott, A. J. Olson,                                        #
# AutoDock Vina: improving the speed and accuracy of docking    #
# with a new scoring function, efficient optimization and       #
# multithreading, Journal of Computational Chemistry 31 (2010)  #
# 455-461                                                       #
#                                                               #
# DOI 10.1002/jcc.21334                                         #
#                                                               #
# Please see http://vina.scripps.edu for more information.      #
#################################################################

Reading input ... done.
Setting up the scoring function ... done.
Analyzing the binding site ... done.
Using random seed: -97842865
Performing search ... done.
Refining results ... done.

mode |   affinity | dist from best mode
     | (kcal/mol) | rmsd l.b.| rmsd u.b.
-----+------------+----------+----------
   1         -9.5      0.000      0.000
   2         -8.8      3.011      8.086
   3         -8.6      2.684      7.532
   4         -8.6      1.560      2.015
   5         -8.6      1.732      6.555
   6         -8.3      2.638      7.811
   7         -8.2      2.894      8.347
   8         -8.2      3.187      8.678
   9         -7.9      2.602      7.883
Writing output ... done.
