#################################################################
# If you used AutoDock Vina in your work, please cite:          #
#                                                               #
# O. Trott, A. J. Olson,                                        #
# AutoDock Vina: improving the speed and accuracy of docking    #
# with a new scoring function, efficient optimization and       #
# multithreading, Journal of Computational Chemistry 31 (2010)  #
# 455-461                                                       #
#                                                               #
# DOI 10.1002/jcc.21334                                         #
#                                                               #
# Please see http://vina.scripps.edu for more information.      #
#################################################################

Reading input ... done.
Setting up the scoring function ... done.
Analyzing the binding site ... done.
Using random seed: -590751616
Performing search ... done.
Refining results ... done.

mode |   affinity | dist from best mode
     | (kcal/mol) | rmsd l.b.| rmsd u.b.
-----+------------+----------+----------
   1         -8.6      0.000      0.000
   2         -8.3      3.822      5.401
   3         -8.2      3.672      7.279
   4         -8.2      3.655      7.296
   5         -8.2      4.070      5.811
   6         -8.1      3.522      7.958
   7         -8.0      3.253      4.334
   8         -8.0      4.026      5.587
   9         -8.0      4.909      7.792
Writing output ... done.
