#################################################################
# If you used AutoDock Vina in your work, please cite:          #
#                                                               #
# O. Trott, A. J. Olson,                                        #
# AutoDock Vina: improving the speed and accuracy of docking    #
# with a new scoring function, efficient optimization and       #
# multithreading, Journal of Computational Chemistry 31 (2010)  #
# 455-461                                                       #
#                                                               #
# DOI 10.1002/jcc.21334                                         #
#                                                               #
# Please see http://vina.scripps.edu for more information.      #
#################################################################

Reading input ... done.
Setting up the scoring function ... done.
Analyzing the binding site ... done.
Using random seed: -1028598730
Performing search ... done.
Refining results ... done.

mode |   affinity | dist from best mode
     | (kcal/mol) | rmsd l.b.| rmsd u.b.
-----+------------+----------+----------
   1         -8.6      0.000      0.000
   2         -8.3      3.676      5.454
   3         -8.1      3.833      4.872
   4         -7.9      3.970      5.653
   5         -7.9      3.816      5.474
   6         -7.9      3.054      7.721
   7         -7.8      2.991      8.155
   8         -7.7      3.039      7.758
   9         -7.7      4.485      7.078
Writing output ... done.
