1	1	-8.2	0	0
1	2	-7.9	2.566	8.018
1	3	-7.9	2.074	2.882
1	4	-7.9	3.367	5.111
1	5	-7.9	3.328	7.324
1	6	-7.8	3.667	5.032
1	7	-7.7	2.651	8.093
1	8	-7.7	2.673	8.218
1	9	-7.6	3.569	7.516
2	1	-8.8	0	0
2	2	-8.7	2.714	8.162
2	3	-8.6	3.437	5.883
2	4	-8.4	2.782	8.158
2	5	-8.3	3.733	6.087
2	6	-8.2	3.472	6.117
2	7	-8.2	4.3	7.972
2	8	-8.1	3.178	7.84
2	9	-7.9	3.058	8.169
3	1	-8	0	0
3	2	-7.8	1.788	3.684
3	3	-7.8	2.508	4.001
3	4	-7.7	1.379	3.893
3	5	-7.4	3.152	7.92
3	6	-7.4	1.765	3.65
3	7	-7.4	3.218	7.116
3	8	-7.4	2.228	3.668
3	9	-7.4	3.395	8.313
4	1	-7.8	0	0
4	2	-7.7	3.68	6.11
4	3	-7.4	3.05	7.865
4	4	-7.3	2.985	7.509
4	5	-7.3	3.699	6.753
4	6	-7.1	4.279	8.101
4	7	-7	1.799	1.986
4	8	-7	2.887	7.861
4	9	-7	3.055	7.873
5	1	-8.4	0	0
5	2	-8.2	2.111	2.853
5	3	-8.2	2.476	3.913
5	4	-8	3.846	7.351
5	5	-7.9	3.17	5.127
5	6	-7.9	3.666	7.656
5	7	-7.9	2.926	4.765
5	8	-7.9	3.629	7.746
5	9	-7.9	4.514	7.941
6	1	-8	0	0
6	2	-7.5	3.631	6.008
6	3	-7.3	3.039	7.826
6	4	-7.2	3.669	6.674
6	5	-7.2	2.791	7.821
6	6	-7.1	2.893	7.802
6	7	-6.9	2.965	7.847
6	8	-6.8	1.366	1.951
6	9	-6.8	2.977	7.831
7	1	-8	0	0
7	2	-7.9	3.495	6.012
7	3	-7.6	3.042	7.899
7	4	-7.5	3.632	6.521
7	5	-7.5	2.615	7.931
7	6	-7.4	3.163	7.664
7	7	-7.3	3.732	8.142
7	8	-7.3	3.059	7.919
7	9	-7.2	3.937	5.728
8	1	-8.3	0	0
8	2	-8.2	3.153	7.669
8	3	-8.1	2.716	7.774
8	4	-8.1	3.206	8.124
8	5	-7.9	2.998	7.996
8	6	-7.8	2.688	7.85
8	7	-7.8	3.7	6.419
8	8	-7.8	3.608	6.535
8	9	-7.8	2.982	7.81
9	1	-8.8	0	0
9	2	-8.7	2.707	8.168
9	3	-8.6	3.422	5.872
9	4	-8.4	2.787	8.175
9	5	-8.3	3.755	6.095
9	6	-8.3	3.272	6.084
9	7	-8.1	3.174	6.42
9	8	-8.1	3.187	7.857
9	9	-8.1	4.225	7.903
10	1	-8	0	0
10	2	-7.5	3.662	6.067
10	3	-7.3	2.869	7.761
10	4	-7.3	3.052	7.857
10	5	-7.2	3.644	6.682
10	6	-7	3.605	6.568
10	7	-6.9	3.036	7.702
10	8	-6.9	1.827	2.212
10	9	-6.9	2.984	7.902
11	1	-7.5	0	0
11	2	-7.5	2.685	4.252
11	3	-7.3	2.903	8.003
11	4	-7.2	3.725	5.983
11	5	-7.1	3.173	7.66
11	6	-7.1	4.129	7.689
11	7	-6.9	2.721	7.749
11	8	-6.9	3.541	6.529
11	9	-6.8	3.317	7.693
12	1	-8	0	0
12	2	-7.8	2.496	3.963
12	3	-7.8	1.781	3.653
12	4	-7.7	1.361	2.363
12	5	-7.6	1.286	3.807
12	6	-7.6	2.451	3.569
12	7	-7.6	2.36	3.153
12	8	-7.6	2.743	3.496
12	9	-7.5	3.035	7.857
13	1	-8.4	0	0
13	2	-8.1	2.596	7.649
13	3	-8	3.11	6.426
13	4	-7.9	3.222	6.253
13	5	-7.9	2.88	8.062
13	6	-7.7	2.933	7.971
13	7	-7.7	2.964	6.305
13	8	-7.6	2.83	7.559
13	9	-7.6	2.289	2.933
14	1	-7.9	0	0
14	2	-7.7	3.648	6.081
14	3	-7.4	2.882	7.8
14	4	-7.3	3.692	6.697
14	5	-7.2	2.811	7.809
14	6	-7.2	4.604	8.236
14	7	-7.1	1.789	2
14	8	-7	3.638	6.577
14	9	-6.8	2.309	3.225
15	1	-8	0	0
15	2	-7.5	3.637	6.058
15	3	-7.3	2.777	7.762
15	4	-7.3	3.056	7.853
15	5	-7.2	2.892	7.735
15	6	-7.2	3.668	6.672
15	7	-7	2.499	3.44
15	8	-7	3.596	6.559
15	9	-7	2.997	7.9
16	1	-8.1	0	0
16	2	-7.9	3.495	6.016
16	3	-7.6	3.036	7.867
16	4	-7.5	3.258	7.599
16	5	-7.4	3.612	6.518
16	6	-7.4	3.018	7.933
16	7	-7.4	2.617	7.948
16	8	-7.3	2.875	7.908
16	9	-7.3	4.107	6.053
17	1	-8.1	0	0
17	2	-8.1	2.367	3.981
17	3	-8	3.163	7.755
17	4	-8	1.894	2.613
17	5	-7.9	2.226	3.2
17	6	-7.8	3.03	4.564
17	7	-7.8	1.663	2.334
17	8	-7.6	3.554	6.855
17	9	-7.6	3.43	7.778
18	1	-7.5	0	0
18	2	-7.5	2.692	4.252
18	3	-7.2	3.73	5.984
18	4	-7.1	3.167	7.671
18	5	-7.1	2.724	7.811
18	6	-6.9	2.923	7.775
18	7	-6.8	3.551	6.532
18	8	-6.7	3.789	6.233
18	9	-6.7	2.926	7.669
19	1	-7.5	0	0
19	2	-7.5	2.701	4.26
19	3	-7.2	3.739	5.991
19	4	-7.1	2.806	7.714
19	5	-7.1	3.025	7.933
19	6	-7.1	3.2	7.605
19	7	-7	4.137	7.713
19	8	-7	2.908	7.714
19	9	-6.8	3.606	6.569
20	1	-8.8	0	0
20	2	-8.7	2.713	8.163
20	3	-8.5	3.429	5.874
20	4	-8.4	2.79	8.176
20	5	-8.3	3.715	6.054
20	6	-8.3	3.383	6.079
20	7	-8.2	3.182	6.407
20	8	-8.1	3.159	7.826
20	9	-8	4.174	7.886
21	1	-8	0	0
21	2	-7.9	2.483	3.984
21	3	-7.7	1.34	2.201
21	4	-7.6	2.701	3.484
21	5	-7.6	1.709	3.654
21	6	-7.5	2.332	3.136
21	7	-7.5	2.963	7.124
21	8	-7.5	3.435	7.546
21	9	-7.4	1.878	2.536
22	1	-8.4	0	0
22	2	-8.2	2.102	2.765
22	3	-8.1	3.558	4.841
22	4	-8.1	2.473	3.923
22	5	-8.1	1.632	2.145
22	6	-8	1.764	2.443
22	7	-7.9	3.673	7.662
22	8	-7.9	3.137	5.14
22	9	-7.9	2.925	4.759
23	1	-8.3	0	0
23	2	-8.1	3.155	7.687
23	3	-8.1	2.712	7.763
23	4	-8.1	3.199	8.086
23	5	-7.9	4.328	8.095
23	6	-7.9	2.686	7.9
23	7	-7.8	2.672	7.922
23	8	-7.7	3.581	6.519
23	9	-7.6	2.765	7.709
24	1	-7.5	0	0
24	2	-7.5	2.706	4.265
24	3	-7.2	3.73	5.982
24	4	-7	2.793	7.725
24	5	-7	4.226	7.749
24	6	-7	2.997	7.986
24	7	-6.9	3.628	6.614
24	8	-6.8	2.502	3.348
24	9	-6.8	3.232	7.571
25	1	-7.5	0	0
25	2	-7.5	2.689	4.247
25	3	-7.2	3.733	5.98
25	4	-7	2.791	7.742
25	5	-6.8	3.022	7.869
25	6	-6.8	3.562	6.511
25	7	-6.8	1.681	2.238
25	8	-6.7	3.794	6.231
25	9	-6.7	3.004	7.828
26	1	-8.9	0	0
26	2	-8.7	2.693	8.096
26	3	-8.5	3.41	5.799
26	4	-8.3	2.852	8.038
26	5	-8.1	3.197	7.789
26	6	-8	3.389	6.09
26	7	-8	4.105	7.781
26	8	-8	3.138	6.339
26	9	-7.9	2.777	7.863
27	1	-8.4	0	0
27	2	-8.1	2.603	7.642
27	3	-8	3.203	6.271
27	4	-8	3.101	6.426
27	5	-8	2.889	8.077
27	6	-7.9	3.475	6.076
27	7	-7.8	1.159	1.619
27	8	-7.7	2.94	7.973
27	9	-7.6	2.86	7.583
28	1	-7.9	0	0
28	2	-7.7	3.652	6.078
28	3	-7.4	2.893	7.8
28	4	-7.4	2.695	7.779
28	5	-7.3	3.03	7.808
28	6	-7.2	3.629	6.669
28	7	-7.2	3.227	7.509
28	8	-7	4.146	8.008
28	9	-7	2.872	7.938
29	1	-8.1	0	0
29	2	-7.6	3.621	6.072
29	3	-7.4	3.053	7.892
29	4	-7.3	3.278	7.634
29	5	-7.1	3.686	6.691
29	6	-7.1	2.902	7.524
29	7	-7	2.942	7.68
29	8	-7	2.837	7.899
29	9	-6.9	3.743	6.675
30	1	-8	0	0
30	2	-7.9	3.499	6.053
30	3	-7.6	3.048	7.874
30	4	-7.5	3.636	6.526
30	5	-7.4	2.609	7.851
30	6	-7.4	3.263	7.6
30	7	-7.4	2.877	7.897
30	8	-7.3	2.704	7.73
30	9	-7.2	3.686	6.48
31	1	-7.8	0	0
31	2	-7.6	1.914	2.234
31	3	-7.4	4.311	7.957
31	4	-7.3	4.352	8.694
31	5	-7.3	4.07	6.795
31	6	-7.3	2.952	8.322
31	7	-7.2	3.941	5.902
31	8	-7.1	1.85	3.761
31	9	-7.1	1.575	2.213
32	1	-9.2	0	0
32	2	-9.2	3.302	7.462
32	3	-8.9	4.209	8.82
32	4	-8.9	2.011	3.768
32	5	-8.8	3.869	7.84
32	6	-8.6	2.688	3.073
32	7	-8.6	2.738	3.569
32	8	-8.4	2.901	4.204
32	9	-8.4	3.793	7.836
33	1	-8.8	0	0
33	2	-8.7	2.711	8.175
33	3	-8.5	3.421	5.872
33	4	-8.4	2.791	8.167
33	5	-8.3	3.736	6.085
33	6	-8.3	3.398	6.093
33	7	-8.2	4.276	7.973
33	8	-8.1	3.17	7.813
33	9	-8	2.792	8.005
34	1	-7.9	0	0
34	2	-7.9	2.512	3.962
34	3	-7.6	2.361	3.155
34	4	-7.6	1.638	3.756
34	5	-7.6	1.655	2.2
34	6	-7.6	1.393	2.318
34	7	-7.5	2.147	4.173
34	8	-7.5	2.347	2.95
34	9	-7.3	2.868	7.272
35	1	-7.8	0	0
35	2	-7.7	3.668	6.092
35	3	-7.4	3.047	7.85
35	4	-7.3	2.877	7.855
35	5	-7.3	2.929	7.715
35	6	-7.3	3.715	6.7
35	7	-7.2	3.201	7.609
35	8	-7.1	4.345	8.098
35	9	-7	3.032	7.862
36	1	-8.4	0	0
36	2	-8.2	2.111	2.779
36	3	-8.1	2.501	4.013
36	4	-8	2.594	3.508
36	5	-7.9	3.686	7.598
36	6	-7.9	3.167	5.121
36	7	-7.9	2.937	4.761
36	8	-7.8	3.677	7.764
36	9	-7.8	4.028	7.906
37	1	-8	0	0
37	2	-7.5	3.638	6.027
37	3	-7.3	3.046	7.878
37	4	-7.3	2.795	7.62
37	5	-7.2	3.287	7.626
37	6	-7.1	4.131	7.938
37	7	-7	2.911	7.677
37	8	-7	3.005	7.999
37	9	-6.9	1.831	2.066
38	1	-8	0	0
38	2	-7.9	3.511	6.061
38	3	-7.6	3.043	7.934
38	4	-7.5	2.62	7.944
38	5	-7.4	3.626	6.525
38	6	-7.4	3.262	7.603
38	7	-7.2	3.588	6.453
38	8	-7.2	2.597	7.884
38	9	-7.2	3.876	6.166
39	1	-7.6	0	0
39	2	-7.6	2.682	4.253
39	3	-7.3	2.473	2.981
39	4	-7.2	3.356	7.824
39	5	-7.1	2.947	7.832
39	6	-7.1	2.656	7.485
39	7	-6.9	3.189	4.334
39	8	-6.9	3.313	7.439
39	9	-6.8	2.592	7.574
40	1	-8	0	0
40	2	-7.8	2.456	4.027
40	3	-7.7	1.782	3.679
40	4	-7.6	2.845	3.562
40	5	-7.6	3.048	7.898
40	6	-7.5	1.735	2.491
40	7	-7.5	2.347	3.242
40	8	-7.4	2.953	7.157
40	9	-7.4	3.236	7.115
41	1	-8.4	0	0
41	2	-8.1	2.601	7.653
41	3	-8	3.122	6.442
41	4	-8	2.885	8.084
41	5	-7.9	3.227	6.279
41	6	-7.8	2.91	7.642
41	7	-7.7	2.712	7.468
41	8	-7.6	3.088	7.81
41	9	-7.5	2.716	7.558
42	1	-7.9	0	0
42	2	-7.7	3.677	6.106
42	3	-7.4	3.062	7.876
42	4	-7.4	2.896	7.866
42	5	-7.3	2.527	3.385
42	6	-7.3	3.702	6.718
42	7	-7.2	1.282	1.449
42	8	-7.1	3.921	8.02
42	9	-7	1.801	2.154
43	1	-8.1	0	0
43	2	-7.6	3.566	6.071
43	3	-7.5	2.816	7.751
43	4	-7.4	2.808	7.582
43	5	-7.4	2.981	7.77
43	6	-7.3	3.629	6.616
43	7	-7.2	2.47	3.492
43	8	-7.2	3.258	7.503
43	9	-7.1	2.73	7.471
44	1	-7.5	0	0
44	2	-7.5	2.685	4.246
44	3	-7.2	3.726	5.977
44	4	-7.1	3.176	7.656
44	5	-7	2.98	7.867
44	6	-6.9	4.152	7.744
44	7	-6.9	3.612	6.582
44	8	-6.7	3.524	6.426
44	9	-6.7	3.547	7.752
45	1	-8	0	0
45	2	-7.8	1.799	3.675
45	3	-7.7	2.678	3.351
45	4	-7.7	1.307	3.847
45	5	-7.6	1.375	2.373
45	6	-7.6	3.037	7.903
45	7	-7.5	3.525	7.576
45	8	-7.4	2.377	3.241
45	9	-7.3	4.017	6.993
46	1	-8.4	0	0
46	2	-8.1	2.611	7.656
46	3	-7.9	3.132	6.394
46	4	-7.9	3.239	6.288
46	5	-7.9	2.889	8.085
46	6	-7.9	3.495	6.094
46	7	-7.8	1.094	1.563
46	8	-7.8	2.921	7.416
46	9	-7.7	2.93	7.971
47	1	-7.8	0	0
47	2	-7.7	3.668	6.094
47	3	-7.3	3.263	7.555
47	4	-7.3	3.691	6.699
47	5	-7.3	2.768	7.831
47	6	-7.2	3.133	7.941
47	7	-7.1	2.934	7.619
47	8	-7	2.894	7.847
47	9	-7	1.813	2.168
48	1	-8.8	0	0
48	2	-8.7	2.708	8.163
48	3	-8.5	3.416	5.834
48	4	-8.4	2.778	8.183
48	5	-8.3	3.754	6.099
48	6	-8.3	3.328	6.092
48	7	-8.2	3.156	6.393
48	8	-8.1	4.219	7.935
48	9	-8.1	3.177	7.863
49	1	-8	0	0
49	2	-7.9	2.489	4.009
49	3	-7.9	1.795	3.665
49	4	-7.7	1.282	3.806
49	5	-7.6	2.626	3.383
49	6	-7.6	2.373	3.17
49	7	-7.5	3.042	7.878
49	8	-7.5	1.834	2.284
49	9	-7.5	2.96	7.162
50	1	-7.5	0	0
50	2	-7.5	2.697	4.255
50	3	-7.2	3.741	5.993
50	4	-7	2.717	7.799
50	5	-6.9	2.988	7.878
50	6	-6.9	3.609	6.565
50	7	-6.8	3.049	7.706
50	8	-6.6	3.534	7.779
50	9	-6.6	3.647	6.108
51	1	-7.9	0	0
51	2	-7.9	2.43	4.007
51	3	-7.8	1.836	2.497
51	4	-7.7	2.277	4.494
51	5	-7.6	3.057	4.679
51	6	-7.5	3.028	7.446
51	7	-7.5	3.056	7.583
51	8	-7.4	3.237	7.319
51	9	-7.4	1.958	3.428
52	1	-8.4	0	0
52	2	-8.1	2.605	7.658
52	3	-7.9	3.491	6.042
52	4	-7.9	3.205	6.258
52	5	-7.9	2.914	8.07
52	6	-7.8	2.918	7.409
52	7	-7.7	2.943	7.992
52	8	-7.6	2.859	7.835
52	9	-7.5	3.104	7.911
53	1	-7.6	0	0
53	2	-7.6	2.688	4.251
53	3	-7.3	2.477	2.983
53	4	-7.3	3.246	7.875
53	5	-7.1	3.352	7.755
53	6	-7.1	2.932	7.372
53	7	-7	2.609	7.481
53	8	-7	3.054	7.573
53	9	-7	3.169	4.24
54	1	-7.7	0	0
54	2	-7.6	1.858	2.324
54	3	-7.5	1.506	2.27
54	4	-7.2	4.887	8.034
54	5	-7.2	4.244	8.659
54	6	-7.2	4.344	7.998
54	7	-7.2	4.223	6.938
54	8	-7.1	3.858	7.581
54	9	-7	2.784	8.146
55	1	-8.8	0	0
55	2	-8.7	2.703	8.174
55	3	-8.6	3.438	5.879
55	4	-8.4	2.788	8.183
55	5	-8.3	3.729	6.083
55	6	-8.2	3.269	6.089
55	7	-8.2	3.137	6.392
55	8	-8.1	3.232	7.888
55	9	-8.1	1.276	1.794
56	1	-7.6	0	0
56	2	-7.6	2.682	4.251
56	3	-7.4	2.496	3.003
56	4	-7.1	2.94	7.809
56	5	-7.1	3.259	7.757
56	6	-7.1	2.622	7.155
56	7	-7	3.16	4.355
56	8	-6.8	3.176	7.548
56	9	-6.8	3.097	4.452
