#################################################################
# If you used AutoDock Vina in your work, please cite:          #
#                                                               #
# O. Trott, A. J. Olson,                                        #
# AutoDock Vina: improving the speed and accuracy of docking    #
# with a new scoring function, efficient optimization and       #
# multithreading, Journal of Computational Chemistry 31 (2010)  #
# 455-461                                                       #
#                                                               #
# DOI 10.1002/jcc.21334                                         #
#                                                               #
# Please see http://vina.scripps.edu for more information.      #
#################################################################

Reading input ... done.
Setting up the scoring function ... done.
Analyzing the binding site ... done.
Using random seed: 1602687376
Performing search ... done.
Refining results ... done.

mode |   affinity | dist from best mode
     | (kcal/mol) | rmsd l.b.| rmsd u.b.
-----+------------+----------+----------
   1         -8.8      0.000      0.000
   2         -8.7      2.711      8.175
   3         -8.5      3.421      5.872
   4         -8.4      2.791      8.167
   5         -8.3      3.736      6.085
   6         -8.3      3.398      6.093
   7         -8.2      4.276      7.973
   8         -8.1      3.170      7.813
   9         -8.0      2.792      8.005
Writing output ... done.
