1	1	-7.8	0	0
1	2	-7.7	3.029	7.608
1	3	-7.4	3.462	8.189
1	4	-7	3.965	7.447
1	5	-7	2.39	3.144
1	6	-7	2.318	2.954
1	7	-7	3.907	7.462
1	8	-6.8	2.025	2.504
1	9	-6.7	3.867	7.991
2	1	-7.8	0	0
2	2	-7.6	2.726	7.666
2	3	-7.3	3.166	8.156
2	4	-7	2.574	3.976
2	5	-6.9	2.294	2.935
2	6	-6.8	3.873	7.464
2	7	-6.8	2.104	2.576
2	8	-6.7	1.534	2.053
2	9	-6.6	2.291	4.473
3	1	-7.8	0	0
3	2	-7.5	2.554	7.679
3	3	-7.2	2.373	3.154
3	4	-7.1	3.858	7.491
3	5	-7.1	3.009	8.152
3	6	-7	2.15	2.673
3	7	-6.9	2.409	3.495
3	8	-6.8	1.877	2.715
3	9	-6.7	2.785	8.399
4	1	-7.7	0	0
4	2	-7.6	3.037	7.629
4	3	-7.2	3.594	8.117
4	4	-7.1	3.275	7.619
4	5	-7	4.122	7.432
4	6	-6.8	2.328	2.969
4	7	-6.6	4.205	7.787
4	8	-6.6	2.978	4.608
4	9	-6.5	3.691	5.691
5	1	-7.9	0	0
5	2	-7.5	2.82	7.692
5	3	-7.1	2.358	3.094
5	4	-7	3.831	7.308
5	5	-6.9	1.599	1.935
5	6	-6.9	2.129	2.711
5	7	-6.8	2.31	3.634
5	8	-6.6	2.393	4.538
5	9	-6.6	3.637	5.881
6	1	-7.8	0	0
6	2	-7.5	2.516	7.675
6	3	-7.2	3.801	7.407
6	4	-7	2.37	3.041
6	5	-7	2.511	4.307
6	6	-6.9	2.386	3.545
6	7	-6.8	3.033	4.33
6	8	-6.8	3.598	5.725
6	9	-6.7	3.354	4.292
7	1	-7.7	0	0
7	2	-7.4	3.07	7.606
7	3	-7.1	3.676	8.167
7	4	-6.8	3.957	7.438
7	5	-6.7	2.302	4.472
7	6	-6.6	2.913	4.583
7	7	-6.6	4.204	8.075
7	8	-6.5	2.082	3.524
7	9	-6.4	3.597	7.285
8	1	-7.8	0	0
8	2	-7.5	2.724	7.642
8	3	-7.3	3.283	8.181
8	4	-7.1	2.415	3.109
8	5	-6.9	3.204	8.111
8	6	-6.8	2.301	2.98
8	7	-6.8	2.758	4.188
8	8	-6.7	1.608	1.839
8	9	-6.7	3.141	3.954
9	1	-7.1	0	0
9	2	-7	3.269	5.052
9	3	-7	4.559	6.569
9	4	-6.9	2.849	4.626
9	5	-6.7	3.543	8.084
9	6	-6.6	3.521	8.789
9	7	-6.5	3.482	7.272
9	8	-6.4	3.529	8.037
9	9	-6.3	3.898	7.481
10	1	-7.4	0	0
10	2	-7.3	1.726	2.023
10	3	-7.3	2.492	8.759
10	4	-7.2	1.794	2.109
10	5	-7.2	2.941	9.524
10	6	-7.1	2.216	5.804
10	7	-7	2.865	9.627
10	8	-7	2.581	8.666
10	9	-7	2.256	3.528
11	1	-8	0	0
11	2	-7.4	3.018	4.23
11	3	-7.3	2.615	3.302
11	4	-7.3	3.317	7.767
11	5	-7.3	2.438	3.061
11	6	-7.3	2.683	4.405
11	7	-7.2	4.234	7.696
11	8	-6.9	2.689	3.979
11	9	-6.9	4.041	7.557
12	1	-7.6	0	0
12	2	-7.4	2.506	4.016
12	3	-7.4	2.94	8.146
12	4	-7.2	2.73	8.837
12	5	-7.2	2.986	4.913
12	6	-7	3.578	9.063
12	7	-6.9	2.719	4.112
12	8	-6.7	2.558	4.03
12	9	-6.5	2.864	4.193
13	1	-7.2	0	0
13	2	-7	1.693	2.333
13	3	-6.9	2.886	4.592
13	4	-6.8	3.386	8.122
13	5	-6.7	3.426	7.652
13	6	-6.7	3.226	8.8
13	7	-6.5	3.228	7.95
13	8	-6.5	3.571	8.934
13	9	-6.5	3.501	8.056
14	1	-7.1	0	0
14	2	-7	2.922	4.65
14	3	-6.9	3.343	5.062
14	4	-6.8	3.708	7.644
14	5	-6.8	2.9	3.7
14	6	-6.7	3.636	8.103
14	7	-6.5	3.456	8.711
14	8	-6.5	3.662	7.327
14	9	-6.3	3.843	5.36
15	1	-7.2	0	0
15	2	-7	3.815	8.471
15	3	-7	3.484	5.412
15	4	-6.9	3.698	8.93
15	5	-6.9	4.08	6.168
15	6	-6.9	3.42	5.319
15	7	-6.9	2.448	3.637
15	8	-6.8	3.742	8.558
15	9	-6.7	3.24	8.356
16	1	-7.9	0	0
16	2	-7.4	2.982	4.171
16	3	-7.3	2.414	3.005
16	4	-7.3	2.629	3.332
16	5	-7.2	3.315	7.772
16	6	-7.1	3.728	7.58
16	7	-6.7	2.826	4.326
16	8	-6.7	2.311	4.41
16	9	-6.6	3.042	4.48
17	1	-7.2	0	0
17	2	-7	2.89	4.617
17	3	-6.9	3.376	8.12
17	4	-6.9	3.137	4.919
17	5	-6.8	1.595	2.308
17	6	-6.7	3.25	8.854
17	7	-6.7	2.87	7.905
17	8	-6.6	3.854	9.007
17	9	-6.2	3.407	5.033
18	1	-7.1	0	0
18	2	-7	2.908	4.632
18	3	-7	3.358	5.084
18	4	-6.8	3.608	8.1
18	5	-6.6	3.078	7.946
18	6	-6.4	3.505	8.78
18	7	-6.4	2.43	3.562
18	8	-6.4	3.445	7.965
18	9	-6.3	3.84	7.836
19	1	-7.1	0	0
19	2	-7.1	1.875	3.099
19	3	-7.1	3.138	8.808
19	4	-6.8	1.548	2.041
19	5	-6.8	2.816	8.52
19	6	-6.7	4.179	7.78
19	7	-6.7	3.573	9.093
19	8	-6.6	3.178	8.979
19	9	-6.4	3.94	7.973
20	1	-8.3	0	0
20	2	-8.3	2.404	3.778
20	3	-8.3	1.984	3.123
20	4	-8.3	1.921	3.121
20	5	-8.3	1.779	2.164
20	6	-8	4.065	8.765
20	7	-7.8	3.169	4.342
20	8	-7.8	3.657	9.403
20	9	-7.7	2.696	3.458
21	1	-8.3	0	0
21	2	-8.2	1.842	2.16
21	3	-8.1	2.982	4.583
21	4	-7.8	2.232	3.205
21	5	-7.8	1.035	1.488
21	6	-7.8	4.024	8.891
21	7	-7.7	1.675	3.008
21	8	-7.7	2.04	3.431
21	9	-7.7	2.952	4.648
22	1	-8.2	0	0
22	2	-7.3	3.266	8.147
22	3	-7	3.046	4.507
22	4	-7	2.845	3.851
22	5	-7	3.433	8.52
22	6	-6.9	2.822	3.934
22	7	-6.7	2.461	3.234
22	8	-6.5	3.81	8.345
22	9	-6.3	3.937	8.18
23	1	-7.4	0	0
23	2	-7	1.662	2.068
23	3	-6.9	3.712	8.554
23	4	-6.8	2.039	2.603
23	5	-6.8	3.277	8.397
23	6	-6.7	4.06	8.405
23	7	-6.6	4.402	5.402
23	8	-6.6	2.422	5.197
23	9	-6.5	3.933	5.671
24	1	-7.2	0	0
24	2	-7	3.33	5.088
24	3	-6.9	3.726	7.546
24	4	-6.9	2.928	4.647
24	5	-6.7	3.485	8.734
24	6	-6.5	3.653	7.976
24	7	-6.4	3.577	7.329
24	8	-6.3	3.121	4.601
24	9	-6.2	2.694	3.968
25	1	-7.1	0	0
25	2	-7	3.113	8.78
25	3	-7	2.76	8.102
25	4	-7	2.831	5.892
25	5	-6.9	2.855	4.694
25	6	-6.9	3.015	8.963
25	7	-6.9	2.157	2.59
25	8	-6.7	1.8	3.19
25	9	-6.7	2.486	4.292
26	1	-7.9	0	0
26	2	-7.4	2.589	3.213
26	3	-7.3	2.974	4.188
26	4	-7.3	2.634	4.282
26	5	-7.3	3.381	7.752
26	6	-7.3	2.408	2.976
26	7	-7.2	4.122	7.708
26	8	-7	4.034	8.437
26	9	-6.8	2.538	3.614
27	1	-7.6	0	0
27	2	-7.4	2.972	8.175
27	3	-7.3	2.539	4.05
27	4	-7.2	3.078	4.982
27	5	-7.1	1.988	2.764
27	6	-7	3.125	8.758
27	7	-6.9	3.555	6.939
27	8	-6.8	2.957	7.852
27	9	-6.7	3.765	7.637
28	1	-7.1	0	0
28	2	-6.9	3.451	8.147
28	3	-6.9	1.671	2.47
28	4	-6.9	3.284	4.688
28	5	-6.8	3.485	7.655
28	6	-6.8	3.531	4.767
28	7	-6.8	3.925	8.728
28	8	-6.7	3.526	8.898
28	9	-6.5	2.528	3.608
29	1	-7.5	0	0
29	2	-7.2	1.736	2.371
29	3	-7.2	2.314	4.228
29	4	-7.1	3.202	8.145
29	5	-6.7	2.766	4.159
29	6	-6.6	2.574	4.149
29	7	-6.6	3.213	4.812
29	8	-6.6	3.729	7.572
29	9	-6.5	3.51	5.251
30	1	-7.1	0	0
30	2	-7	1.698	1.984
30	3	-6.9	3.244	4.903
30	4	-6.9	2.927	9.576
30	5	-6.9	2.491	8.763
30	6	-6.7	2.548	5.021
30	7	-6.6	3.092	4.284
30	8	-6.6	2.524	2.917
30	9	-6.3	2.977	9.395
31	1	-7.9	0	0
31	2	-7.4	2.576	3.239
31	3	-7.3	3.379	7.758
31	4	-7.3	2.614	4.232
31	5	-7.3	2.427	3.036
31	6	-7.1	3.019	4.509
31	7	-6.9	4.208	7.523
31	8	-6.8	2.48	3.401
31	9	-6.6	4.212	8.181
32	1	-7	0	0
32	2	-6.9	2.911	4.629
32	3	-6.9	3.392	8.131
32	4	-6.8	3.492	7.588
32	5	-6.6	3.863	8.948
32	6	-6.5	3.153	7.889
32	7	-6.5	3.247	8.79
32	8	-6.4	2.959	4.514
32	9	-5.9	3.843	6.521
33	1	-7.2	0	0
33	2	-7	3.3	5.056
33	3	-7	2.886	4.626
33	4	-6.9	3.701	7.574
33	5	-6.8	3.036	4.774
33	6	-6.6	3.639	8.082
33	7	-6.5	3.583	7.289
33	8	-6.5	3.153	7.885
33	9	-6.3	3.337	8.679
34	1	-7.7	0	0
34	2	-7.5	2.996	7.596
34	3	-7.2	3.525	8.162
34	4	-6.9	2.544	3.92
34	5	-6.8	3.687	7.391
34	6	-6.6	2.341	2.969
34	7	-6.6	2.046	2.594
34	8	-6.6	4.244	7.809
34	9	-6.5	3.216	4.169
35	1	-7.8	0	0
35	2	-7.6	2.734	7.65
35	3	-7.1	3.245	8.132
35	4	-7.1	2.517	3.911
35	5	-7.1	3.087	8.167
35	6	-7.1	3.946	7.449
35	7	-7	2.3	3.042
35	8	-6.6	2.84	4.499
35	9	-6.5	2.918	4.355
36	1	-7.8	0	0
36	2	-7.4	2.565	7.748
36	3	-7.2	3.728	7.417
36	4	-7.1	3.002	8.257
36	5	-6.9	2.182	2.806
36	6	-6.6	1.945	2.753
36	7	-6.5	2.928	8.431
36	8	-6.4	4.108	7.922
36	9	-6.3	3.277	7.519
37	1	-7.7	0	0
37	2	-7.4	3.072	7.597
37	3	-6.9	3.581	8.104
37	4	-6.8	3.966	7.311
37	5	-6.7	3.659	7.337
37	6	-6.7	3.854	7.44
37	7	-6.7	2.196	2.683
37	8	-6.5	4.01	7.987
37	9	-6.5	3.429	7.754
38	1	-8	0	0
38	2	-7.7	2.772	7.674
38	3	-7.4	3.15	8.164
38	4	-7.2	2.453	3.141
38	5	-7.1	2.306	3.018
38	6	-7.1	3.865	7.427
38	7	-7	3.95	7.52
38	8	-6.9	3.206	4.095
38	9	-6.8	1.636	2.268
39	1	-7.8	0	0
39	2	-7.4	2.526	7.677
39	3	-7.2	2.385	3.158
39	4	-7.1	3.006	8.172
39	5	-7.1	2.279	2.949
39	6	-7	1.944	2.331
39	7	-6.9	2.972	4.59
39	8	-6.9	1.871	2.378
39	9	-6.8	2.499	4.317
40	1	-7.8	0	0
40	2	-7.7	3.104	7.66
40	3	-7.1	3.966	7.52
40	4	-7	3.642	6.035
40	5	-6.9	4.133	8.135
40	6	-6.8	2.405	3.028
40	7	-6.8	2.434	3.077
40	8	-6.7	2.166	2.98
40	9	-6.7	2.509	3.69
41	1	-7.1	0	0
41	2	-7	2.883	4.62
41	3	-7	3.324	5.058
41	4	-6.8	3.715	7.618
41	5	-6.7	3.613	8.107
41	6	-6.7	3.474	8.744
41	7	-6.5	3.466	7.992
41	8	-6.4	2.433	3.574
41	9	-6.3	3.853	5.366
42	1	-7.3	0	0
42	2	-7.2	1.667	2.31
42	3	-7.1	2.539	4.371
42	4	-7	3.339	8.462
42	5	-7	2.917	5.112
42	6	-6.8	4.248	8.047
42	7	-6.6	3.49	8.37
42	8	-6.5	3.335	7.7
42	9	-6.5	2.713	4.361
43	1	-8	0	0
43	2	-7.5	4.32	7.711
43	3	-7.4	3.326	7.756
43	4	-7.4	2.412	3.021
43	5	-7.2	2.645	3.238
43	6	-7.2	3.763	5.923
43	7	-7.1	2.589	4.012
43	8	-7.1	3.614	7.967
43	9	-7	2.57	3.578
44	1	-7.3	0	0
44	2	-7	3.515	5.374
44	3	-6.9	3.568	5.117
44	4	-6.8	3.767	7.699
44	5	-6.8	1.856	2.767
44	6	-6.7	3.682	8.155
44	7	-6.7	3.721	8.15
44	8	-6.6	2.075	8.761
44	9	-6.6	3.078	8.043
45	1	-7.3	0	0
45	2	-7	2.342	4.2
45	3	-7	2.929	8.099
45	4	-7	3.106	5.016
45	5	-6.9	3.269	7.606
45	6	-6.6	2.707	4.095
45	7	-6.6	2.736	8.814
45	8	-6.6	3.007	7.929
45	9	-6.5	3.107	8.136
46	1	-7.3	0	0
46	2	-7.1	1.944	2.774
46	3	-7	3.576	5.381
46	4	-6.9	3.298	4.938
46	5	-6.8	3.992	7.651
46	6	-6.6	3.838	8.121
46	7	-6.5	2.396	3.35
46	8	-6.4	3.815	8.043
46	9	-6.4	3.284	7.771
47	1	-7.4	0	0
47	2	-7.3	1.698	2.343
47	3	-7.1	2.549	4.446
47	4	-7.1	3.336	8.465
47	5	-6.9	3.611	9.355
47	6	-6.9	3.526	8.334
47	7	-6.6	2.725	4.337
47	8	-6.5	3.022	4.772
47	9	-6.5	2.52	3.915
48	1	-7.9	0	0
48	2	-7.5	4.325	7.712
48	3	-7.4	3.307	7.746
48	4	-7.4	2.586	3.264
48	5	-7.1	4.433	7.642
48	6	-7	2.541	3.152
48	7	-6.9	3.834	7.65
48	8	-6.5	3.807	8.417
48	9	-6.4	3.533	7.962
49	1	-7.4	0	0
49	2	-7.1	1.905	2.726
49	3	-6.9	3.251	4.91
49	4	-6.9	3.678	5.446
49	5	-6.7	3.772	8.163
49	6	-6.7	4.252	9.112
49	7	-6.6	2.088	8.765
49	8	-6.6	3.014	7.969
49	9	-6.5	2.405	3.464
50	1	-7.7	0	0
50	2	-7.5	3.084	7.617
50	3	-7	1.114	1.474
50	4	-6.9	2.623	4.039
50	5	-6.9	3.949	7.491
50	6	-6.7	4.095	8.078
50	7	-6.7	2.558	3.276
50	8	-6.6	2.186	3.019
50	9	-6.5	3.738	7.395
51	1	-7.8	0	0
51	2	-7.5	2.796	7.694
51	3	-7.1	3.455	5.875
51	4	-7.1	3.93	7.378
51	5	-7	4.041	7.527
51	6	-6.9	3.21	8.127
51	7	-6.7	2.427	3.188
51	8	-6.6	1.219	1.503
51	9	-6.3	4.364	6.595
52	1	-7.8	0	0
52	2	-7.4	2.6	7.675
52	3	-7.1	2.373	3.061
52	4	-7	4.051	7.515
52	5	-7	2.536	3.836
52	6	-7	3.251	7.386
52	7	-6.9	1.553	2.066
52	8	-6.9	3.669	6.13
52	9	-6.7	3.644	8.155
53	1	-7.8	0	0
53	2	-7.7	3.091	7.647
53	3	-7	3.936	7.487
53	4	-7	2.397	3.153
53	5	-6.9	2.319	2.968
53	6	-6.8	4.118	8.106
53	7	-6.7	2.53	4.276
53	8	-6.6	2.146	2.96
53	9	-6.6	2.121	2.684
54	1	-8	0	0
54	2	-7.7	2.807	7.69
54	3	-7.2	3.789	5.99
54	4	-7.2	3.06	8.141
54	5	-7	1.71	1.911
54	6	-7	3.863	7.384
54	7	-7	2.38	3.071
54	8	-7	2.568	4.349
54	9	-6.8	2.292	3.681
55	1	-7.9	0	0
55	2	-7.5	2.619	7.712
55	3	-7.1	2.574	3.919
55	4	-7.1	2.518	4.307
55	5	-7.1	4.067	7.586
55	6	-7	2.324	3.042
55	7	-6.9	2.133	2.552
55	8	-6.8	2.316	2.989
55	9	-6.8	2.492	3.272
56	1	-8	0	0
56	2	-7.4	3.127	7.661
56	3	-7.3	1.257	1.69
56	4	-7.2	1.851	3.271
56	5	-7	2.304	4.76
56	6	-6.9	3.679	7.569
56	7	-6.6	3.794	6.226
56	8	-6.5	2.041	2.817
56	9	-6.4	2.225	2.926
57	1	-8.1	0	0
57	2	-7.5	2.99	7.657
57	3	-7.1	4.114	8.167
57	4	-7	3.644	7.977
57	5	-6.9	3.986	7.53
57	6	-6.9	3.179	5.751
57	7	-6.8	2.242	2.821
57	8	-6.8	1.499	2.18
57	9	-6.6	1.904	2.321
58	1	-8	0	0
58	2	-7.5	3.116	7.649
58	3	-7	1.339	1.937
58	4	-6.9	2.375	3.726
58	5	-6.9	4.125	8.163
58	6	-6.9	3.947	7.532
58	7	-6.7	2.007	3.026
58	8	-6.7	3.746	7.385
58	9	-6.6	3.898	7.596
59	1	-8.1	0	0
59	2	-7.5	3.102	7.688
59	3	-7.2	1.85	3.288
59	4	-7	2.271	3.651
59	5	-6.8	3.483	8.013
59	6	-6.8	1.673	2.199
59	7	-6.6	3.748	7.433
59	8	-6.6	4.425	8.248
59	9	-6.6	2.484	4.836
60	1	-8	0	0
60	2	-7.6	3.115	7.658
60	3	-7	3.994	7.527
60	4	-6.9	4.143	8.127
60	5	-6.9	1.367	1.999
60	6	-6.9	3.599	5.985
60	7	-6.6	3.93	7.615
60	8	-6.6	2.23	2.871
60	9	-6.4	1.842	2.621
61	1	-8.1	0	0
61	2	-7.4	3.117	7.638
61	3	-7	2.3	4.762
61	4	-7	3.99	7.527
61	5	-6.8	1.943	2.391
61	6	-6.7	4.079	7.372
61	7	-6.6	1.783	2.508
61	8	-6.5	2.822	4.105
61	9	-6.5	2.453	3.496
62	1	-8.1	0	0
62	2	-7.5	3.105	7.681
62	3	-7.3	2.122	3.24
62	4	-7.2	3.165	7.678
62	5	-7.1	4.11	8.16
62	6	-6.9	4.027	7.562
62	7	-6.8	3.389	8.163
62	8	-6.7	2.528	4.628
62	9	-6.7	1.622	2.042
63	1	-8	0	0
63	2	-7.6	3.113	7.654
63	3	-7	2.515	3.851
63	4	-7	3.686	7.97
63	5	-7	3.977	8.166
63	6	-6.9	3.98	7.517
63	7	-6.7	1.589	2.144
63	8	-6.6	4.388	8.21
63	9	-6.5	4.655	8.384
64	1	-8.2	0	0
64	2	-7.5	3.093	7.678
64	3	-7.1	1.917	3.46
64	4	-7	4.045	8.106
64	5	-6.8	3.678	7.581
64	6	-6.7	2.583	3.896
64	7	-6.7	3.683	5.971
64	8	-6.6	2.108	2.609
64	9	-6.5	3.983	7.664
65	1	-7.7	0	0
65	2	-7.5	3.089	7.63
65	3	-6.9	3.964	7.503
65	4	-6.9	3.48	8.025
65	5	-6.8	3.654	5.976
65	6	-6.7	2.365	3.757
65	7	-6.6	4.114	7.698
65	8	-6.4	2.558	4.437
65	9	-6.2	1.618	2.221
66	1	-7.9	0	0
66	2	-7.5	2.79	7.639
66	3	-7.1	2.33	3.073
66	4	-7.1	2.56	3.939
66	5	-6.9	4.144	7.564
66	6	-6.9	2.273	2.975
66	7	-6.8	3.61	6.033
66	8	-6.6	2.95	4.49
66	9	-6.5	4.03	7.711
67	1	-7.9	0	0
67	2	-7.4	2.634	7.744
67	3	-7.2	3.824	6.105
67	4	-7.1	3.764	7.448
67	5	-7.1	2.031	2.41
67	6	-7	2.478	3.91
67	7	-7	2.492	3.267
67	8	-7	4.101	7.598
67	9	-6.7	3.768	5.745
68	1	-7.8	0	0
68	2	-7.7	3.111	7.661
68	3	-7.1	3.969	7.537
68	4	-7.1	2.394	3.142
68	5	-6.9	2.115	2.42
68	6	-6.8	3.982	8.145
68	7	-6.5	1.677	2.171
68	8	-6.5	4.552	7.54
68	9	-6.3	3.872	7.625
69	1	-8	0	0
69	2	-7.7	2.806	7.702
69	3	-7.2	4.085	7.575
69	4	-7.1	2.688	4.064
69	5	-7.1	1.779	1.969
69	6	-7.1	3.814	6.087
69	7	-7	3.116	8.07
69	8	-6.9	2.465	3.26
69	9	-6.8	2.405	3.09
70	1	-7.3	0	0
70	2	-7	3.184	4.94
70	3	-7	3.8	5.652
70	4	-6.8	3.969	7.595
70	5	-6.7	3.904	8.163
70	6	-6.5	3.877	7.637
70	7	-6.5	3.475	7.8
70	8	-6.4	3.746	8.039
70	9	-6.3	3.919	7.829
71	1	-7.4	0	0
71	2	-7.1	1.721	2.303
71	3	-7	3.336	8.509
71	4	-6.9	2.941	5.158
71	5	-6.9	2.571	4.45
71	6	-6.8	3.369	9.299
71	7	-6.6	3.069	7.108
71	8	-6.6	3.582	8.32
71	9	-6.5	4.253	8.119
72	1	-8	0	0
72	2	-7.6	4.316	7.694
72	3	-7.4	2.588	3.257
72	4	-7.4	3.354	7.752
72	5	-7.3	2.413	3.031
72	6	-6.9	3.939	6.11
72	7	-6.8	2.58	3.479
72	8	-6.7	2.927	4.194
72	9	-6.7	3.709	5.535
73	1	-7.4	0	0
73	2	-7.2	1.878	2.7
73	3	-7	3.645	8.247
73	4	-7	3.232	4.927
73	5	-6.9	3.737	7.646
73	6	-6.7	3.496	8.044
73	7	-6.6	2.127	8.792
73	8	-6.3	3.504	5.084
73	9	-6.2	2.763	4.117
74	1	-7.4	0	0
74	2	-6.9	3.561	5.388
74	3	-6.9	3.268	4.921
74	4	-6.9	1.854	2.812
74	5	-6.7	3.716	8.166
74	6	-6.6	4.201	9.102
74	7	-6.4	3.294	7.911
74	8	-6.4	3.089	8.021
74	9	-6.1	3.639	8.814
75	1	-7.4	0	0
75	2	-7.1	3.981	7.643
75	3	-7	3.635	5.497
75	4	-7	3.22	4.902
75	5	-6.8	1.822	2.749
75	6	-6.6	3.991	8.125
75	7	-6.5	3.689	8.064
75	8	-6.2	3.725	8.848
75	9	-5.9	3.792	5.317
76	1	-7.3	0	0
76	2	-7.3	1.662	2.266
76	3	-7.1	2.549	4.449
76	4	-7.1	2.886	5.074
76	5	-7.1	3.336	8.502
76	6	-6.7	1.677	2.316
76	7	-6.7	3.636	8.495
76	8	-6.6	2.685	4.161
76	9	-6.6	3.337	7.689
77	1	-8.3	0	0
77	2	-8	2.103	3.146
77	3	-7.8	1.98	2.596
77	4	-7.8	2.389	3.929
77	5	-7.7	4.72	9.208
77	6	-7.7	1.342	1.563
77	7	-7.6	2	3.223
77	8	-7.6	3.967	8.959
77	9	-7.6	2.658	4.153
78	1	-7.4	0	0
78	2	-7	3.66	8.827
78	3	-7	1.664	2.066
78	4	-7	2.848	6.274
78	5	-6.9	3.911	5.303
78	6	-6.9	3.961	8.476
78	7	-6.8	2.875	6.171
78	8	-6.7	1.876	2.404
78	9	-6.7	3.657	7.486
79	1	-7.4	0	0
79	2	-7	3.933	7.594
79	3	-7	3.654	5.53
79	4	-7	1.875	2.684
79	5	-6.9	3.209	4.935
79	6	-6.7	3.847	8.142
79	7	-6.6	3.926	7.634
79	8	-6.6	3.691	8.817
79	9	-6.5	3.771	8.049
80	1	-7.2	0	0
80	2	-7.1	2.98	4.777
80	3	-7.1	3.558	8.602
80	4	-6.9	3.11	5.202
80	5	-6.9	3.725	9.341
80	6	-6.8	3.34	7.381
80	7	-6.7	2.592	3.828
80	8	-6.7	4.224	7.977
80	9	-6.6	2.819	4.448
81	1	-7.9	0	0
81	2	-7.5	4.329	7.717
81	3	-7.4	3.354	7.785
81	4	-7	2.748	4.372
81	5	-7	4.313	7.63
81	6	-6.8	2.996	4.081
81	7	-6.8	3.712	8.056
81	8	-6.5	4.583	8.094
81	9	-6.4	3.849	5.766
82	1	-7.4	0	0
82	2	-7.2	1.839	2.643
82	3	-7.1	3.508	5.006
82	4	-6.9	3.657	7.633
82	5	-6.8	3.841	7.681
82	6	-6.7	3.615	8.107
82	7	-6.7	3.703	8.252
82	8	-6.6	3.687	5.596
82	9	-6.5	3.947	8.116
83	1	-7.4	0	0
83	2	-6.9	3.275	4.933
83	3	-6.9	1.843	2.776
83	4	-6.9	3.583	5.35
83	5	-6.8	3.733	8.161
83	6	-6.7	3.829	8.163
83	7	-6.6	3.117	8.053
83	8	-6.5	3.005	8.053
83	9	-6.3	3.87	8.232
84	1	-7.3	0	0
84	2	-7.1	1.988	2.827
84	3	-7	3.596	5.411
84	4	-6.9	3.323	4.996
84	5	-6.9	4.019	7.657
84	6	-6.7	1.235	1.576
84	7	-6.7	3.966	8.218
84	8	-6.6	2.282	8.68
84	9	-6.5	3.972	8.138
85	1	-7.7	0	0
85	2	-7.6	3.087	7.616
85	3	-6.9	3.992	7.459
85	4	-6.8	3.632	5.992
85	5	-6.6	2.405	3.055
85	6	-6.6	3.208	7.636
85	7	-6.5	4.005	7.447
85	8	-6.5	2.522	4.028
85	9	-6.5	4.059	7.587
86	1	-7.9	0	0
86	2	-7.5	2.804	7.652
86	3	-7.1	2.576	3.931
86	4	-7	2.27	2.751
86	5	-6.9	4.111	7.559
86	6	-6.8	3.026	7.68
86	7	-6.6	2	2.587
86	8	-6.5	3.453	7.397
86	9	-6.4	3.389	8.098
87	1	-7.9	0	0
87	2	-7.4	2.628	7.708
87	3	-7.3	3.691	5.964
87	4	-7.2	3.824	7.484
87	5	-7.1	2.345	2.834
87	6	-7	4.038	7.572
87	7	-7	2.31	3.818
87	8	-6.8	1.867	2.691
87	9	-6.8	3.883	8.206
88	1	-7.7	0	0
88	2	-7.5	3.098	7.614
88	3	-6.9	4.106	7.395
88	4	-6.9	3.959	7.493
88	5	-6.8	2.346	2.997
88	6	-6.7	2.352	3.067
88	7	-6.7	4.156	8.107
88	8	-6.6	1.928	2.491
88	9	-6.6	4.308	7.848
89	1	-7.3	0	0
89	2	-7	3.265	4.957
89	3	-7	3.684	5.48
89	4	-6.9	1.866	2.787
89	5	-6.8	4.004	7.658
89	6	-6.7	3.931	8.156
89	7	-6.6	3.939	7.582
89	8	-6.6	3.425	7.905
89	9	-6.5	3.974	8.162
90	1	-7.4	0	0
90	2	-7.1	3.35	8.543
90	3	-7.1	2.571	4.483
90	4	-6.8	1.865	2.399
90	5	-6.7	2.713	4.521
90	6	-6.6	3.691	8.992
90	7	-6.5	3.015	9.112
90	8	-6.4	3.629	8.379
90	9	-6.3	3.2	5.148
91	1	-7.9	0	0
91	2	-7.5	4.337	7.717
91	3	-7.4	2.584	3.243
91	4	-7.4	3.356	7.777
91	5	-7.3	2.439	3.01
91	6	-7.1	4.429	7.672
91	7	-7.1	2.68	3.914
91	8	-7	2.361	2.949
91	9	-6.9	2.996	4.314
92	1	-7.4	0	0
92	2	-7.2	1.892	2.72
92	3	-7	3.427	4.875
92	4	-7	3.741	8.206
92	5	-7	3.735	5.592
92	6	-6.9	3.75	7.639
92	7	-6.8	3.903	7.669
92	8	-6.5	3.706	8.149
92	9	-6.5	2.412	3.378
93	1	-7.4	0	0
93	2	-6.9	3.279	4.937
93	3	-6.9	1.835	2.722
93	4	-6.8	3.745	5.574
93	5	-6.8	3.744	8.185
93	6	-6.7	3.783	7.687
93	7	-6.4	1.337	1.768
93	8	-6.4	3.62	8.124
93	9	-6.3	3.507	8.883
94	1	-7.7	0	0
94	2	-7.7	3.105	7.663
94	3	-7.1	2.372	3.058
94	4	-7.1	4.045	7.536
94	5	-6.9	4.168	8.17
94	6	-6.6	3.3	8.092
94	7	-6.6	2.187	2.877
94	8	-6.6	3.771	7.495
94	9	-6.5	3.671	8.038
95	1	-7.9	0	0
95	2	-7.4	2.82	7.665
95	3	-7.1	1.821	2.207
95	4	-7	4.202	7.603
95	5	-6.8	2.55	3.732
95	6	-6.7	2.186	3.01
95	7	-6.6	2.369	4.625
95	8	-6.6	3.621	6.057
95	9	-6.5	2.405	3.497
96	1	-7.8	0	0
96	2	-7.4	2.604	7.712
96	3	-7	4.052	7.567
96	4	-7	2.459	3.137
96	5	-6.9	2.45	3.252
96	6	-6.8	2.252	2.9
96	7	-6.7	1.577	2.262
96	8	-6.5	3.224	7.378
96	9	-6.3	3.316	8.014
97	1	-8	0	0
97	2	-7.5	3.124	7.638
97	3	-7.1	3.431	7.971
97	4	-7	2.379	3.769
97	5	-7	4.154	8.118
97	6	-6.8	3.731	7.54
97	7	-6.7	1.757	2.34
97	8	-6.6	1.924	2.658
97	9	-6.5	2.305	2.99
98	1	-8.1	0	0
98	2	-7.5	3.066	7.67
98	3	-7.3	2.115	3.223
98	4	-7.1	4.111	8.137
98	5	-7	2.281	4.658
98	6	-6.9	3.975	7.53
98	7	-6.7	3.632	8.046
98	8	-6.5	3.488	7.811
98	9	-6.4	2.128	2.911
99	1	-8	0	0
99	2	-7.5	0.915	1.136
99	3	-7.5	3.127	7.658
99	4	-7	3.964	8.159
99	5	-7	3.467	8.035
99	6	-7	4.009	7.541
99	7	-6.9	1.231	1.708
99	8	-6.9	3.195	7.729
99	9	-6.6	3.661	6.038
100	1	-8	0	0
100	2	-7.5	3.109	7.647
100	3	-7	1.923	3.354
100	4	-7	4.185	8.145
100	5	-6.9	1.346	2.053
100	6	-6.9	4.001	7.536
100	7	-6.9	3.889	8.442
100	8	-6.7	1.717	2.145
100	9	-6.5	2.322	3.005
101	1	-8.1	0	0
101	2	-7.5	3.067	7.668
101	3	-7.1	4.002	8.186
101	4	-6.9	3.992	7.558
101	5	-6.8	2.234	2.818
101	6	-6.7	1.429	1.908
101	7	-6.5	3.947	7.624
101	8	-6.5	4.153	8.011
101	9	-6.5	1.916	2.429
102	1	-7.6	0	0
102	2	-7.1	2.075	3.008
102	3	-7.1	2.81	5.842
102	4	-6.9	3.43	4.4
102	5	-6.6	3.826	7.589
102	6	-6.6	1.32	2.138
102	7	-6.5	3.986	6.448
102	8	-6.5	2.828	3.313
102	9	-6.5	3.437	6.162
103	1	-7.7	0	0
103	2	-7.2	2.845	7.64
103	3	-6.9	4.109	7.625
103	4	-6.8	1.94	2.346
103	5	-6.8	3.723	6.033
103	6	-6.7	3.871	6.028
103	7	-6.6	3.213	8.346
103	8	-6.5	2.157	3.02
103	9	-6.5	2.844	4.411
104	1	-7.6	0	0
104	2	-7.4	3.615	8.497
104	3	-7.1	3.63	5.843
104	4	-6.8	2.783	4.679
104	5	-6.7	1.702	2.162
104	6	-6.6	3.617	8.313
104	7	-6.5	3.417	8.46
104	8	-6.4	3.766	5.858
104	9	-6.3	3.662	5.71
105	1	-7.4	0	0
105	2	-7.3	3.212	4.998
105	3	-7	1.74	1.986
105	4	-6.8	2.353	6.009
105	5	-6.8	3.088	6.15
105	6	-6.7	3.391	4.862
105	7	-6.7	3.256	7.751
105	8	-6.4	2.562	7.656
105	9	-6.4	2.368	5.445
106	1	-7.7	0	0
106	2	-7.3	2.715	7.346
106	3	-7.1	1.919	2.566
106	4	-6.9	3.219	7.306
106	5	-6.9	3.798	5.606
106	6	-6.8	3.006	7.507
106	7	-6.5	2.959	7.365
106	8	-6.4	2.673	4.113
106	9	-6.3	4.597	7.176
107	1	-7.7	0	0
107	2	-7.4	2.944	7.975
107	3	-7.2	2.045	7.644
107	4	-7.2	1.48	1.713
107	5	-7.1	3.409	8.405
107	6	-6.9	3.242	8.133
107	7	-6.9	2.349	7.698
107	8	-6.9	3.368	5.206
107	9	-6.8	3.032	5.949
108	1	-7.9	0	0
108	2	-7.5	3.522	5.208
108	3	-7.4	2.296	4.095
108	4	-7.4	1.685	1.846
108	5	-7	2.299	3.051
108	6	-6.9	3.042	7.712
108	7	-6.9	3.068	7.278
108	8	-6.8	2.157	2.41
108	9	-6.8	3.453	8.333
109	1	-7.5	0	0
109	2	-7.4	3.447	8.162
109	3	-7.4	1.704	2.653
109	4	-7.1	3.361	4.414
109	5	-6.8	2.81	6.17
109	6	-6.7	3.377	7.436
109	7	-6.7	3.555	7.917
109	8	-6.7	3.249	7.826
109	9	-6.6	1.958	2.223
110	1	-7.7	0	0
110	2	-7.5	3.543	8.433
110	3	-7.4	3.375	8.094
110	4	-7.2	3.105	8.457
110	5	-7.2	3.082	5.61
110	6	-6.9	3.065	8.284
110	7	-6.7	3.287	5.859
110	8	-6.7	3.523	8.272
110	9	-6.6	1.882	2.406
111	1	-7.9	0	0
111	2	-7.5	3.615	5.185
111	3	-7.4	2.389	4.032
111	4	-7.4	2.245	2.746
111	5	-7.3	2.724	6.024
111	6	-7.1	2.848	6.08
111	7	-6.8	2.366	6.02
111	8	-6.6	3.313	8.704
111	9	-6.6	4.436	6.832
112	1	-8.1	0	0
112	2	-7.8	3.656	5.458
112	3	-7.6	2.269	3.886
112	4	-7.2	2.518	6.108
112	5	-7	2.998	6.054
112	6	-6.7	3.444	8.807
112	7	-6.7	2.521	6.339
112	8	-6.7	2.622	5.434
112	9	-6.7	2.357	3.554
113	1	-7.6	0	0
113	2	-7.4	3.833	8.476
113	3	-7.2	1.724	2.639
113	4	-7.1	1.532	1.897
113	5	-6.9	3.559	4.529
113	6	-6.9	2.591	3.042
113	7	-6.8	3.066	5.948
113	8	-6.7	2.571	3.327
113	9	-6.7	3.023	6.412
114	1	-7.9	0	0
114	2	-7.6	3.266	5.499
114	3	-7.6	3.062	8.314
114	4	-7.5	3.481	8.302
114	5	-7.1	2.698	4.498
114	6	-7	2.84	8.022
114	7	-6.9	3.4	5.673
114	8	-6.8	2.991	4.382
114	9	-6.8	2.91	8.183
115	1	-7.6	0	0
115	2	-7.2	2.708	7.351
115	3	-7.1	3.56	7.78
115	4	-7	3.125	7.281
115	5	-7	1.934	2.442
115	6	-6.7	2.889	7.652
115	7	-6.6	3.044	7.294
115	8	-6.6	2.989	7.358
115	9	-6.6	2.897	7.554
116	1	-8	0	0
116	2	-7.8	1.65	2.057
116	3	-7.7	3.175	8.202
116	4	-7.7	2.926	5.217
116	5	-7.1	2.792	4.631
116	6	-7	3.389	5.959
116	7	-7	3.247	7.035
116	8	-6.9	1.975	8.308
116	9	-6.5	3.499	7.926
117	1	-8.1	0	0
117	2	-7.6	2.762	8.453
117	3	-7.6	2.654	5.062
117	4	-7.4	1.158	1.849
117	5	-7.2	4.131	8.98
117	6	-7.1	2.317	3.819
117	7	-7.1	3.317	8.498
117	8	-7	2.541	4.562
117	9	-7	2.879	5.438
118	1	-7.3	0	0
118	2	-7.1	1.955	2.788
118	3	-7	3.235	4.94
118	4	-7	3.812	5.615
118	5	-6.5	2.378	8.698
118	6	-6.5	2.391	3.366
118	7	-6.3	2.943	4.782
118	8	-6.1	2.894	4.133
118	9	-6.1	4.016	8.985
119	1	-6.8	0	0
119	2	-6.6	1.651	2.477
119	3	-6.6	2.965	4.76
119	4	-6.5	3.038	5.184
119	5	-6.5	3.569	8.601
119	6	-6.4	3.788	9.367
119	7	-6.3	3.375	8.533
119	8	-6	3.596	7.919
119	9	-5.9	3.193	7.149
120	1	-8	0	0
120	2	-7.6	4.334	7.705
120	3	-7.4	2.586	3.212
120	4	-7.4	3.352	7.769
120	5	-7.4	2.426	3.033
120	6	-7.3	2.649	4.311
120	7	-7.2	4.443	7.627
120	8	-7.1	3.792	6.074
120	9	-7.1	3.675	8.047
121	1	-7.4	0	0
121	2	-6.9	3.608	5.381
121	3	-6.9	3.259	4.925
121	4	-6.9	1.844	2.766
121	5	-6.9	3.736	8.227
121	6	-6.8	3.785	7.702
121	7	-6.6	3.251	8.019
121	8	-6.5	3.717	8.133
121	9	-6.3	3.877	7.594
122	1	-7.5	0	0
122	2	-7.4	2.247	7.561
122	3	-7.2	2.071	3.366
122	4	-7.1	2.933	3.869
122	5	-6.8	3.038	4.722
122	6	-6.8	2.18	7.485
122	7	-6.7	3.249	7.642
122	8	-6.7	2.993	5.54
122	9	-6.7	2.18	7.735
123	1	-7.2	0	0
123	2	-7	2.319	3.88
123	3	-6.9	0.634	1.239
123	4	-6.9	2.968	7.712
123	5	-6.8	3.129	7.134
123	6	-6.7	2.054	3.288
123	7	-6.6	2.896	7.165
123	8	-6.6	3.495	6.605
123	9	-6.6	2.773	7.601
124	1	-7.3	0	0
124	2	-7.2	3.137	3.796
124	3	-7.1	5.067	8.457
124	4	-7	3.587	5.316
124	5	-6.8	4.838	8.662
124	6	-6.7	4.024	5.244
124	7	-6.7	4.265	7.691
124	8	-6.5	2.084	2.691
124	9	-6.4	4.1	4.897
125	1	-7.6	0	0
125	2	-7.6	4.095	8.06
125	3	-7.5	4.759	8.571
125	4	-7.5	4.304	8.552
125	5	-7.4	3.069	3.579
125	6	-7.2	3.676	5.626
125	7	-7	5.027	8.8
125	8	-6.9	2.223	3.275
125	9	-6.9	3.697	8.376
126	1	-7.4	0	0
126	2	-7.4	3.323	7.666
126	3	-7.1	2.719	7.304
126	4	-7	2.489	3.38
126	5	-6.9	2.025	6.9
126	6	-6.9	2.773	4.409
126	7	-6.7	2.556	4.031
126	8	-6.6	2.617	7.482
126	9	-6.5	4.334	6.574
127	1	-7.9	0	0
127	2	-7.8	3.721	8.789
127	3	-7.8	2.135	8.566
127	4	-7.7	2.246	7.755
127	5	-7.7	2.222	8.465
127	6	-7.6	3.895	5.162
127	7	-7.5	1.729	3.114
127	8	-7.5	2.262	8.052
127	9	-7.5	3.188	8.297
128	1	-7.6	0	0
128	2	-7.3	2.613	3.722
128	3	-7.3	3.802	6.265
128	4	-7.2	2.219	3.349
128	5	-7.1	3.377	8.578
128	6	-7.1	3.251	7.969
128	7	-7	3.279	8.189
128	8	-6.9	3.9	8.728
128	9	-6.9	3.96	7.759
129	1	-7.6	0	0
129	2	-7.6	3.296	7.671
129	3	-7.2	1.675	2.131
129	4	-7.2	2.285	3.028
129	5	-7.2	3.024	8.199
129	6	-7.2	3.097	8.151
129	7	-7.1	2.19	8.377
129	8	-7	3.591	8.21
129	9	-7	3.239	7.847
130	1	-7.9	0	0
130	2	-7.9	0.876	1.422
130	3	-7.9	4.111	8.752
130	4	-7.8	2.32	8.363
130	5	-7.7	2.224	8.451
130	6	-7.7	4.079	5.266
130	7	-7.6	2.37	7.723
130	8	-7.5	2.398	8.022
130	9	-7.4	3.385	8.256
131	1	-7.2	0	0
131	2	-7	2.708	4.817
131	3	-6.9	2.256	3.867
131	4	-6.9	2.961	7.735
131	5	-6.8	3.126	7.191
131	6	-6.7	2.538	4.096
131	7	-6.6	3.327	5.318
131	8	-6.5	3.843	8.157
131	9	-6.5	3.185	6.983
132	1	-7.3	0	0
132	2	-7.2	3.138	3.779
132	3	-7	5.047	8.463
132	4	-6.9	3.495	5.132
132	5	-6.9	3.988	7.888
132	6	-6.9	4.858	8.589
132	7	-6.8	2.269	3.206
132	8	-6.7	2.358	3.579
132	9	-6.5	4.362	6.714
133	1	-7.2	0	0
133	2	-7	2.418	3.817
133	3	-6.9	2.672	4.858
133	4	-6.9	2.961	7.751
133	5	-6.8	3.1	7.11
133	6	-6.7	2.91	7.58
133	7	-6.5	2.689	3.894
133	8	-6.1	2.897	7.972
133	9	-6.1	3.516	6.84
134	1	-7.7	0	0
134	2	-7.6	3.305	7.613
134	3	-7.5	1.457	1.787
134	4	-7.3	3.128	8.116
134	5	-7.2	3.747	8.07
134	6	-7.1	2.224	8.365
134	7	-7.1	2.037	2.733
134	8	-6.8	1.883	8.497
134	9	-6.7	3.103	4.989
135	1	-7.9	0	0
135	2	-7.8	4.121	8.767
135	3	-7.8	2.295	8.37
135	4	-7.8	4.204	5.508
135	5	-7.7	2.237	8.459
135	6	-7.5	3.466	7.788
135	7	-7.5	3.463	8.278
135	8	-7.3	1.661	2.413
135	9	-7.2	4.376	8.695
136	1	-7.6	0	0
136	2	-7.6	1.609	1.916
136	3	-7.5	3.413	7.693
136	4	-7.2	3.129	8.163
136	5	-7.2	2.127	8.39
136	6	-7.1	2.945	8.143
136	7	-7	3.759	8.31
136	8	-7	3.202	5.402
136	9	-6.9	2.965	8.026
137	1	-6.6	0	0
137	2	-6.4	3.405	7.179
137	3	-6.2	1.247	1.721
137	4	-6.2	3.68	7.512
137	5	-6	1.976	7.873
137	6	-6	2.258	3.075
137	7	-5.7	2.93	5.366
137	8	-5.7	2.938	7.455
137	9	-5.7	3.08	7.607
138	1	-7.3	0	0
138	2	-7.2	2.974	3.771
138	3	-7.2	2.672	7.745
138	4	-7.2	2.615	4.003
138	5	-6.9	3.366	8.121
138	6	-6.8	2.822	5.602
138	7	-6.7	3.803	6.316
138	8	-6.6	2.776	4.144
138	9	-6.6	2.104	8.399
139	1	-7.5	0	0
139	2	-7.1	3.53	7.677
139	3	-7	2.846	8.127
139	4	-6.8	3.691	7.631
139	5	-6.7	2.536	3.661
139	6	-6.6	3.988	6.891
139	7	-6.6	3.292	7.243
139	8	-6.6	3.526	4.678
139	9	-6.5	3.419	8.587
140	1	-7.3	0	0
140	2	-7	3.462	5.039
140	3	-6.9	3.756	7.669
140	4	-6.9	3.65	8.199
140	5	-6.6	3.389	5.231
140	6	-6.6	4.128	8.856
140	7	-6.5	3.428	7.831
140	8	-6.4	3.669	8.174
140	9	-6.2	3.962	8.182
141	1	-7.4	0	0
141	2	-7.1	3.23	4.914
141	3	-7	3.992	7.65
141	4	-6.8	3.006	7.975
141	5	-6.8	1.947	2.778
141	6	-6.6	3.891	7.591
141	7	-6.6	3.96	8.088
141	8	-6.5	3.633	8.078
141	9	-6.4	4.263	8.824
142	1	-7.4	0	0
142	2	-7.1	2.574	4.479
142	3	-7	1.725	2.356
142	4	-7	3.356	8.486
142	5	-6.8	2.926	5.142
142	6	-6.7	3.103	9.179
142	7	-6.6	3.539	8.328
142	8	-6.6	2.7	4.594
142	9	-6	1.768	2.328
143	1	-8	0	0
143	2	-7.4	4.233	7.659
143	3	-7.3	3.354	7.756
143	4	-7.1	4.435	7.653
143	5	-7	2.246	2.725
143	6	-6.7	4.437	8.345
143	7	-6.7	3.593	5.518
143	8	-6.5	2.517	3.761
143	9	-6.4	3.489	8.101
144	1	-7.7	0	0
144	2	-7.5	3.071	7.607
144	3	-7.1	3.422	5.907
144	4	-6.9	3.93	7.437
144	5	-6.7	2.272	2.893
144	6	-6.6	2.496	3.218
144	7	-6.5	2.187	3.002
144	8	-6.4	3.493	7.791
144	9	-6.3	3.967	8.034
145	1	-8	0	0
145	2	-7.6	2.809	7.688
145	3	-7.2	3.967	7.38
145	4	-7.2	3.59	5.964
145	5	-7.1	4.193	7.601
145	6	-7.1	2.865	7.648
145	7	-7	3.395	5.593
145	8	-7	2.359	3.054
145	9	-6.7	3.764	6.04
146	1	-7.3	0	0
146	2	-7.1	1.925	2.746
146	3	-7.1	3.219	4.951
146	4	-7	3.735	5.568
146	5	-6.5	2.4	3.229
146	6	-6.3	3.176	4.7
146	7	-6.3	3.987	7.914
146	8	-6.3	3	4.885
146	9	-6.3	2.933	4.114
147	1	-7.4	0	0
147	2	-7.3	1.7	2.313
147	3	-7.2	2.56	4.454
147	4	-7.1	3.346	8.491
147	5	-7	2.945	5.138
147	6	-6.8	2.674	4.484
147	7	-6.7	2.747	4.385
147	8	-6.7	3.338	9.305
147	9	-6.5	3.516	8.403
148	1	-7.4	0	0
148	2	-7	3.237	4.913
148	3	-7	4.021	7.676
148	4	-6.8	3.769	5.551
148	5	-6.6	3.906	7.56
148	6	-6.6	3.912	8.09
148	7	-6.3	4.024	8.441
148	8	-6.3	4.037	8.118
148	9	-6.3	2.476	3.546
149	1	-7.8	0	0
149	2	-7.5	3.073	7.624
149	3	-6.9	4.016	7.341
149	4	-6.8	2.313	4.566
149	5	-6.8	3.682	7.314
149	6	-6.8	3.677	6.042
149	7	-6.6	2.409	3.041
149	8	-6.5	1.501	2.012
149	9	-6.5	3.586	8.093
150	1	-8	0	0
150	2	-7.5	3.111	7.647
150	3	-7	3.482	8.03
150	4	-7	3.954	8.136
150	5	-6.9	4	7.529
150	6	-6.9	3.398	8.084
150	7	-6.9	3.198	7.736
150	8	-6.6	3.115	7.704
150	9	-6.5	2.202	2.9
151	1	-7.4	0	0
151	2	-7.3	1.173	1.421
151	3	-7.2	1.825	2.682
151	4	-6.9	2.441	4.88
151	5	-6.7	3.632	4.794
151	6	-6.6	3.396	7.057
151	7	-6.6	2.637	3.205
151	8	-6.6	3.462	7.858
151	9	-6.5	2.767	6.129
152	1	-7.6	0	0
152	2	-7.4	2.822	7.652
152	3	-7.1	3.562	5.978
152	4	-7	4.116	7.542
152	5	-7	2.069	2.43
152	6	-6.8	2.412	3.735
152	7	-6.8	2.553	4.365
152	8	-6.8	2.41	3.17
152	9	-6.7	3.624	5.916
153	1	-7.8	0	0
153	2	-7.7	3.116	8.345
153	3	-7.6	3.489	8.351
153	4	-7.6	1.746	2.295
153	5	-7.5	2.827	4.637
153	6	-7.5	2.894	5.434
153	7	-7.2	3.663	8.369
153	8	-7.2	2.873	8.221
153	9	-7.1	1.803	2.349
154	1	-8	0	0
154	2	-7.9	3.516	5.174
154	3	-7.8	2.214	2.587
154	4	-7.5	2.29	3.976
154	5	-7.3	2.365	2.677
154	6	-7.3	2.659	6.183
154	7	-7.3	2.121	2.475
154	8	-7.1	2.712	6.016
154	9	-6.9	2.494	8.114
155	1	-7.8	0	0
155	2	-7.6	3.005	5.547
155	3	-7.6	2.779	4.817
155	4	-7.5	3.129	8.469
155	5	-7.2	3.61	5.616
155	6	-7.1	2.294	2.782
155	7	-7.1	1.734	2.014
155	8	-7	3.22	3.981
155	9	-7	3.57	5.84
156	1	-7.3	0	0
156	2	-7.1	1.938	2.763
156	3	-7	3.212	4.952
156	4	-6.9	3.766	5.594
156	5	-6.8	3.947	7.633
156	6	-6.7	3.913	8.145
156	7	-6.5	3.697	8.027
156	8	-6.5	3.865	7.595
156	9	-6.5	3.555	7.817
157	1	-7.4	0	0
157	2	-7.3	1.682	2.269
157	3	-7.2	2.559	4.381
157	4	-7	3.345	8.476
157	5	-6.8	3.547	8.303
157	6	-6.7	2.746	4.419
157	7	-6.7	2.98	5.109
157	8	-6.7	3.441	8.517
157	9	-6.5	3.278	7.57
158	1	-7.7	0	0
158	2	-7.3	2.814	7.652
158	3	-7.2	3.663	6.022
158	4	-7	3.731	6.057
158	5	-7	1.882	2.177
158	6	-6.9	2.373	3.095
158	7	-6.9	4.168	7.616
158	8	-6.7	3.432	8.172
158	9	-6.6	2.501	3.332
159	1	-7.4	0	0
159	2	-7.3	2.296	4.757
159	3	-7.1	2.898	7.311
159	4	-7.1	3.038	5.505
159	5	-6.6	3.185	7.186
159	6	-6.5	3.028	7.41
159	7	-6.4	3.152	7.348
159	8	-6.4	3.21	7.178
159	9	-6.3	3.261	5.034
160	1	-7.9	0	0
160	2	-7.5	4.309	7.716
160	3	-7.4	3.376	7.809
160	4	-7.1	4.433	7.628
160	5	-7.1	2.555	3.879
160	6	-6.9	2.207	2.63
160	7	-6.6	3.513	7.842
160	8	-6.6	1.689	2.177
160	9	-6.4	5.028	7.657
161	1	-7.6	0	0
161	2	-7.6	1.872	2.691
161	3	-7.3	2.932	8.091
161	4	-7.2	2.417	8.821
161	5	-7.1	2.476	4.036
161	6	-6.8	3.012	7.849
161	7	-6.8	3.098	7.047
161	8	-6.8	3.042	4.961
161	9	-6.7	3.871	6.023
162	1	-7.5	0	0
162	2	-7.4	2.272	7.646
162	3	-7.2	2.105	3.28
162	4	-7.2	3.591	7.484
162	5	-7.2	4.16	7.677
162	6	-6.9	2.719	3.919
162	7	-6.8	1.904	7.401
162	8	-6.8	3.918	6.434
162	9	-6.7	2.486	7.791
163	1	-7.4	0	0
163	2	-7	1.919	2.744
163	3	-6.9	3.275	4.925
163	4	-6.8	3.735	8.257
163	5	-6.5	3.036	7.977
163	6	-6.5	3.863	7.54
163	7	-6.1	4.03	8.127
163	8	-6	3.548	8.78
163	9	-5.9	3.75	7.762
164	1	-7.3	0	0
164	2	-7	3.261	4.964
164	3	-7	3.632	5.456
164	4	-6.9	3.99	7.62
164	5	-6.5	4.084	8.044
164	6	-6.4	2.405	3.351
164	7	-6.4	3.512	7.814
164	8	-6.3	3.412	5.061
164	9	-6.1	4.076	8.839
165	1	-7.3	0	0
165	2	-7.3	1.707	2.321
165	3	-7.1	2.549	4.445
165	4	-7	3.346	8.514
165	5	-6.7	2.745	4.381
165	6	-6.5	3.589	8.323
165	7	-6.3	3.382	6.138
165	8	-6.1	2.227	3.595
165	9	-6.1	4.448	8.242
166	1	-7.9	0	0
166	2	-7.5	4.318	7.693
166	3	-7.4	3.322	7.762
166	4	-7.3	2.401	3.006
166	5	-7.2	2.595	3.235
166	6	-7	3.426	7.829
166	7	-6.6	4.592	8.082
166	8	-6.6	4.215	8.47
166	9	-6.5	3.744	8.021
167	1	-7.9	0	0
167	2	-7.5	3.522	8.248
167	3	-7.4	2.911	5.374
167	4	-7.3	2.949	8.29
167	5	-7.2	2.926	7.972
167	6	-7.2	3.106	3.987
167	7	-7	3.444	4.345
167	8	-6.8	3.343	5.705
167	9	-6.8	2.901	3.879
