1	1	-8	0	0
1	2	-7.1	2.828	3.928
1	3	-6.8	4.143	5.896
1	4	-6.7	4.09	6.074
1	5	-6.5	2.575	3.47
1	6	-6.4	3.186	9.018
1	7	-6.3	2.004	2.395
1	8	-6.2	3.518	9.52
1	9	-6.2	2.102	4.036
2	1	-6.8	0	0
2	2	-6.7	2.746	4.012
2	3	-6.6	2.782	5.012
2	4	-6.5	1.77	2.124
2	5	-6.5	3.048	9.209
2	6	-6.5	3.771	9.05
2	7	-6.4	3.008	4.641
2	8	-6.1	1.829	2.023
2	9	-6.1	3.668	9.118
3	1	-8	0	0
3	2	-7.1	2.764	3.479
3	3	-6.9	2.884	9.425
3	4	-6.8	4.187	5.844
3	5	-6.8	4.248	6.122
3	6	-6.7	3.003	4.65
3	7	-6.3	4.509	6.488
3	8	-6.2	4.326	9.075
3	9	-6.2	3.249	9.542
4	1	-7.7	0	0
4	2	-7.4	2.72	3.354
4	3	-7	4.316	5.896
4	4	-7	4.369	6.291
4	5	-6.9	3.52	9.336
4	6	-6.9	2.915	9.397
4	7	-6.7	3.248	9.409
4	8	-6.5	4.48	9.097
4	9	-5.8	3.853	9.083
5	1	-8	0	0
5	2	-6.9	3.465	9.144
5	3	-6.8	2.448	3.508
5	4	-6.8	4.192	5.865
5	5	-6.7	4.16	6.064
5	6	-6.7	3.005	9.493
5	7	-6.5	2.797	3.651
5	8	-6.2	4.35	9.102
5	9	-6.2	3.111	9.095
6	1	-7.3	0	0
6	2	-7.3	3.071	5.112
6	3	-7	1.03	3.313
6	4	-6.9	1.881	3.969
6	5	-6.9	3.093	5.24
6	6	-6.8	3.814	8.711
6	7	-6.7	1.694	2.124
6	8	-6.6	2.892	5.152
6	9	-6.4	2.714	4.106
7	1	-7.3	0	0
7	2	-7	1.894	4.013
7	3	-7	1.018	3.317
7	4	-6.9	3.063	5.221
7	5	-6.8	2.084	2.562
7	6	-6.7	2.997	5.059
7	7	-6.3	3.639	8.816
7	8	-6.2	2.723	3.867
7	9	-6.1	4.1	9.388
8	1	-7.1	0	0
8	2	-7.1	2.949	5.005
8	3	-6.9	2.169	2.856
8	4	-6.7	3.295	9.024
8	5	-6.6	2.48	3.164
8	6	-6.6	2.899	3.859
8	7	-6.2	1.607	2.031
8	8	-6	3.198	4.307
8	9	-6	2.743	3.825
9	1	-7.2	0	0
9	2	-7.2	3.01	5.053
9	3	-7	2.852	3.744
9	4	-6.8	3.249	9
9	5	-6.8	2.152	2.92
9	6	-6.3	1.636	2.177
9	7	-6	3.169	4.323
9	8	-6	2.927	3.988
9	9	-6	2.762	9.279
10	1	-7.1	0	0
10	2	-7.1	1.722	2.108
10	3	-6.7	2.447	4.559
10	4	-6.7	2.153	2.791
10	5	-6.6	2.371	3.206
10	6	-6.6	3.367	9.577
10	7	-6.5	3.467	9.386
10	8	-6.1	1.987	4.031
10	9	-5.9	2.692	9.299
11	1	-7.3	0	0
11	2	-7.1	1.683	2.022
11	3	-6.9	2.92	5.123
11	4	-6.9	1.818	2.086
11	5	-6.8	3.027	4.531
11	6	-6.6	2.761	4.237
11	7	-6	2.96	9.402
11	8	-6	1.548	3.687
11	9	-5.9	1.696	2.076
12	1	-7	0	0
12	2	-7	2.912	5.127
12	3	-6.8	2.842	4.124
12	4	-6.7	3.596	9.401
12	5	-6.6	1.937	2.355
12	6	-6.4	2.955	4.403
12	7	-6.2	3.203	9.391
12	8	-6.2	3.431	9.281
12	9	-6.1	2.427	4.414
13	1	-7.2	0	0
13	2	-6.8	1.726	2.026
13	3	-6.8	2.471	4.588
13	4	-6.6	2.614	3.525
13	5	-6.5	2.643	3.769
13	6	-6.4	2.096	2.792
13	7	-6.3	3.477	9.517
13	8	-6.1	3.032	9.393
13	9	-5.9	2.826	9.364
14	1	-7.6	0	0
14	2	-7.2	2.963	9.925
14	3	-6.9	2.848	9.759
14	4	-6.8	2.688	9.594
14	5	-6.6	3.176	5.266
14	6	-6.5	2.331	9.717
14	7	-6.5	1.393	2.057
14	8	-6.4	2.58	9.546
14	9	-6.3	2.731	9.608
15	1	-7.9	0	0
15	2	-7.8	3.355	4.914
15	3	-7.6	3.114	3.877
15	4	-7.4	3.83	9.226
15	5	-7.3	1.268	3.188
15	6	-7.2	2.184	2.67
15	7	-7.2	3.702	10.003
15	8	-7.2	2.485	3.957
15	9	-7.1	2.315	3.931
16	1	-7.8	0	0
16	2	-7.6	2.722	4.088
16	3	-7.5	3.242	4.88
16	4	-7.5	1.645	1.994
16	5	-7.4	1.872	3.728
16	6	-7	2.671	9.847
16	7	-6.9	3.023	9.994
16	8	-6.9	3.151	5.163
16	9	-6.9	2.64	9.615
17	1	-8	0	0
17	2	-7.8	2.355	4.063
17	3	-7.8	3.027	4.849
17	4	-7.7	3	3.6
17	5	-7.5	3.439	5.08
17	6	-7.5	3.746	9.25
17	7	-7.5	1.257	3.229
17	8	-7.3	2.141	2.672
17	9	-7.2	2.799	3.974
18	1	-6.9	0	0
18	2	-6.8	1.596	1.804
18	3	-6.8	2.375	3.382
18	4	-6.8	2.064	3.985
18	5	-6.6	1.243	3.441
18	6	-6.2	2.68	4.76
18	7	-6.1	3.584	5.282
18	8	-6.1	3.395	6.009
18	9	-5.5	2.186	2.873
19	1	-6.8	0	0
19	2	-6.7	2.362	3.257
19	3	-6.7	2.088	3.992
19	4	-6.4	1.624	2.075
19	5	-5.8	1.604	1.922
19	6	-5.7	4.53	6.485
19	7	-5.7	3.367	4.618
19	8	-5.6	2.087	2.704
19	9	-5.6	2.093	2.907
20	1	-7.6	0	0
20	2	-7.2	4.457	6.545
20	3	-7.1	2.952	4.103
20	4	-7	1.509	3.53
20	5	-6.9	4.32	6.463
20	6	-6.8	2.911	9.529
20	7	-6.8	2.059	3.086
20	8	-6.7	2.998	9.678
20	9	-6.6	3.08	9.266
21	1	-7.8	0	0
21	2	-7.2	4.686	6.261
21	3	-7.1	2.711	3.949
21	4	-7.1	4.307	5.57
21	5	-6.9	4.214	5.852
21	6	-6.9	2.494	3.395
21	7	-6.7	3.228	9.739
21	8	-6.7	4.714	6.278
21	9	-6.5	2.471	4.031
22	1	-7.6	0	0
22	2	-7.3	4.346	6.252
22	3	-7.1	2.789	4.195
22	4	-7	3.807	5.47
22	5	-6.9	3.948	5.672
22	6	-6.8	3.452	9.625
22	7	-6.7	4.215	5.96
22	8	-6.4	2.672	4.413
22	9	-6.3	4.591	7.816
23	1	-7.7	0	0
23	2	-7.1	4.683	6.291
23	3	-7.1	2.423	3.164
23	4	-7.1	3.709	5.719
23	5	-7	4.3	5.616
23	6	-6.8	4.733	6.388
23	7	-6.8	2.478	3.97
23	8	-6.8	3.022	4.685
23	9	-6.8	2.034	3.84
24	1	-7	0	0
24	2	-6.9	2.579	3.655
24	3	-6.9	3.081	4.748
24	4	-6.8	4.149	9.091
24	5	-6.8	1.255	3.666
24	6	-6.6	3.211	4.427
24	7	-6.5	3.62	9.247
24	8	-6.4	1.714	2.299
24	9	-6.4	3.522	5.224
25	1	-7.4	0	0
25	2	-7.4	3.521	5.197
25	3	-7.3	2.609	3.731
25	4	-7.2	2.853	9.328
25	5	-7.2	2.698	9.351
25	6	-7.1	4.36	5.955
25	7	-6.7	3.521	8.763
25	8	-6.7	3.58	8.835
25	9	-6.6	4.176	5.929
26	1	-7.9	0	0
26	2	-7.8	3.303	6.771
26	3	-7.7	3.304	6.338
26	4	-7.6	3.701	6.095
26	5	-7.6	1.69	2.15
26	6	-7.5	2.342	7.369
26	7	-7.5	3.23	6.73
26	8	-7.4	2.766	7.509
26	9	-7.3	3.123	7.301
27	1	-8.1	0	0
27	2	-8	2.526	5.498
27	3	-7.9	3.292	3.719
27	4	-7.8	2.509	3.216
27	5	-7.7	4.153	7.562
27	6	-7.7	3.22	5.856
27	7	-7.6	2.939	5.561
27	8	-7.6	3.082	6.557
27	9	-7.5	3.417	7.327
28	1	-8.2	0	0
28	2	-8	2.522	5.506
28	3	-7.9	3.285	3.708
28	4	-7.8	2.508	3.219
28	5	-7.7	1.978	2.281
28	6	-7.6	4.145	7.577
28	7	-7.6	3.103	5.746
28	8	-7.4	3.414	7.292
28	9	-7.4	3.684	6.44
29	1	-8.2	0	0
29	2	-8	2.522	5.519
29	3	-7.9	3.301	3.717
29	4	-7.8	2.519	3.238
29	5	-7.7	4.147	7.593
29	6	-7.5	3.248	5.853
29	7	-7.4	3.426	6.387
29	8	-7.4	2.882	5.418
29	9	-7.3	2.975	5.087
30	1	-7.2	0	0
30	2	-7	3.607	5.236
30	3	-6.9	2.532	3.84
30	4	-6.9	2.919	9.286
30	5	-6.9	3.077	9.145
30	6	-6.9	3.076	4.833
30	7	-6.8	4.204	6.139
30	8	-6.5	3.968	5.801
30	9	-6.5	3.253	8.438
31	1	-7.2	0	0
31	2	-7.1	2.948	8.963
31	3	-7.1	3.095	9.287
31	4	-7.1	2.653	3.738
31	5	-7	2.897	9.196
31	6	-7	4.312	6.461
31	7	-6.9	2.715	3.729
31	8	-6.8	2.956	8.855
31	9	-6.7	4.687	7.929
32	1	-7.8	0	0
32	2	-7.4	3.588	5.533
32	3	-7.1	4.024	6.097
32	4	-7	4.672	6.135
32	5	-6.9	2.556	3.672
32	6	-6.9	2.01	2.958
32	7	-6.9	3.676	5.716
32	8	-6.8	2.995	9.412
32	9	-6.6	3.638	8.891
33	1	-7.8	0	0
33	2	-7.3	3.545	5.572
33	3	-7.1	4.165	6.226
33	4	-6.9	4.646	6.171
33	5	-6.8	2.497	3.646
33	6	-6.8	2.95	9.342
33	7	-6.5	4.435	5.624
33	8	-6.4	3.319	8.805
33	9	-6.3	4.286	5.92
34	1	-8.2	0	0
34	2	-7.2	3.817	6.01
34	3	-7.2	4.636	6.195
34	4	-7.1	4.166	5.663
34	5	-7	1.749	2.143
34	6	-7	1.58	3.414
34	7	-6.8	5.011	6.421
34	8	-6.8	3.627	9.26
34	9	-6.8	3.124	9.733
35	1	-8.3	0	0
35	2	-7.2	4.493	6.145
35	3	-7.2	2.754	4.012
35	4	-7	4.469	5.904
35	5	-7	2.499	3.366
35	6	-6.8	3.563	8.955
35	7	-6.7	4.227	5.928
35	8	-6.6	3.287	9.609
35	9	-6.6	4.153	5.885
36	1	-8.2	0	0
36	2	-7.5	1.436	3.572
36	3	-7.2	3.58	5.347
36	4	-7.1	4.003	5.751
36	5	-7	2.683	3.911
36	6	-7	2.412	3.34
36	7	-6.9	3.666	9.284
36	8	-6.7	4.895	9.482
36	9	-6.6	3.491	9.074
37	1	-8.1	0	0
37	2	-7.4	1.43	3.757
37	3	-7.3	4.255	6.23
37	4	-7.1	4.051	5.618
37	5	-7	3.244	9.611
37	6	-7	4.723	6.347
37	7	-6.8	3.578	9.059
37	8	-6.7	4.559	6.401
37	9	-6.7	4.588	9.391
38	1	-8.2	0	0
38	2	-7.5	1.285	3.198
38	3	-7.3	4.542	6.132
38	4	-7.1	2.338	3.033
38	5	-7	4.366	5.677
38	6	-6.9	2.445	3.361
38	7	-6.9	4.701	6.264
38	8	-6.9	3.701	9.29
38	9	-6.9	3.236	9.672
39	1	-8.3	0	0
39	2	-7.5	1.305	3.289
39	3	-7.4	1.818	2.286
39	4	-7.2	3.616	5.33
39	5	-7.2	4.082	5.65
39	6	-7.2	4.573	6.209
39	7	-7.2	2.726	3.973
39	8	-6.8	2.866	9.556
39	9	-6.8	4.285	6.051
40	1	-8.2	0	0
40	2	-7.3	4.107	5.606
40	3	-7.2	3.593	5.289
40	4	-7.1	2.729	3.948
40	5	-7.1	4.648	6.17
40	6	-6.9	3.658	9.252
40	7	-6.9	3.085	9.656
40	8	-6.8	3.208	9.602
40	9	-6.7	4.902	9.485
41	1	-8.2	0	0
41	2	-7.2	4.609	6.13
41	3	-7.1	2.75	3.935
41	4	-7.1	3.575	5.352
41	5	-7.1	4.838	6.21
41	6	-7	4.406	6.306
41	7	-7	2.471	3.364
41	8	-7	4.793	6.252
41	9	-6.9	3.123	9.602
42	1	-8.3	0	0
42	2	-7.4	1.836	2.379
42	3	-7.2	4.567	6.138
42	4	-7	2.689	3.904
42	5	-6.9	2.425	3.28
42	6	-6.9	4.695	6.243
42	7	-6.9	4.581	5.933
42	8	-6.8	2.915	4.65
42	9	-6.8	5.186	8.667
43	1	-7.2	0	0
43	2	-7.1	2.352	4.73
43	3	-7.1	3.057	5.632
43	4	-7.1	1.202	3.588
43	5	-7	3.162	5.408
43	6	-6.9	1.869	2.034
43	7	-6.7	2.639	4.237
43	8	-6.6	4.104	9.94
43	9	-6.6	3.438	4.952
44	1	-8.1	0	0
44	2	-7.1	3.56	5.46
44	3	-7.1	4.621	6.208
44	4	-7.1	2.736	3.967
44	5	-7.1	3.979	5.669
44	6	-7	3.829	6.056
44	7	-6.9	4.569	5.978
44	8	-6.9	4.633	6.505
44	9	-6.8	3.421	4.671
45	1	-7.2	0	0
45	2	-7.1	2.938	4.366
45	3	-7	2.04	4.016
45	4	-6.9	3.959	9.482
45	5	-6.8	2.811	4.001
45	6	-6.8	2.211	4.234
45	7	-6.7	1.313	1.889
45	8	-6.5	4.509	7.351
45	9	-6.5	3.815	9.239
46	1	-7.3	0	0
46	2	-7.2	2.914	4.364
46	3	-7.1	3.287	9.211
46	4	-7.1	2.816	9.29
46	5	-7.1	3.337	9.232
46	6	-7	1.743	2.294
46	7	-6.9	2.51	4.783
46	8	-6.8	2.434	3.586
46	9	-6.8	4.042	7.923
47	1	-7.3	0	0
47	2	-7.3	3.284	9.159
47	3	-7.1	3.774	8.805
47	4	-7	2.67	9.582
47	5	-6.9	2.771	9.768
47	6	-6.7	2.995	9.657
47	7	-6.7	3.149	8.279
47	8	-6.6	2.989	9.441
47	9	-6.4	2.449	8.929
48	1	-7	0	0
48	2	-6.9	3.21	9.16
48	3	-6.7	2.725	9.311
48	4	-6.7	1.923	4.031
48	5	-6.6	2.617	4.803
48	6	-6.5	2.709	9.735
48	7	-6.2	2.04	4.081
48	8	-6.1	2.61	4.725
48	9	-6	3.172	9.467
49	1	-7.7	0	0
49	2	-7.1	1.496	3.548
49	3	-7	2.619	3.949
49	4	-7	4.534	6.176
49	5	-6.9	3.293	9.73
49	6	-6.9	3.788	9.274
49	7	-6.8	4.644	6.115
49	8	-6.7	2.064	2.967
49	9	-6.7	3.582	9.619
50	1	-7.7	0	0
50	2	-7.1	4.494	6.162
50	3	-7.1	2.613	3.931
50	4	-6.9	3.843	9.321
50	5	-6.9	1.695	3.315
50	6	-6.9	3.494	5.366
50	7	-6.8	2.57	3.445
50	8	-6.8	3.867	5.429
50	9	-6.5	3.315	9.702
51	1	-7	0	0
51	2	-7	2.677	9.599
51	3	-6.6	3.212	9.981
51	4	-6.5	2.036	3.235
51	5	-6.5	3.002	9.538
51	6	-6.3	3.466	9.48
51	7	-6.3	2.053	3.524
51	8	-6.2	2.376	4.628
51	9	-6.2	3.857	6.702
52	1	-7.2	0	0
52	2	-7	3.375	9.967
52	3	-6.8	1.391	3.171
52	4	-6.8	1.807	3.724
52	5	-6.6	2.829	4.243
52	6	-6.6	3.902	9.577
52	7	-6.5	2.538	3.923
52	8	-6.5	3.703	8.865
52	9	-6.2	4.15	7.221
53	1	-8	0	0
53	2	-7.7	3.02	4.834
53	3	-7.6	2.204	8.86
53	4	-7.6	1.746	3.831
53	5	-7.4	2.929	9.584
53	6	-7.4	2.692	9.565
53	7	-7.3	1.919	2.627
53	8	-7.2	1.785	2.3
53	9	-7.1	1.619	2.078
54	1	-8	0	0
54	2	-7.8	2.107	4.237
54	3	-7.8	1.751	2.264
54	4	-7.6	2.646	9.435
54	5	-7.5	1.975	2.833
54	6	-7.4	2.413	9.597
54	7	-7.4	1.972	2.712
54	8	-7	2.33	9.415
54	9	-6.7	4.222	6.61
55	1	-7.9	0	0
55	2	-7.7	1.672	3.54
55	3	-7.5	4.722	6.04
55	4	-7.4	2.686	4.766
55	5	-7.2	4.835	9.7
55	6	-7.1	4.796	8.298
55	7	-7	2.612	2.89
55	8	-6.8	2.76	3.643
55	9	-6.5	3.326	5.064
56	1	-7.8	0	0
56	2	-7.7	2.266	3.338
56	3	-7.5	1.071	3.277
56	4	-7.5	4.667	6.006
56	5	-7.4	2.703	4.675
56	6	-7.3	1.856	2.509
56	7	-7.3	4.938	9.557
56	8	-7.1	4.708	8.324
56	9	-7	5.317	6.671
57	1	-8	0	0
57	2	-7.9	3.271	6.753
57	3	-7.6	3.073	7.53
57	4	-7.5	3.247	6.287
57	5	-7.5	3.074	7.284
57	6	-7.4	2.178	4.727
57	7	-7.4	3.676	6.079
57	8	-7.4	3.796	6.536
57	9	-7.4	3.153	7.55
58	1	-8	0	0
58	2	-8	2.532	3.289
58	3	-8	2.482	5.352
58	4	-7.7	4.032	7.501
58	5	-7.7	2.88	5.568
58	6	-7.7	3.302	3.684
58	7	-7.4	3.88	7.387
58	8	-7.4	3.19	5.843
58	9	-7.4	2.907	3.187
59	1	-7.8	0	0
59	2	-7.7	3.281	7.958
59	3	-7.5	2.679	8.545
59	4	-7.5	3.142	8.601
59	5	-7.4	4.168	6.174
59	6	-6.9	1.252	1.653
59	7	-6.8	2.806	4.067
59	8	-6.6	2.819	3.521
59	9	-6.4	4.017	5.889
60	1	-8.3	0	0
60	2	-8.1	4.261	5.087
60	3	-8.1	3.317	7.446
60	4	-8	2.557	8.017
60	5	-7.8	3.362	5.178
60	6	-7.8	3.445	7.503
60	7	-7.7	1.922	2.215
60	8	-7.6	2.637	8.226
60	9	-7.6	3.77	5.155
61	1	-8.3	0	0
61	2	-8.1	4.05	5.059
61	3	-8.1	3.323	7.481
61	4	-8	2.056	2.721
61	5	-7.9	2.586	8.094
61	6	-7.7	3.178	4.902
61	7	-7.6	2.654	8.129
61	8	-7.6	3.369	7.571
61	9	-7.6	3.794	5.187
62	1	-8.1	0	0
62	2	-7.8	3.431	8.143
62	3	-7.6	3.027	8.71
62	4	-7.5	4.395	6.117
62	5	-7.2	3.474	8.402
62	6	-7.1	2.884	8.962
62	7	-7	1.721	2.327
62	8	-6.9	3.234	8.395
62	9	-6.8	2.73	3.978
63	1	-7.8	0	0
63	2	-7.6	1.384	2.895
63	3	-7.6	3.709	5.862
63	4	-7.6	2.721	7.968
63	5	-7.5	2.151	7.432
63	6	-7.4	2.707	7.915
63	7	-7.4	2.535	8.255
63	8	-7.3	3.248	6.676
63	9	-7.3	1.92	4.325
64	1	-7.8	0	0
64	2	-7.6	2.723	7.969
64	3	-7.6	3.715	5.872
64	4	-7.6	1.377	2.898
64	5	-7.5	2.156	7.499
64	6	-7.3	2.471	8.241
64	7	-7.3	2.815	8.115
64	8	-7.3	3.248	6.608
64	9	-7.2	1.937	4.358
65	1	-8.6	0	0
65	2	-8.6	2.489	3.038
65	3	-8.5	1.248	1.679
65	4	-8.4	2.77	5.309
65	5	-8.3	2.224	2.838
65	6	-8.1	2.245	2.621
65	7	-8	1.679	4.471
65	8	-7.9	2.086	4.881
65	9	-7.9	2.818	5.209
66	1	-8.6	0	0
66	2	-8.6	2.544	3.102
66	3	-8.4	2.172	2.467
66	4	-8.4	2.748	4.907
66	5	-8.3	2.036	2.513
66	6	-8.2	1.874	2.331
66	7	-8.1	3.219	6.21
66	8	-8	2.773	3.364
66	9	-8	3.096	6.193
67	1	-8.3	0	0
67	2	-8.3	3.506	6.6
67	3	-8.2	3.261	5.8
67	4	-8.2	2.86	6.13
67	5	-8	3.489	6.891
67	6	-8	3.159	6.458
67	7	-7.9	3.394	7.354
67	8	-7.7	3.34	6.184
67	9	-7.6	3.584	7.013
68	1	-8.5	0	0
68	2	-8.5	3.489	6.596
68	3	-8.4	2.202	2.694
68	4	-8.4	1.875	2.373
68	5	-8.2	3.821	6.729
68	6	-8.1	3.089	5.427
68	7	-8	3.761	6.884
68	8	-7.8	3.518	6.558
68	9	-7.7	3.486	6.22
69	1	-9.1	0	0
69	2	-8.8	2.357	2.681
69	3	-8.8	2.01	2.436
69	4	-8.5	2.096	3.005
69	5	-8.5	2.02	2.938
69	6	-8.5	1.588	4.672
69	7	-8.4	2.93	5.716
69	8	-8.4	2.376	5.241
69	9	-8.4	1.548	4.539
70	1	-9.1	0	0
70	2	-8.9	2.006	2.265
70	3	-8.8	3.02	3.647
70	4	-8.5	1.739	2.667
70	5	-8.5	2.384	5.292
70	6	-8.5	1.585	4.664
70	7	-8.4	2.931	5.714
70	8	-8.4	1.975	2.911
70	9	-8.2	1.998	4.742
71	1	-9.1	0	0
71	2	-8.9	2.133	2.941
71	3	-8.9	3.062	6.577
71	4	-8.8	3.007	7.593
71	5	-8.6	1.826	4.889
71	6	-8.6	1.792	2.387
71	7	-8.6	1.44	1.901
71	8	-8.5	2.922	5.704
71	9	-8.4	2.29	6.845
72	1	-9.2	0	0
72	2	-8.6	1.034	2.29
72	3	-8.6	1.907	2.486
72	4	-8.5	2.043	4.597
72	5	-8.5	2.216	2.464
72	6	-8.3	1.827	4.412
72	7	-8.3	2.736	6.438
72	8	-8.2	2.182	2.726
72	9	-8.1	3.042	7.121
73	1	-8.9	0	0
73	2	-8.7	2.217	2.855
73	3	-8.6	2.749	6.626
73	4	-8.6	1.883	2.553
73	5	-8.4	2.94	6.558
73	6	-8.4	2.812	5.178
73	7	-8.3	3.518	6.748
73	8	-8.2	2.694	5.181
73	9	-8.1	2.284	4.362
74	1	-9	0	0
74	2	-9	1.333	2.303
74	3	-8.6	3.108	6.393
74	4	-8.6	1.979	4.574
74	5	-8.6	1.75	4.387
74	6	-8.5	2.772	6.985
74	7	-8.4	2.831	6.251
74	8	-8.4	3.269	7.451
74	9	-8.2	2.631	4.984
75	1	-9.1	0	0
75	2	-9	1.34	2.453
75	3	-8.8	3.456	7.69
75	4	-8.6	3.256	6.711
75	5	-8.6	2.098	4.799
75	6	-8.5	2.879	6.793
75	7	-8.5	3.407	7.374
75	8	-8.5	2.877	6.585
75	9	-8.4	2.948	6.635
76	1	-9.1	0	0
76	2	-8.5	2.056	4.615
76	3	-8.4	1.964	2.67
76	4	-8.4	1.405	2.631
76	5	-8.3	1.64	2.143
76	6	-8.2	2.705	6.319
76	7	-8.2	2.146	2.613
76	8	-8.1	3.071	7.142
76	9	-8	2.006	2.447
77	1	-8.5	0	0
77	2	-8.3	3.607	6.782
77	3	-8.3	1.992	2.081
77	4	-8	2.003	2.3
77	5	-7.7	3.364	8.041
77	6	-7.6	3.469	8.152
77	7	-7.6	3.133	5.231
77	8	-7.6	1.257	3.981
77	9	-7.5	3.465	7.842
78	1	-8.5	0	0
78	2	-8.3	3.621	6.748
78	3	-7.9	3.291	8.261
78	4	-7.8	3.372	7.399
78	5	-7.7	3.462	8.093
78	6	-7.6	2.072	2.842
78	7	-7.6	3.276	6.794
78	8	-7.6	3.853	7.081
78	9	-7.5	3.135	5.22
79	1	-8.9	0	0
79	2	-8.8	1.485	2.757
79	3	-8.6	1.656	4.339
79	4	-8.4	3.675	6.848
79	5	-8.3	3.264	7.701
79	6	-8.2	2.152	5.103
79	7	-7.9	2.911	8.282
79	8	-7.6	2.651	8.268
79	9	-7.6	3.121	7.844
80	1	-9	0	0
80	2	-8.8	1.498	2.758
80	3	-8.6	1.662	4.333
80	4	-8.5	2.252	3.012
80	5	-8.5	3.677	6.847
80	6	-8.3	3.259	7.709
80	7	-8.2	3.451	7.817
80	8	-8.2	3.714	7.89
80	9	-8.1	2.165	5.118
81	1	-8.6	0	0
81	2	-8.4	2.88	7.723
81	3	-8.3	2.486	5.043
81	4	-8.2	1.627	4.16
81	5	-8.1	2.445	4.836
81	6	-8	2.141	2.542
81	7	-8	2.729	8.076
81	8	-7.8	2.056	4.383
81	9	-7.7	1.985	5.067
82	1	-8.7	0	0
82	2	-8.4	2.705	8.108
82	3	-8.3	2.844	7.73
82	4	-8.3	1.615	4.264
82	5	-8.3	2.488	5.077
82	6	-8.3	2.2	2.488
82	7	-8.2	2.857	8.359
82	8	-8.2	2.545	4.983
82	9	-7.7	2.072	4.977
83	1	-8.9	0	0
83	2	-8.8	2.37	4.864
83	3	-8.8	2.904	7.796
83	4	-8.7	1.976	2.201
83	5	-8.7	2.728	8.433
83	6	-8.6	2.41	5.076
83	7	-8.6	4.39	7.908
83	8	-8.4	1.878	4.678
83	9	-8.4	1.516	4.379
84	1	-9	0	0
84	2	-8.8	1.96	2.19
84	3	-8.8	2.353	4.897
84	4	-8.8	2.904	7.785
84	5	-8.7	2.693	8.411
84	6	-8.7	4.256	7.85
84	7	-8.6	2.407	5.108
84	8	-8.4	1.498	4.415
84	9	-8.2	3.261	7.167
