#################################################################
# If you used AutoDock Vina in your work, please cite:          #
#                                                               #
# O. Trott, A. J. Olson,                                        #
# AutoDock Vina: improving the speed and accuracy of docking    #
# with a new scoring function, efficient optimization and       #
# multithreading, Journal of Computational Chemistry 31 (2010)  #
# 455-461                                                       #
#                                                               #
# DOI 10.1002/jcc.21334                                         #
#                                                               #
# Please see http://vina.scripps.edu for more information.      #
#################################################################

Reading input ... done.
Setting up the scoring function ... done.
Analyzing the binding site ... done.
Using random seed: -816037328
Performing search ... done.
Refining results ... done.

mode |   affinity | dist from best mode
     | (kcal/mol) | rmsd l.b.| rmsd u.b.
-----+------------+----------+----------
   1         -9.2      0.000      0.000
   2         -8.6      1.034      2.290
   3         -8.6      1.907      2.486
   4         -8.5      2.043      4.597
   5         -8.5      2.216      2.464
   6         -8.3      1.827      4.412
   7         -8.3      2.736      6.438
   8         -8.2      2.182      2.726
   9         -8.1      3.042      7.121
Writing output ... done.
