CHEMBL1145278_154.log -5.6
CHEMBL1145278_40.log -8.1
CHEMBL1145278_144.log -6.6
CHEMBL1145278_73.log -8.8
CHEMBL1145278_101.log -7.3
CHEMBL1145278_23.log -7.3
CHEMBL1145278_55.log -7.8
CHEMBL1145278_102.log -9.0
CHEMBL1145278_161.log -4.7
CHEMBL1145278_93.log -7.9
CHEMBL1145278_63.log -5.8
CHEMBL1145278_135.log -8.5
CHEMBL1145278_54.log -9.0
CHEMBL1145278_139.log -0.7
CHEMBL1145278_32.log -8.1
CHEMBL1145278_5.log -7.9
CHEMBL1145278_127.log -8.4
CHEMBL1145278_149.log -6.6
CHEMBL1145278_104.log -9.0
CHEMBL1145278_119.log -7.9
CHEMBL1145278_56.log -8.8
CHEMBL1145278_26.log -7.4
CHEMBL1145278_66.log -8.3
CHEMBL1145278_70.log -8.1
CHEMBL1145278_9.log -7.3
CHEMBL1145278_74.log -7.8
CHEMBL1145278_68.log -8.3
CHEMBL1145278_18.log -6.7
CHEMBL1145278_71.log -8.1
CHEMBL1145278_34.log -7.7
CHEMBL1145278_35.log -8.6
CHEMBL1145278_130.log 0.2
CHEMBL1145278_155.log -5.7
CHEMBL1145278_113.log -7.9
CHEMBL1145278_157.log -8.0
CHEMBL1145278_31.log -8.5
CHEMBL1145278_58.log -6.5
CHEMBL1145278_41.log -8.1
CHEMBL1145278_1.log -9.3
CHEMBL1145278_8.log -7.3
CHEMBL1145278_138.log -0.6
CHEMBL1145278_7.log -7.3
CHEMBL1145278_85.log -8.7
CHEMBL1145278_17.log -3.6
CHEMBL1145278_16.log -8.1
CHEMBL1145278_115.log -8.2
CHEMBL1145278_83.log -3.6
CHEMBL1145278_125.log -7.0
CHEMBL1145278_38.log -8.1
CHEMBL1145278_98.log -8.1
CHEMBL1145278_82.log -7.9
CHEMBL1145278_50.log -8.4
CHEMBL1145278_126.log -7.0
CHEMBL1145278_19.log -7.8
CHEMBL1145278_95.log -8.9
CHEMBL1145278_100.log -7.1
CHEMBL1145278_79.log -8.7
CHEMBL1145278_150.log -8.4
CHEMBL1145278_114.log -7.7
CHEMBL1145278_76.log -8.1
CHEMBL1145278_84.log -8.2
CHEMBL1145278_148.log -6.6
CHEMBL1145278_153.log -5.7
CHEMBL1145278_137.log -0.8
CHEMBL1145278_44.log -7.2
CHEMBL1145278_6.log -7.9
CHEMBL1145278_97.log -8.3
CHEMBL1145278_21.log -9.1
CHEMBL1145278_14.log -7.1
CHEMBL1145278_128.log 0.4
CHEMBL1145278_78.log -7.9
CHEMBL1145278_134.log -8.4
CHEMBL1145278_59.log -7.1
CHEMBL1145278_39.log -8.1
CHEMBL1145278_140.log -0.2
CHEMBL1145278_110.log -9.2
CHEMBL1145278_108.log -8.9
CHEMBL1145278_57.log -6.7
CHEMBL1145278_46.log -8.6
CHEMBL1145278_151.log -8.4
CHEMBL1145278_42.log -8.1
CHEMBL1145278_61.log -6.3
CHEMBL1145278_22.log -7.8
CHEMBL1145278_159.log -4.8
CHEMBL1145278_37.log -8.1
CHEMBL1145278_120.log -7.9
CHEMBL1145278_136.log -8.5
CHEMBL1145278_80.log -8.7
CHEMBL1145278_69.log -8.1
CHEMBL1145278_145.log -6.6
CHEMBL1145278_163.log -6.6
CHEMBL1145278_28.log -7.7
CHEMBL1145278_47.log -8.6
CHEMBL1145278_52.log -8.4
CHEMBL1145278_96.log -9.0
CHEMBL1145278_36.log -8.1
CHEMBL1145278_118.log -8.3
CHEMBL1145278_117.log -8.2
CHEMBL1145278_103.log -9.0
CHEMBL1145278_75.log -8.3
CHEMBL1145278_33.log -7.5
CHEMBL1145278_107.log -8.8
CHEMBL1145278_87.log -7.6
CHEMBL1145278_105.log -7.3
CHEMBL1145278_10.log -8.9
CHEMBL1145278_2.log -8.0
CHEMBL1145278_62.log -6.3
CHEMBL1145278_99.log -8.0
CHEMBL1145278_65.log -8.4
CHEMBL1145278_20.log -7.9
CHEMBL1145278_30.log -8.5
CHEMBL1145278_132.log 0.4
CHEMBL1145278_121.log -2.0
CHEMBL1145278_88.log -7.5
CHEMBL1145278_143.log -6.6
CHEMBL1145278_12.log -9.0
CHEMBL1145278_146.log -6.6
CHEMBL1145278_94.log -9.1
CHEMBL1145278_156.log -8.0
CHEMBL1145278_106.log -8.9
CHEMBL1145278_77.log -8.5
CHEMBL1145278_152.log -8.4
CHEMBL1145278_162.log -8.1
CHEMBL1145278_158.log -8.0
CHEMBL1145278_11.log -8.8
CHEMBL1145278_13.log -7.1
CHEMBL1145278_29.log -8.7
CHEMBL1145278_123.log -2.0
CHEMBL1145278_51.log -8.4
CHEMBL1145278_129.log 0.4
CHEMBL1145278_90.log -8.2
CHEMBL1145278_49.log -8.2
CHEMBL1145278_53.log -8.5
CHEMBL1145278_64.log -8.3
CHEMBL1145278_4.log -9.3
CHEMBL1145278_72.log -8.1
CHEMBL1145278_142.log 0.0
CHEMBL1145278_91.log -8.1
CHEMBL1145278_92.log -8.2
CHEMBL1145278_86.log -7.5
CHEMBL1145278_48.log -8.4
CHEMBL1145278_133.log -0.5
CHEMBL1145278_141.log -0.2
CHEMBL1145278_67.log -8.1
CHEMBL1145278_147.log -6.6
CHEMBL1145278_24.log -7.7
CHEMBL1145278_124.log -7.1
CHEMBL1145278_43.log -7.2
CHEMBL1145278_15.log -7.2
CHEMBL1145278_81.log -8.0
CHEMBL1145278_60.log -3.6
CHEMBL1145278_45.log -8.6
CHEMBL1145278_122.log -2.2
CHEMBL1145278_89.log -8.0
CHEMBL1145278_112.log -9.2
CHEMBL1145278_25.log -8.2
CHEMBL1145278_109.log -7.6
CHEMBL1145278_111.log -7.8
CHEMBL1145278_116.log -8.5
CHEMBL1145278_3.log -9.1
CHEMBL1145278_131.log 0.4
CHEMBL1145278_27.log -7.4
CHEMBL1145278_160.log -4.7
