154_1 -5.6 0.000 0.000
154_2 -4.6 2.731 4.351
154_3 -4.4 2.240 3.731
154_4 -3.5 3.647 8.627
154_5 -3.4 1.328 2.066
40_1 -8.1 0.000 0.000
40_2 -7.3 3.251 7.715
40_3 -6.5 1.543 2.164
40_4 -6.5 2.785 7.201
40_5 -6.2 2.941 8.052
40_6 -6.2 2.454 3.836
40_7 -6.2 2.270 3.736
40_8 -5.4 2.853 7.227
144_1 -6.6 0.000 0.000
144_2 -5.9 3.228 8.219
144_3 -5.3 2.656 4.404
144_4 -5.2 2.124 3.647
144_5 -3.9 3.422 8.225
144_6 -3.7 3.625 8.456
73_1 -8.8 0.000 0.000
73_2 -8.7 3.240 7.511
73_3 -8.6 2.050 3.092
73_4 -8.4 2.570 4.219
73_5 -8.3 3.101 7.433
73_6 -7.2 2.934 7.548
73_7 -7.1 2.965 6.738
73_8 -6.7 2.895 4.613
73_9 -6.5 1.872 2.635
101_1 -7.3 0.000 0.000
101_2 -6.9 2.898 7.014
101_3 -6.8 2.930 7.307
101_4 -6.6 1.864 4.956
101_5 -6.5 2.077 5.022
101_6 -6.4 1.810 4.318
101_7 -6.0 3.069 7.401
101_8 -5.3 2.904 7.515
101_9 -4.5 3.137 7.297
23_1 -7.3 0.000 0.000
23_2 -7.1 3.429 6.886
23_3 -6.0 1.798 2.575
23_4 -5.3 2.253 4.557
23_5 -5.0 2.926 6.178
23_6 -4.4 3.557 7.111
55_1 -7.8 0.000 0.000
55_2 -7.8 3.252 6.886
55_3 -7.1 3.395 7.301
55_4 -6.8 2.960 4.811
55_5 -6.6 2.249 4.584
55_6 -6.3 2.880 6.206
55_7 -5.7 3.273 7.068
55_8 -5.6 2.129 4.419
55_9 -5.1 1.697 2.466
102_1 -9.0 0.000 0.000
102_2 -8.2 3.166 7.272
102_3 -8.0 2.909 7.948
102_4 -7.9 3.014 7.347
102_5 -7.9 3.190 7.634
102_6 -7.7 3.069 7.280
102_7 -7.5 3.194 6.967
102_8 -7.4 3.066 7.423
102_9 -6.7 2.928 7.078
161_1 -4.7 0.000 0.000
161_2 -3.9 1.463 2.089
161_3 -2.3 2.764 4.234
93_1 -7.9 0.000 0.000
93_2 -7.8 1.820 3.978
93_3 -7.7 1.311 2.031
93_4 -7.6 2.893 7.870
93_5 -7.4 2.195 4.289
93_6 -7.4 3.014 7.905
93_7 -7.1 3.087 7.623
93_8 -7.1 2.090 4.216
93_9 -7.0 2.375 4.545
63_1 -5.8 0.000 0.000
63_2 -4.2 3.444 7.627
63_3 -4.2 1.570 2.250
63_4 -4.1 4.439 9.989
63_5 -4.1 3.357 8.444
63_6 -3.6 1.657 2.325
63_7 -3.4 1.269 2.042
135_1 -8.5 0.000 0.000
135_2 -7.6 1.997 2.517
135_3 -7.6 1.894 2.511
135_4 -7.6 2.807 7.825
135_5 -7.5 3.212 8.039
135_6 -7.4 2.381 4.380
135_7 -7.3 1.813 2.464
135_8 -7.3 2.851 7.831
135_9 -7.0 1.673 3.775
54_1 -9.0 0.000 0.000
54_2 -9.0 3.257 6.892
54_3 -7.9 3.124 6.647
54_4 -7.8 2.904 7.733
54_5 -7.4 2.637 3.623
54_6 -6.4 3.258 7.154
54_7 -6.3 3.431 7.856
54_8 -6.2 3.154 4.702
54_9 -6.0 2.637 3.907
139_1 -0.7 0.000 0.000
139_2 -0.5 3.371 8.789
139_3 0.2 2.122 2.960
139_4 1.4 3.428 9.183
139_5 1.7 3.095 4.030
139_6 1.9 2.483 3.746
32_1 -8.1 0.000 0.000
32_2 -8.1 1.464 1.971
32_3 -7.3 1.633 2.654
32_4 -6.0 2.262 4.492
32_5 -5.9 2.185 4.452
32_6 -5.9 2.503 4.259
32_7 -5.2 3.915 7.706
5_1 -7.9 0.000 0.000
5_2 -7.7 2.859 7.332
5_3 -7.5 2.776 7.020
5_4 -7.0 1.810 4.120
5_5 -6.8 2.706 7.109
5_6 -6.3 1.574 2.324
5_7 -6.1 1.935 4.096
5_8 -5.8 1.612 2.096
5_9 -5.8 3.076 7.276
127_1 -8.4 0.000 0.000
127_2 -7.7 1.972 2.539
127_3 -7.5 2.812 7.833
127_4 -7.4 1.816 2.463
127_5 -7.3 3.554 8.165
127_6 -7.3 2.094 2.522
127_7 -7.1 2.875 7.856
127_8 -7.1 2.369 4.403
127_9 -7.0 3.213 8.056
149_1 -6.6 0.000 0.000
149_2 -5.8 3.228 8.225
149_3 -5.4 1.517 2.058
149_4 -5.2 2.654 4.418
149_5 -5.2 2.197 3.717
104_1 -9.0 0.000 0.000
104_2 -8.2 3.172 7.277
104_3 -8.1 0.893 1.911
104_4 -8.0 3.193 7.646
104_5 -8.0 3.014 7.338
104_6 -7.8 3.085 7.259
104_7 -7.5 1.217 1.767
104_8 -7.0 1.691 2.509
104_9 -7.0 3.273 7.841
119_1 -7.9 0.000 0.000
119_2 -7.3 1.704 2.266
119_3 -7.1 1.910 2.649
119_4 -7.1 3.740 7.611
119_5 -6.6 3.844 7.693
119_6 -5.9 3.670 7.295
119_7 -5.5 2.000 2.631
119_8 -5.3 4.039 7.668
56_1 -8.8 0.000 0.000
56_2 -8.0 1.462 2.236
56_3 -7.6 3.321 7.802
56_4 -7.6 3.154 6.967
56_5 -6.9 2.991 7.463
56_6 -6.2 2.956 7.485
56_7 -6.1 1.985 2.916
56_8 -6.1 3.167 4.752
56_9 -5.9 3.024 4.359
26_1 -7.4 0.000 0.000
26_2 -5.6 3.346 7.750
26_3 -5.1 3.166 7.750
66_1 -8.3 0.000 0.000
66_2 -7.4 3.740 7.940
66_3 -6.8 3.039 8.040
66_4 -6.6 2.573 3.837
66_5 -6.6 3.038 7.127
66_6 -6.3 2.445 3.730
66_7 -6.1 1.942 2.492
66_8 -5.8 2.046 2.895
70_1 -8.1 0.000 0.000
70_2 -7.2 3.797 7.956
70_3 -6.8 3.601 8.270
70_4 -6.1 3.991 7.880
70_5 -5.9 2.935 4.322
9_1 -7.3 0.000 0.000
9_2 -7.0 4.283 8.146
9_3 -6.2 1.685 2.090
9_4 -5.7 4.387 8.475
9_5 -5.2 1.976 2.824
9_6 -4.8 3.457 4.509
74_1 -7.8 0.000 0.000
74_2 -7.7 3.252 7.565
74_3 -7.5 3.027 7.346
74_4 -7.4 2.940 7.120
74_5 -7.4 1.164 1.972
74_6 -6.8 2.148 4.095
74_7 -6.6 2.825 7.007
74_8 -6.2 1.978 4.091
74_9 -6.0 2.061 4.128
68_1 -8.3 0.000 0.000
68_2 -8.1 3.208 6.767
68_3 -7.8 2.208 3.962
68_4 -7.6 3.047 6.509
68_5 -7.3 2.410 4.534
68_6 -7.1 2.382 4.310
68_7 -7.0 2.889 5.864
68_8 -6.9 3.947 7.327
68_9 -6.9 2.157 5.667
18_1 -6.7 0.000 0.000
18_2 -6.5 3.293 6.938
18_3 -6.0 1.836 2.701
18_4 -4.6 2.178 4.560
18_5 -4.6 1.543 3.807
18_6 -4.4 3.511 7.417
18_7 -3.8 3.381 7.089
18_8 -3.7 2.891 6.155
71_1 -8.1 0.000 0.000
71_2 -7.2 3.803 7.971
71_3 -6.7 3.598 8.263
71_4 -6.6 3.372 7.239
71_5 -6.1 1.970 2.503
71_6 -6.0 2.940 4.339
71_7 -6.0 3.456 7.300
34_1 -7.7 0.000 0.000
34_2 -7.4 1.410 2.030
34_3 -6.8 2.215 3.168
34_4 -6.2 2.834 6.228
34_5 -5.7 2.530 4.632
34_6 -5.2 2.425 4.406
35_1 -8.6 0.000 0.000
35_2 -7.9 2.544 6.602
35_3 -7.8 2.587 6.815
35_4 -7.1 2.327 5.565
35_5 -6.5 1.373 1.855
35_6 -6.3 2.439 6.603
35_7 -6.0 2.042 5.626
35_8 -6.0 2.511 5.481
35_9 -5.8 2.196 5.048
130_1 0.2 0.000 0.000
130_2 0.8 1.005 1.503
130_3 3.2 3.530 9.388
155_1 -5.7 0.000 0.000
155_2 -5.5 3.297 8.479
155_3 -4.8 2.723 4.378
155_4 -4.4 2.232 3.766
155_5 -4.0 2.265 3.468
155_6 -3.5 3.642 8.618
113_1 -7.9 0.000 0.000
113_2 -7.2 3.736 7.610
113_3 -7.1 1.912 2.608
113_4 -6.6 3.984 7.675
113_5 -6.6 3.625 7.761
113_6 -6.4 2.093 4.347
113_7 -6.1 1.448 2.124
113_8 -5.8 3.635 7.240
113_9 -5.5 3.493 7.771
157_1 -8.0 0.000 0.000
157_2 -6.5 3.652 7.558
157_3 -6.5 1.352 1.899
157_4 -6.4 4.057 8.096
157_5 -5.7 3.547 8.339
157_6 -5.5 1.375 2.113
157_7 -5.1 1.826 2.189
31_1 -8.5 0.000 0.000
31_2 -8.4 0.928 1.776
31_3 -7.7 2.762 6.749
31_4 -7.5 1.754 2.669
31_5 -7.3 3.004 7.369
31_6 -7.0 2.786 7.480
31_7 -6.9 2.112 3.310
31_8 -5.5 3.156 7.870
58_1 -6.5 0.000 0.000
58_2 -4.1 3.258 4.785
41_1 -8.1 0.000 0.000
41_2 -7.4 3.199 7.825
41_3 -6.3 2.859 8.107
41_4 -6.2 2.370 3.706
41_5 -5.7 1.679 2.136
1_1 -9.3 0.000 0.000
1_2 -9.2 3.223 6.755
1_3 -9.2 3.149 7.501
1_4 -9.1 2.023 3.117
1_5 -8.4 2.477 4.141
1_6 -8.4 3.357 6.847
1_7 -8.3 2.566 3.683
1_8 -8.2 2.910 7.498
1_9 -8.2 2.208 3.359
8_1 -7.3 0.000 0.000
8_2 -7.0 4.285 8.148
8_3 -6.4 3.604 7.242
8_4 -5.9 1.790 2.436
8_5 -4.8 3.464 4.522
8_6 -4.6 3.639 5.057
8_7 -4.6 3.467 4.541
138_1 -0.6 0.000 0.000
138_2 -0.4 3.375 8.774
138_3 0.5 1.180 1.657
138_4 1.7 3.118 3.986
138_5 2.2 3.375 4.336
7_1 -7.3 0.000 0.000
7_2 -7.1 1.350 1.495
7_3 -6.9 4.284 8.144
7_4 -6.7 1.454 1.925
7_5 -6.3 3.612 7.245
7_6 -6.2 1.713 2.116
7_7 -4.7 3.463 4.519
7_8 -4.5 3.640 5.061
85_1 -8.7 0.000 0.000
85_2 -8.2 0.819 1.510
85_3 -7.6 1.213 2.505
85_4 -7.4 1.336 2.425
85_5 -6.9 3.081 7.485
85_6 -6.5 1.881 3.122
85_7 -6.0 2.155 3.537
85_8 -6.0 1.918 3.158
85_9 -5.9 2.804 7.252
17_1 -3.6 0.000 0.000
17_2 -2.3 2.416 3.809
17_3 -2.3 2.925 6.725
17_4 -2.2 3.070 8.069
17_5 -2.2 2.413 3.924
17_6 -1.1 1.365 2.248
17_7 -1.1 3.052 6.822
17_8 -0.9 3.043 6.600
17_9 -0.9 3.943 6.168
16_1 -8.1 0.000 0.000
16_2 -7.6 2.839 7.582
16_3 -7.1 1.971 2.820
16_4 -7.1 3.010 7.776
16_5 -7.0 3.209 7.879
16_6 -6.9 1.609 2.179
16_7 -6.9 1.505 1.913
16_8 -6.8 2.018 4.128
16_9 -6.8 2.728 7.684
115_1 -8.2 0.000 0.000
115_2 -8.1 1.464 2.393
115_3 -7.9 2.173 7.582
115_4 -7.5 2.245 7.639
115_5 -7.2 2.591 7.752
115_6 -6.8 1.729 3.813
115_7 -6.4 1.291 2.118
115_8 -6.3 2.316 7.354
115_9 -6.3 1.670 4.171
83_1 -3.6 0.000 0.000
83_2 -3.2 0.947 1.782
83_3 -2.5 2.424 3.819
83_4 -2.1 3.077 8.047
83_5 -2.1 2.933 6.739
125_1 -7.0 0.000 0.000
125_2 -6.3 3.096 7.849
125_3 -5.6 2.167 3.738
125_4 -5.1 2.509 4.158
125_5 -4.6 1.214 1.739
125_6 -4.3 3.234 7.910
38_1 -8.1 0.000 0.000
38_2 -7.3 3.247 7.729
38_3 -6.3 2.926 8.056
38_4 -6.2 2.257 3.736
38_5 -5.7 2.025 2.653
98_1 -8.1 0.000 0.000
98_2 -8.0 1.642 2.484
98_3 -7.9 3.373 7.528
98_4 -7.7 3.530 7.624
98_5 -7.7 1.849 4.580
98_6 -7.6 1.760 4.132
98_7 -7.5 2.243 4.870
98_8 -7.4 2.990 7.494
98_9 -7.3 1.804 2.598
82_1 -7.9 0.000 0.000
82_2 -7.8 1.706 2.124
82_3 -7.7 2.948 7.179
82_4 -7.7 1.961 3.378
82_5 -7.7 1.718 2.122
82_6 -7.3 1.502 3.019
82_7 -7.0 2.221 3.778
82_8 -6.8 3.150 7.042
82_9 -6.6 1.978 3.297
50_1 -8.4 0.000 0.000
50_2 -7.8 2.856 7.092
50_3 -7.6 1.569 1.952
50_4 -7.2 1.404 1.862
50_5 -7.2 3.243 7.801
50_6 -7.1 2.884 7.098
50_7 -6.4 2.318 3.706
50_8 -6.3 2.271 3.847
50_9 -6.1 2.796 7.990
126_1 -7.0 0.000 0.000
126_2 -6.4 3.090 7.847
126_3 -5.6 2.169 3.741
126_4 -5.6 1.534 1.907
126_5 -5.1 2.497 4.174
126_6 -4.6 3.250 7.935
126_7 -4.5 1.418 2.125
19_1 -7.8 0.000 0.000
19_2 -7.1 3.210 6.750
19_3 -6.2 1.973 3.147
19_4 -6.0 1.725 3.984
19_5 -5.9 2.069 4.379
19_6 -5.4 2.096 4.250
19_7 -5.4 2.132 4.053
19_8 -5.2 3.228 6.811
19_9 -4.9 3.518 7.170
95_1 -8.9 0.000 0.000
95_2 -8.9 2.172 3.363
95_3 -8.6 1.132 1.552
95_4 -8.5 2.949 6.958
95_5 -8.4 1.799 4.086
95_6 -8.0 2.005 3.560
95_7 -8.0 2.821 6.460
95_8 -7.2 1.554 2.334
95_9 -7.0 3.195 7.284
100_1 -7.1 0.000 0.000
100_2 -7.0 1.444 2.142
100_3 -6.9 2.904 7.076
100_4 -6.7 2.785 7.275
100_5 -6.6 2.178 5.101
100_6 -6.2 1.571 4.110
100_7 -6.2 1.878 4.815
100_8 -5.8 2.957 7.434
100_9 -5.7 1.777 4.540
79_1 -8.7 0.000 0.000
79_2 -7.4 1.022 2.204
79_3 -7.2 3.072 7.603
79_4 -6.9 3.028 6.764
79_5 -6.9 2.649 7.653
79_6 -6.8 3.003 6.881
79_7 -6.4 1.210 1.814
79_8 -6.3 2.174 3.538
79_9 -6.3 1.885 3.129
150_1 -8.4 0.000 0.000
150_2 -7.0 3.553 7.851
150_3 -7.0 1.798 2.383
150_4 -6.5 2.396 3.689
150_5 -6.0 2.502 3.882
150_6 -5.9 3.123 8.146
150_7 -5.9 3.288 7.210
114_1 -7.7 0.000 0.000
114_2 -7.4 3.817 7.948
114_3 -7.2 1.838 2.402
114_4 -6.9 3.904 8.067
114_5 -6.9 1.675 3.821
114_6 -6.9 2.098 4.193
114_7 -5.3 3.537 7.800
114_8 -5.3 2.512 4.932
114_9 -5.3 3.855 7.518
76_1 -8.1 0.000 0.000
76_2 -7.7 3.237 7.203
76_3 -7.6 2.011 2.605
76_4 -7.4 2.098 2.661
76_5 -7.3 3.167 7.297
76_6 -7.3 1.983 3.759
76_7 -6.9 1.835 3.609
76_8 -6.4 3.320 7.016
76_9 -6.3 2.875 7.025
84_1 -8.2 0.000 0.000
84_2 -8.2 3.047 7.413
84_3 -8.0 1.209 2.436
84_4 -7.8 3.306 7.087
84_5 -7.2 2.987 7.145
84_6 -6.9 3.025 7.690
84_7 -6.8 2.786 7.869
84_8 -6.7 2.127 3.230
84_9 -6.5 2.068 3.881
148_1 -6.6 0.000 0.000
148_2 -5.7 3.231 8.232
148_3 -5.5 1.290 1.690
148_4 -5.3 2.661 4.417
148_5 -5.2 2.124 3.651
148_6 -4.0 1.214 1.788
153_1 -5.7 0.000 0.000
153_2 -4.6 2.730 4.399
153_3 -4.4 2.233 3.789
153_4 -3.6 1.441 2.184
153_5 -3.5 3.655 8.623
153_6 -3.0 2.425 3.612
137_1 -0.8 0.000 0.000
137_2 -0.4 3.365 8.769
137_3 0.6 2.307 3.383
137_4 1.5 3.426 9.168
137_5 1.6 3.144 3.992
137_6 2.0 3.338 4.288
44_1 -7.2 0.000 0.000
44_2 -7.1 1.331 1.791
44_3 -6.4 1.432 1.711
44_4 -6.2 3.525 8.160
44_5 -5.9 2.088 2.516
44_6 -4.2 3.629 8.664
6_1 -7.9 0.000 0.000
6_2 -7.6 2.870 7.347
6_3 -7.5 2.784 7.061
6_4 -7.5 3.016 7.503
6_5 -7.4 3.057 7.461
6_6 -7.2 3.136 7.418
6_7 -7.0 1.803 4.094
6_8 -6.7 2.710 7.114
6_9 -6.6 2.633 6.966
97_1 -8.3 0.000 0.000
97_2 -8.1 3.395 7.564
97_3 -8.0 2.314 4.933
97_4 -7.9 1.615 2.461
97_5 -7.8 3.494 7.649
97_6 -7.8 3.308 7.498
97_7 -7.6 2.243 4.374
97_8 -7.5 3.563 7.585
97_9 -7.4 1.840 2.475
21_1 -9.1 0.000 0.000
21_2 -8.1 3.338 6.968
21_3 -8.0 3.399 7.006
21_4 -7.9 3.256 7.884
21_5 -7.4 3.342 6.852
21_6 -7.3 3.067 7.811
21_7 -7.3 2.680 3.557
21_8 -6.9 3.633 8.130
14_1 -7.1 0.000 0.000
14_2 -6.2 3.381 8.047
14_3 -6.0 1.746 2.333
14_4 -5.3 1.772 2.346
14_5 -4.4 2.911 8.327
14_6 -4.4 2.568 4.306
128_1 0.4 0.000 0.000
128_2 2.1 3.339 8.950
128_3 3.2 3.582 9.378
78_1 -7.9 0.000 0.000
78_2 -7.8 3.332 7.241
78_3 -7.7 2.025 2.575
78_4 -7.2 3.186 7.332
78_5 -6.9 2.001 3.687
78_6 -6.8 3.245 7.115
78_7 -6.7 1.607 1.936
78_8 -6.6 2.122 2.732
78_9 -5.3 2.275 7.181
134_1 -8.4 0.000 0.000
134_2 -7.8 1.952 2.539
134_3 -7.6 2.820 7.844
134_4 -7.6 2.024 2.502
134_5 -7.3 2.360 4.376
134_6 -7.3 3.559 8.176
134_7 -7.1 2.863 7.853
134_8 -7.0 3.235 8.073
134_9 -6.7 1.664 3.776
59_1 -7.1 0.000 0.000
59_2 -7.1 1.313 1.709
59_3 -6.0 4.023 8.073
59_4 -5.5 3.430 7.314
59_5 -4.9 3.522 7.365
59_6 -4.9 1.932 2.382
59_7 -4.4 3.189 4.363
39_1 -8.1 0.000 0.000
39_2 -7.7 1.555 1.843
39_3 -7.4 3.247 7.713
39_4 -6.4 2.920 8.050
39_5 -6.1 2.265 3.711
39_6 -6.0 1.403 2.103
39_7 -5.1 4.083 9.335
140_1 -0.2 0.000 0.000
140_2 0.1 1.058 1.735
140_3 0.7 1.650 2.259
140_4 1.9 4.004 8.616
140_5 2.2 3.948 8.717
110_1 -9.2 0.000 0.000
110_2 -9.1 3.029 7.595
110_3 -8.7 1.150 2.566
110_4 -8.5 2.821 7.404
110_5 -8.4 2.707 7.658
110_6 -8.3 2.948 7.849
110_7 -8.1 2.207 3.961
110_8 -7.7 2.988 6.922
110_9 -7.6 1.274 2.299
108_1 -8.9 0.000 0.000
108_2 -8.1 0.906 2.015
108_3 -7.6 3.261 7.302
108_4 -7.6 2.885 7.912
108_5 -7.4 1.260 1.783
108_6 -7.2 2.998 7.558
108_7 -7.1 2.908 7.440
108_8 -7.1 1.467 2.163
108_9 -7.0 3.335 7.952
57_1 -6.7 0.000 0.000
57_2 -6.6 1.323 1.716
57_3 -5.5 4.226 8.439
57_4 -4.8 1.633 2.258
57_5 -4.6 4.156 8.758
57_6 -4.1 1.542 2.162
57_7 -4.1 3.249 4.772
46_1 -8.6 0.000 0.000
46_2 -7.6 2.264 3.881
46_3 -7.2 3.064 7.560
46_4 -6.8 2.788 7.151
46_5 -6.6 1.687 2.208
46_6 -6.6 2.190 3.929
46_7 -6.4 1.851 2.460
46_8 -5.6 3.149 7.290
151_1 -8.4 0.000 0.000
151_2 -7.0 3.589 7.733
151_3 -6.6 1.198 1.731
151_4 -6.4 2.334 3.721
151_5 -6.1 3.178 8.083
151_6 -6.0 3.141 7.234
42_1 -8.1 0.000 0.000
42_2 -7.5 1.559 1.997
42_3 -7.3 3.253 7.719
42_4 -6.4 2.790 7.204
42_5 -6.3 2.943 8.074
42_6 -6.1 2.269 3.742
42_7 -6.1 1.374 2.029
61_1 -6.3 0.000 0.000
61_2 -5.1 1.793 2.377
61_3 -4.6 3.365 7.340
61_4 -4.6 3.147 8.079
61_5 -3.8 3.119 8.390
61_6 -3.4 1.911 2.629
22_1 -7.8 0.000 0.000
22_2 -7.8 3.320 6.801
22_3 -7.8 1.693 2.531
22_4 -6.6 1.427 1.843
22_5 -6.3 3.577 7.210
22_6 -5.3 3.104 6.491
22_7 -4.9 3.257 5.134
159_1 -4.8 0.000 0.000
159_2 -4.2 1.450 2.096
159_3 -2.3 2.769 4.345
37_1 -8.1 0.000 0.000
37_2 -7.3 3.191 7.823
37_3 -6.6 1.756 2.205
37_4 -6.3 2.880 8.131
37_5 -6.1 2.365 3.709
37_6 -5.7 1.836 2.459
120_1 -7.9 0.000 0.000
120_2 -7.1 3.736 7.629
120_3 -7.1 1.876 2.462
120_4 -6.5 3.893 7.837
120_5 -6.4 2.101 4.349
120_6 -5.6 3.654 7.459
120_7 -5.4 3.497 7.777
120_8 -5.4 3.914 7.737
120_9 -5.2 4.030 7.638
136_1 -8.5 0.000 0.000
136_2 -7.6 2.816 7.834
136_3 -7.5 2.134 2.580
136_4 -7.4 3.220 8.059
136_5 -7.3 2.070 2.608
136_6 -7.3 2.385 4.406
136_7 -7.3 2.860 7.825
136_8 -7.2 3.151 8.030
136_9 -7.0 1.669 3.779
80_1 -8.7 0.000 0.000
80_2 -7.4 1.331 2.437
80_3 -7.2 2.618 7.637
80_4 -7.2 3.090 7.500
80_5 -7.0 1.266 1.921
80_6 -6.9 3.009 6.633
80_7 -6.9 3.021 6.729
80_8 -6.2 2.909 7.459
80_9 -5.8 2.712 7.616
69_1 -8.1 0.000 0.000
69_2 -7.7 2.148 3.882
69_3 -7.3 3.889 7.380
69_4 -7.2 2.356 4.448
69_5 -7.2 3.109 6.777
69_6 -7.0 2.276 4.245
69_7 -5.4 3.960 7.370
145_1 -6.6 0.000 0.000
145_2 -5.2 2.129 3.671
145_3 -5.2 2.653 4.413
145_4 -4.2 1.259 1.940
145_5 -3.7 1.431 1.977
163_1 -6.6 0.000 0.000
163_2 -5.7 3.227 8.230
163_3 -5.2 2.645 4.416
163_4 -5.2 2.139 3.651
28_1 -7.7 0.000 0.000
28_2 -6.7 3.363 7.050
28_3 -6.2 3.407 6.936
28_4 -5.3 3.299 7.653
28_5 -5.1 3.084 7.782
47_1 -8.6 0.000 0.000
47_2 -7.4 1.852 2.394
47_3 -7.3 3.083 7.559
47_4 -7.3 2.207 3.887
47_5 -6.6 2.144 3.899
52_1 -8.4 0.000 0.000
52_2 -7.0 1.900 2.261
52_3 -7.0 0.851 1.254
52_4 -6.3 1.588 2.225
52_5 -6.0 2.448 3.861
52_6 -5.8 1.745 2.192
96_1 -9.0 0.000 0.000
96_2 -8.9 3.316 7.728
96_3 -8.7 1.788 2.215
96_4 -8.6 3.512 7.096
96_5 -8.5 3.158 7.575
96_6 -8.5 3.143 7.544
96_7 -8.4 3.334 7.833
96_8 -8.3 0.989 2.316
96_9 -8.1 2.024 3.062
36_1 -8.1 0.000 0.000
36_2 -7.9 1.323 1.770
36_3 -6.3 1.133 1.697
36_4 -6.2 2.364 3.680
36_5 -6.1 1.761 2.315
36_6 -5.2 2.740 4.436
118_1 -8.3 0.000 0.000
118_2 -8.2 1.461 2.356
118_3 -8.0 1.081 1.696
118_4 -7.8 2.181 7.593
118_5 -7.2 2.288 7.679
118_6 -7.1 2.615 7.764
118_7 -7.1 1.413 1.866
118_8 -6.7 2.491 7.415
118_9 -5.5 2.223 7.370
117_1 -8.2 0.000 0.000
117_2 -8.0 1.079 1.651
117_3 -8.0 0.879 1.956
117_4 -7.8 2.184 7.495
117_5 -7.5 2.305 7.444
117_6 -7.3 2.570 7.796
117_7 -7.2 1.642 3.632
117_8 -6.8 1.675 4.196
117_9 -6.5 2.167 7.112
103_1 -9.0 0.000 0.000
103_2 -8.2 3.172 7.277
103_3 -8.0 2.993 7.346
103_4 -7.9 3.197 7.650
103_5 -7.9 2.941 7.949
103_6 -7.6 2.920 7.296
103_7 -7.5 3.132 7.172
103_8 -7.5 3.193 6.969
103_9 -6.9 1.773 2.630
75_1 -8.3 0.000 0.000
75_2 -8.2 3.119 6.690
75_3 -7.9 2.898 6.675
75_4 -7.9 1.947 3.984
75_5 -7.2 3.251 6.991
75_6 -7.2 3.569 7.161
75_7 -6.6 1.945 4.329
75_8 -6.6 1.724 2.594
75_9 -6.1 2.119 3.953
33_1 -7.5 0.000 0.000
33_2 -7.2 1.978 3.240
33_3 -6.5 1.638 2.016
33_4 -5.6 2.229 4.410
33_5 -5.3 1.488 2.255
33_6 -4.6 4.090 7.700
107_1 -8.8 0.000 0.000
107_2 -8.1 0.915 2.024
107_3 -7.6 3.260 7.317
107_4 -7.5 2.879 7.932
107_5 -7.3 3.073 7.557
107_6 -7.2 2.923 7.274
107_7 -7.1 2.923 7.470
107_8 -6.6 3.199 7.652
107_9 -6.5 2.247 3.698
87_1 -7.6 0.000 0.000
87_2 -7.6 3.039 7.391
87_3 -7.5 2.979 7.394
87_4 -7.1 1.722 4.201
87_5 -6.7 1.460 2.237
87_6 -6.5 1.940 4.273
87_7 -6.5 3.086 7.108
87_8 -6.3 2.246 4.948
87_9 -6.0 2.447 7.455
105_1 -7.3 0.000 0.000
105_2 -7.1 1.454 1.964
105_3 -6.9 2.896 7.010
105_4 -6.8 2.939 7.298
105_5 -5.8 2.965 6.600
105_6 -5.5 1.540 2.000
105_7 -5.5 2.105 2.968
105_8 -5.1 2.908 7.448
105_9 -4.7 3.108 7.373
10_1 -8.9 0.000 0.000
10_2 -8.0 2.602 7.508
10_3 -7.7 3.038 7.593
10_4 -7.7 1.758 2.347
10_5 -7.3 3.270 7.376
10_6 -7.0 3.151 7.756
10_7 -6.7 2.775 7.774
10_8 -6.6 2.195 2.956
10_9 -6.4 1.816 2.555
2_1 -8.0 0.000 0.000
2_2 -7.8 3.192 7.479
2_3 -7.7 3.043 7.361
2_4 -7.3 3.227 7.529
2_5 -7.1 2.907 6.996
2_6 -6.6 1.558 2.186
2_7 -6.5 2.839 7.069
2_8 -6.5 2.084 4.109
2_9 -6.5 1.983 4.143
62_1 -6.3 0.000 0.000
62_2 -6.0 0.918 1.281
62_3 -5.0 3.390 7.345
62_4 -4.9 1.798 2.193
62_5 -4.6 3.158 8.097
62_6 -3.8 3.116 8.413
62_7 -3.4 3.864 9.724
99_1 -8.0 0.000 0.000
99_2 -7.5 3.376 7.768
99_3 -7.5 2.323 4.795
99_4 -7.3 3.518 7.874
99_5 -7.2 1.608 3.721
99_6 -7.1 2.192 4.244
99_7 -7.0 3.595 7.833
99_8 -6.7 3.435 7.772
99_9 -6.7 1.528 2.272
65_1 -8.4 0.000 0.000
65_2 -7.8 1.394 1.537
65_3 -7.4 3.733 7.942
65_4 -6.8 3.029 8.025
65_5 -6.7 3.045 7.113
65_6 -6.6 2.524 3.807
65_7 -6.4 1.957 2.578
65_8 -6.2 2.473 3.783
65_9 -5.9 1.518 2.100
20_1 -7.9 0.000 0.000
20_2 -7.1 3.220 6.760
20_3 -6.6 1.225 1.757
20_4 -6.1 1.990 3.188
20_5 -6.1 1.722 3.971
30_1 -8.5 0.000 0.000
30_2 -8.4 0.925 1.768
30_3 -7.5 1.765 2.677
30_4 -7.3 3.004 7.366
30_5 -7.0 2.716 7.568
30_6 -6.4 1.803 2.300
132_1 0.4 0.000 0.000
132_2 1.2 3.118 4.055
132_3 1.3 3.447 8.928
132_4 1.5 3.492 9.319
132_5 1.7 4.706 8.236
132_6 2.1 3.516 8.841
132_7 2.5 3.519 9.472
121_1 -2.0 0.000 0.000
121_2 -0.9 1.328 1.805
121_3 -0.6 3.344 8.590
88_1 -7.5 0.000 0.000
88_2 -7.5 3.059 7.389
88_3 -7.4 2.984 7.386
88_4 -7.1 1.713 4.200
88_5 -6.5 1.941 4.278
88_6 -6.3 1.803 2.426
88_7 -6.0 2.184 4.847
88_8 -6.0 2.457 7.460
88_9 -5.9 2.913 6.910
143_1 -6.6 0.000 0.000
143_2 -5.7 3.231 8.252
143_3 -5.3 2.660 4.429
143_4 -5.1 2.120 3.661
143_5 -4.8 2.357 3.537
12_1 -9.0 0.000 0.000
12_2 -7.9 2.733 7.439
12_3 -7.9 1.509 2.099
12_4 -7.6 3.188 7.550
12_5 -7.1 1.684 2.271
12_6 -7.1 2.889 7.752
12_7 -6.5 1.691 2.136
12_8 -6.1 1.659 2.234
146_1 -6.6 0.000 0.000
146_2 -5.7 3.236 8.240
146_3 -5.3 2.662 4.410
146_4 -5.2 2.191 3.750
146_5 -4.2 1.396 2.088
94_1 -9.1 0.000 0.000
94_2 -9.0 2.161 3.345
94_3 -8.8 1.814 3.013
94_4 -8.5 2.563 7.878
94_5 -8.4 1.945 4.701
94_6 -8.4 2.605 7.338
94_7 -8.3 1.673 4.127
94_8 -8.1 1.421 2.101
94_9 -7.8 1.890 3.958
156_1 -8.0 0.000 0.000
156_2 -6.7 1.332 1.750
156_3 -6.4 2.325 3.573
156_4 -6.3 3.547 7.544
156_5 -6.1 4.112 7.930
156_6 -5.9 2.555 3.997
156_7 -5.5 3.613 8.220
156_8 -5.3 1.435 2.161
106_1 -8.9 0.000 0.000
106_2 -7.9 1.095 2.550
106_3 -7.6 3.250 7.319
106_4 -7.5 2.880 7.944
106_5 -7.2 2.923 7.260
106_6 -7.2 3.007 7.641
106_7 -7.1 3.053 7.683
106_8 -6.7 3.034 7.203
106_9 -6.4 2.085 4.125
77_1 -8.5 0.000 0.000
77_2 -8.5 2.726 7.477
77_3 -7.9 3.229 7.369
77_4 -7.7 1.937 3.514
77_5 -6.8 2.741 7.228
77_6 -6.8 2.157 4.115
77_7 -6.4 1.556 2.147
77_8 -6.4 1.664 2.107
77_9 -6.4 2.796 7.487
152_1 -8.4 0.000 0.000
152_2 -7.1 3.596 7.731
152_3 -6.4 2.324 3.721
152_4 -6.3 2.422 3.838
152_5 -5.9 3.152 7.223
162_1 -8.1 0.000 0.000
162_2 -7.4 3.197 7.822
162_3 -6.6 1.537 2.162
162_4 -6.4 2.870 8.116
162_5 -6.3 1.602 2.032
162_6 -6.3 2.899 7.165
162_7 -6.2 2.368 3.703
162_8 -6.0 1.787 2.372
162_9 -5.8 2.021 2.885
158_1 -8.0 0.000 0.000
158_2 -6.6 3.656 7.566
158_3 -6.6 2.285 3.527
158_4 -6.3 4.068 8.097
158_5 -5.7 3.545 8.348
11_1 -8.8 0.000 0.000
11_2 -8.0 2.592 7.512
11_3 -7.8 3.036 7.607
11_4 -7.5 1.249 1.696
11_5 -7.5 2.998 7.238
11_6 -7.0 3.147 7.774
11_7 -6.6 2.192 2.922
11_8 -6.4 2.953 7.801
11_9 -6.0 1.902 2.619
13_1 -7.1 0.000 0.000
13_2 -6.2 3.368 8.053
13_3 -6.1 3.014 7.269
13_4 -5.5 3.116 7.318
13_5 -5.3 4.358 9.652
13_6 -5.2 2.898 8.363
13_7 -4.4 2.566 4.309
29_1 -8.7 0.000 0.000
29_2 -7.9 2.885 6.741
29_3 -7.7 1.866 2.880
29_4 -7.5 2.802 7.404
29_5 -7.2 2.676 7.488
29_6 -6.2 2.635 7.872
29_7 -6.0 2.856 7.809
123_1 -2.0 0.000 0.000
123_2 -1.9 2.117 3.148
123_3 -0.6 3.322 8.583
51_1 -8.4 0.000 0.000
51_2 -8.1 0.820 1.224
51_3 -7.0 1.905 2.269
51_4 -6.0 2.448 3.871
129_1 0.4 0.000 0.000
129_2 2.0 3.360 8.932
129_3 3.2 3.543 9.372
129_4 3.3 2.959 3.873
90_1 -8.2 0.000 0.000
90_2 -8.2 3.235 6.806
90_3 -7.7 2.982 6.758
90_4 -6.8 2.618 7.726
90_5 -6.6 2.718 7.511
90_6 -6.5 2.266 3.529
90_7 -6.5 2.970 6.784
90_8 -6.4 2.279 3.601
90_9 -5.9 3.012 6.643
49_1 -8.2 0.000 0.000
49_2 -7.5 1.369 1.545
49_3 -6.7 2.399 3.865
49_4 -6.7 1.495 2.134
49_5 -6.6 2.411 3.919
49_6 -6.2 2.690 4.573
49_7 -5.3 4.287 9.588
53_1 -8.5 0.000 0.000
53_2 -7.2 1.918 2.275
53_3 -7.0 3.548 7.749
53_4 -6.3 1.572 2.210
53_5 -6.1 2.454 3.862
53_6 -5.9 3.645 8.159
64_1 -8.3 0.000 0.000
64_2 -7.3 3.722 7.932
64_3 -6.7 3.044 7.116
64_4 -6.7 3.031 8.031
64_5 -6.6 2.512 3.780
64_6 -6.5 1.588 2.199
64_7 -6.4 1.855 2.324
64_8 -6.3 3.011 7.403
64_9 -6.0 1.596 2.211
4_1 -9.3 0.000 0.000
4_2 -8.8 2.927 7.518
4_3 -8.7 2.718 6.677
4_4 -8.4 1.159 2.930
4_5 -8.4 1.358 2.040
4_6 -8.3 2.020 4.191
4_7 -8.2 2.911 7.442
4_8 -7.6 1.892 3.988
4_9 -7.3 1.801 3.404
72_1 -8.1 0.000 0.000
72_2 -7.4 1.399 1.556
72_3 -7.1 3.819 7.984
72_4 -6.6 3.607 8.272
72_5 -6.4 3.384 7.261
72_6 -6.0 2.941 4.344
72_7 -5.8 3.462 7.312
142_1 0.0 0.000 0.000
142_2 0.1 1.007 1.444
142_3 0.6 1.662 2.254
142_4 1.7 4.039 8.762
142_5 2.1 4.117 8.678
91_1 -8.1 0.000 0.000
91_2 -8.1 3.242 6.813
91_3 -7.8 1.854 2.915
91_4 -7.1 1.850 2.996
91_5 -6.8 2.481 4.594
91_6 -6.5 2.776 6.247
91_7 -5.9 2.141 4.072
91_8 -5.7 2.043 4.650
91_9 -5.6 1.948 4.223
92_1 -8.2 0.000 0.000
92_2 -8.2 3.237 6.805
92_3 -7.8 2.968 6.767
92_4 -7.0 1.023 1.798
92_5 -7.0 1.201 1.593
92_6 -6.4 2.275 3.603
92_7 -6.0 2.992 6.684
92_8 -5.7 2.912 7.224
92_9 -5.7 2.564 7.455
86_1 -7.5 0.000 0.000
86_2 -7.5 3.042 7.446
86_3 -7.4 2.992 7.425
86_4 -7.3 1.714 4.205
86_5 -6.6 1.967 4.310
86_6 -6.2 3.068 7.123
86_7 -6.1 2.450 7.457
86_8 -5.6 2.953 6.933
86_9 -5.5 3.155 7.342
48_1 -8.4 0.000 0.000
48_2 -7.8 1.821 2.068
48_3 -7.6 2.828 7.097
48_4 -7.3 3.242 7.809
48_5 -6.4 2.914 8.145
48_6 -6.4 2.311 3.698
48_7 -6.3 2.274 3.849
48_8 -6.3 1.711 2.342
48_9 -5.5 2.868 7.325
133_1 -0.5 0.000 0.000
133_2 -0.0 3.859 6.431
133_3 0.4 1.588 2.187
133_4 0.7 3.485 5.977
133_5 0.8 4.268 8.648
141_1 -0.2 0.000 0.000
141_2 0.2 1.198 1.623
67_1 -8.1 0.000 0.000
67_2 -7.7 2.152 3.894
67_3 -7.2 3.891 7.390
67_4 -7.1 3.106 6.778
67_5 -6.7 3.978 7.342
67_6 -6.1 2.289 4.472
67_7 -5.9 2.448 4.684
67_8 -5.8 2.346 4.305
147_1 -6.6 0.000 0.000
147_2 -5.8 3.234 8.236
147_3 -5.3 2.653 4.422
147_4 -5.1 2.110 3.653
147_5 -4.9 1.566 2.099
24_1 -7.7 0.000 0.000
24_2 -7.7 3.050 7.942
24_3 -7.5 3.339 7.889
24_4 -7.1 1.102 1.489
24_5 -7.0 1.913 2.751
24_6 -7.0 1.705 2.655
24_7 -7.0 3.267 7.957
24_8 -6.6 3.034 6.706
24_9 -6.2 2.877 7.307
124_1 -7.1 0.000 0.000
124_2 -6.4 3.093 7.859
124_3 -5.7 2.167 3.758
124_4 -5.3 2.490 4.158
124_5 -4.6 1.437 2.143
124_6 -4.3 1.239 2.002
124_7 -4.1 3.606 8.011
43_1 -7.2 0.000 0.000
43_2 -7.1 1.327 1.792
43_3 -6.4 1.436 1.723
43_4 -6.2 3.524 8.174
43_5 -6.1 1.993 2.336
43_6 -5.5 2.467 4.392
43_7 -4.2 3.629 8.671
15_1 -7.2 0.000 0.000
15_2 -7.0 1.344 1.737
15_3 -6.2 3.367 8.049
15_4 -6.0 3.011 7.267
15_5 -5.3 2.894 8.355
15_6 -4.6 1.920 2.767
15_7 -4.4 2.563 4.307
81_1 -8.0 0.000 0.000
81_2 -7.8 1.739 2.077
81_3 -7.7 1.968 3.386
81_4 -7.7 2.953 7.182
81_5 -7.4 1.736 2.342
81_6 -7.1 1.501 2.969
81_7 -7.0 2.228 3.777
81_8 -6.8 3.105 7.034
81_9 -6.4 3.050 7.447
60_1 -3.6 0.000 0.000
60_2 -3.5 0.049 1.337
60_3 -2.4 2.412 3.797
60_4 -2.3 2.411 3.800
60_5 -2.2 3.063 8.053
60_6 -1.5 2.613 4.140
60_7 -1.4 2.514 3.841
45_1 -8.6 0.000 0.000
45_2 -7.4 0.697 1.907
45_3 -7.4 1.845 2.383
45_4 -7.3 3.087 7.564
45_5 -7.2 2.187 3.842
45_6 -6.9 1.038 1.563
45_7 -5.7 2.072 2.819
122_1 -2.2 0.000 0.000
122_2 -1.7 2.027 2.991
122_3 -0.5 2.291 3.246
122_4 -0.3 3.436 8.995
89_1 -8.0 0.000 0.000
89_2 -7.9 1.676 2.116
89_3 -7.7 1.687 2.096
89_4 -7.7 2.938 7.182
89_5 -7.3 1.481 2.992
89_6 -7.0 3.097 7.065
89_7 -6.8 1.898 2.573
89_8 -6.5 3.135 7.461
89_9 -6.4 2.358 3.786
112_1 -9.2 0.000 0.000
112_2 -8.7 1.158 2.578
112_3 -8.3 1.956 3.286
112_4 -8.3 2.712 7.644
112_5 -8.2 0.942 1.509
112_6 -8.0 1.681 2.925
112_7 -7.6 2.999 6.916
112_8 -7.5 3.196 6.981
112_9 -7.0 3.097 7.003
25_1 -8.2 0.000 0.000
25_2 -7.7 1.535 2.089
25_3 -7.6 1.506 2.151
25_4 -7.4 1.518 2.141
25_5 -7.3 1.955 4.080
25_6 -6.9 1.978 2.946
25_7 -6.8 1.770 2.673
25_8 -6.7 1.888 2.865
25_9 -6.7 1.888 2.710
109_1 -7.6 0.000 0.000
109_2 -7.5 3.033 7.695
109_3 -7.3 2.981 7.647
109_4 -6.6 1.626 3.918
109_5 -6.5 2.923 7.236
109_6 -6.4 3.348 7.210
109_7 -6.4 1.842 4.073
109_8 -6.2 2.224 4.947
109_9 -5.8 1.302 2.184
111_1 -7.8 0.000 0.000
111_2 -7.8 3.030 7.618
111_3 -7.3 1.710 2.335
111_4 -7.0 2.333 4.912
111_5 -6.8 2.881 7.202
111_6 -6.5 3.034 7.591
111_7 -6.4 1.844 4.122
111_8 -6.3 1.373 2.077
111_9 -5.8 1.793 3.906
116_1 -8.5 0.000 0.000
116_2 -7.8 0.808 2.047
116_3 -7.7 2.350 7.445
116_4 -6.9 2.568 7.586
116_5 -6.9 2.451 7.393
116_6 -6.6 2.035 7.063
116_7 -6.5 2.444 7.620
116_8 -6.0 2.089 7.166
116_9 -5.8 2.438 6.926
3_1 -9.1 0.000 0.000
3_2 -9.1 3.218 6.778
3_3 -9.0 1.992 3.064
3_4 -9.0 3.122 7.592
3_5 -8.0 2.492 4.204
3_6 -7.9 2.239 3.357
3_7 -7.4 2.081 3.033
3_8 -7.3 3.096 7.435
3_9 -6.7 3.051 7.588
131_1 0.4 0.000 0.000
131_2 0.4 3.787 5.540
131_3 0.5 1.554 2.167
131_4 0.9 2.454 3.355
131_5 1.1 2.973 3.847
131_6 1.3 3.005 8.742
131_7 1.7 4.066 6.201
131_8 2.1 3.126 8.651
131_9 3.3 3.722 4.843
27_1 -7.4 0.000 0.000
27_2 -6.3 3.366 7.081
27_3 -6.1 3.446 7.059
27_4 -5.5 3.334 7.750
27_5 -5.0 3.167 7.769
160_1 -4.7 0.000 0.000
160_2 -4.0 1.442 2.090
160_3 -2.4 2.712 4.210
