#################################################################
# If you used AutoDock Vina in your work, please cite:          #
#                                                               #
# O. Trott, A. J. Olson,                                        #
# AutoDock Vina: improving the speed and accuracy of docking    #
# with a new scoring function, efficient optimization and       #
# multithreading, Journal of Computational Chemistry 31 (2010)  #
# 455-461                                                       #
#                                                               #
# DOI 10.1002/jcc.21334                                         #
#                                                               #
# Please see http://vina.scripps.edu for more information.      #
#################################################################

Reading input ... done.
Setting up the scoring function ... done.
Analyzing the binding site ... done.
Using random seed: 938501447
Performing search ... done.
Refining results ... done.

mode |   affinity | dist from best mode
     | (kcal/mol) | rmsd l.b.| rmsd u.b.
-----+------------+----------+----------
   1         -9.0      0.000      0.000
   2         -8.2      3.172      7.277
   3         -8.0      2.993      7.346
   4         -7.9      3.197      7.650
   5         -7.9      2.941      7.949
   6         -7.6      2.920      7.296
   7         -7.5      3.132      7.172
   8         -7.5      3.193      6.969
   9         -6.9      1.773      2.630
Writing output ... done.
